2024-12-13 15:41:12,348 P836044 INFO Params: {
    "batch_norm": "True",
    "batch_size": "4096",
    "cin_hidden_units": "[64, 64]",
    "data_format": "h5",
    "data_root": "../../../data/",
    "dataset_id": "Frappe_x1_h5",
    "debug_mode": "False",
    "early_stop_patience": "2",
    "embedding_dim": "16",
    "embedding_regularizer": "0.1",
    "epochs": "100",
    "eval_steps": "None",
    "feature_cols": "[{'active': True, 'dtype': 'float', 'name': ['user', 'item', 'daytime', 'weekday', 'isweekend', 'homework', 'cost', 'weather', 'country', 'city'], 'type': 'categorical'}]",
    "feature_config": "None",
    "feature_specs": "None",
    "gpu": "0",
    "group_id": "None",
    "label_col": "{'dtype': 'float', 'name': 'label'}",
    "learning_rate": "0.001",
    "loss": "binary_crossentropy",
    "metrics": "['logloss', 'AUC']",
    "min_categr_count": "2",
    "model": "QNN_T26_xDeepFM",
    "model_id": "QNN_T26_xDeepFM_Frappe_067_23de7e3e",
    "model_root": "./checkpoints/",
    "monitor": "{'AUC': 1, 'logloss': 0}",
    "monitor_mode": "max",
    "net_dropout": "0.1",
    "net_regularizer": "0",
    "num_heads": "1",
    "num_layers": "3",
    "num_row": "5",
    "num_workers": "8",
    "optimizer": "adam",
    "pickle_feature_encoder": "True",
    "save_best_only": "True",
    "seed": "2024",
    "shuffle": "True",
    "task": "binary_classification",
    "test_data": "../../../data/Frappe_x1_h5/test.h5",
    "train_data": "../../../data/Frappe_x1_h5/train.h5",
    "use_features": "None",
    "valid_data": "../../../data/Frappe_x1_h5/valid.h5",
    "verbose": "1"
}
2024-12-13 15:41:12,349 P836044 INFO Load feature_map from json: ../../../data/Frappe_x1_h5/feature_map.json
2024-12-13 15:41:12,350 P836044 INFO Set column index...
2024-12-13 15:41:12,350 P836044 INFO Feature specs: {
    "city": "{'source': '', 'type': 'categorical', 'padding_idx': 0, 'oov_idx': 232, 'vocab_size': 233}",
    "cost": "{'source': '', 'type': 'categorical', 'padding_idx': 0, 'oov_idx': 3, 'vocab_size': 4}",
    "country": "{'source': '', 'type': 'categorical', 'padding_idx': 0, 'oov_idx': 81, 'vocab_size': 82}",
    "daytime": "{'source': '', 'type': 'categorical', 'padding_idx': 0, 'oov_idx': 8, 'vocab_size': 9}",
    "homework": "{'source': '', 'type': 'categorical', 'padding_idx': 0, 'oov_idx': 4, 'vocab_size': 5}",
    "isweekend": "{'source': '', 'type': 'categorical', 'padding_idx': 0, 'oov_idx': 3, 'vocab_size': 4}",
    "item": "{'source': '', 'type': 'categorical', 'padding_idx': 0, 'oov_idx': 4083, 'vocab_size': 4084}",
    "user": "{'source': '', 'type': 'categorical', 'padding_idx': 0, 'oov_idx': 941, 'vocab_size': 942}",
    "weather": "{'source': '', 'type': 'categorical', 'padding_idx': 0, 'oov_idx': 10, 'vocab_size': 11}",
    "weekday": "{'source': '', 'type': 'categorical', 'padding_idx': 0, 'oov_idx': 8, 'vocab_size': 9}"
}
2024-12-13 15:41:17,627 P836044 INFO Total number of parameters: 530489.
2024-12-13 15:41:17,627 P836044 INFO Loading data...
2024-12-13 15:41:17,627 P836044 INFO Loading data from h5: ../../../data/Frappe_x1_h5/train.h5
2024-12-13 15:41:17,670 P836044 INFO Train samples: total/202027, blocks/1
2024-12-13 15:41:17,671 P836044 INFO Loading data from h5: ../../../data/Frappe_x1_h5/valid.h5
2024-12-13 15:41:17,680 P836044 INFO Validation samples: total/57722, blocks/1
2024-12-13 15:41:17,680 P836044 INFO Loading train and validation data done.
2024-12-13 15:41:17,681 P836044 INFO Start training: 50 batches/epoch
2024-12-13 15:41:17,681 P836044 INFO ************ Epoch=1 start ************
2024-12-13 15:41:21,922 P836044 INFO Train loss: 1.230357
2024-12-13 15:41:21,923 P836044 INFO Evaluation @epoch 1 - batch 50: 
2024-12-13 15:41:22,821 P836044 INFO ===
2024-12-13 15:41:22,821 P836044 INFO [Metrics] AUC: 0.936552 - logloss: 0.326724
2024-12-13 15:41:22,822 P836044 INFO Save best model: monitor(max)=0.936552
2024-12-13 15:41:22,956 P836044 INFO ************ Epoch=1 end ************
2024-12-13 15:41:26,846 P836044 INFO Train loss: 0.863733
2024-12-13 15:41:26,846 P836044 INFO Evaluation @epoch 2 - batch 50: 
2024-12-13 15:41:27,892 P836044 INFO ===
2024-12-13 15:41:27,892 P836044 INFO [Metrics] AUC: 0.958619 - logloss: 0.236310
2024-12-13 15:41:27,892 P836044 INFO Save best model: monitor(max)=0.958619
2024-12-13 15:41:28,123 P836044 INFO ************ Epoch=2 end ************
2024-12-13 15:41:33,054 P836044 INFO Train loss: 0.755468
2024-12-13 15:41:33,055 P836044 INFO Evaluation @epoch 3 - batch 50: 
2024-12-13 15:41:34,314 P836044 INFO ===
2024-12-13 15:41:34,314 P836044 INFO [Metrics] AUC: 0.968650 - logloss: 0.207550
2024-12-13 15:41:34,314 P836044 INFO Save best model: monitor(max)=0.968650
2024-12-13 15:41:34,531 P836044 INFO ************ Epoch=3 end ************
2024-12-13 15:41:39,624 P836044 INFO Train loss: 0.687856
2024-12-13 15:41:39,624 P836044 INFO Evaluation @epoch 4 - batch 50: 
2024-12-13 15:41:40,912 P836044 INFO ===
2024-12-13 15:41:40,912 P836044 INFO [Metrics] AUC: 0.971838 - logloss: 0.190700
2024-12-13 15:41:40,912 P836044 INFO Save best model: monitor(max)=0.971838
2024-12-13 15:41:41,138 P836044 INFO ************ Epoch=4 end ************
2024-12-13 15:41:45,847 P836044 INFO Train loss: 0.648912
2024-12-13 15:41:45,847 P836044 INFO Evaluation @epoch 5 - batch 50: 
2024-12-13 15:41:47,126 P836044 INFO ===
2024-12-13 15:41:47,127 P836044 INFO [Metrics] AUC: 0.974783 - logloss: 0.181324
2024-12-13 15:41:47,127 P836044 INFO Save best model: monitor(max)=0.974783
2024-12-13 15:41:47,340 P836044 INFO ************ Epoch=5 end ************
2024-12-13 15:41:52,343 P836044 INFO Train loss: 0.617217
2024-12-13 15:41:52,343 P836044 INFO Evaluation @epoch 6 - batch 50: 
2024-12-13 15:41:53,715 P836044 INFO ===
2024-12-13 15:41:53,715 P836044 INFO [Metrics] AUC: 0.976477 - logloss: 0.175204
2024-12-13 15:41:53,716 P836044 INFO Save best model: monitor(max)=0.976477
2024-12-13 15:41:53,907 P836044 INFO ************ Epoch=6 end ************
2024-12-13 15:41:58,720 P836044 INFO Train loss: 0.590287
2024-12-13 15:41:58,720 P836044 INFO Evaluation @epoch 7 - batch 50: 
2024-12-13 15:42:00,074 P836044 INFO ===
2024-12-13 15:42:00,074 P836044 INFO [Metrics] AUC: 0.978337 - logloss: 0.168098
2024-12-13 15:42:00,074 P836044 INFO Save best model: monitor(max)=0.978337
2024-12-13 15:42:00,284 P836044 INFO ************ Epoch=7 end ************
2024-12-13 15:42:04,663 P836044 INFO Train loss: 0.566861
2024-12-13 15:42:04,663 P836044 INFO Evaluation @epoch 8 - batch 50: 
2024-12-13 15:42:05,908 P836044 INFO ===
2024-12-13 15:42:05,908 P836044 INFO [Metrics] AUC: 0.979355 - logloss: 0.161404
2024-12-13 15:42:05,909 P836044 INFO Save best model: monitor(max)=0.979355
2024-12-13 15:42:06,155 P836044 INFO ************ Epoch=8 end ************
2024-12-13 15:42:10,819 P836044 INFO Train loss: 0.556902
2024-12-13 15:42:10,820 P836044 INFO Evaluation @epoch 9 - batch 50: 
2024-12-13 15:42:11,967 P836044 INFO ===
2024-12-13 15:42:11,967 P836044 INFO [Metrics] AUC: 0.980044 - logloss: 0.157593
2024-12-13 15:42:11,967 P836044 INFO Save best model: monitor(max)=0.980044
2024-12-13 15:42:12,109 P836044 INFO ************ Epoch=9 end ************
2024-12-13 15:42:16,601 P836044 INFO Train loss: 0.539046
2024-12-13 15:42:16,601 P836044 INFO Evaluation @epoch 10 - batch 50: 
2024-12-13 15:42:17,615 P836044 INFO ===
2024-12-13 15:42:17,615 P836044 INFO [Metrics] AUC: 0.980704 - logloss: 0.154208
2024-12-13 15:42:17,615 P836044 INFO Save best model: monitor(max)=0.980704
2024-12-13 15:42:17,764 P836044 INFO ************ Epoch=10 end ************
2024-12-13 15:42:22,355 P836044 INFO Train loss: 0.530093
2024-12-13 15:42:22,355 P836044 INFO Evaluation @epoch 11 - batch 50: 
2024-12-13 15:42:23,888 P836044 INFO ===
2024-12-13 15:42:23,888 P836044 INFO [Metrics] AUC: 0.980462 - logloss: 0.157934
2024-12-13 15:42:23,889 P836044 INFO Monitor(max)=0.980462 STOP!
2024-12-13 15:42:23,889 P836044 INFO Reduce learning rate on plateau: 0.000100
2024-12-13 15:42:24,101 P836044 INFO ************ Epoch=11 end ************
2024-12-13 15:42:29,003 P836044 INFO Train loss: 0.441670
2024-12-13 15:42:29,003 P836044 INFO Evaluation @epoch 12 - batch 50: 
2024-12-13 15:42:30,455 P836044 INFO ===
2024-12-13 15:42:30,455 P836044 INFO [Metrics] AUC: 0.984685 - logloss: 0.136945
2024-12-13 15:42:30,456 P836044 INFO Save best model: monitor(max)=0.984685
2024-12-13 15:42:30,668 P836044 INFO ************ Epoch=12 end ************
2024-12-13 15:42:35,689 P836044 INFO Train loss: 0.343930
2024-12-13 15:42:35,689 P836044 INFO Evaluation @epoch 13 - batch 50: 
2024-12-13 15:42:37,154 P836044 INFO ===
2024-12-13 15:42:37,154 P836044 INFO [Metrics] AUC: 0.986089 - logloss: 0.130573
2024-12-13 15:42:37,154 P836044 INFO Save best model: monitor(max)=0.986089
2024-12-13 15:42:37,385 P836044 INFO ************ Epoch=13 end ************
2024-12-13 15:42:41,900 P836044 INFO Train loss: 0.296692
2024-12-13 15:42:41,900 P836044 INFO Evaluation @epoch 14 - batch 50: 
2024-12-13 15:42:43,347 P836044 INFO ===
2024-12-13 15:42:43,347 P836044 INFO [Metrics] AUC: 0.986545 - logloss: 0.130422
2024-12-13 15:42:43,347 P836044 INFO Save best model: monitor(max)=0.986545
2024-12-13 15:42:43,549 P836044 INFO ************ Epoch=14 end ************
2024-12-13 15:42:48,179 P836044 INFO Train loss: 0.272856
2024-12-13 15:42:48,179 P836044 INFO Evaluation @epoch 15 - batch 50: 
2024-12-13 15:42:49,665 P836044 INFO ===
2024-12-13 15:42:49,665 P836044 INFO [Metrics] AUC: 0.986541 - logloss: 0.132490
2024-12-13 15:42:49,665 P836044 INFO Monitor(max)=0.986541 STOP!
2024-12-13 15:42:49,665 P836044 INFO Reduce learning rate on plateau: 0.000010
2024-12-13 15:42:49,927 P836044 INFO ************ Epoch=15 end ************
2024-12-13 15:42:54,685 P836044 INFO Train loss: 0.251681
2024-12-13 15:42:54,686 P836044 INFO Evaluation @epoch 16 - batch 50: 
2024-12-13 15:42:55,873 P836044 INFO ===
2024-12-13 15:42:55,873 P836044 INFO [Metrics] AUC: 0.986615 - logloss: 0.131673
2024-12-13 15:42:55,873 P836044 INFO Save best model: monitor(max)=0.986615
2024-12-13 15:42:56,037 P836044 INFO ************ Epoch=16 end ************
2024-12-13 15:43:00,380 P836044 INFO Train loss: 0.247285
2024-12-13 15:43:00,380 P836044 INFO Evaluation @epoch 17 - batch 50: 
2024-12-13 15:43:01,560 P836044 INFO ===
2024-12-13 15:43:01,560 P836044 INFO [Metrics] AUC: 0.986603 - logloss: 0.132667
2024-12-13 15:43:01,565 P836044 INFO Monitor(max)=0.986603 STOP!
2024-12-13 15:43:01,565 P836044 INFO Reduce learning rate on plateau: 0.000001
2024-12-13 15:43:01,773 P836044 INFO ************ Epoch=17 end ************
2024-12-13 15:43:06,271 P836044 INFO Train loss: 0.243419
2024-12-13 15:43:06,271 P836044 INFO Evaluation @epoch 18 - batch 50: 
2024-12-13 15:43:07,227 P836044 INFO ===
2024-12-13 15:43:07,227 P836044 INFO [Metrics] AUC: 0.986626 - logloss: 0.131416
2024-12-13 15:43:07,228 P836044 INFO Save best model: monitor(max)=0.986626
2024-12-13 15:43:07,381 P836044 INFO ************ Epoch=18 end ************
2024-12-13 15:43:11,758 P836044 INFO Train loss: 0.243838
2024-12-13 15:43:11,758 P836044 INFO Evaluation @epoch 19 - batch 50: 
2024-12-13 15:43:13,202 P836044 INFO ===
2024-12-13 15:43:13,202 P836044 INFO [Metrics] AUC: 0.986612 - logloss: 0.132408
2024-12-13 15:43:13,202 P836044 INFO Monitor(max)=0.986612 STOP!
2024-12-13 15:43:13,203 P836044 INFO Reduce learning rate on plateau: 0.000001
2024-12-13 15:43:13,467 P836044 INFO ************ Epoch=19 end ************
2024-12-13 15:43:17,997 P836044 INFO Train loss: 0.243473
2024-12-13 15:43:17,997 P836044 INFO Evaluation @epoch 20 - batch 50: 
2024-12-13 15:43:19,556 P836044 INFO ===
2024-12-13 15:43:19,556 P836044 INFO [Metrics] AUC: 0.986613 - logloss: 0.132276
2024-12-13 15:43:19,557 P836044 INFO Monitor(max)=0.986613 STOP!
2024-12-13 15:43:19,557 P836044 INFO Reduce learning rate on plateau: 0.000001
2024-12-13 15:43:19,558 P836044 INFO ********* Epoch==20 early stop *********
2024-12-13 15:43:19,857 P836044 INFO Training finished.
2024-12-13 15:43:19,857 P836044 INFO Load best model: /mnt/public/lhh/code/model_zoo/QNN/QNN_torch/checkpoints/Frappe_x1_h5/QNN_T26_xDeepFM_Frappe_067_23de7e3e.model
2024-12-13 15:43:19,864 P836044 INFO ****** Validation evaluation ******
2024-12-13 15:43:21,118 P836044 INFO ===
2024-12-13 15:43:21,118 P836044 INFO [Metrics] logloss: 0.131416 - AUC: 0.986626
2024-12-13 15:43:21,195 P836044 INFO ******** Test evaluation ********
2024-12-13 15:43:21,195 P836044 INFO Loading data...
2024-12-13 15:43:21,195 P836044 INFO Loading data from h5: ../../../data/Frappe_x1_h5/test.h5
2024-12-13 15:43:21,203 P836044 INFO Test samples: total/28860, blocks/1
2024-12-13 15:43:21,203 P836044 INFO Loading test data done.
2024-12-13 15:43:22,373 P836044 INFO ===
2024-12-13 15:43:22,373 P836044 INFO [Metrics] logloss: 0.132923 - AUC: 0.986079
