2024-11-23 15:12:55,442 P1726497 INFO Params: {
    "batch_norm": "True",
    "batch_size": "10000",
    "data_format": "csv",
    "data_root": "../../../data/",
    "dataset_id": "KKBox_csv",
    "debug_mode": "False",
    "early_stop_patience": "2",
    "embedding_dim": "128",
    "embedding_regularizer": "0.0005",
    "epochs": "100",
    "eval_steps": "None",
    "feature_cols": "[{'active': True, 'dtype': 'str', 'name': ['msno', 'song_id', 'source_system_tab', 'source_screen_name', 'source_type', 'city', 'gender', 'registered_via', 'language'], 'type': 'categorical'}, {'active': True, 'dtype': 'str', 'encoder': 'MaskedSumPooling', 'max_len': 3, 'name': 'genre_ids', 'type': 'sequence'}, {'active': True, 'dtype': 'str', 'encoder': 'MaskedSumPooling', 'max_len': 3, 'name': 'artist_name', 'type': 'sequence'}, {'active': True, 'dtype': 'str', 'name': 'isrc', 'preprocess': 'extract_country_code', 'type': 'categorical'}, {'active': True, 'dtype': 'str', 'name': 'bd', 'preprocess': 'bucketize_age', 'type': 'categorical'}]",
    "feature_config": "None",
    "feature_specs": "None",
    "gpu": "1",
    "group_id": "None",
    "label_col": "{'dtype': 'float', 'name': 'label'}",
    "learning_rate": "0.001",
    "loss": "binary_crossentropy",
    "metrics": "['logloss', 'AUC']",
    "min_categr_count": "10",
    "model": "QNN_T26",
    "model_id": "QNN_T26_KKBox_013_cff92cc3",
    "model_root": "./checkpoints/",
    "monitor": "{'AUC': 1, 'logloss': 0}",
    "monitor_mode": "max",
    "net_dropout": "0.1",
    "net_regularizer": "0",
    "num_heads": "1",
    "num_layers": "2",
    "num_row": "5",
    "num_workers": "8",
    "optimizer": "adam",
    "pickle_feature_encoder": "True",
    "save_best_only": "True",
    "seed": "2024",
    "shuffle": "True",
    "task": "binary_classification",
    "test_data": "../../../data/KKBox_x1/test.csv",
    "train_data": "../../../data/KKBox_x1/train.csv",
    "use_features": "None",
    "valid_data": "../../../data/KKBox_x1/valid.csv",
    "verbose": "1"
}
2024-11-23 15:12:55,443 P1726497 INFO Set up feature processor...
2024-11-23 15:12:55,443 P1726497 WARNING Skip rebuilding ../../../data/KKBox_csv/feature_map.json. Please delete it manually if rebuilding is required.
2024-11-23 15:12:55,443 P1726497 INFO Load feature_map from json: ../../../data/KKBox_csv/feature_map.json
2024-11-23 15:12:55,443 P1726497 INFO Set column index...
2024-11-23 15:12:55,443 P1726497 INFO Feature specs: {
    "artist_name": "{'source': '', 'type': 'sequence', 'feature_encoder': 'layers.MaskedAveragePooling()', 'padding_idx': 0, 'oov_idx': 11975, 'vocab_size': 11976, 'max_len': 3}",
    "bd": "{'source': '', 'type': 'categorical', 'padding_idx': 0, 'oov_idx': 8, 'vocab_size': 9}",
    "city": "{'source': '', 'type': 'categorical', 'padding_idx': 0, 'oov_idx': 22, 'vocab_size': 23}",
    "gender": "{'source': '', 'type': 'categorical', 'padding_idx': 0, 'oov_idx': 3, 'vocab_size': 4}",
    "genre_ids": "{'source': '', 'type': 'sequence', 'feature_encoder': 'layers.MaskedAveragePooling()', 'padding_idx': 0, 'oov_idx': 345, 'vocab_size': 346, 'max_len': 3}",
    "isrc": "{'source': '', 'type': 'categorical', 'padding_idx': 0, 'oov_idx': 79, 'vocab_size': 80}",
    "language": "{'source': '', 'type': 'categorical', 'padding_idx': 0, 'oov_idx': 11, 'vocab_size': 12}",
    "msno": "{'source': '', 'type': 'categorical', 'padding_idx': 0, 'oov_idx': 25962, 'vocab_size': 25963}",
    "registered_via": "{'source': '', 'type': 'categorical', 'padding_idx': 0, 'oov_idx': 6, 'vocab_size': 7}",
    "song_id": "{'source': '', 'type': 'categorical', 'padding_idx': 0, 'oov_idx': 53290, 'vocab_size': 53291}",
    "source_screen_name": "{'source': '', 'type': 'categorical', 'padding_idx': 0, 'oov_idx': 20, 'vocab_size': 21}",
    "source_system_tab": "{'source': '', 'type': 'categorical', 'padding_idx': 0, 'oov_idx': 9, 'vocab_size': 10}",
    "source_type": "{'source': '', 'type': 'categorical', 'padding_idx': 0, 'oov_idx': 13, 'vocab_size': 14}"
}
2024-11-23 15:13:00,287 P1726497 INFO Total number of parameters: 39485313.
2024-11-23 15:13:00,287 P1726497 INFO Loading data...
2024-11-23 15:13:00,287 P1726497 INFO Loading data from h5: ../../../data/KKBox_csv/train.h5
2024-11-23 15:13:01,638 P1726497 INFO Train samples: total/5901932, blocks/1
2024-11-23 15:13:01,638 P1726497 INFO Loading data from h5: ../../../data/KKBox_csv/valid.h5
2024-11-23 15:13:01,804 P1726497 INFO Validation samples: total/737743, blocks/1
2024-11-23 15:13:01,804 P1726497 INFO Loading train and validation data done.
2024-11-23 15:13:01,805 P1726497 INFO Start training: 591 batches/epoch
2024-11-23 15:13:01,805 P1726497 INFO ************ Epoch=1 start ************
2024-11-23 15:14:30,418 P1726497 INFO Train loss: 1.705874
2024-11-23 15:14:30,418 P1726497 INFO Evaluation @epoch 1 - batch 591: 
2024-11-23 15:14:34,539 P1726497 INFO ===
2024-11-23 15:14:34,539 P1726497 INFO [Metrics] AUC: 0.812078 - logloss: 0.527689
2024-11-23 15:14:34,544 P1726497 INFO Save best model: monitor(max)=0.812078
2024-11-23 15:14:35,186 P1726497 INFO ************ Epoch=1 end ************
2024-11-23 15:16:04,763 P1726497 INFO Train loss: 1.629545
2024-11-23 15:16:04,764 P1726497 INFO Evaluation @epoch 2 - batch 591: 
2024-11-23 15:16:08,752 P1726497 INFO ===
2024-11-23 15:16:08,752 P1726497 INFO [Metrics] AUC: 0.822215 - logloss: 0.515587
2024-11-23 15:16:08,758 P1726497 INFO Save best model: monitor(max)=0.822215
2024-11-23 15:16:10,551 P1726497 INFO ************ Epoch=2 end ************
2024-11-23 15:17:39,902 P1726497 INFO Train loss: 1.604887
2024-11-23 15:17:39,902 P1726497 INFO Evaluation @epoch 3 - batch 591: 
2024-11-23 15:17:44,117 P1726497 INFO ===
2024-11-23 15:17:44,118 P1726497 INFO [Metrics] AUC: 0.826784 - logloss: 0.510061
2024-11-23 15:17:44,124 P1726497 INFO Save best model: monitor(max)=0.826784
2024-11-23 15:17:45,971 P1726497 INFO ************ Epoch=3 end ************
2024-11-23 15:19:15,947 P1726497 INFO Train loss: 1.589137
2024-11-23 15:19:15,947 P1726497 INFO Evaluation @epoch 4 - batch 591: 
2024-11-23 15:19:20,932 P1726497 INFO ===
2024-11-23 15:19:20,932 P1726497 INFO [Metrics] AUC: 0.830488 - logloss: 0.505339
2024-11-23 15:19:20,939 P1726497 INFO Save best model: monitor(max)=0.830488
2024-11-23 15:19:23,898 P1726497 INFO ************ Epoch=4 end ************
2024-11-23 15:20:56,898 P1726497 INFO Train loss: 1.577192
2024-11-23 15:20:56,898 P1726497 INFO Evaluation @epoch 5 - batch 591: 
2024-11-23 15:21:01,451 P1726497 INFO ===
2024-11-23 15:21:01,452 P1726497 INFO [Metrics] AUC: 0.832657 - logloss: 0.502330
2024-11-23 15:21:01,458 P1726497 INFO Save best model: monitor(max)=0.832657
2024-11-23 15:21:03,377 P1726497 INFO ************ Epoch=5 end ************
2024-11-23 15:22:34,852 P1726497 INFO Train loss: 1.567553
2024-11-23 15:22:34,853 P1726497 INFO Evaluation @epoch 6 - batch 591: 
2024-11-23 15:22:39,186 P1726497 INFO ===
2024-11-23 15:22:39,186 P1726497 INFO [Metrics] AUC: 0.834565 - logloss: 0.500042
2024-11-23 15:22:39,192 P1726497 INFO Save best model: monitor(max)=0.834565
2024-11-23 15:22:41,070 P1726497 INFO ************ Epoch=6 end ************
2024-11-23 15:24:11,093 P1726497 INFO Train loss: 1.559519
2024-11-23 15:24:11,094 P1726497 INFO Evaluation @epoch 7 - batch 591: 
2024-11-23 15:24:15,379 P1726497 INFO ===
2024-11-23 15:24:15,380 P1726497 INFO [Metrics] AUC: 0.836120 - logloss: 0.498077
2024-11-23 15:24:15,385 P1726497 INFO Save best model: monitor(max)=0.836120
2024-11-23 15:24:17,214 P1726497 INFO ************ Epoch=7 end ************
2024-11-23 15:25:47,241 P1726497 INFO Train loss: 1.552253
2024-11-23 15:25:47,241 P1726497 INFO Evaluation @epoch 8 - batch 591: 
2024-11-23 15:25:51,400 P1726497 INFO ===
2024-11-23 15:25:51,401 P1726497 INFO [Metrics] AUC: 0.837046 - logloss: 0.496609
2024-11-23 15:25:51,407 P1726497 INFO Save best model: monitor(max)=0.837046
2024-11-23 15:25:53,197 P1726497 INFO ************ Epoch=8 end ************
2024-11-23 15:27:24,006 P1726497 INFO Train loss: 1.546263
2024-11-23 15:27:24,007 P1726497 INFO Evaluation @epoch 9 - batch 591: 
2024-11-23 15:27:28,186 P1726497 INFO ===
2024-11-23 15:27:28,187 P1726497 INFO [Metrics] AUC: 0.837972 - logloss: 0.495765
2024-11-23 15:27:28,193 P1726497 INFO Save best model: monitor(max)=0.837972
2024-11-23 15:27:30,057 P1726497 INFO ************ Epoch=9 end ************
2024-11-23 15:29:01,054 P1726497 INFO Train loss: 1.540437
2024-11-23 15:29:01,055 P1726497 INFO Evaluation @epoch 10 - batch 591: 
2024-11-23 15:29:05,240 P1726497 INFO ===
2024-11-23 15:29:05,241 P1726497 INFO [Metrics] AUC: 0.838632 - logloss: 0.494628
2024-11-23 15:29:05,248 P1726497 INFO Save best model: monitor(max)=0.838632
2024-11-23 15:29:07,105 P1726497 INFO ************ Epoch=10 end ************
2024-11-23 15:30:37,893 P1726497 INFO Train loss: 1.535745
2024-11-23 15:30:37,893 P1726497 INFO Evaluation @epoch 11 - batch 591: 
2024-11-23 15:30:42,086 P1726497 INFO ===
2024-11-23 15:30:42,087 P1726497 INFO [Metrics] AUC: 0.839606 - logloss: 0.493285
2024-11-23 15:30:42,092 P1726497 INFO Save best model: monitor(max)=0.839606
2024-11-23 15:30:43,983 P1726497 INFO ************ Epoch=11 end ************
2024-11-23 15:32:12,744 P1726497 INFO Train loss: 1.530871
2024-11-23 15:32:12,745 P1726497 INFO Evaluation @epoch 12 - batch 591: 
2024-11-23 15:32:16,920 P1726497 INFO ===
2024-11-23 15:32:16,920 P1726497 INFO [Metrics] AUC: 0.840741 - logloss: 0.491676
2024-11-23 15:32:16,926 P1726497 INFO Save best model: monitor(max)=0.840741
2024-11-23 15:32:18,835 P1726497 INFO ************ Epoch=12 end ************
2024-11-23 15:33:47,985 P1726497 INFO Train loss: 1.526729
2024-11-23 15:33:47,985 P1726497 INFO Evaluation @epoch 13 - batch 591: 
2024-11-23 15:33:52,175 P1726497 INFO ===
2024-11-23 15:33:52,175 P1726497 INFO [Metrics] AUC: 0.841009 - logloss: 0.491369
2024-11-23 15:33:52,183 P1726497 INFO Save best model: monitor(max)=0.841009
2024-11-23 15:33:54,158 P1726497 INFO ************ Epoch=13 end ************
2024-11-23 15:35:23,843 P1726497 INFO Train loss: 1.522450
2024-11-23 15:35:23,844 P1726497 INFO Evaluation @epoch 14 - batch 591: 
2024-11-23 15:35:28,079 P1726497 INFO ===
2024-11-23 15:35:28,079 P1726497 INFO [Metrics] AUC: 0.841267 - logloss: 0.490981
2024-11-23 15:35:28,086 P1726497 INFO Save best model: monitor(max)=0.841267
2024-11-23 15:35:30,012 P1726497 INFO ************ Epoch=14 end ************
2024-11-23 15:36:57,856 P1726497 INFO Train loss: 1.518283
2024-11-23 15:36:57,857 P1726497 INFO Evaluation @epoch 15 - batch 591: 
2024-11-23 15:37:01,925 P1726497 INFO ===
2024-11-23 15:37:01,926 P1726497 INFO [Metrics] AUC: 0.841646 - logloss: 0.490742
2024-11-23 15:37:01,931 P1726497 INFO Save best model: monitor(max)=0.841646
2024-11-23 15:37:04,493 P1726497 INFO ************ Epoch=15 end ************
2024-11-23 15:38:32,862 P1726497 INFO Train loss: 1.515740
2024-11-23 15:38:32,863 P1726497 INFO Evaluation @epoch 16 - batch 591: 
2024-11-23 15:38:36,984 P1726497 INFO ===
2024-11-23 15:38:36,985 P1726497 INFO [Metrics] AUC: 0.842134 - logloss: 0.489916
2024-11-23 15:38:36,991 P1726497 INFO Save best model: monitor(max)=0.842134
2024-11-23 15:38:38,870 P1726497 INFO ************ Epoch=16 end ************
2024-11-23 15:40:06,610 P1726497 INFO Train loss: 1.511021
2024-11-23 15:40:06,610 P1726497 INFO Evaluation @epoch 17 - batch 591: 
2024-11-23 15:40:10,891 P1726497 INFO ===
2024-11-23 15:40:10,891 P1726497 INFO [Metrics] AUC: 0.843133 - logloss: 0.488489
2024-11-23 15:40:10,900 P1726497 INFO Save best model: monitor(max)=0.843133
2024-11-23 15:40:12,856 P1726497 INFO ************ Epoch=17 end ************
2024-11-23 15:41:41,016 P1726497 INFO Train loss: 1.507271
2024-11-23 15:41:41,016 P1726497 INFO Evaluation @epoch 18 - batch 591: 
2024-11-23 15:41:44,882 P1726497 INFO ===
2024-11-23 15:41:44,883 P1726497 INFO [Metrics] AUC: 0.843532 - logloss: 0.487945
2024-11-23 15:41:44,889 P1726497 INFO Save best model: monitor(max)=0.843532
2024-11-23 15:41:46,734 P1726497 INFO ************ Epoch=18 end ************
2024-11-23 15:43:15,240 P1726497 INFO Train loss: 1.504295
2024-11-23 15:43:15,241 P1726497 INFO Evaluation @epoch 19 - batch 591: 
2024-11-23 15:43:19,300 P1726497 INFO ===
2024-11-23 15:43:19,300 P1726497 INFO [Metrics] AUC: 0.843356 - logloss: 0.488252
2024-11-23 15:43:19,307 P1726497 INFO Monitor(max)=0.843356 STOP!
2024-11-23 15:43:19,307 P1726497 INFO Reduce learning rate on plateau: 0.000100
2024-11-23 15:43:19,517 P1726497 INFO ************ Epoch=19 end ************
2024-11-23 15:44:47,977 P1726497 INFO Train loss: 1.376941
2024-11-23 15:44:47,977 P1726497 INFO Evaluation @epoch 20 - batch 591: 
2024-11-23 15:44:52,095 P1726497 INFO ===
2024-11-23 15:44:52,095 P1726497 INFO [Metrics] AUC: 0.855054 - logloss: 0.473315
2024-11-23 15:44:52,101 P1726497 INFO Save best model: monitor(max)=0.855054
2024-11-23 15:44:53,979 P1726497 INFO ************ Epoch=20 end ************
2024-11-23 15:46:21,435 P1726497 INFO Train loss: 1.306902
2024-11-23 15:46:21,436 P1726497 INFO Evaluation @epoch 21 - batch 591: 
2024-11-23 15:46:25,377 P1726497 INFO ===
2024-11-23 15:46:25,377 P1726497 INFO [Metrics] AUC: 0.857095 - logloss: 0.471996
2024-11-23 15:46:25,384 P1726497 INFO Save best model: monitor(max)=0.857095
2024-11-23 15:46:27,301 P1726497 INFO ************ Epoch=21 end ************
2024-11-23 15:47:56,219 P1726497 INFO Train loss: 1.271431
2024-11-23 15:47:56,220 P1726497 INFO Evaluation @epoch 22 - batch 591: 
2024-11-23 15:48:00,133 P1726497 INFO ===
2024-11-23 15:48:00,133 P1726497 INFO [Metrics] AUC: 0.856873 - logloss: 0.473643
2024-11-23 15:48:00,139 P1726497 INFO Monitor(max)=0.856873 STOP!
2024-11-23 15:48:00,139 P1726497 INFO Reduce learning rate on plateau: 0.000010
2024-11-23 15:48:00,343 P1726497 INFO ************ Epoch=22 end ************
2024-11-23 15:49:28,510 P1726497 INFO Train loss: 1.227153
2024-11-23 15:49:28,510 P1726497 INFO Evaluation @epoch 23 - batch 591: 
2024-11-23 15:49:32,434 P1726497 INFO ===
2024-11-23 15:49:32,434 P1726497 INFO [Metrics] AUC: 0.856220 - logloss: 0.478359
2024-11-23 15:49:32,439 P1726497 INFO Monitor(max)=0.856220 STOP!
2024-11-23 15:49:32,440 P1726497 INFO Reduce learning rate on plateau: 0.000001
2024-11-23 15:49:32,440 P1726497 INFO ********* Epoch==23 early stop *********
2024-11-23 15:49:32,611 P1726497 INFO Training finished.
2024-11-23 15:49:32,611 P1726497 INFO Load best model: /mnt/public/lhh/code/model_zoo/QNN/QNN_torch/checkpoints/KKBox_csv/QNN_T26_KKBox_013_cff92cc3.model
2024-11-23 15:49:32,780 P1726497 INFO ****** Validation evaluation ******
2024-11-23 15:49:36,690 P1726497 INFO ===
2024-11-23 15:49:36,690 P1726497 INFO [Metrics] logloss: 0.471996 - AUC: 0.857095
2024-11-23 15:49:36,771 P1726497 INFO ******** Test evaluation ********
2024-11-23 15:49:36,771 P1726497 INFO Loading data...
2024-11-23 15:49:36,771 P1726497 INFO Loading data from h5: ../../../data/KKBox_csv/test.h5
2024-11-23 15:49:37,048 P1726497 INFO Test samples: total/737743, blocks/1
2024-11-23 15:49:37,048 P1726497 INFO Loading test data done.
2024-11-23 15:49:40,843 P1726497 INFO ===
2024-11-23 15:49:40,844 P1726497 INFO [Metrics] logloss: 0.471772 - AUC: 0.857165
