2024-10-23 21:49:09,394 P1536 INFO Params: {
    "batch_norm": "False",
    "batch_size": "10000",
    "data_format": "h5",
    "data_root": "../../../data/",
    "dataset_id": "Criteo_x4_10_h5",
    "debug_mode": "False",
    "early_stop_patience": "2",
    "embedding_dim": "16",
    "embedding_regularizer": "1e-05",
    "epochs": "100",
    "eval_steps": "None",
    "feature_cols": "[{'active': True, 'dtype': 'float', 'fill_na': 0, 'na_value': 0, 'name': ['I1', 'I2', 'I3', 'I4', 'I5', 'I6', 'I7', 'I8', 'I9', 'I10', 'I11', 'I12', 'I13'], 'preprocess': 'convert_to_bucket', 'type': 'categorical'}, {'active': True, 'dtype': 'str', 'fill_na': '', 'na_value': '', 'name': ['C1', 'C2', 'C3', 'C4', 'C5', 'C6', 'C7', 'C8', 'C9', 'C10', 'C11', 'C12', 'C13', 'C14', 'C15', 'C16', 'C17', 'C18', 'C19', 'C20', 'C21', 'C22', 'C23', 'C24', 'C25', 'C26'], 'type': 'categorical'}]",
    "feature_config": "None",
    "feature_specs": "None",
    "gpu": "1",
    "group_id": "None",
    "hidden_activations": "ReLU",
    "label_col": "{'dtype': 'float', 'name': 'Label'}",
    "learning_rate": "0.001",
    "loss": "binary_crossentropy",
    "metrics": "['logloss', 'AUC']",
    "min_categr_count": "10",
    "model": "QNN",
    "model_id": "QNN_Criteo_002_a2df7204",
    "model_root": "./checkpoints/",
    "monitor": "{'AUC': 1, 'logloss': 0}",
    "monitor_mode": "max",
    "net_dropout": "0.1",
    "net_regularizer": "0",
    "neuron_type": "T19",
    "num_cross_layers": "3",
    "num_workers": "8",
    "optimizer": "adam",
    "pickle_feature_encoder": "True",
    "save_best_only": "True",
    "seed": "2024",
    "shuffle": "True",
    "task": "binary_classification",
    "test_data": "../../../data/Criteo_x4_10_h5/test.h5",
    "train_data": "../../../data/Criteo_x4_10_h5/train.h5",
    "use_features": "None",
    "valid_data": "../../../data/Criteo_x4_10_h5/valid.h5",
    "verbose": "1"
}
2024-10-23 21:49:09,395 P1536 INFO Load feature_map from json: ../../../data/Criteo_x4_10_h5/feature_map.json
2024-10-23 21:49:09,395 P1536 INFO Set column index...
2024-10-23 21:49:09,395 P1536 INFO Feature specs: {
    "C1": "{'source': '', 'type': 'categorical', 'padding_idx': 0, 'oov_idx': 1445, 'vocab_size': 1446}",
    "C10": "{'source': '', 'type': 'categorical', 'padding_idx': 0, 'oov_idx': 39529, 'vocab_size': 39530}",
    "C11": "{'source': '', 'type': 'categorical', 'padding_idx': 0, 'oov_idx': 5130, 'vocab_size': 5131}",
    "C12": "{'source': '', 'type': 'categorical', 'padding_idx': 0, 'oov_idx': 156655, 'vocab_size': 156656}",
    "C13": "{'source': '', 'type': 'categorical', 'padding_idx': 0, 'oov_idx': 3175, 'vocab_size': 3176}",
    "C14": "{'source': '', 'type': 'categorical', 'padding_idx': 0, 'oov_idx': 27, 'vocab_size': 28}",
    "C15": "{'source': '', 'type': 'categorical', 'padding_idx': 0, 'oov_idx': 11042, 'vocab_size': 11043}",
    "C16": "{'source': '', 'type': 'categorical', 'padding_idx': 0, 'oov_idx': 148912, 'vocab_size': 148913}",
    "C17": "{'source': '', 'type': 'categorical', 'padding_idx': 0, 'oov_idx': 11, 'vocab_size': 12}",
    "C18": "{'source': '', 'type': 'categorical', 'padding_idx': 0, 'oov_idx': 4559, 'vocab_size': 4560}",
    "C19": "{'source': '', 'type': 'categorical', 'padding_idx': 0, 'oov_idx': 2002, 'vocab_size': 2003}",
    "C2": "{'source': '', 'type': 'categorical', 'padding_idx': 0, 'oov_idx': 553, 'vocab_size': 554}",
    "C20": "{'source': '', 'type': 'categorical', 'padding_idx': 0, 'oov_idx': 4, 'vocab_size': 5}",
    "C21": "{'source': '', 'type': 'categorical', 'padding_idx': 0, 'oov_idx': 154563, 'vocab_size': 154564}",
    "C22": "{'source': '', 'type': 'categorical', 'padding_idx': 0, 'oov_idx': 17, 'vocab_size': 18}",
    "C23": "{'source': '', 'type': 'categorical', 'padding_idx': 0, 'oov_idx': 16, 'vocab_size': 17}",
    "C24": "{'source': '', 'type': 'categorical', 'padding_idx': 0, 'oov_idx': 53030, 'vocab_size': 53031}",
    "C25": "{'source': '', 'type': 'categorical', 'padding_idx': 0, 'oov_idx': 81, 'vocab_size': 82}",
    "C26": "{'source': '', 'type': 'categorical', 'padding_idx': 0, 'oov_idx': 40954, 'vocab_size': 40955}",
    "C3": "{'source': '', 'type': 'categorical', 'padding_idx': 0, 'oov_idx': 157338, 'vocab_size': 157339}",
    "C4": "{'source': '', 'type': 'categorical', 'padding_idx': 0, 'oov_idx': 117821, 'vocab_size': 117822}",
    "C5": "{'source': '', 'type': 'categorical', 'padding_idx': 0, 'oov_idx': 305, 'vocab_size': 306}",
    "C6": "{'source': '', 'type': 'categorical', 'padding_idx': 0, 'oov_idx': 17, 'vocab_size': 18}",
    "C7": "{'source': '', 'type': 'categorical', 'padding_idx': 0, 'oov_idx': 11881, 'vocab_size': 11882}",
    "C8": "{'source': '', 'type': 'categorical', 'padding_idx': 0, 'oov_idx': 629, 'vocab_size': 630}",
    "C9": "{'source': '', 'type': 'categorical', 'padding_idx': 0, 'oov_idx': 4, 'vocab_size': 5}",
    "I1": "{'source': '', 'type': 'categorical', 'padding_idx': 0, 'oov_idx': 43, 'vocab_size': 44}",
    "I10": "{'source': '', 'type': 'categorical', 'padding_idx': 0, 'oov_idx': 5, 'vocab_size': 6}",
    "I11": "{'source': '', 'type': 'categorical', 'padding_idx': 0, 'oov_idx': 26, 'vocab_size': 27}",
    "I12": "{'source': '', 'type': 'categorical', 'padding_idx': 0, 'oov_idx': 36, 'vocab_size': 37}",
    "I13": "{'source': '', 'type': 'categorical', 'padding_idx': 0, 'oov_idx': 71, 'vocab_size': 72}",
    "I2": "{'source': '', 'type': 'categorical', 'padding_idx': 0, 'oov_idx': 98, 'vocab_size': 99}",
    "I3": "{'source': '', 'type': 'categorical', 'padding_idx': 0, 'oov_idx': 121, 'vocab_size': 122}",
    "I4": "{'source': '', 'type': 'categorical', 'padding_idx': 0, 'oov_idx': 40, 'vocab_size': 41}",
    "I5": "{'source': '', 'type': 'categorical', 'padding_idx': 0, 'oov_idx': 219, 'vocab_size': 220}",
    "I6": "{'source': '', 'type': 'categorical', 'padding_idx': 0, 'oov_idx': 111, 'vocab_size': 112}",
    "I7": "{'source': '', 'type': 'categorical', 'padding_idx': 0, 'oov_idx': 79, 'vocab_size': 80}",
    "I8": "{'source': '', 'type': 'categorical', 'padding_idx': 0, 'oov_idx': 68, 'vocab_size': 69}",
    "I9": "{'source': '', 'type': 'categorical', 'padding_idx': 0, 'oov_idx': 91, 'vocab_size': 92}"
}
2024-10-23 21:49:13,235 P1536 INFO Total number of parameters: 15742577.
2024-10-23 21:49:13,235 P1536 INFO Loading data...
2024-10-23 21:49:13,235 P1536 INFO Loading data from h5: ../../../data/Criteo_x4_10_h5/train.h5
2024-10-23 21:49:29,297 P1536 INFO Train samples: total/36672493, blocks/1
2024-10-23 21:49:29,297 P1536 INFO Loading data from h5: ../../../data/Criteo_x4_10_h5/valid.h5
2024-10-23 21:49:31,424 P1536 INFO Validation samples: total/4584062, blocks/1
2024-10-23 21:49:31,424 P1536 INFO Loading train and validation data done.
2024-10-23 21:49:31,425 P1536 INFO Start training: 3668 batches/epoch
2024-10-23 21:49:31,425 P1536 INFO ************ Epoch=1 start ************
2024-10-23 21:51:38,560 P1536 INFO Train loss: 0.464017
2024-10-23 21:51:38,560 P1536 INFO Evaluation @epoch 1 - batch 3668: 
2024-10-23 21:51:50,725 P1536 INFO ===
2024-10-23 21:51:50,725 P1536 INFO [Metrics] AUC: 0.802918 - logloss: 0.448043
2024-10-23 21:51:50,732 P1536 INFO Save best model: monitor(max)=0.802918
2024-10-23 21:51:51,310 P1536 INFO ************ Epoch=1 end ************
2024-10-23 21:53:57,979 P1536 INFO Train loss: 0.456488
2024-10-23 21:53:57,980 P1536 INFO Evaluation @epoch 2 - batch 3668: 
2024-10-23 21:54:09,483 P1536 INFO ===
2024-10-23 21:54:09,483 P1536 INFO [Metrics] AUC: 0.806201 - logloss: 0.445170
2024-10-23 21:54:09,494 P1536 INFO Save best model: monitor(max)=0.806201
2024-10-23 21:54:10,102 P1536 INFO ************ Epoch=2 end ************
2024-10-23 21:56:17,442 P1536 INFO Train loss: 0.454595
2024-10-23 21:56:17,442 P1536 INFO Evaluation @epoch 3 - batch 3668: 
2024-10-23 21:56:29,058 P1536 INFO ===
2024-10-23 21:56:29,058 P1536 INFO [Metrics] AUC: 0.807856 - logloss: 0.443796
2024-10-23 21:56:29,068 P1536 INFO Save best model: monitor(max)=0.807856
2024-10-23 21:56:29,705 P1536 INFO ************ Epoch=3 end ************
2024-10-23 21:58:35,839 P1536 INFO Train loss: 0.453417
2024-10-23 21:58:35,840 P1536 INFO Evaluation @epoch 4 - batch 3668: 
2024-10-23 21:58:47,341 P1536 INFO ===
2024-10-23 21:58:47,341 P1536 INFO [Metrics] AUC: 0.808581 - logloss: 0.443066
2024-10-23 21:58:47,351 P1536 INFO Save best model: monitor(max)=0.808581
2024-10-23 21:58:47,962 P1536 INFO ************ Epoch=4 end ************
2024-10-23 22:00:55,800 P1536 INFO Train loss: 0.452718
2024-10-23 22:00:55,800 P1536 INFO Evaluation @epoch 5 - batch 3668: 
2024-10-23 22:01:07,293 P1536 INFO ===
2024-10-23 22:01:07,293 P1536 INFO [Metrics] AUC: 0.809091 - logloss: 0.442675
2024-10-23 22:01:07,303 P1536 INFO Save best model: monitor(max)=0.809091
2024-10-23 22:01:07,904 P1536 INFO ************ Epoch=5 end ************
2024-10-23 22:03:14,554 P1536 INFO Train loss: 0.452139
2024-10-23 22:03:14,555 P1536 INFO Evaluation @epoch 6 - batch 3668: 
2024-10-23 22:03:25,845 P1536 INFO ===
2024-10-23 22:03:25,845 P1536 INFO [Metrics] AUC: 0.809594 - logloss: 0.442329
2024-10-23 22:03:25,856 P1536 INFO Save best model: monitor(max)=0.809594
2024-10-23 22:03:26,506 P1536 INFO ************ Epoch=6 end ************
2024-10-23 22:05:33,262 P1536 INFO Train loss: 0.451718
2024-10-23 22:05:33,262 P1536 INFO Evaluation @epoch 7 - batch 3668: 
2024-10-23 22:05:44,681 P1536 INFO ===
2024-10-23 22:05:44,681 P1536 INFO [Metrics] AUC: 0.809897 - logloss: 0.442021
2024-10-23 22:05:44,691 P1536 INFO Save best model: monitor(max)=0.809897
2024-10-23 22:05:45,310 P1536 INFO ************ Epoch=7 end ************
2024-10-23 22:07:51,192 P1536 INFO Train loss: 0.451368
2024-10-23 22:07:51,192 P1536 INFO Evaluation @epoch 8 - batch 3668: 
2024-10-23 22:08:02,509 P1536 INFO ===
2024-10-23 22:08:02,509 P1536 INFO [Metrics] AUC: 0.810170 - logloss: 0.441838
2024-10-23 22:08:02,519 P1536 INFO Save best model: monitor(max)=0.810170
2024-10-23 22:08:03,124 P1536 INFO ************ Epoch=8 end ************
2024-10-23 22:10:09,242 P1536 INFO Train loss: 0.451040
2024-10-23 22:10:09,243 P1536 INFO Evaluation @epoch 9 - batch 3668: 
2024-10-23 22:10:20,702 P1536 INFO ===
2024-10-23 22:10:20,702 P1536 INFO [Metrics] AUC: 0.810349 - logloss: 0.441483
2024-10-23 22:10:20,712 P1536 INFO Save best model: monitor(max)=0.810349
2024-10-23 22:10:21,384 P1536 INFO ************ Epoch=9 end ************
2024-10-23 22:12:27,683 P1536 INFO Train loss: 0.450799
2024-10-23 22:12:27,684 P1536 INFO Evaluation @epoch 10 - batch 3668: 
2024-10-23 22:12:39,120 P1536 INFO ===
2024-10-23 22:12:39,120 P1536 INFO [Metrics] AUC: 0.810541 - logloss: 0.441851
2024-10-23 22:12:39,130 P1536 INFO Save best model: monitor(max)=0.810541
2024-10-23 22:12:39,786 P1536 INFO ************ Epoch=10 end ************
2024-10-23 22:14:46,295 P1536 INFO Train loss: 0.450601
2024-10-23 22:14:46,295 P1536 INFO Evaluation @epoch 11 - batch 3668: 
2024-10-23 22:14:57,724 P1536 INFO ===
2024-10-23 22:14:57,724 P1536 INFO [Metrics] AUC: 0.810763 - logloss: 0.441779
2024-10-23 22:14:57,734 P1536 INFO Save best model: monitor(max)=0.810763
2024-10-23 22:14:58,290 P1536 INFO ************ Epoch=11 end ************
2024-10-23 22:17:04,129 P1536 INFO Train loss: 0.450388
2024-10-23 22:17:04,129 P1536 INFO Evaluation @epoch 12 - batch 3668: 
2024-10-23 22:17:15,691 P1536 INFO ===
2024-10-23 22:17:15,692 P1536 INFO [Metrics] AUC: 0.810680 - logloss: 0.441421
2024-10-23 22:17:15,702 P1536 INFO Monitor(max)=0.810680 STOP!
2024-10-23 22:17:15,702 P1536 INFO Reduce learning rate on plateau: 0.000100
2024-10-23 22:17:16,259 P1536 INFO ************ Epoch=12 end ************
2024-10-23 22:19:21,835 P1536 INFO Train loss: 0.442641
2024-10-23 22:19:21,836 P1536 INFO Evaluation @epoch 13 - batch 3668: 
2024-10-23 22:19:33,022 P1536 INFO ===
2024-10-23 22:19:33,023 P1536 INFO [Metrics] AUC: 0.813334 - logloss: 0.438932
2024-10-23 22:19:33,033 P1536 INFO Save best model: monitor(max)=0.813334
2024-10-23 22:19:33,569 P1536 INFO ************ Epoch=13 end ************
2024-10-23 22:21:40,070 P1536 INFO Train loss: 0.439715
2024-10-23 22:21:40,071 P1536 INFO Evaluation @epoch 14 - batch 3668: 
2024-10-23 22:21:51,675 P1536 INFO ===
2024-10-23 22:21:51,675 P1536 INFO [Metrics] AUC: 0.813872 - logloss: 0.438374
2024-10-23 22:21:51,685 P1536 INFO Save best model: monitor(max)=0.813872
2024-10-23 22:21:52,336 P1536 INFO ************ Epoch=14 end ************
2024-10-23 22:23:59,495 P1536 INFO Train loss: 0.438409
2024-10-23 22:23:59,496 P1536 INFO Evaluation @epoch 15 - batch 3668: 
2024-10-23 22:24:10,898 P1536 INFO ===
2024-10-23 22:24:10,898 P1536 INFO [Metrics] AUC: 0.814094 - logloss: 0.438128
2024-10-23 22:24:10,909 P1536 INFO Save best model: monitor(max)=0.814094
2024-10-23 22:24:11,552 P1536 INFO ************ Epoch=15 end ************
2024-10-23 22:26:17,449 P1536 INFO Train loss: 0.437449
2024-10-23 22:26:17,449 P1536 INFO Evaluation @epoch 16 - batch 3668: 
2024-10-23 22:26:28,910 P1536 INFO ===
2024-10-23 22:26:28,910 P1536 INFO [Metrics] AUC: 0.814165 - logloss: 0.438057
2024-10-23 22:26:28,920 P1536 INFO Save best model: monitor(max)=0.814165
2024-10-23 22:26:29,515 P1536 INFO ************ Epoch=16 end ************
2024-10-23 22:28:35,662 P1536 INFO Train loss: 0.436683
2024-10-23 22:28:35,662 P1536 INFO Evaluation @epoch 17 - batch 3668: 
2024-10-23 22:28:47,237 P1536 INFO ===
2024-10-23 22:28:47,237 P1536 INFO [Metrics] AUC: 0.814166 - logloss: 0.437978
2024-10-23 22:28:47,248 P1536 INFO Monitor(max)=0.814166 STOP!
2024-10-23 22:28:47,248 P1536 INFO Reduce learning rate on plateau: 0.000010
2024-10-23 22:28:47,757 P1536 INFO ************ Epoch=17 end ************
2024-10-23 22:30:55,329 P1536 INFO Train loss: 0.434181
2024-10-23 22:30:55,330 P1536 INFO Evaluation @epoch 18 - batch 3668: 
2024-10-23 22:31:07,087 P1536 INFO ===
2024-10-23 22:31:07,087 P1536 INFO [Metrics] AUC: 0.814034 - logloss: 0.438075
2024-10-23 22:31:07,097 P1536 INFO Monitor(max)=0.814034 STOP!
2024-10-23 22:31:07,097 P1536 INFO Reduce learning rate on plateau: 0.000001
2024-10-23 22:31:07,097 P1536 INFO ********* Epoch==18 early stop *********
2024-10-23 22:31:07,638 P1536 INFO Training finished.
2024-10-23 22:31:07,638 P1536 INFO Load best model: /root/autodl-tmp/model_zoo/QNN/QNN_torch/checkpoints/Criteo_x4_10_h5/QNN_Criteo_002_a2df7204.model
2024-10-23 22:31:07,672 P1536 INFO ****** Validation evaluation ******
2024-10-23 22:31:19,038 P1536 INFO ===
2024-10-23 22:31:19,039 P1536 INFO [Metrics] logloss: 0.438057 - AUC: 0.814165
2024-10-23 22:31:19,626 P1536 INFO ******** Test evaluation ********
2024-10-23 22:31:19,626 P1536 INFO Loading data...
2024-10-23 22:31:19,626 P1536 INFO Loading data from h5: ../../../data/Criteo_x4_10_h5/test.h5
2024-10-23 22:31:21,571 P1536 INFO Test samples: total/4584062, blocks/1
2024-10-23 22:31:21,572 P1536 INFO Loading test data done.
2024-10-23 22:31:31,591 P1536 INFO ===
2024-10-23 22:31:31,591 P1536 INFO [Metrics] logloss: 0.437674 - AUC: 0.814613
