2024-10-22 19:00:03,345 P162796 INFO Params: {
    "batch_norm": "True",
    "batch_size": "10000",
    "data_format": "h5",
    "data_root": "../../../data/",
    "dataset_id": "Criteo_x4_10_h5",
    "debug_mode": "False",
    "early_stop_patience": "2",
    "embedding_dim": "16",
    "embedding_regularizer": "1e-05",
    "epochs": "100",
    "eval_steps": "None",
    "feature_cols": "[{'active': True, 'dtype': 'float', 'fill_na': 0, 'na_value': 0, 'name': ['I1', 'I2', 'I3', 'I4', 'I5', 'I6', 'I7', 'I8', 'I9', 'I10', 'I11', 'I12', 'I13'], 'preprocess': 'convert_to_bucket', 'type': 'categorical'}, {'active': True, 'dtype': 'str', 'fill_na': '', 'na_value': '', 'name': ['C1', 'C2', 'C3', 'C4', 'C5', 'C6', 'C7', 'C8', 'C9', 'C10', 'C11', 'C12', 'C13', 'C14', 'C15', 'C16', 'C17', 'C18', 'C19', 'C20', 'C21', 'C22', 'C23', 'C24', 'C25', 'C26'], 'type': 'categorical'}]",
    "feature_config": "None",
    "feature_specs": "None",
    "gpu": "0",
    "group_id": "None",
    "label_col": "{'dtype': 'float', 'name': 'Label'}",
    "learning_rate": "0.001",
    "loss": "binary_crossentropy",
    "metrics": "['logloss', 'AUC']",
    "min_categr_count": "10",
    "model": "QNN",
    "model_id": "QNN_Criteo_004_9d7f386b",
    "model_root": "./checkpoints/",
    "monitor": "{'AUC': 1, 'logloss': 0}",
    "monitor_mode": "max",
    "net_dropout": "0.1",
    "net_regularizer": "0",
    "neuron_type": "T4",
    "num_cross_layers": "3",
    "num_workers": "8",
    "optimizer": "adam",
    "pickle_feature_encoder": "True",
    "save_best_only": "True",
    "seed": "2024",
    "shuffle": "True",
    "task": "binary_classification",
    "test_data": "../../../data/Criteo_x4_10_h5/test.h5",
    "train_data": "../../../data/Criteo_x4_10_h5/train.h5",
    "use_features": "None",
    "valid_data": "../../../data/Criteo_x4_10_h5/valid.h5",
    "verbose": "1"
}
2024-10-22 19:00:03,345 P162796 INFO Load feature_map from json: ../../../data/Criteo_x4_10_h5/feature_map.json
2024-10-22 19:00:03,345 P162796 INFO Set column index...
2024-10-22 19:00:03,345 P162796 INFO Feature specs: {
    "C1": "{'source': '', 'type': 'categorical', 'padding_idx': 0, 'oov_idx': 1445, 'vocab_size': 1446}",
    "C10": "{'source': '', 'type': 'categorical', 'padding_idx': 0, 'oov_idx': 39529, 'vocab_size': 39530}",
    "C11": "{'source': '', 'type': 'categorical', 'padding_idx': 0, 'oov_idx': 5130, 'vocab_size': 5131}",
    "C12": "{'source': '', 'type': 'categorical', 'padding_idx': 0, 'oov_idx': 156655, 'vocab_size': 156656}",
    "C13": "{'source': '', 'type': 'categorical', 'padding_idx': 0, 'oov_idx': 3175, 'vocab_size': 3176}",
    "C14": "{'source': '', 'type': 'categorical', 'padding_idx': 0, 'oov_idx': 27, 'vocab_size': 28}",
    "C15": "{'source': '', 'type': 'categorical', 'padding_idx': 0, 'oov_idx': 11042, 'vocab_size': 11043}",
    "C16": "{'source': '', 'type': 'categorical', 'padding_idx': 0, 'oov_idx': 148912, 'vocab_size': 148913}",
    "C17": "{'source': '', 'type': 'categorical', 'padding_idx': 0, 'oov_idx': 11, 'vocab_size': 12}",
    "C18": "{'source': '', 'type': 'categorical', 'padding_idx': 0, 'oov_idx': 4559, 'vocab_size': 4560}",
    "C19": "{'source': '', 'type': 'categorical', 'padding_idx': 0, 'oov_idx': 2002, 'vocab_size': 2003}",
    "C2": "{'source': '', 'type': 'categorical', 'padding_idx': 0, 'oov_idx': 553, 'vocab_size': 554}",
    "C20": "{'source': '', 'type': 'categorical', 'padding_idx': 0, 'oov_idx': 4, 'vocab_size': 5}",
    "C21": "{'source': '', 'type': 'categorical', 'padding_idx': 0, 'oov_idx': 154563, 'vocab_size': 154564}",
    "C22": "{'source': '', 'type': 'categorical', 'padding_idx': 0, 'oov_idx': 17, 'vocab_size': 18}",
    "C23": "{'source': '', 'type': 'categorical', 'padding_idx': 0, 'oov_idx': 16, 'vocab_size': 17}",
    "C24": "{'source': '', 'type': 'categorical', 'padding_idx': 0, 'oov_idx': 53030, 'vocab_size': 53031}",
    "C25": "{'source': '', 'type': 'categorical', 'padding_idx': 0, 'oov_idx': 81, 'vocab_size': 82}",
    "C26": "{'source': '', 'type': 'categorical', 'padding_idx': 0, 'oov_idx': 40954, 'vocab_size': 40955}",
    "C3": "{'source': '', 'type': 'categorical', 'padding_idx': 0, 'oov_idx': 157338, 'vocab_size': 157339}",
    "C4": "{'source': '', 'type': 'categorical', 'padding_idx': 0, 'oov_idx': 117821, 'vocab_size': 117822}",
    "C5": "{'source': '', 'type': 'categorical', 'padding_idx': 0, 'oov_idx': 305, 'vocab_size': 306}",
    "C6": "{'source': '', 'type': 'categorical', 'padding_idx': 0, 'oov_idx': 17, 'vocab_size': 18}",
    "C7": "{'source': '', 'type': 'categorical', 'padding_idx': 0, 'oov_idx': 11881, 'vocab_size': 11882}",
    "C8": "{'source': '', 'type': 'categorical', 'padding_idx': 0, 'oov_idx': 629, 'vocab_size': 630}",
    "C9": "{'source': '', 'type': 'categorical', 'padding_idx': 0, 'oov_idx': 4, 'vocab_size': 5}",
    "I1": "{'source': '', 'type': 'categorical', 'padding_idx': 0, 'oov_idx': 43, 'vocab_size': 44}",
    "I10": "{'source': '', 'type': 'categorical', 'padding_idx': 0, 'oov_idx': 5, 'vocab_size': 6}",
    "I11": "{'source': '', 'type': 'categorical', 'padding_idx': 0, 'oov_idx': 26, 'vocab_size': 27}",
    "I12": "{'source': '', 'type': 'categorical', 'padding_idx': 0, 'oov_idx': 36, 'vocab_size': 37}",
    "I13": "{'source': '', 'type': 'categorical', 'padding_idx': 0, 'oov_idx': 71, 'vocab_size': 72}",
    "I2": "{'source': '', 'type': 'categorical', 'padding_idx': 0, 'oov_idx': 98, 'vocab_size': 99}",
    "I3": "{'source': '', 'type': 'categorical', 'padding_idx': 0, 'oov_idx': 121, 'vocab_size': 122}",
    "I4": "{'source': '', 'type': 'categorical', 'padding_idx': 0, 'oov_idx': 40, 'vocab_size': 41}",
    "I5": "{'source': '', 'type': 'categorical', 'padding_idx': 0, 'oov_idx': 219, 'vocab_size': 220}",
    "I6": "{'source': '', 'type': 'categorical', 'padding_idx': 0, 'oov_idx': 111, 'vocab_size': 112}",
    "I7": "{'source': '', 'type': 'categorical', 'padding_idx': 0, 'oov_idx': 79, 'vocab_size': 80}",
    "I8": "{'source': '', 'type': 'categorical', 'padding_idx': 0, 'oov_idx': 68, 'vocab_size': 69}",
    "I9": "{'source': '', 'type': 'categorical', 'padding_idx': 0, 'oov_idx': 91, 'vocab_size': 92}"
}
2024-10-22 19:00:06,956 P162796 INFO Total number of parameters: 15746321.
2024-10-22 19:00:06,956 P162796 INFO Loading data...
2024-10-22 19:00:06,956 P162796 INFO Loading data from h5: ../../../data/Criteo_x4_10_h5/train.h5
2024-10-22 19:00:22,073 P162796 INFO Train samples: total/36672493, blocks/1
2024-10-22 19:00:22,073 P162796 INFO Loading data from h5: ../../../data/Criteo_x4_10_h5/valid.h5
2024-10-22 19:00:24,097 P162796 INFO Validation samples: total/4584062, blocks/1
2024-10-22 19:00:24,097 P162796 INFO Loading train and validation data done.
2024-10-22 19:00:24,097 P162796 INFO Start training: 3668 batches/epoch
2024-10-22 19:00:24,098 P162796 INFO ************ Epoch=1 start ************
2024-10-22 19:02:30,952 P162796 INFO Train loss: 0.466203
2024-10-22 19:02:30,952 P162796 INFO Evaluation @epoch 1 - batch 3668: 
2024-10-22 19:02:41,983 P162796 INFO ===
2024-10-22 19:02:41,984 P162796 INFO [Metrics] AUC: 0.804447 - logloss: 0.446798
2024-10-22 19:02:41,989 P162796 INFO Save best model: monitor(max)=0.804447
2024-10-22 19:02:42,561 P162796 INFO ************ Epoch=1 end ************
2024-10-22 19:04:48,848 P162796 INFO Train loss: 0.455638
2024-10-22 19:04:48,849 P162796 INFO Evaluation @epoch 2 - batch 3668: 
2024-10-22 19:04:59,707 P162796 INFO ===
2024-10-22 19:04:59,707 P162796 INFO [Metrics] AUC: 0.807022 - logloss: 0.444435
2024-10-22 19:04:59,716 P162796 INFO Save best model: monitor(max)=0.807022
2024-10-22 19:05:00,288 P162796 INFO ************ Epoch=2 end ************
2024-10-22 19:07:06,008 P162796 INFO Train loss: 0.453728
2024-10-22 19:07:06,008 P162796 INFO Evaluation @epoch 3 - batch 3668: 
2024-10-22 19:07:17,033 P162796 INFO ===
2024-10-22 19:07:17,033 P162796 INFO [Metrics] AUC: 0.808197 - logloss: 0.443274
2024-10-22 19:07:17,043 P162796 INFO Save best model: monitor(max)=0.808197
2024-10-22 19:07:17,641 P162796 INFO ************ Epoch=3 end ************
2024-10-22 19:09:25,204 P162796 INFO Train loss: 0.452412
2024-10-22 19:09:25,204 P162796 INFO Evaluation @epoch 4 - batch 3668: 
2024-10-22 19:09:36,412 P162796 INFO ===
2024-10-22 19:09:36,412 P162796 INFO [Metrics] AUC: 0.809132 - logloss: 0.442472
2024-10-22 19:09:36,421 P162796 INFO Save best model: monitor(max)=0.809132
2024-10-22 19:09:37,013 P162796 INFO ************ Epoch=4 end ************
2024-10-22 19:11:44,706 P162796 INFO Train loss: 0.451588
2024-10-22 19:11:44,707 P162796 INFO Evaluation @epoch 5 - batch 3668: 
2024-10-22 19:11:55,827 P162796 INFO ===
2024-10-22 19:11:55,828 P162796 INFO [Metrics] AUC: 0.809866 - logloss: 0.441800
2024-10-22 19:11:55,836 P162796 INFO Save best model: monitor(max)=0.809866
2024-10-22 19:11:56,386 P162796 INFO ************ Epoch=5 end ************
2024-10-22 19:14:04,008 P162796 INFO Train loss: 0.450918
2024-10-22 19:14:04,008 P162796 INFO Evaluation @epoch 6 - batch 3668: 
2024-10-22 19:14:15,007 P162796 INFO ===
2024-10-22 19:14:15,008 P162796 INFO [Metrics] AUC: 0.810221 - logloss: 0.441538
2024-10-22 19:14:15,017 P162796 INFO Save best model: monitor(max)=0.810221
2024-10-22 19:14:15,589 P162796 INFO ************ Epoch=6 end ************
2024-10-22 19:16:22,757 P162796 INFO Train loss: 0.450431
2024-10-22 19:16:22,757 P162796 INFO Evaluation @epoch 7 - batch 3668: 
2024-10-22 19:16:33,776 P162796 INFO ===
2024-10-22 19:16:33,777 P162796 INFO [Metrics] AUC: 0.810589 - logloss: 0.441153
2024-10-22 19:16:33,787 P162796 INFO Save best model: monitor(max)=0.810589
2024-10-22 19:16:34,369 P162796 INFO ************ Epoch=7 end ************
2024-10-22 19:18:42,332 P162796 INFO Train loss: 0.449992
2024-10-22 19:18:42,333 P162796 INFO Evaluation @epoch 8 - batch 3668: 
2024-10-22 19:18:53,531 P162796 INFO ===
2024-10-22 19:18:53,531 P162796 INFO [Metrics] AUC: 0.810617 - logloss: 0.441029
2024-10-22 19:18:53,541 P162796 INFO Save best model: monitor(max)=0.810617
2024-10-22 19:18:54,170 P162796 INFO ************ Epoch=8 end ************
2024-10-22 19:21:01,818 P162796 INFO Train loss: 0.449642
2024-10-22 19:21:01,818 P162796 INFO Evaluation @epoch 9 - batch 3668: 
2024-10-22 19:21:12,974 P162796 INFO ===
2024-10-22 19:21:12,974 P162796 INFO [Metrics] AUC: 0.810819 - logloss: 0.440996
2024-10-22 19:21:12,984 P162796 INFO Save best model: monitor(max)=0.810819
2024-10-22 19:21:13,551 P162796 INFO ************ Epoch=9 end ************
2024-10-22 19:23:21,327 P162796 INFO Train loss: 0.449363
2024-10-22 19:23:21,327 P162796 INFO Evaluation @epoch 10 - batch 3668: 
2024-10-22 19:23:32,302 P162796 INFO ===
2024-10-22 19:23:32,303 P162796 INFO [Metrics] AUC: 0.810890 - logloss: 0.440857
2024-10-22 19:23:32,313 P162796 INFO Save best model: monitor(max)=0.810890
2024-10-22 19:23:32,903 P162796 INFO ************ Epoch=10 end ************
2024-10-22 19:25:39,783 P162796 INFO Train loss: 0.449087
2024-10-22 19:25:39,783 P162796 INFO Evaluation @epoch 11 - batch 3668: 
2024-10-22 19:25:50,904 P162796 INFO ===
2024-10-22 19:25:50,905 P162796 INFO [Metrics] AUC: 0.811053 - logloss: 0.440745
2024-10-22 19:25:50,915 P162796 INFO Save best model: monitor(max)=0.811053
2024-10-22 19:25:51,484 P162796 INFO ************ Epoch=11 end ************
2024-10-22 19:27:58,739 P162796 INFO Train loss: 0.448831
2024-10-22 19:27:58,739 P162796 INFO Evaluation @epoch 12 - batch 3668: 
2024-10-22 19:28:09,671 P162796 INFO ===
2024-10-22 19:28:09,672 P162796 INFO [Metrics] AUC: 0.811030 - logloss: 0.440702
2024-10-22 19:28:09,681 P162796 INFO Monitor(max)=0.811030 STOP!
2024-10-22 19:28:09,682 P162796 INFO Reduce learning rate on plateau: 0.000100
2024-10-22 19:28:10,127 P162796 INFO ************ Epoch=12 end ************
2024-10-22 19:30:17,839 P162796 INFO Train loss: 0.438171
2024-10-22 19:30:17,839 P162796 INFO Evaluation @epoch 13 - batch 3668: 
2024-10-22 19:30:29,007 P162796 INFO ===
2024-10-22 19:30:29,008 P162796 INFO [Metrics] AUC: 0.813446 - logloss: 0.438668
2024-10-22 19:30:29,018 P162796 INFO Save best model: monitor(max)=0.813446
2024-10-22 19:30:29,554 P162796 INFO ************ Epoch=13 end ************
2024-10-22 19:32:37,274 P162796 INFO Train loss: 0.434021
2024-10-22 19:32:37,275 P162796 INFO Evaluation @epoch 14 - batch 3668: 
2024-10-22 19:32:48,258 P162796 INFO ===
2024-10-22 19:32:48,258 P162796 INFO [Metrics] AUC: 0.813529 - logloss: 0.438623
2024-10-22 19:32:48,268 P162796 INFO Save best model: monitor(max)=0.813529
2024-10-22 19:32:48,867 P162796 INFO ************ Epoch=14 end ************
2024-10-22 19:34:56,451 P162796 INFO Train loss: 0.431885
2024-10-22 19:34:56,451 P162796 INFO Evaluation @epoch 15 - batch 3668: 
2024-10-22 19:35:07,568 P162796 INFO ===
2024-10-22 19:35:07,568 P162796 INFO [Metrics] AUC: 0.813309 - logloss: 0.439027
2024-10-22 19:35:07,578 P162796 INFO Monitor(max)=0.813309 STOP!
2024-10-22 19:35:07,578 P162796 INFO Reduce learning rate on plateau: 0.000010
2024-10-22 19:35:08,125 P162796 INFO ************ Epoch=15 end ************
2024-10-22 19:37:15,876 P162796 INFO Train loss: 0.427674
2024-10-22 19:37:15,876 P162796 INFO Evaluation @epoch 16 - batch 3668: 
2024-10-22 19:37:27,109 P162796 INFO ===
2024-10-22 19:37:27,109 P162796 INFO [Metrics] AUC: 0.812739 - logloss: 0.439998
2024-10-22 19:37:27,119 P162796 INFO Monitor(max)=0.812739 STOP!
2024-10-22 19:37:27,119 P162796 INFO Reduce learning rate on plateau: 0.000001
2024-10-22 19:37:27,119 P162796 INFO ********* Epoch==16 early stop *********
2024-10-22 19:37:27,646 P162796 INFO Training finished.
2024-10-22 19:37:27,646 P162796 INFO Load best model: /root/autodl-tmp/model_zoo/QNN/QNN_torch/checkpoints/Criteo_x4_10_h5/QNN_Criteo_004_9d7f386b.model
2024-10-22 19:37:27,681 P162796 INFO ****** Validation evaluation ******
2024-10-22 19:37:38,700 P162796 INFO ===
2024-10-22 19:37:38,700 P162796 INFO [Metrics] logloss: 0.438623 - AUC: 0.813529
2024-10-22 19:37:39,273 P162796 INFO ******** Test evaluation ********
2024-10-22 19:37:39,273 P162796 INFO Loading data...
2024-10-22 19:37:39,274 P162796 INFO Loading data from h5: ../../../data/Criteo_x4_10_h5/test.h5
2024-10-22 19:37:41,343 P162796 INFO Test samples: total/4584062, blocks/1
2024-10-22 19:37:41,343 P162796 INFO Loading test data done.
2024-10-22 19:37:51,287 P162796 INFO ===
2024-10-22 19:37:51,287 P162796 INFO [Metrics] logloss: 0.438244 - AUC: 0.813946
