2024-10-23 01:58:53,645 P728269 INFO Params: {
    "batch_norm": "True",
    "batch_size": "10000",
    "data_format": "h5",
    "data_root": "../../../data/",
    "dataset_id": "Criteo_x4_10_h5",
    "debug_mode": "False",
    "early_stop_patience": "2",
    "embedding_dim": "16",
    "embedding_regularizer": "1e-05",
    "epochs": "100",
    "eval_steps": "None",
    "feature_cols": "[{'active': True, 'dtype': 'float', 'fill_na': 0, 'na_value': 0, 'name': ['I1', 'I2', 'I3', 'I4', 'I5', 'I6', 'I7', 'I8', 'I9', 'I10', 'I11', 'I12', 'I13'], 'preprocess': 'convert_to_bucket', 'type': 'categorical'}, {'active': True, 'dtype': 'str', 'fill_na': '', 'na_value': '', 'name': ['C1', 'C2', 'C3', 'C4', 'C5', 'C6', 'C7', 'C8', 'C9', 'C10', 'C11', 'C12', 'C13', 'C14', 'C15', 'C16', 'C17', 'C18', 'C19', 'C20', 'C21', 'C22', 'C23', 'C24', 'C25', 'C26'], 'type': 'categorical'}]",
    "feature_config": "None",
    "feature_specs": "None",
    "gpu": "0",
    "group_id": "None",
    "label_col": "{'dtype': 'float', 'name': 'Label'}",
    "learning_rate": "0.001",
    "loss": "binary_crossentropy",
    "metrics": "['logloss', 'AUC']",
    "min_categr_count": "10",
    "model": "QNN_wo_ac",
    "model_id": "QNN_wo_ac_Criteo_008_b37299c6",
    "model_root": "./checkpoints/",
    "monitor": "{'AUC': 1, 'logloss': 0}",
    "monitor_mode": "max",
    "net_dropout": "0.1",
    "net_regularizer": "0",
    "neuron_type": "T8",
    "num_cross_layers": "3",
    "num_workers": "8",
    "optimizer": "adam",
    "pickle_feature_encoder": "True",
    "save_best_only": "True",
    "seed": "2024",
    "shuffle": "True",
    "task": "binary_classification",
    "test_data": "../../../data/Criteo_x4_10_h5/test.h5",
    "train_data": "../../../data/Criteo_x4_10_h5/train.h5",
    "use_features": "None",
    "valid_data": "../../../data/Criteo_x4_10_h5/valid.h5",
    "verbose": "1"
}
2024-10-23 01:58:53,645 P728269 INFO Load feature_map from json: ../../../data/Criteo_x4_10_h5/feature_map.json
2024-10-23 01:58:53,645 P728269 INFO Set column index...
2024-10-23 01:58:53,646 P728269 INFO Feature specs: {
    "C1": "{'source': '', 'type': 'categorical', 'padding_idx': 0, 'oov_idx': 1445, 'vocab_size': 1446}",
    "C10": "{'source': '', 'type': 'categorical', 'padding_idx': 0, 'oov_idx': 39529, 'vocab_size': 39530}",
    "C11": "{'source': '', 'type': 'categorical', 'padding_idx': 0, 'oov_idx': 5130, 'vocab_size': 5131}",
    "C12": "{'source': '', 'type': 'categorical', 'padding_idx': 0, 'oov_idx': 156655, 'vocab_size': 156656}",
    "C13": "{'source': '', 'type': 'categorical', 'padding_idx': 0, 'oov_idx': 3175, 'vocab_size': 3176}",
    "C14": "{'source': '', 'type': 'categorical', 'padding_idx': 0, 'oov_idx': 27, 'vocab_size': 28}",
    "C15": "{'source': '', 'type': 'categorical', 'padding_idx': 0, 'oov_idx': 11042, 'vocab_size': 11043}",
    "C16": "{'source': '', 'type': 'categorical', 'padding_idx': 0, 'oov_idx': 148912, 'vocab_size': 148913}",
    "C17": "{'source': '', 'type': 'categorical', 'padding_idx': 0, 'oov_idx': 11, 'vocab_size': 12}",
    "C18": "{'source': '', 'type': 'categorical', 'padding_idx': 0, 'oov_idx': 4559, 'vocab_size': 4560}",
    "C19": "{'source': '', 'type': 'categorical', 'padding_idx': 0, 'oov_idx': 2002, 'vocab_size': 2003}",
    "C2": "{'source': '', 'type': 'categorical', 'padding_idx': 0, 'oov_idx': 553, 'vocab_size': 554}",
    "C20": "{'source': '', 'type': 'categorical', 'padding_idx': 0, 'oov_idx': 4, 'vocab_size': 5}",
    "C21": "{'source': '', 'type': 'categorical', 'padding_idx': 0, 'oov_idx': 154563, 'vocab_size': 154564}",
    "C22": "{'source': '', 'type': 'categorical', 'padding_idx': 0, 'oov_idx': 17, 'vocab_size': 18}",
    "C23": "{'source': '', 'type': 'categorical', 'padding_idx': 0, 'oov_idx': 16, 'vocab_size': 17}",
    "C24": "{'source': '', 'type': 'categorical', 'padding_idx': 0, 'oov_idx': 53030, 'vocab_size': 53031}",
    "C25": "{'source': '', 'type': 'categorical', 'padding_idx': 0, 'oov_idx': 81, 'vocab_size': 82}",
    "C26": "{'source': '', 'type': 'categorical', 'padding_idx': 0, 'oov_idx': 40954, 'vocab_size': 40955}",
    "C3": "{'source': '', 'type': 'categorical', 'padding_idx': 0, 'oov_idx': 157338, 'vocab_size': 157339}",
    "C4": "{'source': '', 'type': 'categorical', 'padding_idx': 0, 'oov_idx': 117821, 'vocab_size': 117822}",
    "C5": "{'source': '', 'type': 'categorical', 'padding_idx': 0, 'oov_idx': 305, 'vocab_size': 306}",
    "C6": "{'source': '', 'type': 'categorical', 'padding_idx': 0, 'oov_idx': 17, 'vocab_size': 18}",
    "C7": "{'source': '', 'type': 'categorical', 'padding_idx': 0, 'oov_idx': 11881, 'vocab_size': 11882}",
    "C8": "{'source': '', 'type': 'categorical', 'padding_idx': 0, 'oov_idx': 629, 'vocab_size': 630}",
    "C9": "{'source': '', 'type': 'categorical', 'padding_idx': 0, 'oov_idx': 4, 'vocab_size': 5}",
    "I1": "{'source': '', 'type': 'categorical', 'padding_idx': 0, 'oov_idx': 43, 'vocab_size': 44}",
    "I10": "{'source': '', 'type': 'categorical', 'padding_idx': 0, 'oov_idx': 5, 'vocab_size': 6}",
    "I11": "{'source': '', 'type': 'categorical', 'padding_idx': 0, 'oov_idx': 26, 'vocab_size': 27}",
    "I12": "{'source': '', 'type': 'categorical', 'padding_idx': 0, 'oov_idx': 36, 'vocab_size': 37}",
    "I13": "{'source': '', 'type': 'categorical', 'padding_idx': 0, 'oov_idx': 71, 'vocab_size': 72}",
    "I2": "{'source': '', 'type': 'categorical', 'padding_idx': 0, 'oov_idx': 98, 'vocab_size': 99}",
    "I3": "{'source': '', 'type': 'categorical', 'padding_idx': 0, 'oov_idx': 121, 'vocab_size': 122}",
    "I4": "{'source': '', 'type': 'categorical', 'padding_idx': 0, 'oov_idx': 40, 'vocab_size': 41}",
    "I5": "{'source': '', 'type': 'categorical', 'padding_idx': 0, 'oov_idx': 219, 'vocab_size': 220}",
    "I6": "{'source': '', 'type': 'categorical', 'padding_idx': 0, 'oov_idx': 111, 'vocab_size': 112}",
    "I7": "{'source': '', 'type': 'categorical', 'padding_idx': 0, 'oov_idx': 79, 'vocab_size': 80}",
    "I8": "{'source': '', 'type': 'categorical', 'padding_idx': 0, 'oov_idx': 68, 'vocab_size': 69}",
    "I9": "{'source': '', 'type': 'categorical', 'padding_idx': 0, 'oov_idx': 91, 'vocab_size': 92}"
}
2024-10-23 01:58:57,304 P728269 INFO Total number of parameters: 18082577.
2024-10-23 01:58:57,304 P728269 INFO Loading data...
2024-10-23 01:58:57,304 P728269 INFO Loading data from h5: ../../../data/Criteo_x4_10_h5/train.h5
2024-10-23 01:59:13,531 P728269 INFO Train samples: total/36672493, blocks/1
2024-10-23 01:59:13,531 P728269 INFO Loading data from h5: ../../../data/Criteo_x4_10_h5/valid.h5
2024-10-23 01:59:15,585 P728269 INFO Validation samples: total/4584062, blocks/1
2024-10-23 01:59:15,585 P728269 INFO Loading train and validation data done.
2024-10-23 01:59:15,585 P728269 INFO Start training: 3668 batches/epoch
2024-10-23 01:59:15,585 P728269 INFO ************ Epoch=1 start ************
2024-10-23 02:01:30,833 P728269 INFO Train loss: 0.460630
2024-10-23 02:01:30,833 P728269 INFO Evaluation @epoch 1 - batch 3668: 
2024-10-23 02:01:44,776 P728269 INFO ===
2024-10-23 02:01:44,776 P728269 INFO [Metrics] AUC: 0.803797 - logloss: 0.447307
2024-10-23 02:01:44,783 P728269 INFO Save best model: monitor(max)=0.803797
2024-10-23 02:01:45,464 P728269 INFO ************ Epoch=1 end ************
2024-10-23 02:04:01,204 P728269 INFO Train loss: 0.453816
2024-10-23 02:04:01,204 P728269 INFO Evaluation @epoch 2 - batch 3668: 
2024-10-23 02:04:15,259 P728269 INFO ===
2024-10-23 02:04:15,260 P728269 INFO [Metrics] AUC: 0.806785 - logloss: 0.444520
2024-10-23 02:04:15,267 P728269 INFO Save best model: monitor(max)=0.806785
2024-10-23 02:04:15,941 P728269 INFO ************ Epoch=2 end ************
2024-10-23 02:06:31,963 P728269 INFO Train loss: 0.451877
2024-10-23 02:06:31,963 P728269 INFO Evaluation @epoch 3 - batch 3668: 
2024-10-23 02:06:45,772 P728269 INFO ===
2024-10-23 02:06:45,772 P728269 INFO [Metrics] AUC: 0.808692 - logloss: 0.442970
2024-10-23 02:06:45,782 P728269 INFO Save best model: monitor(max)=0.808692
2024-10-23 02:06:46,394 P728269 INFO ************ Epoch=3 end ************
2024-10-23 02:09:02,000 P728269 INFO Train loss: 0.450882
2024-10-23 02:09:02,000 P728269 INFO Evaluation @epoch 4 - batch 3668: 
2024-10-23 02:09:15,859 P728269 INFO ===
2024-10-23 02:09:15,859 P728269 INFO [Metrics] AUC: 0.809498 - logloss: 0.442123
2024-10-23 02:09:15,870 P728269 INFO Save best model: monitor(max)=0.809498
2024-10-23 02:09:16,515 P728269 INFO ************ Epoch=4 end ************
2024-10-23 02:11:31,775 P728269 INFO Train loss: 0.450314
2024-10-23 02:11:31,775 P728269 INFO Evaluation @epoch 5 - batch 3668: 
2024-10-23 02:11:45,621 P728269 INFO ===
2024-10-23 02:11:45,621 P728269 INFO [Metrics] AUC: 0.809936 - logloss: 0.441702
2024-10-23 02:11:45,632 P728269 INFO Save best model: monitor(max)=0.809936
2024-10-23 02:11:46,423 P728269 INFO ************ Epoch=5 end ************
2024-10-23 02:14:01,956 P728269 INFO Train loss: 0.449833
2024-10-23 02:14:01,957 P728269 INFO Evaluation @epoch 6 - batch 3668: 
2024-10-23 02:14:15,753 P728269 INFO ===
2024-10-23 02:14:15,753 P728269 INFO [Metrics] AUC: 0.810235 - logloss: 0.442398
2024-10-23 02:14:15,763 P728269 INFO Save best model: monitor(max)=0.810235
2024-10-23 02:14:16,459 P728269 INFO ************ Epoch=6 end ************
2024-10-23 02:16:32,590 P728269 INFO Train loss: 0.449534
2024-10-23 02:16:32,590 P728269 INFO Evaluation @epoch 7 - batch 3668: 
2024-10-23 02:16:46,615 P728269 INFO ===
2024-10-23 02:16:46,615 P728269 INFO [Metrics] AUC: 0.810285 - logloss: 0.441548
2024-10-23 02:16:46,625 P728269 INFO Save best model: monitor(max)=0.810285
2024-10-23 02:16:47,375 P728269 INFO ************ Epoch=7 end ************
2024-10-23 02:19:03,366 P728269 INFO Train loss: 0.449236
2024-10-23 02:19:03,366 P728269 INFO Evaluation @epoch 8 - batch 3668: 
2024-10-23 02:19:17,225 P728269 INFO ===
2024-10-23 02:19:17,225 P728269 INFO [Metrics] AUC: 0.810455 - logloss: 0.441307
2024-10-23 02:19:17,235 P728269 INFO Save best model: monitor(max)=0.810455
2024-10-23 02:19:17,950 P728269 INFO ************ Epoch=8 end ************
2024-10-23 02:21:33,888 P728269 INFO Train loss: 0.449023
2024-10-23 02:21:33,889 P728269 INFO Evaluation @epoch 9 - batch 3668: 
2024-10-23 02:21:47,935 P728269 INFO ===
2024-10-23 02:21:47,936 P728269 INFO [Metrics] AUC: 0.810503 - logloss: 0.441276
2024-10-23 02:21:47,945 P728269 INFO Save best model: monitor(max)=0.810503
2024-10-23 02:21:48,659 P728269 INFO ************ Epoch=9 end ************
2024-10-23 02:24:04,334 P728269 INFO Train loss: 0.448756
2024-10-23 02:24:04,335 P728269 INFO Evaluation @epoch 10 - batch 3668: 
2024-10-23 02:24:18,418 P728269 INFO ===
2024-10-23 02:24:18,418 P728269 INFO [Metrics] AUC: 0.810354 - logloss: 0.442261
2024-10-23 02:24:18,428 P728269 INFO Monitor(max)=0.810354 STOP!
2024-10-23 02:24:18,428 P728269 INFO Reduce learning rate on plateau: 0.000100
2024-10-23 02:24:19,024 P728269 INFO ************ Epoch=10 end ************
2024-10-23 02:26:34,973 P728269 INFO Train loss: 0.435673
2024-10-23 02:26:34,974 P728269 INFO Evaluation @epoch 11 - batch 3668: 
2024-10-23 02:26:48,868 P728269 INFO ===
2024-10-23 02:26:48,868 P728269 INFO [Metrics] AUC: 0.813336 - logloss: 0.438815
2024-10-23 02:26:48,878 P728269 INFO Save best model: monitor(max)=0.813336
2024-10-23 02:26:49,524 P728269 INFO ************ Epoch=11 end ************
2024-10-23 02:29:05,178 P728269 INFO Train loss: 0.430724
2024-10-23 02:29:05,179 P728269 INFO Evaluation @epoch 12 - batch 3668: 
2024-10-23 02:29:19,083 P728269 INFO ===
2024-10-23 02:29:19,084 P728269 INFO [Metrics] AUC: 0.813266 - logloss: 0.439245
2024-10-23 02:29:19,094 P728269 INFO Monitor(max)=0.813266 STOP!
2024-10-23 02:29:19,094 P728269 INFO Reduce learning rate on plateau: 0.000010
2024-10-23 02:29:19,844 P728269 INFO ************ Epoch=12 end ************
2024-10-23 02:31:35,350 P728269 INFO Train loss: 0.425897
2024-10-23 02:31:35,350 P728269 INFO Evaluation @epoch 13 - batch 3668: 
2024-10-23 02:31:49,150 P728269 INFO ===
2024-10-23 02:31:49,150 P728269 INFO [Metrics] AUC: 0.812513 - logloss: 0.440538
2024-10-23 02:31:49,160 P728269 INFO Monitor(max)=0.812513 STOP!
2024-10-23 02:31:49,160 P728269 INFO Reduce learning rate on plateau: 0.000001
2024-10-23 02:31:49,160 P728269 INFO ********* Epoch==13 early stop *********
2024-10-23 02:31:49,794 P728269 INFO Training finished.
2024-10-23 02:31:49,794 P728269 INFO Load best model: /root/autodl-tmp/model_zoo/QNN/QNN_torch/checkpoints/Criteo_x4_10_h5/QNN_wo_ac_Criteo_008_b37299c6.model
2024-10-23 02:31:49,853 P728269 INFO ****** Validation evaluation ******
2024-10-23 02:32:03,717 P728269 INFO ===
2024-10-23 02:32:03,718 P728269 INFO [Metrics] logloss: 0.438815 - AUC: 0.813336
2024-10-23 02:32:04,698 P728269 INFO ******** Test evaluation ********
2024-10-23 02:32:04,698 P728269 INFO Loading data...
2024-10-23 02:32:04,698 P728269 INFO Loading data from h5: ../../../data/Criteo_x4_10_h5/test.h5
2024-10-23 02:32:06,729 P728269 INFO Test samples: total/4584062, blocks/1
2024-10-23 02:32:06,729 P728269 INFO Loading test data done.
2024-10-23 02:32:17,817 P728269 INFO ===
2024-10-23 02:32:17,818 P728269 INFO [Metrics] logloss: 0.438447 - AUC: 0.813741
