2024-10-23 23:04:19,319 P207806 INFO Params: {
    "batch_norm": "False",
    "batch_size": "10000",
    "data_format": "h5",
    "data_root": "../../../data/",
    "dataset_id": "Criteo_x4_10_h5",
    "debug_mode": "False",
    "early_stop_patience": "2",
    "embedding_dim": "16",
    "embedding_regularizer": "1e-05",
    "epochs": "100",
    "eval_steps": "None",
    "feature_cols": "[{'active': True, 'dtype': 'float', 'fill_na': 0, 'na_value': 0, 'name': ['I1', 'I2', 'I3', 'I4', 'I5', 'I6', 'I7', 'I8', 'I9', 'I10', 'I11', 'I12', 'I13'], 'preprocess': 'convert_to_bucket', 'type': 'categorical'}, {'active': True, 'dtype': 'str', 'fill_na': '', 'na_value': '', 'name': ['C1', 'C2', 'C3', 'C4', 'C5', 'C6', 'C7', 'C8', 'C9', 'C10', 'C11', 'C12', 'C13', 'C14', 'C15', 'C16', 'C17', 'C18', 'C19', 'C20', 'C21', 'C22', 'C23', 'C24', 'C25', 'C26'], 'type': 'categorical'}]",
    "feature_config": "None",
    "feature_specs": "None",
    "gpu": "0",
    "group_id": "None",
    "hidden_activations": "ReLU",
    "label_col": "{'dtype': 'float', 'name': 'Label'}",
    "learning_rate": "0.001",
    "loss": "binary_crossentropy",
    "metrics": "['logloss', 'AUC']",
    "min_categr_count": "10",
    "model": "QNN",
    "model_id": "QNN_Criteo_005_1a377ce9",
    "model_root": "./checkpoints/",
    "monitor": "{'AUC': 1, 'logloss': 0}",
    "monitor_mode": "max",
    "net_dropout": "0.1",
    "net_regularizer": "0",
    "neuron_type": "T22",
    "num_cross_layers": "3",
    "num_workers": "8",
    "optimizer": "adam",
    "pickle_feature_encoder": "True",
    "save_best_only": "True",
    "seed": "2024",
    "shuffle": "True",
    "task": "binary_classification",
    "test_data": "../../../data/Criteo_x4_10_h5/test.h5",
    "train_data": "../../../data/Criteo_x4_10_h5/train.h5",
    "use_features": "None",
    "valid_data": "../../../data/Criteo_x4_10_h5/valid.h5",
    "verbose": "1"
}
2024-10-23 23:04:19,319 P207806 INFO Load feature_map from json: ../../../data/Criteo_x4_10_h5/feature_map.json
2024-10-23 23:04:19,319 P207806 INFO Set column index...
2024-10-23 23:04:19,319 P207806 INFO Feature specs: {
    "C1": "{'source': '', 'type': 'categorical', 'padding_idx': 0, 'oov_idx': 1445, 'vocab_size': 1446}",
    "C10": "{'source': '', 'type': 'categorical', 'padding_idx': 0, 'oov_idx': 39529, 'vocab_size': 39530}",
    "C11": "{'source': '', 'type': 'categorical', 'padding_idx': 0, 'oov_idx': 5130, 'vocab_size': 5131}",
    "C12": "{'source': '', 'type': 'categorical', 'padding_idx': 0, 'oov_idx': 156655, 'vocab_size': 156656}",
    "C13": "{'source': '', 'type': 'categorical', 'padding_idx': 0, 'oov_idx': 3175, 'vocab_size': 3176}",
    "C14": "{'source': '', 'type': 'categorical', 'padding_idx': 0, 'oov_idx': 27, 'vocab_size': 28}",
    "C15": "{'source': '', 'type': 'categorical', 'padding_idx': 0, 'oov_idx': 11042, 'vocab_size': 11043}",
    "C16": "{'source': '', 'type': 'categorical', 'padding_idx': 0, 'oov_idx': 148912, 'vocab_size': 148913}",
    "C17": "{'source': '', 'type': 'categorical', 'padding_idx': 0, 'oov_idx': 11, 'vocab_size': 12}",
    "C18": "{'source': '', 'type': 'categorical', 'padding_idx': 0, 'oov_idx': 4559, 'vocab_size': 4560}",
    "C19": "{'source': '', 'type': 'categorical', 'padding_idx': 0, 'oov_idx': 2002, 'vocab_size': 2003}",
    "C2": "{'source': '', 'type': 'categorical', 'padding_idx': 0, 'oov_idx': 553, 'vocab_size': 554}",
    "C20": "{'source': '', 'type': 'categorical', 'padding_idx': 0, 'oov_idx': 4, 'vocab_size': 5}",
    "C21": "{'source': '', 'type': 'categorical', 'padding_idx': 0, 'oov_idx': 154563, 'vocab_size': 154564}",
    "C22": "{'source': '', 'type': 'categorical', 'padding_idx': 0, 'oov_idx': 17, 'vocab_size': 18}",
    "C23": "{'source': '', 'type': 'categorical', 'padding_idx': 0, 'oov_idx': 16, 'vocab_size': 17}",
    "C24": "{'source': '', 'type': 'categorical', 'padding_idx': 0, 'oov_idx': 53030, 'vocab_size': 53031}",
    "C25": "{'source': '', 'type': 'categorical', 'padding_idx': 0, 'oov_idx': 81, 'vocab_size': 82}",
    "C26": "{'source': '', 'type': 'categorical', 'padding_idx': 0, 'oov_idx': 40954, 'vocab_size': 40955}",
    "C3": "{'source': '', 'type': 'categorical', 'padding_idx': 0, 'oov_idx': 157338, 'vocab_size': 157339}",
    "C4": "{'source': '', 'type': 'categorical', 'padding_idx': 0, 'oov_idx': 117821, 'vocab_size': 117822}",
    "C5": "{'source': '', 'type': 'categorical', 'padding_idx': 0, 'oov_idx': 305, 'vocab_size': 306}",
    "C6": "{'source': '', 'type': 'categorical', 'padding_idx': 0, 'oov_idx': 17, 'vocab_size': 18}",
    "C7": "{'source': '', 'type': 'categorical', 'padding_idx': 0, 'oov_idx': 11881, 'vocab_size': 11882}",
    "C8": "{'source': '', 'type': 'categorical', 'padding_idx': 0, 'oov_idx': 629, 'vocab_size': 630}",
    "C9": "{'source': '', 'type': 'categorical', 'padding_idx': 0, 'oov_idx': 4, 'vocab_size': 5}",
    "I1": "{'source': '', 'type': 'categorical', 'padding_idx': 0, 'oov_idx': 43, 'vocab_size': 44}",
    "I10": "{'source': '', 'type': 'categorical', 'padding_idx': 0, 'oov_idx': 5, 'vocab_size': 6}",
    "I11": "{'source': '', 'type': 'categorical', 'padding_idx': 0, 'oov_idx': 26, 'vocab_size': 27}",
    "I12": "{'source': '', 'type': 'categorical', 'padding_idx': 0, 'oov_idx': 36, 'vocab_size': 37}",
    "I13": "{'source': '', 'type': 'categorical', 'padding_idx': 0, 'oov_idx': 71, 'vocab_size': 72}",
    "I2": "{'source': '', 'type': 'categorical', 'padding_idx': 0, 'oov_idx': 98, 'vocab_size': 99}",
    "I3": "{'source': '', 'type': 'categorical', 'padding_idx': 0, 'oov_idx': 121, 'vocab_size': 122}",
    "I4": "{'source': '', 'type': 'categorical', 'padding_idx': 0, 'oov_idx': 40, 'vocab_size': 41}",
    "I5": "{'source': '', 'type': 'categorical', 'padding_idx': 0, 'oov_idx': 219, 'vocab_size': 220}",
    "I6": "{'source': '', 'type': 'categorical', 'padding_idx': 0, 'oov_idx': 111, 'vocab_size': 112}",
    "I7": "{'source': '', 'type': 'categorical', 'padding_idx': 0, 'oov_idx': 79, 'vocab_size': 80}",
    "I8": "{'source': '', 'type': 'categorical', 'padding_idx': 0, 'oov_idx': 68, 'vocab_size': 69}",
    "I9": "{'source': '', 'type': 'categorical', 'padding_idx': 0, 'oov_idx': 91, 'vocab_size': 92}"
}
2024-10-23 23:04:23,167 P207806 INFO Total number of parameters: 15744449.
2024-10-23 23:04:23,168 P207806 INFO Loading data...
2024-10-23 23:04:23,168 P207806 INFO Loading data from h5: ../../../data/Criteo_x4_10_h5/train.h5
2024-10-23 23:04:39,650 P207806 INFO Train samples: total/36672493, blocks/1
2024-10-23 23:04:39,650 P207806 INFO Loading data from h5: ../../../data/Criteo_x4_10_h5/valid.h5
2024-10-23 23:04:41,792 P207806 INFO Validation samples: total/4584062, blocks/1
2024-10-23 23:04:41,792 P207806 INFO Loading train and validation data done.
2024-10-23 23:04:41,792 P207806 INFO Start training: 3668 batches/epoch
2024-10-23 23:04:41,792 P207806 INFO ************ Epoch=1 start ************
2024-10-23 23:06:48,872 P207806 INFO Train loss: 0.463155
2024-10-23 23:06:48,872 P207806 INFO Evaluation @epoch 1 - batch 3668: 
2024-10-23 23:07:00,851 P207806 INFO ===
2024-10-23 23:07:00,851 P207806 INFO [Metrics] AUC: 0.803698 - logloss: 0.447268
2024-10-23 23:07:00,858 P207806 INFO Save best model: monitor(max)=0.803698
2024-10-23 23:07:01,479 P207806 INFO ************ Epoch=1 end ************
2024-10-23 23:09:10,061 P207806 INFO Train loss: 0.455146
2024-10-23 23:09:10,061 P207806 INFO Evaluation @epoch 2 - batch 3668: 
2024-10-23 23:09:21,775 P207806 INFO ===
2024-10-23 23:09:21,775 P207806 INFO [Metrics] AUC: 0.807040 - logloss: 0.444295
2024-10-23 23:09:21,785 P207806 INFO Save best model: monitor(max)=0.807040
2024-10-23 23:09:22,416 P207806 INFO ************ Epoch=2 end ************
2024-10-23 23:11:29,275 P207806 INFO Train loss: 0.453234
2024-10-23 23:11:29,275 P207806 INFO Evaluation @epoch 3 - batch 3668: 
2024-10-23 23:11:40,820 P207806 INFO ===
2024-10-23 23:11:40,820 P207806 INFO [Metrics] AUC: 0.808867 - logloss: 0.442632
2024-10-23 23:11:40,830 P207806 INFO Save best model: monitor(max)=0.808867
2024-10-23 23:11:41,472 P207806 INFO ************ Epoch=3 end ************
2024-10-23 23:13:47,880 P207806 INFO Train loss: 0.452083
2024-10-23 23:13:47,880 P207806 INFO Evaluation @epoch 4 - batch 3668: 
2024-10-23 23:13:59,820 P207806 INFO ===
2024-10-23 23:13:59,820 P207806 INFO [Metrics] AUC: 0.809803 - logloss: 0.441748
2024-10-23 23:13:59,829 P207806 INFO Save best model: monitor(max)=0.809803
2024-10-23 23:14:00,472 P207806 INFO ************ Epoch=4 end ************
2024-10-23 23:16:07,761 P207806 INFO Train loss: 0.451328
2024-10-23 23:16:07,761 P207806 INFO Evaluation @epoch 5 - batch 3668: 
2024-10-23 23:16:19,535 P207806 INFO ===
2024-10-23 23:16:19,535 P207806 INFO [Metrics] AUC: 0.810361 - logloss: 0.441249
2024-10-23 23:16:19,545 P207806 INFO Save best model: monitor(max)=0.810361
2024-10-23 23:16:20,132 P207806 INFO ************ Epoch=5 end ************
2024-10-23 23:18:27,194 P207806 INFO Train loss: 0.450759
2024-10-23 23:18:27,194 P207806 INFO Evaluation @epoch 6 - batch 3668: 
2024-10-23 23:18:39,097 P207806 INFO ===
2024-10-23 23:18:39,097 P207806 INFO [Metrics] AUC: 0.810753 - logloss: 0.440970
2024-10-23 23:18:39,107 P207806 INFO Save best model: monitor(max)=0.810753
2024-10-23 23:18:39,769 P207806 INFO ************ Epoch=6 end ************
2024-10-23 23:20:47,009 P207806 INFO Train loss: 0.450288
2024-10-23 23:20:47,009 P207806 INFO Evaluation @epoch 7 - batch 3668: 
2024-10-23 23:20:58,580 P207806 INFO ===
2024-10-23 23:20:58,580 P207806 INFO [Metrics] AUC: 0.811055 - logloss: 0.440588
2024-10-23 23:20:58,590 P207806 INFO Save best model: monitor(max)=0.811055
2024-10-23 23:20:59,206 P207806 INFO ************ Epoch=7 end ************
2024-10-23 23:23:05,541 P207806 INFO Train loss: 0.449929
2024-10-23 23:23:05,542 P207806 INFO Evaluation @epoch 8 - batch 3668: 
2024-10-23 23:23:17,243 P207806 INFO ===
2024-10-23 23:23:17,243 P207806 INFO [Metrics] AUC: 0.811209 - logloss: 0.440493
2024-10-23 23:23:17,253 P207806 INFO Save best model: monitor(max)=0.811209
2024-10-23 23:23:17,949 P207806 INFO ************ Epoch=8 end ************
2024-10-23 23:25:23,854 P207806 INFO Train loss: 0.449584
2024-10-23 23:25:23,855 P207806 INFO Evaluation @epoch 9 - batch 3668: 
2024-10-23 23:25:35,659 P207806 INFO ===
2024-10-23 23:25:35,659 P207806 INFO [Metrics] AUC: 0.811387 - logloss: 0.440271
2024-10-23 23:25:35,669 P207806 INFO Save best model: monitor(max)=0.811387
2024-10-23 23:25:36,272 P207806 INFO ************ Epoch=9 end ************
2024-10-23 23:27:42,284 P207806 INFO Train loss: 0.449291
2024-10-23 23:27:42,284 P207806 INFO Evaluation @epoch 10 - batch 3668: 
2024-10-23 23:27:54,264 P207806 INFO ===
2024-10-23 23:27:54,264 P207806 INFO [Metrics] AUC: 0.811552 - logloss: 0.440154
2024-10-23 23:27:54,274 P207806 INFO Save best model: monitor(max)=0.811552
2024-10-23 23:27:54,946 P207806 INFO ************ Epoch=10 end ************
2024-10-23 23:30:01,896 P207806 INFO Train loss: 0.449050
2024-10-23 23:30:01,896 P207806 INFO Evaluation @epoch 11 - batch 3668: 
2024-10-23 23:30:13,520 P207806 INFO ===
2024-10-23 23:30:13,520 P207806 INFO [Metrics] AUC: 0.811751 - logloss: 0.440005
2024-10-23 23:30:13,530 P207806 INFO Save best model: monitor(max)=0.811751
2024-10-23 23:30:14,154 P207806 INFO ************ Epoch=11 end ************
2024-10-23 23:32:20,815 P207806 INFO Train loss: 0.448821
2024-10-23 23:32:20,815 P207806 INFO Evaluation @epoch 12 - batch 3668: 
2024-10-23 23:32:32,455 P207806 INFO ===
2024-10-23 23:32:32,456 P207806 INFO [Metrics] AUC: 0.811789 - logloss: 0.440015
2024-10-23 23:32:32,466 P207806 INFO Save best model: monitor(max)=0.811789
2024-10-23 23:32:33,108 P207806 INFO ************ Epoch=12 end ************
2024-10-23 23:34:40,056 P207806 INFO Train loss: 0.448591
2024-10-23 23:34:40,057 P207806 INFO Evaluation @epoch 13 - batch 3668: 
2024-10-23 23:34:51,770 P207806 INFO ===
2024-10-23 23:34:51,771 P207806 INFO [Metrics] AUC: 0.811817 - logloss: 0.439867
2024-10-23 23:34:51,781 P207806 INFO Save best model: monitor(max)=0.811817
2024-10-23 23:34:52,404 P207806 INFO ************ Epoch=13 end ************
2024-10-23 23:36:59,237 P207806 INFO Train loss: 0.448404
2024-10-23 23:36:59,237 P207806 INFO Evaluation @epoch 14 - batch 3668: 
2024-10-23 23:37:11,089 P207806 INFO ===
2024-10-23 23:37:11,089 P207806 INFO [Metrics] AUC: 0.811796 - logloss: 0.439903
2024-10-23 23:37:11,099 P207806 INFO Monitor(max)=0.811796 STOP!
2024-10-23 23:37:11,100 P207806 INFO Reduce learning rate on plateau: 0.000100
2024-10-23 23:37:11,650 P207806 INFO ************ Epoch=14 end ************
2024-10-23 23:39:18,146 P207806 INFO Train loss: 0.439054
2024-10-23 23:39:18,146 P207806 INFO Evaluation @epoch 15 - batch 3668: 
2024-10-23 23:39:29,907 P207806 INFO ===
2024-10-23 23:39:29,908 P207806 INFO [Metrics] AUC: 0.814192 - logloss: 0.437693
2024-10-23 23:39:29,918 P207806 INFO Save best model: monitor(max)=0.814192
2024-10-23 23:39:30,532 P207806 INFO ************ Epoch=15 end ************
2024-10-23 23:41:37,560 P207806 INFO Train loss: 0.435376
2024-10-23 23:41:37,560 P207806 INFO Evaluation @epoch 16 - batch 3668: 
2024-10-23 23:41:49,331 P207806 INFO ===
2024-10-23 23:41:49,331 P207806 INFO [Metrics] AUC: 0.814584 - logloss: 0.437357
2024-10-23 23:41:49,342 P207806 INFO Save best model: monitor(max)=0.814584
2024-10-23 23:41:50,022 P207806 INFO ************ Epoch=16 end ************
2024-10-23 23:43:56,392 P207806 INFO Train loss: 0.433796
2024-10-23 23:43:56,392 P207806 INFO Evaluation @epoch 17 - batch 3668: 
2024-10-23 23:44:08,063 P207806 INFO ===
2024-10-23 23:44:08,063 P207806 INFO [Metrics] AUC: 0.814660 - logloss: 0.437316
2024-10-23 23:44:08,073 P207806 INFO Save best model: monitor(max)=0.814660
2024-10-23 23:44:08,770 P207806 INFO ************ Epoch=17 end ************
2024-10-23 23:46:15,404 P207806 INFO Train loss: 0.432694
2024-10-23 23:46:15,404 P207806 INFO Evaluation @epoch 18 - batch 3668: 
2024-10-23 23:46:26,939 P207806 INFO ===
2024-10-23 23:46:26,940 P207806 INFO [Metrics] AUC: 0.814614 - logloss: 0.437363
2024-10-23 23:46:26,950 P207806 INFO Monitor(max)=0.814614 STOP!
2024-10-23 23:46:26,950 P207806 INFO Reduce learning rate on plateau: 0.000010
2024-10-23 23:46:27,468 P207806 INFO ************ Epoch=18 end ************
2024-10-23 23:48:34,784 P207806 INFO Train loss: 0.429651
2024-10-23 23:48:34,784 P207806 INFO Evaluation @epoch 19 - batch 3668: 
2024-10-23 23:48:46,627 P207806 INFO ===
2024-10-23 23:48:46,628 P207806 INFO [Metrics] AUC: 0.814439 - logloss: 0.437657
2024-10-23 23:48:46,638 P207806 INFO Monitor(max)=0.814439 STOP!
2024-10-23 23:48:46,638 P207806 INFO Reduce learning rate on plateau: 0.000001
2024-10-23 23:48:46,638 P207806 INFO ********* Epoch==19 early stop *********
2024-10-23 23:48:47,256 P207806 INFO Training finished.
2024-10-23 23:48:47,256 P207806 INFO Load best model: /root/autodl-tmp/model_zoo/QNN/QNN_torch/checkpoints/Criteo_x4_10_h5/QNN_Criteo_005_1a377ce9.model
2024-10-23 23:48:47,289 P207806 INFO ****** Validation evaluation ******
2024-10-23 23:48:58,732 P207806 INFO ===
2024-10-23 23:48:58,732 P207806 INFO [Metrics] logloss: 0.437316 - AUC: 0.814660
2024-10-23 23:48:59,369 P207806 INFO ******** Test evaluation ********
2024-10-23 23:48:59,370 P207806 INFO Loading data...
2024-10-23 23:48:59,370 P207806 INFO Loading data from h5: ../../../data/Criteo_x4_10_h5/test.h5
2024-10-23 23:49:01,410 P207806 INFO Test samples: total/4584062, blocks/1
2024-10-23 23:49:01,410 P207806 INFO Loading test data done.
2024-10-23 23:49:12,083 P207806 INFO ===
2024-10-23 23:49:12,083 P207806 INFO [Metrics] logloss: 0.436935 - AUC: 0.815081
