2024-12-15 13:19:43,364 P2821064 INFO Params: {
    "batch_size": "10000",
    "data_format": "h5",
    "data_root": "../../../data/",
    "dataset_id": "Criteo_x4_10_h5",
    "debug_mode": "False",
    "early_stop_patience": "2",
    "embedding_dim": "16",
    "embedding_regularizer": "1e-05",
    "epochs": "100",
    "eval_steps": "None",
    "feature_cols": "[{'active': True, 'dtype': 'float', 'fill_na': 0, 'na_value': 0, 'name': ['I1', 'I2', 'I3', 'I4', 'I5', 'I6', 'I7', 'I8', 'I9', 'I10', 'I11', 'I12', 'I13'], 'preprocess': 'convert_to_bucket', 'type': 'categorical'}, {'active': True, 'dtype': 'str', 'fill_na': '', 'na_value': '', 'name': ['C1', 'C2', 'C3', 'C4', 'C5', 'C6', 'C7', 'C8', 'C9', 'C10', 'C11', 'C12', 'C13', 'C14', 'C15', 'C16', 'C17', 'C18', 'C19', 'C20', 'C21', 'C22', 'C23', 'C24', 'C25', 'C26'], 'type': 'categorical'}]",
    "feature_config": "None",
    "feature_specs": "None",
    "gpu": "3",
    "group_id": "None",
    "hidden_activations": "ReLU",
    "label_col": "{'dtype': 'float', 'name': 'Label'}",
    "learning_rate": "0.001",
    "loss": "binary_crossentropy",
    "metrics": "['logloss', 'AUC']",
    "min_categr_count": "10",
    "model": "QNN",
    "model_id": "QNN_Criteo_002_94702517",
    "model_root": "./checkpoints/",
    "monitor": "{'AUC': 1, 'logloss': 0}",
    "monitor_mode": "max",
    "net_dropout": "0.1",
    "net_regularizer": "0",
    "neuron_type": "T2",
    "num_cross_layers": "3",
    "num_workers": "8",
    "optimizer": "adam",
    "pickle_feature_encoder": "True",
    "save_best_only": "True",
    "seed": "2024",
    "shuffle": "True",
    "task": "binary_classification",
    "test_data": "../../../data/Criteo_x4_10_h5/test.h5",
    "train_data": "../../../data/Criteo_x4_10_h5/train.h5",
    "use_features": "None",
    "valid_data": "../../../data/Criteo_x4_10_h5/valid.h5",
    "verbose": "1"
}
2024-12-15 13:19:43,365 P2821064 INFO Load feature_map from json: ../../../data/Criteo_x4_10_h5/feature_map.json
2024-12-15 13:19:43,365 P2821064 INFO Set column index...
2024-12-15 13:19:43,365 P2821064 INFO Feature specs: {
    "C1": "{'source': '', 'type': 'categorical', 'padding_idx': 0, 'oov_idx': 1445, 'vocab_size': 1446}",
    "C10": "{'source': '', 'type': 'categorical', 'padding_idx': 0, 'oov_idx': 39529, 'vocab_size': 39530}",
    "C11": "{'source': '', 'type': 'categorical', 'padding_idx': 0, 'oov_idx': 5130, 'vocab_size': 5131}",
    "C12": "{'source': '', 'type': 'categorical', 'padding_idx': 0, 'oov_idx': 156655, 'vocab_size': 156656}",
    "C13": "{'source': '', 'type': 'categorical', 'padding_idx': 0, 'oov_idx': 3175, 'vocab_size': 3176}",
    "C14": "{'source': '', 'type': 'categorical', 'padding_idx': 0, 'oov_idx': 27, 'vocab_size': 28}",
    "C15": "{'source': '', 'type': 'categorical', 'padding_idx': 0, 'oov_idx': 11042, 'vocab_size': 11043}",
    "C16": "{'source': '', 'type': 'categorical', 'padding_idx': 0, 'oov_idx': 148912, 'vocab_size': 148913}",
    "C17": "{'source': '', 'type': 'categorical', 'padding_idx': 0, 'oov_idx': 11, 'vocab_size': 12}",
    "C18": "{'source': '', 'type': 'categorical', 'padding_idx': 0, 'oov_idx': 4559, 'vocab_size': 4560}",
    "C19": "{'source': '', 'type': 'categorical', 'padding_idx': 0, 'oov_idx': 2002, 'vocab_size': 2003}",
    "C2": "{'source': '', 'type': 'categorical', 'padding_idx': 0, 'oov_idx': 553, 'vocab_size': 554}",
    "C20": "{'source': '', 'type': 'categorical', 'padding_idx': 0, 'oov_idx': 4, 'vocab_size': 5}",
    "C21": "{'source': '', 'type': 'categorical', 'padding_idx': 0, 'oov_idx': 154563, 'vocab_size': 154564}",
    "C22": "{'source': '', 'type': 'categorical', 'padding_idx': 0, 'oov_idx': 17, 'vocab_size': 18}",
    "C23": "{'source': '', 'type': 'categorical', 'padding_idx': 0, 'oov_idx': 16, 'vocab_size': 17}",
    "C24": "{'source': '', 'type': 'categorical', 'padding_idx': 0, 'oov_idx': 53030, 'vocab_size': 53031}",
    "C25": "{'source': '', 'type': 'categorical', 'padding_idx': 0, 'oov_idx': 81, 'vocab_size': 82}",
    "C26": "{'source': '', 'type': 'categorical', 'padding_idx': 0, 'oov_idx': 40954, 'vocab_size': 40955}",
    "C3": "{'source': '', 'type': 'categorical', 'padding_idx': 0, 'oov_idx': 157338, 'vocab_size': 157339}",
    "C4": "{'source': '', 'type': 'categorical', 'padding_idx': 0, 'oov_idx': 117821, 'vocab_size': 117822}",
    "C5": "{'source': '', 'type': 'categorical', 'padding_idx': 0, 'oov_idx': 305, 'vocab_size': 306}",
    "C6": "{'source': '', 'type': 'categorical', 'padding_idx': 0, 'oov_idx': 17, 'vocab_size': 18}",
    "C7": "{'source': '', 'type': 'categorical', 'padding_idx': 0, 'oov_idx': 11881, 'vocab_size': 11882}",
    "C8": "{'source': '', 'type': 'categorical', 'padding_idx': 0, 'oov_idx': 629, 'vocab_size': 630}",
    "C9": "{'source': '', 'type': 'categorical', 'padding_idx': 0, 'oov_idx': 4, 'vocab_size': 5}",
    "I1": "{'source': '', 'type': 'categorical', 'padding_idx': 0, 'oov_idx': 43, 'vocab_size': 44}",
    "I10": "{'source': '', 'type': 'categorical', 'padding_idx': 0, 'oov_idx': 5, 'vocab_size': 6}",
    "I11": "{'source': '', 'type': 'categorical', 'padding_idx': 0, 'oov_idx': 26, 'vocab_size': 27}",
    "I12": "{'source': '', 'type': 'categorical', 'padding_idx': 0, 'oov_idx': 36, 'vocab_size': 37}",
    "I13": "{'source': '', 'type': 'categorical', 'padding_idx': 0, 'oov_idx': 71, 'vocab_size': 72}",
    "I2": "{'source': '', 'type': 'categorical', 'padding_idx': 0, 'oov_idx': 98, 'vocab_size': 99}",
    "I3": "{'source': '', 'type': 'categorical', 'padding_idx': 0, 'oov_idx': 121, 'vocab_size': 122}",
    "I4": "{'source': '', 'type': 'categorical', 'padding_idx': 0, 'oov_idx': 40, 'vocab_size': 41}",
    "I5": "{'source': '', 'type': 'categorical', 'padding_idx': 0, 'oov_idx': 219, 'vocab_size': 220}",
    "I6": "{'source': '', 'type': 'categorical', 'padding_idx': 0, 'oov_idx': 111, 'vocab_size': 112}",
    "I7": "{'source': '', 'type': 'categorical', 'padding_idx': 0, 'oov_idx': 79, 'vocab_size': 80}",
    "I8": "{'source': '', 'type': 'categorical', 'padding_idx': 0, 'oov_idx': 68, 'vocab_size': 69}",
    "I9": "{'source': '', 'type': 'categorical', 'padding_idx': 0, 'oov_idx': 91, 'vocab_size': 92}"
}
2024-12-15 13:19:46,666 P2821064 INFO Total number of parameters: 17634753.
2024-12-15 13:19:46,666 P2821064 INFO Loading data...
2024-12-15 13:19:46,667 P2821064 INFO Loading data from h5: ../../../data/Criteo_x4_10_h5/train.h5
2024-12-15 13:20:17,874 P2821064 INFO Train samples: total/36672493, blocks/1
2024-12-15 13:20:17,875 P2821064 INFO Loading data from h5: ../../../data/Criteo_x4_10_h5/valid.h5
2024-12-15 13:20:21,599 P2821064 INFO Validation samples: total/4584062, blocks/1
2024-12-15 13:20:21,599 P2821064 INFO Loading train and validation data done.
2024-12-15 13:20:21,600 P2821064 INFO Start training: 3668 batches/epoch
2024-12-15 13:20:21,600 P2821064 INFO ************ Epoch=1 start ************
2024-12-15 13:43:46,490 P2821064 INFO Train loss: 0.463441
2024-12-15 13:43:46,490 P2821064 INFO Evaluation @epoch 1 - batch 3668: 
2024-12-15 13:44:07,129 P2821064 INFO ===
2024-12-15 13:44:07,129 P2821064 INFO [Metrics] AUC: 0.804201 - logloss: 0.447485
2024-12-15 13:44:07,135 P2821064 INFO Save best model: monitor(max)=0.804201
2024-12-15 13:44:07,795 P2821064 INFO ************ Epoch=1 end ************
2024-12-15 14:07:53,869 P2821064 INFO Train loss: 0.455566
2024-12-15 14:07:53,870 P2821064 INFO Evaluation @epoch 2 - batch 3668: 
2024-12-15 14:08:11,159 P2821064 INFO ===
2024-12-15 14:08:11,159 P2821064 INFO [Metrics] AUC: 0.806621 - logloss: 0.446759
2024-12-15 14:08:11,162 P2821064 INFO Save best model: monitor(max)=0.806621
2024-12-15 14:08:11,833 P2821064 INFO ************ Epoch=2 end ************
2024-12-15 14:31:57,234 P2821064 INFO Train loss: 0.453540
2024-12-15 14:31:57,235 P2821064 INFO Evaluation @epoch 3 - batch 3668: 
2024-12-15 14:32:14,005 P2821064 INFO ===
2024-12-15 14:32:14,005 P2821064 INFO [Metrics] AUC: 0.807886 - logloss: 0.444460
2024-12-15 14:32:14,009 P2821064 INFO Save best model: monitor(max)=0.807886
2024-12-15 14:32:14,728 P2821064 INFO ************ Epoch=3 end ************
2024-12-15 14:56:03,455 P2821064 INFO Train loss: 0.452402
2024-12-15 14:56:03,455 P2821064 INFO Evaluation @epoch 4 - batch 3668: 
2024-12-15 14:56:21,821 P2821064 INFO ===
2024-12-15 14:56:21,821 P2821064 INFO [Metrics] AUC: 0.808491 - logloss: 0.444040
2024-12-15 14:56:21,825 P2821064 INFO Save best model: monitor(max)=0.808491
2024-12-15 14:56:22,480 P2821064 INFO ************ Epoch=4 end ************
2024-12-15 15:19:56,385 P2821064 INFO Train loss: 0.451685
2024-12-15 15:19:56,385 P2821064 INFO Evaluation @epoch 5 - batch 3668: 
2024-12-15 15:20:15,502 P2821064 INFO ===
2024-12-15 15:20:15,502 P2821064 INFO [Metrics] AUC: 0.808924 - logloss: 0.443825
2024-12-15 15:20:15,506 P2821064 INFO Save best model: monitor(max)=0.808924
2024-12-15 15:20:16,150 P2821064 INFO ************ Epoch=5 end ************
2024-12-15 15:43:55,242 P2821064 INFO Train loss: 0.451185
2024-12-15 15:43:55,242 P2821064 INFO Evaluation @epoch 6 - batch 3668: 
2024-12-15 15:44:14,402 P2821064 INFO ===
2024-12-15 15:44:14,403 P2821064 INFO [Metrics] AUC: 0.808750 - logloss: 0.445005
2024-12-15 15:44:14,407 P2821064 INFO Monitor(max)=0.808750 STOP!
2024-12-15 15:44:14,408 P2821064 INFO Reduce learning rate on plateau: 0.000100
2024-12-15 15:44:14,514 P2821064 INFO ************ Epoch=6 end ************
2024-12-15 16:07:54,331 P2821064 INFO Train loss: 0.440264
2024-12-15 16:07:54,331 P2821064 INFO Evaluation @epoch 7 - batch 3668: 
2024-12-15 16:08:11,531 P2821064 INFO ===
2024-12-15 16:08:11,531 P2821064 INFO [Metrics] AUC: 0.812441 - logloss: 0.440209
2024-12-15 16:08:11,535 P2821064 INFO Save best model: monitor(max)=0.812441
2024-12-15 16:08:12,181 P2821064 INFO ************ Epoch=7 end ************
2024-12-15 16:31:52,101 P2821064 INFO Train loss: 0.435851
2024-12-15 16:31:52,101 P2821064 INFO Evaluation @epoch 8 - batch 3668: 
2024-12-15 16:32:12,848 P2821064 INFO ===
2024-12-15 16:32:12,849 P2821064 INFO [Metrics] AUC: 0.812806 - logloss: 0.439597
2024-12-15 16:32:12,852 P2821064 INFO Save best model: monitor(max)=0.812806
2024-12-15 16:32:13,520 P2821064 INFO ************ Epoch=8 end ************
2024-12-15 16:55:38,488 P2821064 INFO Train loss: 0.433509
2024-12-15 16:55:38,488 P2821064 INFO Evaluation @epoch 9 - batch 3668: 
2024-12-15 16:55:56,301 P2821064 INFO ===
2024-12-15 16:55:56,302 P2821064 INFO [Metrics] AUC: 0.812678 - logloss: 0.439649
2024-12-15 16:55:56,305 P2821064 INFO Monitor(max)=0.812678 STOP!
2024-12-15 16:55:56,305 P2821064 INFO Reduce learning rate on plateau: 0.000010
2024-12-15 16:55:56,423 P2821064 INFO ************ Epoch=9 end ************
2024-12-15 17:19:18,945 P2821064 INFO Train loss: 0.429165
2024-12-15 17:19:18,946 P2821064 INFO Evaluation @epoch 10 - batch 3668: 
2024-12-15 17:19:38,370 P2821064 INFO ===
2024-12-15 17:19:38,370 P2821064 INFO [Metrics] AUC: 0.812156 - logloss: 0.439956
2024-12-15 17:19:38,374 P2821064 INFO Monitor(max)=0.812156 STOP!
2024-12-15 17:19:38,374 P2821064 INFO Reduce learning rate on plateau: 0.000001
2024-12-15 17:19:38,374 P2821064 INFO ********* Epoch==10 early stop *********
2024-12-15 17:19:38,496 P2821064 INFO Training finished.
2024-12-15 17:19:38,496 P2821064 INFO Load best model: /mnt/public/lhh/code/model_zoo/QNN/QNN_torch/checkpoints/Criteo_x4_10_h5/QNN_Criteo_002_94702517.model
2024-12-15 17:19:38,544 P2821064 INFO ****** Validation evaluation ******
2024-12-15 17:19:56,037 P2821064 INFO ===
2024-12-15 17:19:56,037 P2821064 INFO [Metrics] logloss: 0.439597 - AUC: 0.812806
2024-12-15 17:19:56,115 P2821064 INFO ******** Test evaluation ********
2024-12-15 17:19:56,115 P2821064 INFO Loading data...
2024-12-15 17:19:56,116 P2821064 INFO Loading data from h5: ../../../data/Criteo_x4_10_h5/test.h5
2024-12-15 17:19:59,209 P2821064 INFO Test samples: total/4584062, blocks/1
2024-12-15 17:19:59,209 P2821064 INFO Loading test data done.
2024-12-15 17:20:18,780 P2821064 INFO ===
2024-12-15 17:20:18,780 P2821064 INFO [Metrics] logloss: 0.439190 - AUC: 0.813276
