2024-10-23 17:00:37,696 P588222 INFO Params: {
    "batch_norm": "False",
    "batch_size": "10000",
    "data_format": "h5",
    "data_root": "../../../data/",
    "dataset_id": "Criteo_x4_10_h5",
    "debug_mode": "False",
    "early_stop_patience": "2",
    "embedding_dim": "16",
    "embedding_regularizer": "1e-05",
    "epochs": "100",
    "eval_steps": "None",
    "feature_cols": "[{'active': True, 'dtype': 'float', 'fill_na': 0, 'na_value': 0, 'name': ['I1', 'I2', 'I3', 'I4', 'I5', 'I6', 'I7', 'I8', 'I9', 'I10', 'I11', 'I12', 'I13'], 'preprocess': 'convert_to_bucket', 'type': 'categorical'}, {'active': True, 'dtype': 'str', 'fill_na': '', 'na_value': '', 'name': ['C1', 'C2', 'C3', 'C4', 'C5', 'C6', 'C7', 'C8', 'C9', 'C10', 'C11', 'C12', 'C13', 'C14', 'C15', 'C16', 'C17', 'C18', 'C19', 'C20', 'C21', 'C22', 'C23', 'C24', 'C25', 'C26'], 'type': 'categorical'}]",
    "feature_config": "None",
    "feature_specs": "None",
    "gpu": "1",
    "group_id": "None",
    "hidden_activations": "None",
    "label_col": "{'dtype': 'float', 'name': 'Label'}",
    "learning_rate": "0.001",
    "loss": "binary_crossentropy",
    "metrics": "['logloss', 'AUC']",
    "min_categr_count": "10",
    "model": "QNN",
    "model_id": "QNN_Criteo_012_a6d3d724",
    "model_root": "./checkpoints/",
    "monitor": "{'AUC': 1, 'logloss': 0}",
    "monitor_mode": "max",
    "net_dropout": "0.1",
    "net_regularizer": "0",
    "neuron_type": "T15",
    "num_cross_layers": "3",
    "num_workers": "8",
    "optimizer": "adam",
    "pickle_feature_encoder": "True",
    "save_best_only": "True",
    "seed": "2024",
    "shuffle": "True",
    "task": "binary_classification",
    "test_data": "../../../data/Criteo_x4_10_h5/test.h5",
    "train_data": "../../../data/Criteo_x4_10_h5/train.h5",
    "use_features": "None",
    "valid_data": "../../../data/Criteo_x4_10_h5/valid.h5",
    "verbose": "1"
}
2024-10-23 17:00:37,697 P588222 INFO Load feature_map from json: ../../../data/Criteo_x4_10_h5/feature_map.json
2024-10-23 17:00:37,697 P588222 INFO Set column index...
2024-10-23 17:00:37,697 P588222 INFO Feature specs: {
    "C1": "{'source': '', 'type': 'categorical', 'padding_idx': 0, 'oov_idx': 1445, 'vocab_size': 1446}",
    "C10": "{'source': '', 'type': 'categorical', 'padding_idx': 0, 'oov_idx': 39529, 'vocab_size': 39530}",
    "C11": "{'source': '', 'type': 'categorical', 'padding_idx': 0, 'oov_idx': 5130, 'vocab_size': 5131}",
    "C12": "{'source': '', 'type': 'categorical', 'padding_idx': 0, 'oov_idx': 156655, 'vocab_size': 156656}",
    "C13": "{'source': '', 'type': 'categorical', 'padding_idx': 0, 'oov_idx': 3175, 'vocab_size': 3176}",
    "C14": "{'source': '', 'type': 'categorical', 'padding_idx': 0, 'oov_idx': 27, 'vocab_size': 28}",
    "C15": "{'source': '', 'type': 'categorical', 'padding_idx': 0, 'oov_idx': 11042, 'vocab_size': 11043}",
    "C16": "{'source': '', 'type': 'categorical', 'padding_idx': 0, 'oov_idx': 148912, 'vocab_size': 148913}",
    "C17": "{'source': '', 'type': 'categorical', 'padding_idx': 0, 'oov_idx': 11, 'vocab_size': 12}",
    "C18": "{'source': '', 'type': 'categorical', 'padding_idx': 0, 'oov_idx': 4559, 'vocab_size': 4560}",
    "C19": "{'source': '', 'type': 'categorical', 'padding_idx': 0, 'oov_idx': 2002, 'vocab_size': 2003}",
    "C2": "{'source': '', 'type': 'categorical', 'padding_idx': 0, 'oov_idx': 553, 'vocab_size': 554}",
    "C20": "{'source': '', 'type': 'categorical', 'padding_idx': 0, 'oov_idx': 4, 'vocab_size': 5}",
    "C21": "{'source': '', 'type': 'categorical', 'padding_idx': 0, 'oov_idx': 154563, 'vocab_size': 154564}",
    "C22": "{'source': '', 'type': 'categorical', 'padding_idx': 0, 'oov_idx': 17, 'vocab_size': 18}",
    "C23": "{'source': '', 'type': 'categorical', 'padding_idx': 0, 'oov_idx': 16, 'vocab_size': 17}",
    "C24": "{'source': '', 'type': 'categorical', 'padding_idx': 0, 'oov_idx': 53030, 'vocab_size': 53031}",
    "C25": "{'source': '', 'type': 'categorical', 'padding_idx': 0, 'oov_idx': 81, 'vocab_size': 82}",
    "C26": "{'source': '', 'type': 'categorical', 'padding_idx': 0, 'oov_idx': 40954, 'vocab_size': 40955}",
    "C3": "{'source': '', 'type': 'categorical', 'padding_idx': 0, 'oov_idx': 157338, 'vocab_size': 157339}",
    "C4": "{'source': '', 'type': 'categorical', 'padding_idx': 0, 'oov_idx': 117821, 'vocab_size': 117822}",
    "C5": "{'source': '', 'type': 'categorical', 'padding_idx': 0, 'oov_idx': 305, 'vocab_size': 306}",
    "C6": "{'source': '', 'type': 'categorical', 'padding_idx': 0, 'oov_idx': 17, 'vocab_size': 18}",
    "C7": "{'source': '', 'type': 'categorical', 'padding_idx': 0, 'oov_idx': 11881, 'vocab_size': 11882}",
    "C8": "{'source': '', 'type': 'categorical', 'padding_idx': 0, 'oov_idx': 629, 'vocab_size': 630}",
    "C9": "{'source': '', 'type': 'categorical', 'padding_idx': 0, 'oov_idx': 4, 'vocab_size': 5}",
    "I1": "{'source': '', 'type': 'categorical', 'padding_idx': 0, 'oov_idx': 43, 'vocab_size': 44}",
    "I10": "{'source': '', 'type': 'categorical', 'padding_idx': 0, 'oov_idx': 5, 'vocab_size': 6}",
    "I11": "{'source': '', 'type': 'categorical', 'padding_idx': 0, 'oov_idx': 26, 'vocab_size': 27}",
    "I12": "{'source': '', 'type': 'categorical', 'padding_idx': 0, 'oov_idx': 36, 'vocab_size': 37}",
    "I13": "{'source': '', 'type': 'categorical', 'padding_idx': 0, 'oov_idx': 71, 'vocab_size': 72}",
    "I2": "{'source': '', 'type': 'categorical', 'padding_idx': 0, 'oov_idx': 98, 'vocab_size': 99}",
    "I3": "{'source': '', 'type': 'categorical', 'padding_idx': 0, 'oov_idx': 121, 'vocab_size': 122}",
    "I4": "{'source': '', 'type': 'categorical', 'padding_idx': 0, 'oov_idx': 40, 'vocab_size': 41}",
    "I5": "{'source': '', 'type': 'categorical', 'padding_idx': 0, 'oov_idx': 219, 'vocab_size': 220}",
    "I6": "{'source': '', 'type': 'categorical', 'padding_idx': 0, 'oov_idx': 111, 'vocab_size': 112}",
    "I7": "{'source': '', 'type': 'categorical', 'padding_idx': 0, 'oov_idx': 79, 'vocab_size': 80}",
    "I8": "{'source': '', 'type': 'categorical', 'padding_idx': 0, 'oov_idx': 68, 'vocab_size': 69}",
    "I9": "{'source': '', 'type': 'categorical', 'padding_idx': 0, 'oov_idx': 91, 'vocab_size': 92}"
}
2024-10-23 17:00:41,439 P588222 INFO Total number of parameters: 15157577.
2024-10-23 17:00:41,439 P588222 INFO Loading data...
2024-10-23 17:00:41,439 P588222 INFO Loading data from h5: ../../../data/Criteo_x4_10_h5/train.h5
2024-10-23 17:00:56,927 P588222 INFO Train samples: total/36672493, blocks/1
2024-10-23 17:00:56,927 P588222 INFO Loading data from h5: ../../../data/Criteo_x4_10_h5/valid.h5
2024-10-23 17:00:58,896 P588222 INFO Validation samples: total/4584062, blocks/1
2024-10-23 17:00:58,896 P588222 INFO Loading train and validation data done.
2024-10-23 17:00:58,896 P588222 INFO Start training: 3668 batches/epoch
2024-10-23 17:00:58,896 P588222 INFO ************ Epoch=1 start ************
2024-10-23 17:02:56,689 P588222 INFO Train loss: 0.461120
2024-10-23 17:02:56,689 P588222 INFO Evaluation @epoch 1 - batch 3668: 
2024-10-23 17:03:07,115 P588222 INFO ===
2024-10-23 17:03:07,116 P588222 INFO [Metrics] AUC: 0.804557 - logloss: 0.447063
2024-10-23 17:03:07,122 P588222 INFO Save best model: monitor(max)=0.804557
2024-10-23 17:03:07,736 P588222 INFO ************ Epoch=1 end ************
2024-10-23 17:05:05,895 P588222 INFO Train loss: 0.454843
2024-10-23 17:05:05,895 P588222 INFO Evaluation @epoch 2 - batch 3668: 
2024-10-23 17:05:16,351 P588222 INFO ===
2024-10-23 17:05:16,352 P588222 INFO [Metrics] AUC: 0.806988 - logloss: 0.444577
2024-10-23 17:05:16,362 P588222 INFO Save best model: monitor(max)=0.806988
2024-10-23 17:05:17,006 P588222 INFO ************ Epoch=2 end ************
2024-10-23 17:07:16,112 P588222 INFO Train loss: 0.453191
2024-10-23 17:07:16,112 P588222 INFO Evaluation @epoch 3 - batch 3668: 
2024-10-23 17:07:26,419 P588222 INFO ===
2024-10-23 17:07:26,419 P588222 INFO [Metrics] AUC: 0.808313 - logloss: 0.443147
2024-10-23 17:07:26,429 P588222 INFO Save best model: monitor(max)=0.808313
2024-10-23 17:07:27,003 P588222 INFO ************ Epoch=3 end ************
2024-10-23 17:09:25,192 P588222 INFO Train loss: 0.452268
2024-10-23 17:09:25,192 P588222 INFO Evaluation @epoch 4 - batch 3668: 
2024-10-23 17:09:35,876 P588222 INFO ===
2024-10-23 17:09:35,876 P588222 INFO [Metrics] AUC: 0.808852 - logloss: 0.442767
2024-10-23 17:09:35,886 P588222 INFO Save best model: monitor(max)=0.808852
2024-10-23 17:09:36,533 P588222 INFO ************ Epoch=4 end ************
2024-10-23 17:11:34,630 P588222 INFO Train loss: 0.451630
2024-10-23 17:11:34,630 P588222 INFO Evaluation @epoch 5 - batch 3668: 
2024-10-23 17:11:45,175 P588222 INFO ===
2024-10-23 17:11:45,175 P588222 INFO [Metrics] AUC: 0.809341 - logloss: 0.442508
2024-10-23 17:11:45,185 P588222 INFO Save best model: monitor(max)=0.809341
2024-10-23 17:11:45,687 P588222 INFO ************ Epoch=5 end ************
2024-10-23 17:13:44,175 P588222 INFO Train loss: 0.451264
2024-10-23 17:13:44,175 P588222 INFO Evaluation @epoch 6 - batch 3668: 
2024-10-23 17:13:54,916 P588222 INFO ===
2024-10-23 17:13:54,916 P588222 INFO [Metrics] AUC: 0.809379 - logloss: 0.442619
2024-10-23 17:13:54,926 P588222 INFO Save best model: monitor(max)=0.809379
2024-10-23 17:13:55,521 P588222 INFO ************ Epoch=6 end ************
2024-10-23 17:15:54,779 P588222 INFO Train loss: 0.450973
2024-10-23 17:15:54,779 P588222 INFO Evaluation @epoch 7 - batch 3668: 
2024-10-23 17:16:04,858 P588222 INFO ===
2024-10-23 17:16:04,858 P588222 INFO [Metrics] AUC: 0.809831 - logloss: 0.441964
2024-10-23 17:16:04,868 P588222 INFO Save best model: monitor(max)=0.809831
2024-10-23 17:16:05,464 P588222 INFO ************ Epoch=7 end ************
2024-10-23 17:18:03,572 P588222 INFO Train loss: 0.450703
2024-10-23 17:18:03,572 P588222 INFO Evaluation @epoch 8 - batch 3668: 
2024-10-23 17:18:13,858 P588222 INFO ===
2024-10-23 17:18:13,858 P588222 INFO [Metrics] AUC: 0.810141 - logloss: 0.441556
2024-10-23 17:18:13,869 P588222 INFO Save best model: monitor(max)=0.810141
2024-10-23 17:18:14,426 P588222 INFO ************ Epoch=8 end ************
2024-10-23 17:20:12,387 P588222 INFO Train loss: 0.450515
2024-10-23 17:20:12,388 P588222 INFO Evaluation @epoch 9 - batch 3668: 
2024-10-23 17:20:22,740 P588222 INFO ===
2024-10-23 17:20:22,740 P588222 INFO [Metrics] AUC: 0.810136 - logloss: 0.441599
2024-10-23 17:20:22,750 P588222 INFO Monitor(max)=0.810136 STOP!
2024-10-23 17:20:22,750 P588222 INFO Reduce learning rate on plateau: 0.000100
2024-10-23 17:20:23,278 P588222 INFO ************ Epoch=9 end ************
2024-10-23 17:22:20,924 P588222 INFO Train loss: 0.439927
2024-10-23 17:22:20,924 P588222 INFO Evaluation @epoch 10 - batch 3668: 
2024-10-23 17:22:31,258 P588222 INFO ===
2024-10-23 17:22:31,259 P588222 INFO [Metrics] AUC: 0.813641 - logloss: 0.438367
2024-10-23 17:22:31,268 P588222 INFO Save best model: monitor(max)=0.813641
2024-10-23 17:22:31,873 P588222 INFO ************ Epoch=10 end ************
2024-10-23 17:24:30,222 P588222 INFO Train loss: 0.435974
2024-10-23 17:24:30,222 P588222 INFO Evaluation @epoch 11 - batch 3668: 
2024-10-23 17:24:40,370 P588222 INFO ===
2024-10-23 17:24:40,371 P588222 INFO [Metrics] AUC: 0.813973 - logloss: 0.438129
2024-10-23 17:24:40,381 P588222 INFO Save best model: monitor(max)=0.813973
2024-10-23 17:24:40,968 P588222 INFO ************ Epoch=11 end ************
2024-10-23 17:26:39,424 P588222 INFO Train loss: 0.433927
2024-10-23 17:26:39,424 P588222 INFO Evaluation @epoch 12 - batch 3668: 
2024-10-23 17:26:49,639 P588222 INFO ===
2024-10-23 17:26:49,640 P588222 INFO [Metrics] AUC: 0.813854 - logloss: 0.438294
2024-10-23 17:26:49,650 P588222 INFO Monitor(max)=0.813854 STOP!
2024-10-23 17:26:49,650 P588222 INFO Reduce learning rate on plateau: 0.000010
2024-10-23 17:26:50,211 P588222 INFO ************ Epoch=12 end ************
2024-10-23 17:28:48,606 P588222 INFO Train loss: 0.429669
2024-10-23 17:28:48,606 P588222 INFO Evaluation @epoch 13 - batch 3668: 
2024-10-23 17:28:58,930 P588222 INFO ===
2024-10-23 17:28:58,930 P588222 INFO [Metrics] AUC: 0.813296 - logloss: 0.439037
2024-10-23 17:28:58,940 P588222 INFO Monitor(max)=0.813296 STOP!
2024-10-23 17:28:58,940 P588222 INFO Reduce learning rate on plateau: 0.000001
2024-10-23 17:28:58,940 P588222 INFO ********* Epoch==13 early stop *********
2024-10-23 17:28:59,444 P588222 INFO Training finished.
2024-10-23 17:28:59,444 P588222 INFO Load best model: /root/autodl-tmp/model_zoo/QNN/QNN_torch/checkpoints/Criteo_x4_10_h5/QNN_Criteo_012_a6d3d724.model
2024-10-23 17:28:59,477 P588222 INFO ****** Validation evaluation ******
2024-10-23 17:29:09,657 P588222 INFO ===
2024-10-23 17:29:09,657 P588222 INFO [Metrics] logloss: 0.438129 - AUC: 0.813973
2024-10-23 17:29:10,152 P588222 INFO ******** Test evaluation ********
2024-10-23 17:29:10,152 P588222 INFO Loading data...
2024-10-23 17:29:10,152 P588222 INFO Loading data from h5: ../../../data/Criteo_x4_10_h5/test.h5
2024-10-23 17:29:12,155 P588222 INFO Test samples: total/4584062, blocks/1
2024-10-23 17:29:12,155 P588222 INFO Loading test data done.
2024-10-23 17:29:22,152 P588222 INFO ===
2024-10-23 17:29:22,152 P588222 INFO [Metrics] logloss: 0.437767 - AUC: 0.814375
