2024-10-23 16:16:53,336 P462204 INFO Params: {
    "batch_norm": "False",
    "batch_size": "10000",
    "data_format": "h5",
    "data_root": "../../../data/",
    "dataset_id": "Criteo_x4_10_h5",
    "debug_mode": "False",
    "early_stop_patience": "2",
    "embedding_dim": "16",
    "embedding_regularizer": "1e-05",
    "epochs": "100",
    "eval_steps": "None",
    "feature_cols": "[{'active': True, 'dtype': 'float', 'fill_na': 0, 'na_value': 0, 'name': ['I1', 'I2', 'I3', 'I4', 'I5', 'I6', 'I7', 'I8', 'I9', 'I10', 'I11', 'I12', 'I13'], 'preprocess': 'convert_to_bucket', 'type': 'categorical'}, {'active': True, 'dtype': 'str', 'fill_na': '', 'na_value': '', 'name': ['C1', 'C2', 'C3', 'C4', 'C5', 'C6', 'C7', 'C8', 'C9', 'C10', 'C11', 'C12', 'C13', 'C14', 'C15', 'C16', 'C17', 'C18', 'C19', 'C20', 'C21', 'C22', 'C23', 'C24', 'C25', 'C26'], 'type': 'categorical'}]",
    "feature_config": "None",
    "feature_specs": "None",
    "gpu": "0",
    "group_id": "None",
    "hidden_activations": "None",
    "label_col": "{'dtype': 'float', 'name': 'Label'}",
    "learning_rate": "0.001",
    "loss": "binary_crossentropy",
    "metrics": "['logloss', 'AUC']",
    "min_categr_count": "10",
    "model": "QNN",
    "model_id": "QNN_Criteo_009_1c9260c5",
    "model_root": "./checkpoints/",
    "monitor": "{'AUC': 1, 'logloss': 0}",
    "monitor_mode": "max",
    "net_dropout": "0.1",
    "net_regularizer": "0",
    "neuron_type": "T12",
    "num_cross_layers": "3",
    "num_workers": "8",
    "optimizer": "adam",
    "pickle_feature_encoder": "True",
    "save_best_only": "True",
    "seed": "2024",
    "shuffle": "True",
    "task": "binary_classification",
    "test_data": "../../../data/Criteo_x4_10_h5/test.h5",
    "train_data": "../../../data/Criteo_x4_10_h5/train.h5",
    "use_features": "None",
    "valid_data": "../../../data/Criteo_x4_10_h5/valid.h5",
    "verbose": "1"
}
2024-10-23 16:16:53,336 P462204 INFO Load feature_map from json: ../../../data/Criteo_x4_10_h5/feature_map.json
2024-10-23 16:16:53,337 P462204 INFO Set column index...
2024-10-23 16:16:53,337 P462204 INFO Feature specs: {
    "C1": "{'source': '', 'type': 'categorical', 'padding_idx': 0, 'oov_idx': 1445, 'vocab_size': 1446}",
    "C10": "{'source': '', 'type': 'categorical', 'padding_idx': 0, 'oov_idx': 39529, 'vocab_size': 39530}",
    "C11": "{'source': '', 'type': 'categorical', 'padding_idx': 0, 'oov_idx': 5130, 'vocab_size': 5131}",
    "C12": "{'source': '', 'type': 'categorical', 'padding_idx': 0, 'oov_idx': 156655, 'vocab_size': 156656}",
    "C13": "{'source': '', 'type': 'categorical', 'padding_idx': 0, 'oov_idx': 3175, 'vocab_size': 3176}",
    "C14": "{'source': '', 'type': 'categorical', 'padding_idx': 0, 'oov_idx': 27, 'vocab_size': 28}",
    "C15": "{'source': '', 'type': 'categorical', 'padding_idx': 0, 'oov_idx': 11042, 'vocab_size': 11043}",
    "C16": "{'source': '', 'type': 'categorical', 'padding_idx': 0, 'oov_idx': 148912, 'vocab_size': 148913}",
    "C17": "{'source': '', 'type': 'categorical', 'padding_idx': 0, 'oov_idx': 11, 'vocab_size': 12}",
    "C18": "{'source': '', 'type': 'categorical', 'padding_idx': 0, 'oov_idx': 4559, 'vocab_size': 4560}",
    "C19": "{'source': '', 'type': 'categorical', 'padding_idx': 0, 'oov_idx': 2002, 'vocab_size': 2003}",
    "C2": "{'source': '', 'type': 'categorical', 'padding_idx': 0, 'oov_idx': 553, 'vocab_size': 554}",
    "C20": "{'source': '', 'type': 'categorical', 'padding_idx': 0, 'oov_idx': 4, 'vocab_size': 5}",
    "C21": "{'source': '', 'type': 'categorical', 'padding_idx': 0, 'oov_idx': 154563, 'vocab_size': 154564}",
    "C22": "{'source': '', 'type': 'categorical', 'padding_idx': 0, 'oov_idx': 17, 'vocab_size': 18}",
    "C23": "{'source': '', 'type': 'categorical', 'padding_idx': 0, 'oov_idx': 16, 'vocab_size': 17}",
    "C24": "{'source': '', 'type': 'categorical', 'padding_idx': 0, 'oov_idx': 53030, 'vocab_size': 53031}",
    "C25": "{'source': '', 'type': 'categorical', 'padding_idx': 0, 'oov_idx': 81, 'vocab_size': 82}",
    "C26": "{'source': '', 'type': 'categorical', 'padding_idx': 0, 'oov_idx': 40954, 'vocab_size': 40955}",
    "C3": "{'source': '', 'type': 'categorical', 'padding_idx': 0, 'oov_idx': 157338, 'vocab_size': 157339}",
    "C4": "{'source': '', 'type': 'categorical', 'padding_idx': 0, 'oov_idx': 117821, 'vocab_size': 117822}",
    "C5": "{'source': '', 'type': 'categorical', 'padding_idx': 0, 'oov_idx': 305, 'vocab_size': 306}",
    "C6": "{'source': '', 'type': 'categorical', 'padding_idx': 0, 'oov_idx': 17, 'vocab_size': 18}",
    "C7": "{'source': '', 'type': 'categorical', 'padding_idx': 0, 'oov_idx': 11881, 'vocab_size': 11882}",
    "C8": "{'source': '', 'type': 'categorical', 'padding_idx': 0, 'oov_idx': 629, 'vocab_size': 630}",
    "C9": "{'source': '', 'type': 'categorical', 'padding_idx': 0, 'oov_idx': 4, 'vocab_size': 5}",
    "I1": "{'source': '', 'type': 'categorical', 'padding_idx': 0, 'oov_idx': 43, 'vocab_size': 44}",
    "I10": "{'source': '', 'type': 'categorical', 'padding_idx': 0, 'oov_idx': 5, 'vocab_size': 6}",
    "I11": "{'source': '', 'type': 'categorical', 'padding_idx': 0, 'oov_idx': 26, 'vocab_size': 27}",
    "I12": "{'source': '', 'type': 'categorical', 'padding_idx': 0, 'oov_idx': 36, 'vocab_size': 37}",
    "I13": "{'source': '', 'type': 'categorical', 'padding_idx': 0, 'oov_idx': 71, 'vocab_size': 72}",
    "I2": "{'source': '', 'type': 'categorical', 'padding_idx': 0, 'oov_idx': 98, 'vocab_size': 99}",
    "I3": "{'source': '', 'type': 'categorical', 'padding_idx': 0, 'oov_idx': 121, 'vocab_size': 122}",
    "I4": "{'source': '', 'type': 'categorical', 'padding_idx': 0, 'oov_idx': 40, 'vocab_size': 41}",
    "I5": "{'source': '', 'type': 'categorical', 'padding_idx': 0, 'oov_idx': 219, 'vocab_size': 220}",
    "I6": "{'source': '', 'type': 'categorical', 'padding_idx': 0, 'oov_idx': 111, 'vocab_size': 112}",
    "I7": "{'source': '', 'type': 'categorical', 'padding_idx': 0, 'oov_idx': 79, 'vocab_size': 80}",
    "I8": "{'source': '', 'type': 'categorical', 'padding_idx': 0, 'oov_idx': 68, 'vocab_size': 69}",
    "I9": "{'source': '', 'type': 'categorical', 'padding_idx': 0, 'oov_idx': 91, 'vocab_size': 92}"
}
2024-10-23 16:16:57,043 P462204 INFO Total number of parameters: 16327577.
2024-10-23 16:16:57,043 P462204 INFO Loading data...
2024-10-23 16:16:57,043 P462204 INFO Loading data from h5: ../../../data/Criteo_x4_10_h5/train.h5
2024-10-23 16:17:11,712 P462204 INFO Train samples: total/36672493, blocks/1
2024-10-23 16:17:11,712 P462204 INFO Loading data from h5: ../../../data/Criteo_x4_10_h5/valid.h5
2024-10-23 16:17:13,606 P462204 INFO Validation samples: total/4584062, blocks/1
2024-10-23 16:17:13,606 P462204 INFO Loading train and validation data done.
2024-10-23 16:17:13,607 P462204 INFO Start training: 3668 batches/epoch
2024-10-23 16:17:13,607 P462204 INFO ************ Epoch=1 start ************
2024-10-23 16:19:24,093 P462204 INFO Train loss: 0.463203
2024-10-23 16:19:24,094 P462204 INFO Evaluation @epoch 1 - batch 3668: 
2024-10-23 16:19:34,767 P462204 INFO ===
2024-10-23 16:19:34,767 P462204 INFO [Metrics] AUC: 0.804847 - logloss: 0.446611
2024-10-23 16:19:34,773 P462204 INFO Save best model: monitor(max)=0.804847
2024-10-23 16:19:35,344 P462204 INFO ************ Epoch=1 end ************
2024-10-23 16:21:46,700 P462204 INFO Train loss: 0.453395
2024-10-23 16:21:46,700 P462204 INFO Evaluation @epoch 2 - batch 3668: 
2024-10-23 16:21:57,231 P462204 INFO ===
2024-10-23 16:21:57,232 P462204 INFO [Metrics] AUC: 0.807914 - logloss: 0.443666
2024-10-23 16:21:57,242 P462204 INFO Save best model: monitor(max)=0.807914
2024-10-23 16:21:57,805 P462204 INFO ************ Epoch=2 end ************
2024-10-23 16:24:08,966 P462204 INFO Train loss: 0.451461
2024-10-23 16:24:08,966 P462204 INFO Evaluation @epoch 3 - batch 3668: 
2024-10-23 16:24:19,366 P462204 INFO ===
2024-10-23 16:24:19,366 P462204 INFO [Metrics] AUC: 0.809227 - logloss: 0.442627
2024-10-23 16:24:19,376 P462204 INFO Save best model: monitor(max)=0.809227
2024-10-23 16:24:20,007 P462204 INFO ************ Epoch=3 end ************
2024-10-23 16:26:31,171 P462204 INFO Train loss: 0.450486
2024-10-23 16:26:31,172 P462204 INFO Evaluation @epoch 4 - batch 3668: 
2024-10-23 16:26:41,812 P462204 INFO ===
2024-10-23 16:26:41,812 P462204 INFO [Metrics] AUC: 0.809693 - logloss: 0.441907
2024-10-23 16:26:41,822 P462204 INFO Save best model: monitor(max)=0.809693
2024-10-23 16:26:42,400 P462204 INFO ************ Epoch=4 end ************
2024-10-23 16:28:54,017 P462204 INFO Train loss: 0.449807
2024-10-23 16:28:54,017 P462204 INFO Evaluation @epoch 5 - batch 3668: 
2024-10-23 16:29:04,600 P462204 INFO ===
2024-10-23 16:29:04,601 P462204 INFO [Metrics] AUC: 0.810147 - logloss: 0.442162
2024-10-23 16:29:04,610 P462204 INFO Save best model: monitor(max)=0.810147
2024-10-23 16:29:05,163 P462204 INFO ************ Epoch=5 end ************
2024-10-23 16:31:15,772 P462204 INFO Train loss: 0.449325
2024-10-23 16:31:15,772 P462204 INFO Evaluation @epoch 6 - batch 3668: 
2024-10-23 16:31:26,299 P462204 INFO ===
2024-10-23 16:31:26,299 P462204 INFO [Metrics] AUC: 0.810353 - logloss: 0.441289
2024-10-23 16:31:26,309 P462204 INFO Save best model: monitor(max)=0.810353
2024-10-23 16:31:26,812 P462204 INFO ************ Epoch=6 end ************
2024-10-23 16:33:38,029 P462204 INFO Train loss: 0.448895
2024-10-23 16:33:38,029 P462204 INFO Evaluation @epoch 7 - batch 3668: 
2024-10-23 16:33:48,314 P462204 INFO ===
2024-10-23 16:33:48,314 P462204 INFO [Metrics] AUC: 0.810748 - logloss: 0.440985
2024-10-23 16:33:48,324 P462204 INFO Save best model: monitor(max)=0.810748
2024-10-23 16:33:48,914 P462204 INFO ************ Epoch=7 end ************
2024-10-23 16:35:59,773 P462204 INFO Train loss: 0.448541
2024-10-23 16:35:59,773 P462204 INFO Evaluation @epoch 8 - batch 3668: 
2024-10-23 16:36:10,332 P462204 INFO ===
2024-10-23 16:36:10,332 P462204 INFO [Metrics] AUC: 0.810788 - logloss: 0.441242
2024-10-23 16:36:10,342 P462204 INFO Save best model: monitor(max)=0.810788
2024-10-23 16:36:10,916 P462204 INFO ************ Epoch=8 end ************
2024-10-23 16:38:22,044 P462204 INFO Train loss: 0.448229
2024-10-23 16:38:22,045 P462204 INFO Evaluation @epoch 9 - batch 3668: 
2024-10-23 16:38:32,483 P462204 INFO ===
2024-10-23 16:38:32,483 P462204 INFO [Metrics] AUC: 0.810699 - logloss: 0.441026
2024-10-23 16:38:32,493 P462204 INFO Monitor(max)=0.810699 STOP!
2024-10-23 16:38:32,493 P462204 INFO Reduce learning rate on plateau: 0.000100
2024-10-23 16:38:32,978 P462204 INFO ************ Epoch=9 end ************
2024-10-23 16:40:44,900 P462204 INFO Train loss: 0.436869
2024-10-23 16:40:44,900 P462204 INFO Evaluation @epoch 10 - batch 3668: 
2024-10-23 16:40:55,407 P462204 INFO ===
2024-10-23 16:40:55,407 P462204 INFO [Metrics] AUC: 0.813102 - logloss: 0.438768
2024-10-23 16:40:55,417 P462204 INFO Save best model: monitor(max)=0.813102
2024-10-23 16:40:55,989 P462204 INFO ************ Epoch=10 end ************
2024-10-23 16:43:07,407 P462204 INFO Train loss: 0.432713
2024-10-23 16:43:07,407 P462204 INFO Evaluation @epoch 11 - batch 3668: 
2024-10-23 16:43:17,922 P462204 INFO ===
2024-10-23 16:43:17,922 P462204 INFO [Metrics] AUC: 0.813095 - logloss: 0.438969
2024-10-23 16:43:17,933 P462204 INFO Monitor(max)=0.813095 STOP!
2024-10-23 16:43:17,933 P462204 INFO Reduce learning rate on plateau: 0.000010
2024-10-23 16:43:18,388 P462204 INFO ************ Epoch=11 end ************
2024-10-23 16:45:30,000 P462204 INFO Train loss: 0.428663
2024-10-23 16:45:30,000 P462204 INFO Evaluation @epoch 12 - batch 3668: 
2024-10-23 16:45:40,493 P462204 INFO ===
2024-10-23 16:45:40,493 P462204 INFO [Metrics] AUC: 0.812611 - logloss: 0.439615
2024-10-23 16:45:40,503 P462204 INFO Monitor(max)=0.812611 STOP!
2024-10-23 16:45:40,503 P462204 INFO Reduce learning rate on plateau: 0.000001
2024-10-23 16:45:40,503 P462204 INFO ********* Epoch==12 early stop *********
2024-10-23 16:45:40,980 P462204 INFO Training finished.
2024-10-23 16:45:40,980 P462204 INFO Load best model: /root/autodl-tmp/model_zoo/QNN/QNN_torch/checkpoints/Criteo_x4_10_h5/QNN_Criteo_009_1c9260c5.model
2024-10-23 16:45:41,015 P462204 INFO ****** Validation evaluation ******
2024-10-23 16:45:51,575 P462204 INFO ===
2024-10-23 16:45:51,576 P462204 INFO [Metrics] logloss: 0.438768 - AUC: 0.813102
2024-10-23 16:45:52,060 P462204 INFO ******** Test evaluation ********
2024-10-23 16:45:52,060 P462204 INFO Loading data...
2024-10-23 16:45:52,060 P462204 INFO Loading data from h5: ../../../data/Criteo_x4_10_h5/test.h5
2024-10-23 16:45:54,114 P462204 INFO Test samples: total/4584062, blocks/1
2024-10-23 16:45:54,114 P462204 INFO Loading test data done.
2024-10-23 16:46:04,408 P462204 INFO ===
2024-10-23 16:46:04,408 P462204 INFO [Metrics] logloss: 0.438386 - AUC: 0.813523
