2024-10-24 14:52:04,282 P183622 INFO Params: {
    "batch_norm": "False",
    "batch_size": "10000",
    "data_format": "h5",
    "data_root": "../../../data/",
    "dataset_id": "Criteo_x4_10_h5",
    "debug_mode": "False",
    "early_stop_patience": "2",
    "embedding_dim": "16",
    "embedding_regularizer": "1e-05",
    "epochs": "100",
    "eval_steps": "None",
    "feature_cols": "[{'active': True, 'dtype': 'float', 'fill_na': 0, 'na_value': 0, 'name': ['I1', 'I2', 'I3', 'I4', 'I5', 'I6', 'I7', 'I8', 'I9', 'I10', 'I11', 'I12', 'I13'], 'preprocess': 'convert_to_bucket', 'type': 'categorical'}, {'active': True, 'dtype': 'str', 'fill_na': '', 'na_value': '', 'name': ['C1', 'C2', 'C3', 'C4', 'C5', 'C6', 'C7', 'C8', 'C9', 'C10', 'C11', 'C12', 'C13', 'C14', 'C15', 'C16', 'C17', 'C18', 'C19', 'C20', 'C21', 'C22', 'C23', 'C24', 'C25', 'C26'], 'type': 'categorical'}]",
    "feature_config": "None",
    "feature_specs": "None",
    "gpu": "0",
    "group_id": "None",
    "hidden_activations": "None",
    "label_col": "{'dtype': 'float', 'name': 'Label'}",
    "learning_rate": "0.001",
    "loss": "binary_crossentropy",
    "metrics": "['logloss', 'AUC']",
    "min_categr_count": "10",
    "model": "QNN",
    "model_id": "QNN_Criteo_005_a3b40001",
    "model_root": "./checkpoints/",
    "monitor": "{'AUC': 1, 'logloss': 0}",
    "monitor_mode": "max",
    "net_dropout": "0.1",
    "net_regularizer": "0",
    "neuron_type": "T23",
    "num_cross_layers": "3",
    "num_workers": "8",
    "optimizer": "adam",
    "pickle_feature_encoder": "True",
    "save_best_only": "True",
    "seed": "2024",
    "shuffle": "True",
    "task": "binary_classification",
    "test_data": "../../../data/Criteo_x4_10_h5/test.h5",
    "train_data": "../../../data/Criteo_x4_10_h5/train.h5",
    "use_features": "None",
    "valid_data": "../../../data/Criteo_x4_10_h5/valid.h5",
    "verbose": "1"
}
2024-10-24 14:52:04,283 P183622 INFO Load feature_map from json: ../../../data/Criteo_x4_10_h5/feature_map.json
2024-10-24 14:52:04,283 P183622 INFO Set column index...
2024-10-24 14:52:04,283 P183622 INFO Feature specs: {
    "C1": "{'source': '', 'type': 'categorical', 'padding_idx': 0, 'oov_idx': 1445, 'vocab_size': 1446}",
    "C10": "{'source': '', 'type': 'categorical', 'padding_idx': 0, 'oov_idx': 39529, 'vocab_size': 39530}",
    "C11": "{'source': '', 'type': 'categorical', 'padding_idx': 0, 'oov_idx': 5130, 'vocab_size': 5131}",
    "C12": "{'source': '', 'type': 'categorical', 'padding_idx': 0, 'oov_idx': 156655, 'vocab_size': 156656}",
    "C13": "{'source': '', 'type': 'categorical', 'padding_idx': 0, 'oov_idx': 3175, 'vocab_size': 3176}",
    "C14": "{'source': '', 'type': 'categorical', 'padding_idx': 0, 'oov_idx': 27, 'vocab_size': 28}",
    "C15": "{'source': '', 'type': 'categorical', 'padding_idx': 0, 'oov_idx': 11042, 'vocab_size': 11043}",
    "C16": "{'source': '', 'type': 'categorical', 'padding_idx': 0, 'oov_idx': 148912, 'vocab_size': 148913}",
    "C17": "{'source': '', 'type': 'categorical', 'padding_idx': 0, 'oov_idx': 11, 'vocab_size': 12}",
    "C18": "{'source': '', 'type': 'categorical', 'padding_idx': 0, 'oov_idx': 4559, 'vocab_size': 4560}",
    "C19": "{'source': '', 'type': 'categorical', 'padding_idx': 0, 'oov_idx': 2002, 'vocab_size': 2003}",
    "C2": "{'source': '', 'type': 'categorical', 'padding_idx': 0, 'oov_idx': 553, 'vocab_size': 554}",
    "C20": "{'source': '', 'type': 'categorical', 'padding_idx': 0, 'oov_idx': 4, 'vocab_size': 5}",
    "C21": "{'source': '', 'type': 'categorical', 'padding_idx': 0, 'oov_idx': 154563, 'vocab_size': 154564}",
    "C22": "{'source': '', 'type': 'categorical', 'padding_idx': 0, 'oov_idx': 17, 'vocab_size': 18}",
    "C23": "{'source': '', 'type': 'categorical', 'padding_idx': 0, 'oov_idx': 16, 'vocab_size': 17}",
    "C24": "{'source': '', 'type': 'categorical', 'padding_idx': 0, 'oov_idx': 53030, 'vocab_size': 53031}",
    "C25": "{'source': '', 'type': 'categorical', 'padding_idx': 0, 'oov_idx': 81, 'vocab_size': 82}",
    "C26": "{'source': '', 'type': 'categorical', 'padding_idx': 0, 'oov_idx': 40954, 'vocab_size': 40955}",
    "C3": "{'source': '', 'type': 'categorical', 'padding_idx': 0, 'oov_idx': 157338, 'vocab_size': 157339}",
    "C4": "{'source': '', 'type': 'categorical', 'padding_idx': 0, 'oov_idx': 117821, 'vocab_size': 117822}",
    "C5": "{'source': '', 'type': 'categorical', 'padding_idx': 0, 'oov_idx': 305, 'vocab_size': 306}",
    "C6": "{'source': '', 'type': 'categorical', 'padding_idx': 0, 'oov_idx': 17, 'vocab_size': 18}",
    "C7": "{'source': '', 'type': 'categorical', 'padding_idx': 0, 'oov_idx': 11881, 'vocab_size': 11882}",
    "C8": "{'source': '', 'type': 'categorical', 'padding_idx': 0, 'oov_idx': 629, 'vocab_size': 630}",
    "C9": "{'source': '', 'type': 'categorical', 'padding_idx': 0, 'oov_idx': 4, 'vocab_size': 5}",
    "I1": "{'source': '', 'type': 'categorical', 'padding_idx': 0, 'oov_idx': 43, 'vocab_size': 44}",
    "I10": "{'source': '', 'type': 'categorical', 'padding_idx': 0, 'oov_idx': 5, 'vocab_size': 6}",
    "I11": "{'source': '', 'type': 'categorical', 'padding_idx': 0, 'oov_idx': 26, 'vocab_size': 27}",
    "I12": "{'source': '', 'type': 'categorical', 'padding_idx': 0, 'oov_idx': 36, 'vocab_size': 37}",
    "I13": "{'source': '', 'type': 'categorical', 'padding_idx': 0, 'oov_idx': 71, 'vocab_size': 72}",
    "I2": "{'source': '', 'type': 'categorical', 'padding_idx': 0, 'oov_idx': 98, 'vocab_size': 99}",
    "I3": "{'source': '', 'type': 'categorical', 'padding_idx': 0, 'oov_idx': 121, 'vocab_size': 122}",
    "I4": "{'source': '', 'type': 'categorical', 'padding_idx': 0, 'oov_idx': 40, 'vocab_size': 41}",
    "I5": "{'source': '', 'type': 'categorical', 'padding_idx': 0, 'oov_idx': 219, 'vocab_size': 220}",
    "I6": "{'source': '', 'type': 'categorical', 'padding_idx': 0, 'oov_idx': 111, 'vocab_size': 112}",
    "I7": "{'source': '', 'type': 'categorical', 'padding_idx': 0, 'oov_idx': 79, 'vocab_size': 80}",
    "I8": "{'source': '', 'type': 'categorical', 'padding_idx': 0, 'oov_idx': 68, 'vocab_size': 69}",
    "I9": "{'source': '', 'type': 'categorical', 'padding_idx': 0, 'oov_idx': 91, 'vocab_size': 92}"
}
2024-10-24 14:52:07,952 P183622 INFO Total number of parameters: 16912577.
2024-10-24 14:52:07,952 P183622 INFO Loading data...
2024-10-24 14:52:07,952 P183622 INFO Loading data from h5: ../../../data/Criteo_x4_10_h5/train.h5
2024-10-24 14:52:22,666 P183622 INFO Train samples: total/36672493, blocks/1
2024-10-24 14:52:22,666 P183622 INFO Loading data from h5: ../../../data/Criteo_x4_10_h5/valid.h5
2024-10-24 14:52:24,552 P183622 INFO Validation samples: total/4584062, blocks/1
2024-10-24 14:52:24,552 P183622 INFO Loading train and validation data done.
2024-10-24 14:52:24,553 P183622 INFO Start training: 3668 batches/epoch
2024-10-24 14:52:24,553 P183622 INFO ************ Epoch=1 start ************
2024-10-24 14:54:30,688 P183622 INFO Train loss: 0.462020
2024-10-24 14:54:30,688 P183622 INFO Evaluation @epoch 1 - batch 3668: 
2024-10-24 14:54:41,253 P183622 INFO ===
2024-10-24 14:54:41,254 P183622 INFO [Metrics] AUC: 0.804767 - logloss: 0.446343
2024-10-24 14:54:41,260 P183622 INFO Save best model: monitor(max)=0.804767
2024-10-24 14:54:41,801 P183622 INFO ************ Epoch=1 end ************
2024-10-24 14:56:48,458 P183622 INFO Train loss: 0.453650
2024-10-24 14:56:48,458 P183622 INFO Evaluation @epoch 2 - batch 3668: 
2024-10-24 14:56:58,697 P183622 INFO ===
2024-10-24 14:56:58,697 P183622 INFO [Metrics] AUC: 0.808375 - logloss: 0.443143
2024-10-24 14:56:58,705 P183622 INFO Save best model: monitor(max)=0.808375
2024-10-24 14:56:59,367 P183622 INFO ************ Epoch=2 end ************
2024-10-24 14:59:05,700 P183622 INFO Train loss: 0.451305
2024-10-24 14:59:05,700 P183622 INFO Evaluation @epoch 3 - batch 3668: 
2024-10-24 14:59:15,997 P183622 INFO ===
2024-10-24 14:59:15,997 P183622 INFO [Metrics] AUC: 0.809833 - logloss: 0.441743
2024-10-24 14:59:16,006 P183622 INFO Save best model: monitor(max)=0.809833
2024-10-24 14:59:16,567 P183622 INFO ************ Epoch=3 end ************
2024-10-24 15:01:22,635 P183622 INFO Train loss: 0.450009
2024-10-24 15:01:22,635 P183622 INFO Evaluation @epoch 4 - batch 3668: 
2024-10-24 15:01:32,692 P183622 INFO ===
2024-10-24 15:01:32,692 P183622 INFO [Metrics] AUC: 0.810587 - logloss: 0.441112
2024-10-24 15:01:32,701 P183622 INFO Save best model: monitor(max)=0.810587
2024-10-24 15:01:33,301 P183622 INFO ************ Epoch=4 end ************
2024-10-24 15:03:39,803 P183622 INFO Train loss: 0.449126
2024-10-24 15:03:39,803 P183622 INFO Evaluation @epoch 5 - batch 3668: 
2024-10-24 15:03:50,570 P183622 INFO ===
2024-10-24 15:03:50,570 P183622 INFO [Metrics] AUC: 0.810994 - logloss: 0.440766
2024-10-24 15:03:50,580 P183622 INFO Save best model: monitor(max)=0.810994
2024-10-24 15:03:51,126 P183622 INFO ************ Epoch=5 end ************
2024-10-24 15:05:57,432 P183622 INFO Train loss: 0.448427
2024-10-24 15:05:57,432 P183622 INFO Evaluation @epoch 6 - batch 3668: 
2024-10-24 15:06:08,282 P183622 INFO ===
2024-10-24 15:06:08,283 P183622 INFO [Metrics] AUC: 0.810920 - logloss: 0.440818
2024-10-24 15:06:08,292 P183622 INFO Monitor(max)=0.810920 STOP!
2024-10-24 15:06:08,293 P183622 INFO Reduce learning rate on plateau: 0.000100
2024-10-24 15:06:08,841 P183622 INFO ************ Epoch=6 end ************
2024-10-24 15:08:14,665 P183622 INFO Train loss: 0.435931
2024-10-24 15:08:14,665 P183622 INFO Evaluation @epoch 7 - batch 3668: 
2024-10-24 15:08:24,950 P183622 INFO ===
2024-10-24 15:08:24,950 P183622 INFO [Metrics] AUC: 0.813611 - logloss: 0.438561
2024-10-24 15:08:24,961 P183622 INFO Save best model: monitor(max)=0.813611
2024-10-24 15:08:25,566 P183622 INFO ************ Epoch=7 end ************
2024-10-24 15:10:32,233 P183622 INFO Train loss: 0.431379
2024-10-24 15:10:32,233 P183622 INFO Evaluation @epoch 8 - batch 3668: 
2024-10-24 15:10:42,571 P183622 INFO ===
2024-10-24 15:10:42,571 P183622 INFO [Metrics] AUC: 0.813677 - logloss: 0.438842
2024-10-24 15:10:42,581 P183622 INFO Save best model: monitor(max)=0.813677
2024-10-24 15:10:43,215 P183622 INFO ************ Epoch=8 end ************
2024-10-24 15:12:50,725 P183622 INFO Train loss: 0.429280
2024-10-24 15:12:50,725 P183622 INFO Evaluation @epoch 9 - batch 3668: 
2024-10-24 15:13:01,030 P183622 INFO ===
2024-10-24 15:13:01,030 P183622 INFO [Metrics] AUC: 0.813459 - logloss: 0.439174
2024-10-24 15:13:01,039 P183622 INFO Monitor(max)=0.813459 STOP!
2024-10-24 15:13:01,039 P183622 INFO Reduce learning rate on plateau: 0.000010
2024-10-24 15:13:01,575 P183622 INFO ************ Epoch=9 end ************
2024-10-24 15:15:08,775 P183622 INFO Train loss: 0.425217
2024-10-24 15:15:08,775 P183622 INFO Evaluation @epoch 10 - batch 3668: 
2024-10-24 15:15:19,106 P183622 INFO ===
2024-10-24 15:15:19,107 P183622 INFO [Metrics] AUC: 0.812999 - logloss: 0.440099
2024-10-24 15:15:19,114 P183622 INFO Monitor(max)=0.812999 STOP!
2024-10-24 15:15:19,114 P183622 INFO Reduce learning rate on plateau: 0.000001
2024-10-24 15:15:19,114 P183622 INFO ********* Epoch==10 early stop *********
2024-10-24 15:15:19,601 P183622 INFO Training finished.
2024-10-24 15:15:19,602 P183622 INFO Load best model: /root/autodl-tmp/model_zoo/QNN/QNN_torch/checkpoints/Criteo_x4_10_h5/QNN_Criteo_005_a3b40001.model
2024-10-24 15:15:19,636 P183622 INFO ****** Validation evaluation ******
2024-10-24 15:15:29,787 P183622 INFO ===
2024-10-24 15:15:29,787 P183622 INFO [Metrics] logloss: 0.438842 - AUC: 0.813677
2024-10-24 15:15:30,319 P183622 INFO ******** Test evaluation ********
2024-10-24 15:15:30,320 P183622 INFO Loading data...
2024-10-24 15:15:30,320 P183622 INFO Loading data from h5: ../../../data/Criteo_x4_10_h5/test.h5
2024-10-24 15:15:32,207 P183622 INFO Test samples: total/4584062, blocks/1
2024-10-24 15:15:32,207 P183622 INFO Loading test data done.
2024-10-24 15:15:42,035 P183622 INFO ===
2024-10-24 15:15:42,035 P183622 INFO [Metrics] logloss: 0.438414 - AUC: 0.814119
