2024-10-24 14:19:02,530 P92286 INFO Params: {
    "batch_norm": "False",
    "batch_size": "10000",
    "data_format": "h5",
    "data_root": "../../../data/",
    "dataset_id": "Criteo_x4_10_h5",
    "debug_mode": "False",
    "early_stop_patience": "2",
    "embedding_dim": "16",
    "embedding_regularizer": "1e-05",
    "epochs": "100",
    "eval_steps": "None",
    "feature_cols": "[{'active': True, 'dtype': 'float', 'fill_na': 0, 'na_value': 0, 'name': ['I1', 'I2', 'I3', 'I4', 'I5', 'I6', 'I7', 'I8', 'I9', 'I10', 'I11', 'I12', 'I13'], 'preprocess': 'convert_to_bucket', 'type': 'categorical'}, {'active': True, 'dtype': 'str', 'fill_na': '', 'na_value': '', 'name': ['C1', 'C2', 'C3', 'C4', 'C5', 'C6', 'C7', 'C8', 'C9', 'C10', 'C11', 'C12', 'C13', 'C14', 'C15', 'C16', 'C17', 'C18', 'C19', 'C20', 'C21', 'C22', 'C23', 'C24', 'C25', 'C26'], 'type': 'categorical'}]",
    "feature_config": "None",
    "feature_specs": "None",
    "gpu": "0",
    "group_id": "None",
    "hidden_activations": "ReLU",
    "label_col": "{'dtype': 'float', 'name': 'Label'}",
    "learning_rate": "0.001",
    "loss": "binary_crossentropy",
    "metrics": "['logloss', 'AUC']",
    "min_categr_count": "10",
    "model": "QNN",
    "model_id": "QNN_Criteo_003_723262a0",
    "model_root": "./checkpoints/",
    "monitor": "{'AUC': 1, 'logloss': 0}",
    "monitor_mode": "max",
    "net_dropout": "0.1",
    "net_regularizer": "0",
    "neuron_type": "T25",
    "num_cross_layers": "3",
    "num_workers": "8",
    "optimizer": "adam",
    "pickle_feature_encoder": "True",
    "save_best_only": "True",
    "seed": "2024",
    "shuffle": "True",
    "task": "binary_classification",
    "test_data": "../../../data/Criteo_x4_10_h5/test.h5",
    "train_data": "../../../data/Criteo_x4_10_h5/train.h5",
    "use_features": "None",
    "valid_data": "../../../data/Criteo_x4_10_h5/valid.h5",
    "verbose": "1"
}
2024-10-24 14:19:02,530 P92286 INFO Load feature_map from json: ../../../data/Criteo_x4_10_h5/feature_map.json
2024-10-24 14:19:02,531 P92286 INFO Set column index...
2024-10-24 14:19:02,531 P92286 INFO Feature specs: {
    "C1": "{'source': '', 'type': 'categorical', 'padding_idx': 0, 'oov_idx': 1445, 'vocab_size': 1446}",
    "C10": "{'source': '', 'type': 'categorical', 'padding_idx': 0, 'oov_idx': 39529, 'vocab_size': 39530}",
    "C11": "{'source': '', 'type': 'categorical', 'padding_idx': 0, 'oov_idx': 5130, 'vocab_size': 5131}",
    "C12": "{'source': '', 'type': 'categorical', 'padding_idx': 0, 'oov_idx': 156655, 'vocab_size': 156656}",
    "C13": "{'source': '', 'type': 'categorical', 'padding_idx': 0, 'oov_idx': 3175, 'vocab_size': 3176}",
    "C14": "{'source': '', 'type': 'categorical', 'padding_idx': 0, 'oov_idx': 27, 'vocab_size': 28}",
    "C15": "{'source': '', 'type': 'categorical', 'padding_idx': 0, 'oov_idx': 11042, 'vocab_size': 11043}",
    "C16": "{'source': '', 'type': 'categorical', 'padding_idx': 0, 'oov_idx': 148912, 'vocab_size': 148913}",
    "C17": "{'source': '', 'type': 'categorical', 'padding_idx': 0, 'oov_idx': 11, 'vocab_size': 12}",
    "C18": "{'source': '', 'type': 'categorical', 'padding_idx': 0, 'oov_idx': 4559, 'vocab_size': 4560}",
    "C19": "{'source': '', 'type': 'categorical', 'padding_idx': 0, 'oov_idx': 2002, 'vocab_size': 2003}",
    "C2": "{'source': '', 'type': 'categorical', 'padding_idx': 0, 'oov_idx': 553, 'vocab_size': 554}",
    "C20": "{'source': '', 'type': 'categorical', 'padding_idx': 0, 'oov_idx': 4, 'vocab_size': 5}",
    "C21": "{'source': '', 'type': 'categorical', 'padding_idx': 0, 'oov_idx': 154563, 'vocab_size': 154564}",
    "C22": "{'source': '', 'type': 'categorical', 'padding_idx': 0, 'oov_idx': 17, 'vocab_size': 18}",
    "C23": "{'source': '', 'type': 'categorical', 'padding_idx': 0, 'oov_idx': 16, 'vocab_size': 17}",
    "C24": "{'source': '', 'type': 'categorical', 'padding_idx': 0, 'oov_idx': 53030, 'vocab_size': 53031}",
    "C25": "{'source': '', 'type': 'categorical', 'padding_idx': 0, 'oov_idx': 81, 'vocab_size': 82}",
    "C26": "{'source': '', 'type': 'categorical', 'padding_idx': 0, 'oov_idx': 40954, 'vocab_size': 40955}",
    "C3": "{'source': '', 'type': 'categorical', 'padding_idx': 0, 'oov_idx': 157338, 'vocab_size': 157339}",
    "C4": "{'source': '', 'type': 'categorical', 'padding_idx': 0, 'oov_idx': 117821, 'vocab_size': 117822}",
    "C5": "{'source': '', 'type': 'categorical', 'padding_idx': 0, 'oov_idx': 305, 'vocab_size': 306}",
    "C6": "{'source': '', 'type': 'categorical', 'padding_idx': 0, 'oov_idx': 17, 'vocab_size': 18}",
    "C7": "{'source': '', 'type': 'categorical', 'padding_idx': 0, 'oov_idx': 11881, 'vocab_size': 11882}",
    "C8": "{'source': '', 'type': 'categorical', 'padding_idx': 0, 'oov_idx': 629, 'vocab_size': 630}",
    "C9": "{'source': '', 'type': 'categorical', 'padding_idx': 0, 'oov_idx': 4, 'vocab_size': 5}",
    "I1": "{'source': '', 'type': 'categorical', 'padding_idx': 0, 'oov_idx': 43, 'vocab_size': 44}",
    "I10": "{'source': '', 'type': 'categorical', 'padding_idx': 0, 'oov_idx': 5, 'vocab_size': 6}",
    "I11": "{'source': '', 'type': 'categorical', 'padding_idx': 0, 'oov_idx': 26, 'vocab_size': 27}",
    "I12": "{'source': '', 'type': 'categorical', 'padding_idx': 0, 'oov_idx': 36, 'vocab_size': 37}",
    "I13": "{'source': '', 'type': 'categorical', 'padding_idx': 0, 'oov_idx': 71, 'vocab_size': 72}",
    "I2": "{'source': '', 'type': 'categorical', 'padding_idx': 0, 'oov_idx': 98, 'vocab_size': 99}",
    "I3": "{'source': '', 'type': 'categorical', 'padding_idx': 0, 'oov_idx': 121, 'vocab_size': 122}",
    "I4": "{'source': '', 'type': 'categorical', 'padding_idx': 0, 'oov_idx': 40, 'vocab_size': 41}",
    "I5": "{'source': '', 'type': 'categorical', 'padding_idx': 0, 'oov_idx': 219, 'vocab_size': 220}",
    "I6": "{'source': '', 'type': 'categorical', 'padding_idx': 0, 'oov_idx': 111, 'vocab_size': 112}",
    "I7": "{'source': '', 'type': 'categorical', 'padding_idx': 0, 'oov_idx': 79, 'vocab_size': 80}",
    "I8": "{'source': '', 'type': 'categorical', 'padding_idx': 0, 'oov_idx': 68, 'vocab_size': 69}",
    "I9": "{'source': '', 'type': 'categorical', 'padding_idx': 0, 'oov_idx': 91, 'vocab_size': 92}"
}
2024-10-24 14:19:06,151 P92286 INFO Total number of parameters: 15743513.
2024-10-24 14:19:06,151 P92286 INFO Loading data...
2024-10-24 14:19:06,151 P92286 INFO Loading data from h5: ../../../data/Criteo_x4_10_h5/train.h5
2024-10-24 14:19:20,925 P92286 INFO Train samples: total/36672493, blocks/1
2024-10-24 14:19:20,925 P92286 INFO Loading data from h5: ../../../data/Criteo_x4_10_h5/valid.h5
2024-10-24 14:19:22,813 P92286 INFO Validation samples: total/4584062, blocks/1
2024-10-24 14:19:22,813 P92286 INFO Loading train and validation data done.
2024-10-24 14:19:22,813 P92286 INFO Start training: 3668 batches/epoch
2024-10-24 14:19:22,813 P92286 INFO ************ Epoch=1 start ************
2024-10-24 14:21:31,248 P92286 INFO Train loss: 0.462482
2024-10-24 14:21:31,249 P92286 INFO Evaluation @epoch 1 - batch 3668: 
2024-10-24 14:21:41,443 P92286 INFO ===
2024-10-24 14:21:41,444 P92286 INFO [Metrics] AUC: 0.804086 - logloss: 0.446929
2024-10-24 14:21:41,450 P92286 INFO Save best model: monitor(max)=0.804086
2024-10-24 14:21:42,019 P92286 INFO ************ Epoch=1 end ************
2024-10-24 14:23:51,246 P92286 INFO Train loss: 0.454574
2024-10-24 14:23:51,246 P92286 INFO Evaluation @epoch 2 - batch 3668: 
2024-10-24 14:24:01,423 P92286 INFO ===
2024-10-24 14:24:01,424 P92286 INFO [Metrics] AUC: 0.807440 - logloss: 0.444010
2024-10-24 14:24:01,433 P92286 INFO Save best model: monitor(max)=0.807440
2024-10-24 14:24:01,987 P92286 INFO ************ Epoch=2 end ************
2024-10-24 14:26:09,902 P92286 INFO Train loss: 0.452520
2024-10-24 14:26:09,902 P92286 INFO Evaluation @epoch 3 - batch 3668: 
2024-10-24 14:26:19,907 P92286 INFO ===
2024-10-24 14:26:19,907 P92286 INFO [Metrics] AUC: 0.808907 - logloss: 0.442555
2024-10-24 14:26:19,914 P92286 INFO Save best model: monitor(max)=0.808907
2024-10-24 14:26:20,565 P92286 INFO ************ Epoch=3 end ************
2024-10-24 14:28:27,921 P92286 INFO Train loss: 0.451312
2024-10-24 14:28:27,921 P92286 INFO Evaluation @epoch 4 - batch 3668: 
2024-10-24 14:28:38,079 P92286 INFO ===
2024-10-24 14:28:38,079 P92286 INFO [Metrics] AUC: 0.809836 - logloss: 0.441711
2024-10-24 14:28:38,088 P92286 INFO Save best model: monitor(max)=0.809836
2024-10-24 14:28:38,662 P92286 INFO ************ Epoch=4 end ************
2024-10-24 14:30:45,589 P92286 INFO Train loss: 0.450490
2024-10-24 14:30:45,590 P92286 INFO Evaluation @epoch 5 - batch 3668: 
2024-10-24 14:30:55,664 P92286 INFO ===
2024-10-24 14:30:55,664 P92286 INFO [Metrics] AUC: 0.810333 - logloss: 0.441349
2024-10-24 14:30:55,673 P92286 INFO Save best model: monitor(max)=0.810333
2024-10-24 14:30:56,246 P92286 INFO ************ Epoch=5 end ************
2024-10-24 14:33:03,246 P92286 INFO Train loss: 0.449935
2024-10-24 14:33:03,247 P92286 INFO Evaluation @epoch 6 - batch 3668: 
2024-10-24 14:33:13,307 P92286 INFO ===
2024-10-24 14:33:13,307 P92286 INFO [Metrics] AUC: 0.810664 - logloss: 0.440969
2024-10-24 14:33:13,316 P92286 INFO Save best model: monitor(max)=0.810664
2024-10-24 14:33:14,008 P92286 INFO ************ Epoch=6 end ************
2024-10-24 14:35:21,676 P92286 INFO Train loss: 0.449480
2024-10-24 14:35:21,676 P92286 INFO Evaluation @epoch 7 - batch 3668: 
2024-10-24 14:35:31,827 P92286 INFO ===
2024-10-24 14:35:31,827 P92286 INFO [Metrics] AUC: 0.811033 - logloss: 0.440588
2024-10-24 14:35:31,836 P92286 INFO Save best model: monitor(max)=0.811033
2024-10-24 14:35:32,425 P92286 INFO ************ Epoch=7 end ************
2024-10-24 14:37:39,520 P92286 INFO Train loss: 0.449120
2024-10-24 14:37:39,521 P92286 INFO Evaluation @epoch 8 - batch 3668: 
2024-10-24 14:37:49,685 P92286 INFO ===
2024-10-24 14:37:49,685 P92286 INFO [Metrics] AUC: 0.811086 - logloss: 0.440628
2024-10-24 14:37:49,694 P92286 INFO Save best model: monitor(max)=0.811086
2024-10-24 14:37:50,162 P92286 INFO ************ Epoch=8 end ************
2024-10-24 14:39:56,736 P92286 INFO Train loss: 0.448795
2024-10-24 14:39:56,736 P92286 INFO Evaluation @epoch 9 - batch 3668: 
2024-10-24 14:40:06,818 P92286 INFO ===
2024-10-24 14:40:06,818 P92286 INFO [Metrics] AUC: 0.811302 - logloss: 0.440603
2024-10-24 14:40:06,827 P92286 INFO Save best model: monitor(max)=0.811302
2024-10-24 14:40:07,473 P92286 INFO ************ Epoch=9 end ************
2024-10-24 14:42:14,624 P92286 INFO Train loss: 0.448557
2024-10-24 14:42:14,624 P92286 INFO Evaluation @epoch 10 - batch 3668: 
2024-10-24 14:42:24,759 P92286 INFO ===
2024-10-24 14:42:24,759 P92286 INFO [Metrics] AUC: 0.811167 - logloss: 0.440555
2024-10-24 14:42:24,768 P92286 INFO Monitor(max)=0.811167 STOP!
2024-10-24 14:42:24,768 P92286 INFO Reduce learning rate on plateau: 0.000100
2024-10-24 14:42:25,267 P92286 INFO ************ Epoch=10 end ************
2024-10-24 14:44:31,974 P92286 INFO Train loss: 0.437592
2024-10-24 14:44:31,974 P92286 INFO Evaluation @epoch 11 - batch 3668: 
2024-10-24 14:44:42,107 P92286 INFO ===
2024-10-24 14:44:42,107 P92286 INFO [Metrics] AUC: 0.813602 - logloss: 0.438307
2024-10-24 14:44:42,117 P92286 INFO Save best model: monitor(max)=0.813602
2024-10-24 14:44:42,765 P92286 INFO ************ Epoch=11 end ************
2024-10-24 14:46:50,001 P92286 INFO Train loss: 0.433132
2024-10-24 14:46:50,001 P92286 INFO Evaluation @epoch 12 - batch 3668: 
2024-10-24 14:47:00,208 P92286 INFO ===
2024-10-24 14:47:00,209 P92286 INFO [Metrics] AUC: 0.813819 - logloss: 0.438199
2024-10-24 14:47:00,218 P92286 INFO Save best model: monitor(max)=0.813819
2024-10-24 14:47:00,836 P92286 INFO ************ Epoch=12 end ************
2024-10-24 14:49:08,870 P92286 INFO Train loss: 0.431038
2024-10-24 14:49:08,870 P92286 INFO Evaluation @epoch 13 - batch 3668: 
2024-10-24 14:49:18,992 P92286 INFO ===
2024-10-24 14:49:18,992 P92286 INFO [Metrics] AUC: 0.813660 - logloss: 0.438393
2024-10-24 14:49:19,001 P92286 INFO Monitor(max)=0.813660 STOP!
2024-10-24 14:49:19,001 P92286 INFO Reduce learning rate on plateau: 0.000010
2024-10-24 14:49:19,481 P92286 INFO ************ Epoch=13 end ************
2024-10-24 14:51:27,320 P92286 INFO Train loss: 0.426908
2024-10-24 14:51:27,321 P92286 INFO Evaluation @epoch 14 - batch 3668: 
2024-10-24 14:51:37,525 P92286 INFO ===
2024-10-24 14:51:37,526 P92286 INFO [Metrics] AUC: 0.813021 - logloss: 0.439343
2024-10-24 14:51:37,535 P92286 INFO Monitor(max)=0.813021 STOP!
2024-10-24 14:51:37,535 P92286 INFO Reduce learning rate on plateau: 0.000001
2024-10-24 14:51:37,535 P92286 INFO ********* Epoch==14 early stop *********
2024-10-24 14:51:38,042 P92286 INFO Training finished.
2024-10-24 14:51:38,042 P92286 INFO Load best model: /root/autodl-tmp/model_zoo/QNN/QNN_torch/checkpoints/Criteo_x4_10_h5/QNN_Criteo_003_723262a0.model
2024-10-24 14:51:38,076 P92286 INFO ****** Validation evaluation ******
2024-10-24 14:51:48,238 P92286 INFO ===
2024-10-24 14:51:48,238 P92286 INFO [Metrics] logloss: 0.438199 - AUC: 0.813819
2024-10-24 14:51:48,729 P92286 INFO ******** Test evaluation ********
2024-10-24 14:51:48,729 P92286 INFO Loading data...
2024-10-24 14:51:48,729 P92286 INFO Loading data from h5: ../../../data/Criteo_x4_10_h5/test.h5
2024-10-24 14:51:50,632 P92286 INFO Test samples: total/4584062, blocks/1
2024-10-24 14:51:50,633 P92286 INFO Loading test data done.
2024-10-24 14:52:00,442 P92286 INFO ===
2024-10-24 14:52:00,442 P92286 INFO [Metrics] logloss: 0.437770 - AUC: 0.814309
