2024-10-23 23:42:03,344 P314570 INFO Params: {
    "batch_norm": "False",
    "batch_size": "10000",
    "data_format": "h5",
    "data_root": "../../../data/",
    "dataset_id": "Criteo_x4_10_h5",
    "debug_mode": "False",
    "early_stop_patience": "2",
    "embedding_dim": "16",
    "embedding_regularizer": "1e-05",
    "epochs": "100",
    "eval_steps": "None",
    "feature_cols": "[{'active': True, 'dtype': 'float', 'fill_na': 0, 'na_value': 0, 'name': ['I1', 'I2', 'I3', 'I4', 'I5', 'I6', 'I7', 'I8', 'I9', 'I10', 'I11', 'I12', 'I13'], 'preprocess': 'convert_to_bucket', 'type': 'categorical'}, {'active': True, 'dtype': 'str', 'fill_na': '', 'na_value': '', 'name': ['C1', 'C2', 'C3', 'C4', 'C5', 'C6', 'C7', 'C8', 'C9', 'C10', 'C11', 'C12', 'C13', 'C14', 'C15', 'C16', 'C17', 'C18', 'C19', 'C20', 'C21', 'C22', 'C23', 'C24', 'C25', 'C26'], 'type': 'categorical'}]",
    "feature_config": "None",
    "feature_specs": "None",
    "gpu": "1",
    "group_id": "None",
    "hidden_activations": "ReLU",
    "label_col": "{'dtype': 'float', 'name': 'Label'}",
    "learning_rate": "0.001",
    "loss": "binary_crossentropy",
    "metrics": "['logloss', 'AUC']",
    "min_categr_count": "10",
    "model": "QNN",
    "model_id": "QNN_Criteo_006_318ec3e7",
    "model_root": "./checkpoints/",
    "monitor": "{'AUC': 1, 'logloss': 0}",
    "monitor_mode": "max",
    "net_dropout": "0.1",
    "net_regularizer": "0",
    "neuron_type": "T23",
    "num_cross_layers": "3",
    "num_workers": "8",
    "optimizer": "adam",
    "pickle_feature_encoder": "True",
    "save_best_only": "True",
    "seed": "2024",
    "shuffle": "True",
    "task": "binary_classification",
    "test_data": "../../../data/Criteo_x4_10_h5/test.h5",
    "train_data": "../../../data/Criteo_x4_10_h5/train.h5",
    "use_features": "None",
    "valid_data": "../../../data/Criteo_x4_10_h5/valid.h5",
    "verbose": "1"
}
2024-10-23 23:42:03,344 P314570 INFO Load feature_map from json: ../../../data/Criteo_x4_10_h5/feature_map.json
2024-10-23 23:42:03,345 P314570 INFO Set column index...
2024-10-23 23:42:03,345 P314570 INFO Feature specs: {
    "C1": "{'source': '', 'type': 'categorical', 'padding_idx': 0, 'oov_idx': 1445, 'vocab_size': 1446}",
    "C10": "{'source': '', 'type': 'categorical', 'padding_idx': 0, 'oov_idx': 39529, 'vocab_size': 39530}",
    "C11": "{'source': '', 'type': 'categorical', 'padding_idx': 0, 'oov_idx': 5130, 'vocab_size': 5131}",
    "C12": "{'source': '', 'type': 'categorical', 'padding_idx': 0, 'oov_idx': 156655, 'vocab_size': 156656}",
    "C13": "{'source': '', 'type': 'categorical', 'padding_idx': 0, 'oov_idx': 3175, 'vocab_size': 3176}",
    "C14": "{'source': '', 'type': 'categorical', 'padding_idx': 0, 'oov_idx': 27, 'vocab_size': 28}",
    "C15": "{'source': '', 'type': 'categorical', 'padding_idx': 0, 'oov_idx': 11042, 'vocab_size': 11043}",
    "C16": "{'source': '', 'type': 'categorical', 'padding_idx': 0, 'oov_idx': 148912, 'vocab_size': 148913}",
    "C17": "{'source': '', 'type': 'categorical', 'padding_idx': 0, 'oov_idx': 11, 'vocab_size': 12}",
    "C18": "{'source': '', 'type': 'categorical', 'padding_idx': 0, 'oov_idx': 4559, 'vocab_size': 4560}",
    "C19": "{'source': '', 'type': 'categorical', 'padding_idx': 0, 'oov_idx': 2002, 'vocab_size': 2003}",
    "C2": "{'source': '', 'type': 'categorical', 'padding_idx': 0, 'oov_idx': 553, 'vocab_size': 554}",
    "C20": "{'source': '', 'type': 'categorical', 'padding_idx': 0, 'oov_idx': 4, 'vocab_size': 5}",
    "C21": "{'source': '', 'type': 'categorical', 'padding_idx': 0, 'oov_idx': 154563, 'vocab_size': 154564}",
    "C22": "{'source': '', 'type': 'categorical', 'padding_idx': 0, 'oov_idx': 17, 'vocab_size': 18}",
    "C23": "{'source': '', 'type': 'categorical', 'padding_idx': 0, 'oov_idx': 16, 'vocab_size': 17}",
    "C24": "{'source': '', 'type': 'categorical', 'padding_idx': 0, 'oov_idx': 53030, 'vocab_size': 53031}",
    "C25": "{'source': '', 'type': 'categorical', 'padding_idx': 0, 'oov_idx': 81, 'vocab_size': 82}",
    "C26": "{'source': '', 'type': 'categorical', 'padding_idx': 0, 'oov_idx': 40954, 'vocab_size': 40955}",
    "C3": "{'source': '', 'type': 'categorical', 'padding_idx': 0, 'oov_idx': 157338, 'vocab_size': 157339}",
    "C4": "{'source': '', 'type': 'categorical', 'padding_idx': 0, 'oov_idx': 117821, 'vocab_size': 117822}",
    "C5": "{'source': '', 'type': 'categorical', 'padding_idx': 0, 'oov_idx': 305, 'vocab_size': 306}",
    "C6": "{'source': '', 'type': 'categorical', 'padding_idx': 0, 'oov_idx': 17, 'vocab_size': 18}",
    "C7": "{'source': '', 'type': 'categorical', 'padding_idx': 0, 'oov_idx': 11881, 'vocab_size': 11882}",
    "C8": "{'source': '', 'type': 'categorical', 'padding_idx': 0, 'oov_idx': 629, 'vocab_size': 630}",
    "C9": "{'source': '', 'type': 'categorical', 'padding_idx': 0, 'oov_idx': 4, 'vocab_size': 5}",
    "I1": "{'source': '', 'type': 'categorical', 'padding_idx': 0, 'oov_idx': 43, 'vocab_size': 44}",
    "I10": "{'source': '', 'type': 'categorical', 'padding_idx': 0, 'oov_idx': 5, 'vocab_size': 6}",
    "I11": "{'source': '', 'type': 'categorical', 'padding_idx': 0, 'oov_idx': 26, 'vocab_size': 27}",
    "I12": "{'source': '', 'type': 'categorical', 'padding_idx': 0, 'oov_idx': 36, 'vocab_size': 37}",
    "I13": "{'source': '', 'type': 'categorical', 'padding_idx': 0, 'oov_idx': 71, 'vocab_size': 72}",
    "I2": "{'source': '', 'type': 'categorical', 'padding_idx': 0, 'oov_idx': 98, 'vocab_size': 99}",
    "I3": "{'source': '', 'type': 'categorical', 'padding_idx': 0, 'oov_idx': 121, 'vocab_size': 122}",
    "I4": "{'source': '', 'type': 'categorical', 'padding_idx': 0, 'oov_idx': 40, 'vocab_size': 41}",
    "I5": "{'source': '', 'type': 'categorical', 'padding_idx': 0, 'oov_idx': 219, 'vocab_size': 220}",
    "I6": "{'source': '', 'type': 'categorical', 'padding_idx': 0, 'oov_idx': 111, 'vocab_size': 112}",
    "I7": "{'source': '', 'type': 'categorical', 'padding_idx': 0, 'oov_idx': 79, 'vocab_size': 80}",
    "I8": "{'source': '', 'type': 'categorical', 'padding_idx': 0, 'oov_idx': 68, 'vocab_size': 69}",
    "I9": "{'source': '', 'type': 'categorical', 'padding_idx': 0, 'oov_idx': 91, 'vocab_size': 92}"
}
2024-10-23 23:42:07,076 P314570 INFO Total number of parameters: 16912577.
2024-10-23 23:42:07,077 P314570 INFO Loading data...
2024-10-23 23:42:07,077 P314570 INFO Loading data from h5: ../../../data/Criteo_x4_10_h5/train.h5
2024-10-23 23:42:22,962 P314570 INFO Train samples: total/36672493, blocks/1
2024-10-23 23:42:22,963 P314570 INFO Loading data from h5: ../../../data/Criteo_x4_10_h5/valid.h5
2024-10-23 23:42:25,024 P314570 INFO Validation samples: total/4584062, blocks/1
2024-10-23 23:42:25,025 P314570 INFO Loading train and validation data done.
2024-10-23 23:42:25,025 P314570 INFO Start training: 3668 batches/epoch
2024-10-23 23:42:25,025 P314570 INFO ************ Epoch=1 start ************
2024-10-23 23:44:36,810 P314570 INFO Train loss: 0.461341
2024-10-23 23:44:36,810 P314570 INFO Evaluation @epoch 1 - batch 3668: 
2024-10-23 23:44:48,975 P314570 INFO ===
2024-10-23 23:44:48,976 P314570 INFO [Metrics] AUC: 0.805183 - logloss: 0.446065
2024-10-23 23:44:48,982 P314570 INFO Save best model: monitor(max)=0.805183
2024-10-23 23:44:49,583 P314570 INFO ************ Epoch=1 end ************
2024-10-23 23:47:00,804 P314570 INFO Train loss: 0.454186
2024-10-23 23:47:00,804 P314570 INFO Evaluation @epoch 2 - batch 3668: 
2024-10-23 23:47:13,035 P314570 INFO ===
2024-10-23 23:47:13,035 P314570 INFO [Metrics] AUC: 0.808316 - logloss: 0.443213
2024-10-23 23:47:13,045 P314570 INFO Save best model: monitor(max)=0.808316
2024-10-23 23:47:13,762 P314570 INFO ************ Epoch=2 end ************
2024-10-23 23:49:25,010 P314570 INFO Train loss: 0.452128
2024-10-23 23:49:25,010 P314570 INFO Evaluation @epoch 3 - batch 3668: 
2024-10-23 23:49:37,224 P314570 INFO ===
2024-10-23 23:49:37,224 P314570 INFO [Metrics] AUC: 0.809686 - logloss: 0.442073
2024-10-23 23:49:37,234 P314570 INFO Save best model: monitor(max)=0.809686
2024-10-23 23:49:37,921 P314570 INFO ************ Epoch=3 end ************
2024-10-23 23:51:48,767 P314570 INFO Train loss: 0.450876
2024-10-23 23:51:48,767 P314570 INFO Evaluation @epoch 4 - batch 3668: 
2024-10-23 23:52:01,360 P314570 INFO ===
2024-10-23 23:52:01,360 P314570 INFO [Metrics] AUC: 0.810244 - logloss: 0.441320
2024-10-23 23:52:01,370 P314570 INFO Save best model: monitor(max)=0.810244
2024-10-23 23:52:02,214 P314570 INFO ************ Epoch=4 end ************
2024-10-23 23:54:12,567 P314570 INFO Train loss: 0.450024
2024-10-23 23:54:12,567 P314570 INFO Evaluation @epoch 5 - batch 3668: 
2024-10-23 23:54:24,984 P314570 INFO ===
2024-10-23 23:54:24,984 P314570 INFO [Metrics] AUC: 0.810752 - logloss: 0.440948
2024-10-23 23:54:24,995 P314570 INFO Save best model: monitor(max)=0.810752
2024-10-23 23:54:25,739 P314570 INFO ************ Epoch=5 end ************
2024-10-23 23:56:36,800 P314570 INFO Train loss: 0.449365
2024-10-23 23:56:36,801 P314570 INFO Evaluation @epoch 6 - batch 3668: 
2024-10-23 23:56:49,269 P314570 INFO ===
2024-10-23 23:56:49,269 P314570 INFO [Metrics] AUC: 0.810736 - logloss: 0.440868
2024-10-23 23:56:49,279 P314570 INFO Monitor(max)=0.810736 STOP!
2024-10-23 23:56:49,279 P314570 INFO Reduce learning rate on plateau: 0.000100
2024-10-23 23:56:49,826 P314570 INFO ************ Epoch=6 end ************
2024-10-23 23:59:00,603 P314570 INFO Train loss: 0.437620
2024-10-23 23:59:00,604 P314570 INFO Evaluation @epoch 7 - batch 3668: 
2024-10-23 23:59:13,116 P314570 INFO ===
2024-10-23 23:59:13,116 P314570 INFO [Metrics] AUC: 0.813657 - logloss: 0.438221
2024-10-23 23:59:13,126 P314570 INFO Save best model: monitor(max)=0.813657
2024-10-23 23:59:13,804 P314570 INFO ************ Epoch=7 end ************
2024-10-24 00:01:25,081 P314570 INFO Train loss: 0.433015
2024-10-24 00:01:25,081 P314570 INFO Evaluation @epoch 8 - batch 3668: 
2024-10-24 00:01:37,674 P314570 INFO ===
2024-10-24 00:01:37,675 P314570 INFO [Metrics] AUC: 0.813818 - logloss: 0.438243
2024-10-24 00:01:37,685 P314570 INFO Save best model: monitor(max)=0.813818
2024-10-24 00:01:38,398 P314570 INFO ************ Epoch=8 end ************
2024-10-24 00:03:49,614 P314570 INFO Train loss: 0.430796
2024-10-24 00:03:49,614 P314570 INFO Evaluation @epoch 9 - batch 3668: 
2024-10-24 00:04:02,174 P314570 INFO ===
2024-10-24 00:04:02,174 P314570 INFO [Metrics] AUC: 0.813640 - logloss: 0.438481
2024-10-24 00:04:02,184 P314570 INFO Monitor(max)=0.813640 STOP!
2024-10-24 00:04:02,184 P314570 INFO Reduce learning rate on plateau: 0.000010
2024-10-24 00:04:02,812 P314570 INFO ************ Epoch=9 end ************
2024-10-24 00:06:13,369 P314570 INFO Train loss: 0.426487
2024-10-24 00:06:13,369 P314570 INFO Evaluation @epoch 10 - batch 3668: 
2024-10-24 00:06:25,800 P314570 INFO ===
2024-10-24 00:06:25,800 P314570 INFO [Metrics] AUC: 0.813134 - logloss: 0.439343
2024-10-24 00:06:25,811 P314570 INFO Monitor(max)=0.813134 STOP!
2024-10-24 00:06:25,811 P314570 INFO Reduce learning rate on plateau: 0.000001
2024-10-24 00:06:25,811 P314570 INFO ********* Epoch==10 early stop *********
2024-10-24 00:06:26,457 P314570 INFO Training finished.
2024-10-24 00:06:26,457 P314570 INFO Load best model: /root/autodl-tmp/model_zoo/QNN/QNN_torch/checkpoints/Criteo_x4_10_h5/QNN_Criteo_006_318ec3e7.model
2024-10-24 00:06:26,493 P314570 INFO ****** Validation evaluation ******
2024-10-24 00:06:39,190 P314570 INFO ===
2024-10-24 00:06:39,191 P314570 INFO [Metrics] logloss: 0.438243 - AUC: 0.813818
2024-10-24 00:06:39,957 P314570 INFO ******** Test evaluation ********
2024-10-24 00:06:39,957 P314570 INFO Loading data...
2024-10-24 00:06:39,957 P314570 INFO Loading data from h5: ../../../data/Criteo_x4_10_h5/test.h5
2024-10-24 00:06:41,989 P314570 INFO Test samples: total/4584062, blocks/1
2024-10-24 00:06:41,989 P314570 INFO Loading test data done.
2024-10-24 00:06:52,633 P314570 INFO ===
2024-10-24 00:06:52,633 P314570 INFO [Metrics] logloss: 0.437869 - AUC: 0.814228
