2024-10-23 19:50:30,755 P1400 INFO Params: {
    "batch_norm": "False",
    "batch_size": "10000",
    "data_format": "h5",
    "data_root": "../../../data/",
    "dataset_id": "Criteo_x4_10_h5",
    "debug_mode": "False",
    "early_stop_patience": "2",
    "embedding_dim": "16",
    "embedding_regularizer": "1e-05",
    "epochs": "100",
    "eval_steps": "None",
    "feature_cols": "[{'active': True, 'dtype': 'float', 'fill_na': 0, 'na_value': 0, 'name': ['I1', 'I2', 'I3', 'I4', 'I5', 'I6', 'I7', 'I8', 'I9', 'I10', 'I11', 'I12', 'I13'], 'preprocess': 'convert_to_bucket', 'type': 'categorical'}, {'active': True, 'dtype': 'str', 'fill_na': '', 'na_value': '', 'name': ['C1', 'C2', 'C3', 'C4', 'C5', 'C6', 'C7', 'C8', 'C9', 'C10', 'C11', 'C12', 'C13', 'C14', 'C15', 'C16', 'C17', 'C18', 'C19', 'C20', 'C21', 'C22', 'C23', 'C24', 'C25', 'C26'], 'type': 'categorical'}]",
    "feature_config": "None",
    "feature_specs": "None",
    "gpu": "0",
    "group_id": "None",
    "hidden_activations": "ReLU",
    "label_col": "{'dtype': 'float', 'name': 'Label'}",
    "learning_rate": "0.001",
    "loss": "binary_crossentropy",
    "metrics": "['logloss', 'AUC']",
    "min_categr_count": "10",
    "model": "QNN",
    "model_id": "QNN_Criteo_001_6950ad75",
    "model_root": "./checkpoints/",
    "monitor": "{'AUC': 1, 'logloss': 0}",
    "monitor_mode": "max",
    "net_dropout": "0.1",
    "net_regularizer": "0",
    "neuron_type": "T18",
    "num_cross_layers": "3",
    "num_workers": "8",
    "optimizer": "adam",
    "pickle_feature_encoder": "True",
    "save_best_only": "True",
    "seed": "2024",
    "shuffle": "True",
    "task": "binary_classification",
    "test_data": "../../../data/Criteo_x4_10_h5/test.h5",
    "train_data": "../../../data/Criteo_x4_10_h5/train.h5",
    "use_features": "None",
    "valid_data": "../../../data/Criteo_x4_10_h5/valid.h5",
    "verbose": "1"
}
2024-10-23 19:50:30,756 P1400 INFO Load feature_map from json: ../../../data/Criteo_x4_10_h5/feature_map.json
2024-10-23 19:50:30,756 P1400 INFO Set column index...
2024-10-23 19:50:30,756 P1400 INFO Feature specs: {
    "C1": "{'source': '', 'type': 'categorical', 'padding_idx': 0, 'oov_idx': 1445, 'vocab_size': 1446}",
    "C10": "{'source': '', 'type': 'categorical', 'padding_idx': 0, 'oov_idx': 39529, 'vocab_size': 39530}",
    "C11": "{'source': '', 'type': 'categorical', 'padding_idx': 0, 'oov_idx': 5130, 'vocab_size': 5131}",
    "C12": "{'source': '', 'type': 'categorical', 'padding_idx': 0, 'oov_idx': 156655, 'vocab_size': 156656}",
    "C13": "{'source': '', 'type': 'categorical', 'padding_idx': 0, 'oov_idx': 3175, 'vocab_size': 3176}",
    "C14": "{'source': '', 'type': 'categorical', 'padding_idx': 0, 'oov_idx': 27, 'vocab_size': 28}",
    "C15": "{'source': '', 'type': 'categorical', 'padding_idx': 0, 'oov_idx': 11042, 'vocab_size': 11043}",
    "C16": "{'source': '', 'type': 'categorical', 'padding_idx': 0, 'oov_idx': 148912, 'vocab_size': 148913}",
    "C17": "{'source': '', 'type': 'categorical', 'padding_idx': 0, 'oov_idx': 11, 'vocab_size': 12}",
    "C18": "{'source': '', 'type': 'categorical', 'padding_idx': 0, 'oov_idx': 4559, 'vocab_size': 4560}",
    "C19": "{'source': '', 'type': 'categorical', 'padding_idx': 0, 'oov_idx': 2002, 'vocab_size': 2003}",
    "C2": "{'source': '', 'type': 'categorical', 'padding_idx': 0, 'oov_idx': 553, 'vocab_size': 554}",
    "C20": "{'source': '', 'type': 'categorical', 'padding_idx': 0, 'oov_idx': 4, 'vocab_size': 5}",
    "C21": "{'source': '', 'type': 'categorical', 'padding_idx': 0, 'oov_idx': 154563, 'vocab_size': 154564}",
    "C22": "{'source': '', 'type': 'categorical', 'padding_idx': 0, 'oov_idx': 17, 'vocab_size': 18}",
    "C23": "{'source': '', 'type': 'categorical', 'padding_idx': 0, 'oov_idx': 16, 'vocab_size': 17}",
    "C24": "{'source': '', 'type': 'categorical', 'padding_idx': 0, 'oov_idx': 53030, 'vocab_size': 53031}",
    "C25": "{'source': '', 'type': 'categorical', 'padding_idx': 0, 'oov_idx': 81, 'vocab_size': 82}",
    "C26": "{'source': '', 'type': 'categorical', 'padding_idx': 0, 'oov_idx': 40954, 'vocab_size': 40955}",
    "C3": "{'source': '', 'type': 'categorical', 'padding_idx': 0, 'oov_idx': 157338, 'vocab_size': 157339}",
    "C4": "{'source': '', 'type': 'categorical', 'padding_idx': 0, 'oov_idx': 117821, 'vocab_size': 117822}",
    "C5": "{'source': '', 'type': 'categorical', 'padding_idx': 0, 'oov_idx': 305, 'vocab_size': 306}",
    "C6": "{'source': '', 'type': 'categorical', 'padding_idx': 0, 'oov_idx': 17, 'vocab_size': 18}",
    "C7": "{'source': '', 'type': 'categorical', 'padding_idx': 0, 'oov_idx': 11881, 'vocab_size': 11882}",
    "C8": "{'source': '', 'type': 'categorical', 'padding_idx': 0, 'oov_idx': 629, 'vocab_size': 630}",
    "C9": "{'source': '', 'type': 'categorical', 'padding_idx': 0, 'oov_idx': 4, 'vocab_size': 5}",
    "I1": "{'source': '', 'type': 'categorical', 'padding_idx': 0, 'oov_idx': 43, 'vocab_size': 44}",
    "I10": "{'source': '', 'type': 'categorical', 'padding_idx': 0, 'oov_idx': 5, 'vocab_size': 6}",
    "I11": "{'source': '', 'type': 'categorical', 'padding_idx': 0, 'oov_idx': 26, 'vocab_size': 27}",
    "I12": "{'source': '', 'type': 'categorical', 'padding_idx': 0, 'oov_idx': 36, 'vocab_size': 37}",
    "I13": "{'source': '', 'type': 'categorical', 'padding_idx': 0, 'oov_idx': 71, 'vocab_size': 72}",
    "I2": "{'source': '', 'type': 'categorical', 'padding_idx': 0, 'oov_idx': 98, 'vocab_size': 99}",
    "I3": "{'source': '', 'type': 'categorical', 'padding_idx': 0, 'oov_idx': 121, 'vocab_size': 122}",
    "I4": "{'source': '', 'type': 'categorical', 'padding_idx': 0, 'oov_idx': 40, 'vocab_size': 41}",
    "I5": "{'source': '', 'type': 'categorical', 'padding_idx': 0, 'oov_idx': 219, 'vocab_size': 220}",
    "I6": "{'source': '', 'type': 'categorical', 'padding_idx': 0, 'oov_idx': 111, 'vocab_size': 112}",
    "I7": "{'source': '', 'type': 'categorical', 'padding_idx': 0, 'oov_idx': 79, 'vocab_size': 80}",
    "I8": "{'source': '', 'type': 'categorical', 'padding_idx': 0, 'oov_idx': 68, 'vocab_size': 69}",
    "I9": "{'source': '', 'type': 'categorical', 'padding_idx': 0, 'oov_idx': 91, 'vocab_size': 92}"
}
2024-10-23 19:50:34,506 P1400 INFO Total number of parameters: 18080705.
2024-10-23 19:50:34,506 P1400 INFO Loading data...
2024-10-23 19:50:34,506 P1400 INFO Loading data from h5: ../../../data/Criteo_x4_10_h5/train.h5
2024-10-23 19:50:50,257 P1400 INFO Train samples: total/36672493, blocks/1
2024-10-23 19:50:50,258 P1400 INFO Loading data from h5: ../../../data/Criteo_x4_10_h5/valid.h5
2024-10-23 19:50:52,371 P1400 INFO Validation samples: total/4584062, blocks/1
2024-10-23 19:50:52,372 P1400 INFO Loading train and validation data done.
2024-10-23 19:50:52,372 P1400 INFO Start training: 3668 batches/epoch
2024-10-23 19:50:52,372 P1400 INFO ************ Epoch=1 start ************
2024-10-23 19:53:09,098 P1400 INFO Train loss: 0.458313
2024-10-23 19:53:09,098 P1400 INFO Evaluation @epoch 1 - batch 3668: 
2024-10-23 19:53:21,216 P1400 INFO ===
2024-10-23 19:53:21,216 P1400 INFO [Metrics] AUC: 0.807083 - logloss: 0.444561
2024-10-23 19:53:21,223 P1400 INFO Save best model: monitor(max)=0.807083
2024-10-23 19:53:21,818 P1400 INFO ************ Epoch=1 end ************
2024-10-23 19:55:39,611 P1400 INFO Train loss: 0.451706
2024-10-23 19:55:39,612 P1400 INFO Evaluation @epoch 2 - batch 3668: 
2024-10-23 19:55:51,622 P1400 INFO ===
2024-10-23 19:55:51,622 P1400 INFO [Metrics] AUC: 0.809769 - logloss: 0.441953
2024-10-23 19:55:51,632 P1400 INFO Save best model: monitor(max)=0.809769
2024-10-23 19:55:52,244 P1400 INFO ************ Epoch=2 end ************
2024-10-23 19:58:09,931 P1400 INFO Train loss: 0.449902
2024-10-23 19:58:09,931 P1400 INFO Evaluation @epoch 3 - batch 3668: 
2024-10-23 19:58:22,151 P1400 INFO ===
2024-10-23 19:58:22,152 P1400 INFO [Metrics] AUC: 0.810881 - logloss: 0.440993
2024-10-23 19:58:22,162 P1400 INFO Save best model: monitor(max)=0.810881
2024-10-23 19:58:22,788 P1400 INFO ************ Epoch=3 end ************
2024-10-23 20:00:39,895 P1400 INFO Train loss: 0.448803
2024-10-23 20:00:39,895 P1400 INFO Evaluation @epoch 4 - batch 3668: 
2024-10-23 20:00:51,952 P1400 INFO ===
2024-10-23 20:00:51,952 P1400 INFO [Metrics] AUC: 0.811107 - logloss: 0.441443
2024-10-23 20:00:51,961 P1400 INFO Save best model: monitor(max)=0.811107
2024-10-23 20:00:52,581 P1400 INFO ************ Epoch=4 end ************
2024-10-23 20:03:10,148 P1400 INFO Train loss: 0.448036
2024-10-23 20:03:10,148 P1400 INFO Evaluation @epoch 5 - batch 3668: 
2024-10-23 20:03:21,916 P1400 INFO ===
2024-10-23 20:03:21,916 P1400 INFO [Metrics] AUC: 0.811407 - logloss: 0.440345
2024-10-23 20:03:21,927 P1400 INFO Save best model: monitor(max)=0.811407
2024-10-23 20:03:22,558 P1400 INFO ************ Epoch=5 end ************
2024-10-23 20:05:39,622 P1400 INFO Train loss: 0.447285
2024-10-23 20:05:39,623 P1400 INFO Evaluation @epoch 6 - batch 3668: 
2024-10-23 20:05:51,919 P1400 INFO ===
2024-10-23 20:05:51,919 P1400 INFO [Metrics] AUC: 0.811549 - logloss: 0.440975
2024-10-23 20:05:51,929 P1400 INFO Save best model: monitor(max)=0.811549
2024-10-23 20:05:52,514 P1400 INFO ************ Epoch=6 end ************
2024-10-23 20:08:10,454 P1400 INFO Train loss: 0.446661
2024-10-23 20:08:10,454 P1400 INFO Evaluation @epoch 7 - batch 3668: 
2024-10-23 20:08:22,727 P1400 INFO ===
2024-10-23 20:08:22,727 P1400 INFO [Metrics] AUC: 0.811249 - logloss: 0.440506
2024-10-23 20:08:22,737 P1400 INFO Monitor(max)=0.811249 STOP!
2024-10-23 20:08:22,737 P1400 INFO Reduce learning rate on plateau: 0.000100
2024-10-23 20:08:23,305 P1400 INFO ************ Epoch=7 end ************
2024-10-23 20:10:39,987 P1400 INFO Train loss: 0.433233
2024-10-23 20:10:39,987 P1400 INFO Evaluation @epoch 8 - batch 3668: 
2024-10-23 20:10:52,037 P1400 INFO ===
2024-10-23 20:10:52,037 P1400 INFO [Metrics] AUC: 0.812345 - logloss: 0.439517
2024-10-23 20:10:52,047 P1400 INFO Save best model: monitor(max)=0.812345
2024-10-23 20:10:52,689 P1400 INFO ************ Epoch=8 end ************
2024-10-23 20:13:10,224 P1400 INFO Train loss: 0.427838
2024-10-23 20:13:10,224 P1400 INFO Evaluation @epoch 9 - batch 3668: 
2024-10-23 20:13:22,409 P1400 INFO ===
2024-10-23 20:13:22,409 P1400 INFO [Metrics] AUC: 0.811918 - logloss: 0.440119
2024-10-23 20:13:22,419 P1400 INFO Monitor(max)=0.811918 STOP!
2024-10-23 20:13:22,419 P1400 INFO Reduce learning rate on plateau: 0.000010
2024-10-23 20:13:23,035 P1400 INFO ************ Epoch=9 end ************
2024-10-23 20:15:40,227 P1400 INFO Train loss: 0.422549
2024-10-23 20:15:40,227 P1400 INFO Evaluation @epoch 10 - batch 3668: 
2024-10-23 20:15:52,371 P1400 INFO ===
2024-10-23 20:15:52,371 P1400 INFO [Metrics] AUC: 0.811012 - logloss: 0.441459
2024-10-23 20:15:52,381 P1400 INFO Monitor(max)=0.811012 STOP!
2024-10-23 20:15:52,381 P1400 INFO Reduce learning rate on plateau: 0.000001
2024-10-23 20:15:52,381 P1400 INFO ********* Epoch==10 early stop *********
2024-10-23 20:15:52,926 P1400 INFO Training finished.
2024-10-23 20:15:52,926 P1400 INFO Load best model: /root/autodl-tmp/model_zoo/QNN/QNN_torch/checkpoints/Criteo_x4_10_h5/QNN_Criteo_001_6950ad75.model
2024-10-23 20:15:52,987 P1400 INFO ****** Validation evaluation ******
2024-10-23 20:16:05,155 P1400 INFO ===
2024-10-23 20:16:05,155 P1400 INFO [Metrics] logloss: 0.439517 - AUC: 0.812345
2024-10-23 20:16:05,735 P1400 INFO ******** Test evaluation ********
2024-10-23 20:16:05,735 P1400 INFO Loading data...
2024-10-23 20:16:05,736 P1400 INFO Loading data from h5: ../../../data/Criteo_x4_10_h5/test.h5
2024-10-23 20:16:07,853 P1400 INFO Test samples: total/4584062, blocks/1
2024-10-23 20:16:07,853 P1400 INFO Loading test data done.
2024-10-23 20:16:19,054 P1400 INFO ===
2024-10-23 20:16:19,054 P1400 INFO [Metrics] logloss: 0.439158 - AUC: 0.812735
