2024-10-23 12:42:00,852 P6734 INFO Params: {
    "batch_norm": "False",
    "batch_size": "10000",
    "data_format": "h5",
    "data_root": "../../../data/",
    "dataset_id": "Criteo_x4_10_h5",
    "debug_mode": "False",
    "early_stop_patience": "2",
    "embedding_dim": "16",
    "embedding_regularizer": "1e-05",
    "epochs": "100",
    "eval_steps": "None",
    "feature_cols": "[{'active': True, 'dtype': 'float', 'fill_na': 0, 'na_value': 0, 'name': ['I1', 'I2', 'I3', 'I4', 'I5', 'I6', 'I7', 'I8', 'I9', 'I10', 'I11', 'I12', 'I13'], 'preprocess': 'convert_to_bucket', 'type': 'categorical'}, {'active': True, 'dtype': 'str', 'fill_na': '', 'na_value': '', 'name': ['C1', 'C2', 'C3', 'C4', 'C5', 'C6', 'C7', 'C8', 'C9', 'C10', 'C11', 'C12', 'C13', 'C14', 'C15', 'C16', 'C17', 'C18', 'C19', 'C20', 'C21', 'C22', 'C23', 'C24', 'C25', 'C26'], 'type': 'categorical'}]",
    "feature_config": "None",
    "feature_specs": "None",
    "gpu": "0",
    "group_id": "None",
    "hidden_activations": "ReLU",
    "label_col": "{'dtype': 'float', 'name': 'Label'}",
    "learning_rate": "0.001",
    "loss": "binary_crossentropy",
    "metrics": "['logloss', 'AUC']",
    "min_categr_count": "10",
    "model": "QNN_add",
    "model_id": "QNN_add_Criteo_001_858fa999",
    "model_root": "./checkpoints/",
    "monitor": "{'AUC': 1, 'logloss': 0}",
    "monitor_mode": "max",
    "net_dropout": "0.1",
    "net_regularizer": "0",
    "neuron_type": "T9",
    "num_cross_layers": "3",
    "num_workers": "8",
    "optimizer": "adam",
    "pickle_feature_encoder": "True",
    "save_best_only": "True",
    "seed": "2024",
    "shuffle": "True",
    "task": "binary_classification",
    "test_data": "../../../data/Criteo_x4_10_h5/test.h5",
    "train_data": "../../../data/Criteo_x4_10_h5/train.h5",
    "use_features": "None",
    "valid_data": "../../../data/Criteo_x4_10_h5/valid.h5",
    "verbose": "1"
}
2024-10-23 12:42:00,853 P6734 INFO Load feature_map from json: ../../../data/Criteo_x4_10_h5/feature_map.json
2024-10-23 12:42:00,853 P6734 INFO Set column index...
2024-10-23 12:42:00,853 P6734 INFO Feature specs: {
    "C1": "{'source': '', 'type': 'categorical', 'padding_idx': 0, 'oov_idx': 1445, 'vocab_size': 1446}",
    "C10": "{'source': '', 'type': 'categorical', 'padding_idx': 0, 'oov_idx': 39529, 'vocab_size': 39530}",
    "C11": "{'source': '', 'type': 'categorical', 'padding_idx': 0, 'oov_idx': 5130, 'vocab_size': 5131}",
    "C12": "{'source': '', 'type': 'categorical', 'padding_idx': 0, 'oov_idx': 156655, 'vocab_size': 156656}",
    "C13": "{'source': '', 'type': 'categorical', 'padding_idx': 0, 'oov_idx': 3175, 'vocab_size': 3176}",
    "C14": "{'source': '', 'type': 'categorical', 'padding_idx': 0, 'oov_idx': 27, 'vocab_size': 28}",
    "C15": "{'source': '', 'type': 'categorical', 'padding_idx': 0, 'oov_idx': 11042, 'vocab_size': 11043}",
    "C16": "{'source': '', 'type': 'categorical', 'padding_idx': 0, 'oov_idx': 148912, 'vocab_size': 148913}",
    "C17": "{'source': '', 'type': 'categorical', 'padding_idx': 0, 'oov_idx': 11, 'vocab_size': 12}",
    "C18": "{'source': '', 'type': 'categorical', 'padding_idx': 0, 'oov_idx': 4559, 'vocab_size': 4560}",
    "C19": "{'source': '', 'type': 'categorical', 'padding_idx': 0, 'oov_idx': 2002, 'vocab_size': 2003}",
    "C2": "{'source': '', 'type': 'categorical', 'padding_idx': 0, 'oov_idx': 553, 'vocab_size': 554}",
    "C20": "{'source': '', 'type': 'categorical', 'padding_idx': 0, 'oov_idx': 4, 'vocab_size': 5}",
    "C21": "{'source': '', 'type': 'categorical', 'padding_idx': 0, 'oov_idx': 154563, 'vocab_size': 154564}",
    "C22": "{'source': '', 'type': 'categorical', 'padding_idx': 0, 'oov_idx': 17, 'vocab_size': 18}",
    "C23": "{'source': '', 'type': 'categorical', 'padding_idx': 0, 'oov_idx': 16, 'vocab_size': 17}",
    "C24": "{'source': '', 'type': 'categorical', 'padding_idx': 0, 'oov_idx': 53030, 'vocab_size': 53031}",
    "C25": "{'source': '', 'type': 'categorical', 'padding_idx': 0, 'oov_idx': 81, 'vocab_size': 82}",
    "C26": "{'source': '', 'type': 'categorical', 'padding_idx': 0, 'oov_idx': 40954, 'vocab_size': 40955}",
    "C3": "{'source': '', 'type': 'categorical', 'padding_idx': 0, 'oov_idx': 157338, 'vocab_size': 157339}",
    "C4": "{'source': '', 'type': 'categorical', 'padding_idx': 0, 'oov_idx': 117821, 'vocab_size': 117822}",
    "C5": "{'source': '', 'type': 'categorical', 'padding_idx': 0, 'oov_idx': 305, 'vocab_size': 306}",
    "C6": "{'source': '', 'type': 'categorical', 'padding_idx': 0, 'oov_idx': 17, 'vocab_size': 18}",
    "C7": "{'source': '', 'type': 'categorical', 'padding_idx': 0, 'oov_idx': 11881, 'vocab_size': 11882}",
    "C8": "{'source': '', 'type': 'categorical', 'padding_idx': 0, 'oov_idx': 629, 'vocab_size': 630}",
    "C9": "{'source': '', 'type': 'categorical', 'padding_idx': 0, 'oov_idx': 4, 'vocab_size': 5}",
    "I1": "{'source': '', 'type': 'categorical', 'padding_idx': 0, 'oov_idx': 43, 'vocab_size': 44}",
    "I10": "{'source': '', 'type': 'categorical', 'padding_idx': 0, 'oov_idx': 5, 'vocab_size': 6}",
    "I11": "{'source': '', 'type': 'categorical', 'padding_idx': 0, 'oov_idx': 26, 'vocab_size': 27}",
    "I12": "{'source': '', 'type': 'categorical', 'padding_idx': 0, 'oov_idx': 36, 'vocab_size': 37}",
    "I13": "{'source': '', 'type': 'categorical', 'padding_idx': 0, 'oov_idx': 71, 'vocab_size': 72}",
    "I2": "{'source': '', 'type': 'categorical', 'padding_idx': 0, 'oov_idx': 98, 'vocab_size': 99}",
    "I3": "{'source': '', 'type': 'categorical', 'padding_idx': 0, 'oov_idx': 121, 'vocab_size': 122}",
    "I4": "{'source': '', 'type': 'categorical', 'padding_idx': 0, 'oov_idx': 40, 'vocab_size': 41}",
    "I5": "{'source': '', 'type': 'categorical', 'padding_idx': 0, 'oov_idx': 219, 'vocab_size': 220}",
    "I6": "{'source': '', 'type': 'categorical', 'padding_idx': 0, 'oov_idx': 111, 'vocab_size': 112}",
    "I7": "{'source': '', 'type': 'categorical', 'padding_idx': 0, 'oov_idx': 79, 'vocab_size': 80}",
    "I8": "{'source': '', 'type': 'categorical', 'padding_idx': 0, 'oov_idx': 68, 'vocab_size': 69}",
    "I9": "{'source': '', 'type': 'categorical', 'padding_idx': 0, 'oov_idx': 91, 'vocab_size': 92}"
}
2024-10-23 12:42:04,614 P6734 INFO Total number of parameters: 15742577.
2024-10-23 12:42:04,614 P6734 INFO Loading data...
2024-10-23 12:42:04,614 P6734 INFO Loading data from h5: ../../../data/Criteo_x4_10_h5/train.h5
2024-10-23 12:42:20,413 P6734 INFO Train samples: total/36672493, blocks/1
2024-10-23 12:42:20,414 P6734 INFO Loading data from h5: ../../../data/Criteo_x4_10_h5/valid.h5
2024-10-23 12:42:22,415 P6734 INFO Validation samples: total/4584062, blocks/1
2024-10-23 12:42:22,415 P6734 INFO Loading train and validation data done.
2024-10-23 12:42:22,415 P6734 INFO Start training: 3668 batches/epoch
2024-10-23 12:42:22,415 P6734 INFO ************ Epoch=1 start ************
2024-10-23 12:44:26,575 P6734 INFO Train loss: 0.463236
2024-10-23 12:44:26,575 P6734 INFO Evaluation @epoch 1 - batch 3668: 
2024-10-23 12:44:37,897 P6734 INFO ===
2024-10-23 12:44:37,898 P6734 INFO [Metrics] AUC: 0.803564 - logloss: 0.447404
2024-10-23 12:44:37,904 P6734 INFO Save best model: monitor(max)=0.803564
2024-10-23 12:44:38,540 P6734 INFO ************ Epoch=1 end ************
2024-10-23 12:46:42,767 P6734 INFO Train loss: 0.455152
2024-10-23 12:46:42,767 P6734 INFO Evaluation @epoch 2 - batch 3668: 
2024-10-23 12:46:54,074 P6734 INFO ===
2024-10-23 12:46:54,074 P6734 INFO [Metrics] AUC: 0.807067 - logloss: 0.444281
2024-10-23 12:46:54,084 P6734 INFO Save best model: monitor(max)=0.807067
2024-10-23 12:46:54,694 P6734 INFO ************ Epoch=2 end ************
2024-10-23 12:48:58,547 P6734 INFO Train loss: 0.453199
2024-10-23 12:48:58,547 P6734 INFO Evaluation @epoch 3 - batch 3668: 
2024-10-23 12:49:09,682 P6734 INFO ===
2024-10-23 12:49:09,682 P6734 INFO [Metrics] AUC: 0.808920 - logloss: 0.442576
2024-10-23 12:49:09,692 P6734 INFO Save best model: monitor(max)=0.808920
2024-10-23 12:49:10,298 P6734 INFO ************ Epoch=3 end ************
2024-10-23 12:51:14,396 P6734 INFO Train loss: 0.452008
2024-10-23 12:51:14,397 P6734 INFO Evaluation @epoch 4 - batch 3668: 
2024-10-23 12:51:25,531 P6734 INFO ===
2024-10-23 12:51:25,532 P6734 INFO [Metrics] AUC: 0.809844 - logloss: 0.441704
2024-10-23 12:51:25,542 P6734 INFO Save best model: monitor(max)=0.809844
2024-10-23 12:51:26,104 P6734 INFO ************ Epoch=4 end ************
2024-10-23 12:53:30,607 P6734 INFO Train loss: 0.451234
2024-10-23 12:53:30,607 P6734 INFO Evaluation @epoch 5 - batch 3668: 
2024-10-23 12:53:41,539 P6734 INFO ===
2024-10-23 12:53:41,539 P6734 INFO [Metrics] AUC: 0.810402 - logloss: 0.441209
2024-10-23 12:53:41,548 P6734 INFO Save best model: monitor(max)=0.810402
2024-10-23 12:53:42,080 P6734 INFO ************ Epoch=5 end ************
2024-10-23 12:55:47,561 P6734 INFO Train loss: 0.450649
2024-10-23 12:55:47,561 P6734 INFO Evaluation @epoch 6 - batch 3668: 
2024-10-23 12:55:58,210 P6734 INFO ===
2024-10-23 12:55:58,210 P6734 INFO [Metrics] AUC: 0.810785 - logloss: 0.440964
2024-10-23 12:55:58,219 P6734 INFO Save best model: monitor(max)=0.810785
2024-10-23 12:55:58,796 P6734 INFO ************ Epoch=6 end ************
2024-10-23 12:58:04,218 P6734 INFO Train loss: 0.450179
2024-10-23 12:58:04,218 P6734 INFO Evaluation @epoch 7 - batch 3668: 
2024-10-23 12:58:15,060 P6734 INFO ===
2024-10-23 12:58:15,060 P6734 INFO [Metrics] AUC: 0.811076 - logloss: 0.440573
2024-10-23 12:58:15,070 P6734 INFO Save best model: monitor(max)=0.811076
2024-10-23 12:58:15,626 P6734 INFO ************ Epoch=7 end ************
2024-10-23 13:00:20,279 P6734 INFO Train loss: 0.449817
2024-10-23 13:00:20,279 P6734 INFO Evaluation @epoch 8 - batch 3668: 
2024-10-23 13:00:31,069 P6734 INFO ===
2024-10-23 13:00:31,069 P6734 INFO [Metrics] AUC: 0.811224 - logloss: 0.440488
2024-10-23 13:00:31,079 P6734 INFO Save best model: monitor(max)=0.811224
2024-10-23 13:00:31,645 P6734 INFO ************ Epoch=8 end ************
2024-10-23 13:02:36,965 P6734 INFO Train loss: 0.449469
2024-10-23 13:02:36,966 P6734 INFO Evaluation @epoch 9 - batch 3668: 
2024-10-23 13:02:47,831 P6734 INFO ===
2024-10-23 13:02:47,831 P6734 INFO [Metrics] AUC: 0.811433 - logloss: 0.440241
2024-10-23 13:02:47,841 P6734 INFO Save best model: monitor(max)=0.811433
2024-10-23 13:02:48,393 P6734 INFO ************ Epoch=9 end ************
2024-10-23 13:04:53,843 P6734 INFO Train loss: 0.449186
2024-10-23 13:04:53,843 P6734 INFO Evaluation @epoch 10 - batch 3668: 
2024-10-23 13:05:04,692 P6734 INFO ===
2024-10-23 13:05:04,692 P6734 INFO [Metrics] AUC: 0.811643 - logloss: 0.440088
2024-10-23 13:05:04,702 P6734 INFO Save best model: monitor(max)=0.811643
2024-10-23 13:05:05,274 P6734 INFO ************ Epoch=10 end ************
2024-10-23 13:07:09,692 P6734 INFO Train loss: 0.448938
2024-10-23 13:07:09,692 P6734 INFO Evaluation @epoch 11 - batch 3668: 
2024-10-23 13:07:20,350 P6734 INFO ===
2024-10-23 13:07:20,350 P6734 INFO [Metrics] AUC: 0.811794 - logloss: 0.439956
2024-10-23 13:07:20,360 P6734 INFO Save best model: monitor(max)=0.811794
2024-10-23 13:07:20,960 P6734 INFO ************ Epoch=11 end ************
2024-10-23 13:09:25,604 P6734 INFO Train loss: 0.448721
2024-10-23 13:09:25,605 P6734 INFO Evaluation @epoch 12 - batch 3668: 
2024-10-23 13:09:36,305 P6734 INFO ===
2024-10-23 13:09:36,306 P6734 INFO [Metrics] AUC: 0.811762 - logloss: 0.440023
2024-10-23 13:09:36,315 P6734 INFO Monitor(max)=0.811762 STOP!
2024-10-23 13:09:36,315 P6734 INFO Reduce learning rate on plateau: 0.000100
2024-10-23 13:09:36,833 P6734 INFO ************ Epoch=12 end ************
2024-10-23 13:11:42,130 P6734 INFO Train loss: 0.439549
2024-10-23 13:11:42,130 P6734 INFO Evaluation @epoch 13 - batch 3668: 
2024-10-23 13:11:53,021 P6734 INFO ===
2024-10-23 13:11:53,021 P6734 INFO [Metrics] AUC: 0.814200 - logloss: 0.437701
2024-10-23 13:11:53,031 P6734 INFO Save best model: monitor(max)=0.814200
2024-10-23 13:11:53,629 P6734 INFO ************ Epoch=13 end ************
2024-10-23 13:13:57,866 P6734 INFO Train loss: 0.435980
2024-10-23 13:13:57,866 P6734 INFO Evaluation @epoch 14 - batch 3668: 
2024-10-23 13:14:08,717 P6734 INFO ===
2024-10-23 13:14:08,717 P6734 INFO [Metrics] AUC: 0.814596 - logloss: 0.437324
2024-10-23 13:14:08,727 P6734 INFO Save best model: monitor(max)=0.814596
2024-10-23 13:14:09,323 P6734 INFO ************ Epoch=14 end ************
2024-10-23 13:16:13,061 P6734 INFO Train loss: 0.434416
2024-10-23 13:16:13,061 P6734 INFO Evaluation @epoch 15 - batch 3668: 
2024-10-23 13:16:23,977 P6734 INFO ===
2024-10-23 13:16:23,978 P6734 INFO [Metrics] AUC: 0.814713 - logloss: 0.437249
2024-10-23 13:16:23,988 P6734 INFO Save best model: monitor(max)=0.814713
2024-10-23 13:16:24,591 P6734 INFO ************ Epoch=15 end ************
2024-10-23 13:18:28,434 P6734 INFO Train loss: 0.433318
2024-10-23 13:18:28,435 P6734 INFO Evaluation @epoch 16 - batch 3668: 
2024-10-23 13:18:39,405 P6734 INFO ===
2024-10-23 13:18:39,405 P6734 INFO [Metrics] AUC: 0.814698 - logloss: 0.437275
2024-10-23 13:18:39,415 P6734 INFO Monitor(max)=0.814698 STOP!
2024-10-23 13:18:39,415 P6734 INFO Reduce learning rate on plateau: 0.000010
2024-10-23 13:18:40,021 P6734 INFO ************ Epoch=16 end ************
2024-10-23 13:20:43,318 P6734 INFO Train loss: 0.430333
2024-10-23 13:20:43,318 P6734 INFO Evaluation @epoch 17 - batch 3668: 
2024-10-23 13:20:54,048 P6734 INFO ===
2024-10-23 13:20:54,048 P6734 INFO [Metrics] AUC: 0.814485 - logloss: 0.437571
2024-10-23 13:20:54,059 P6734 INFO Monitor(max)=0.814485 STOP!
2024-10-23 13:20:54,059 P6734 INFO Reduce learning rate on plateau: 0.000001
2024-10-23 13:20:54,059 P6734 INFO ********* Epoch==17 early stop *********
2024-10-23 13:20:54,539 P6734 INFO Training finished.
2024-10-23 13:20:54,539 P6734 INFO Load best model: /root/autodl-tmp/model_zoo/QNN/QNN_torch/checkpoints/Criteo_x4_10_h5/QNN_add_Criteo_001_858fa999.model
2024-10-23 13:20:54,573 P6734 INFO ****** Validation evaluation ******
2024-10-23 13:21:05,068 P6734 INFO ===
2024-10-23 13:21:05,068 P6734 INFO [Metrics] logloss: 0.437249 - AUC: 0.814713
2024-10-23 13:21:05,620 P6734 INFO ******** Test evaluation ********
2024-10-23 13:21:05,620 P6734 INFO Loading data...
2024-10-23 13:21:05,620 P6734 INFO Loading data from h5: ../../../data/Criteo_x4_10_h5/test.h5
2024-10-23 13:21:07,636 P6734 INFO Test samples: total/4584062, blocks/1
2024-10-23 13:21:07,636 P6734 INFO Loading test data done.
2024-10-23 13:21:17,372 P6734 INFO ===
2024-10-23 13:21:17,372 P6734 INFO [Metrics] logloss: 0.436867 - AUC: 0.815145
