2024-10-23 16:46:06,927 P544138 INFO Params: {
    "batch_norm": "False",
    "batch_size": "10000",
    "data_format": "h5",
    "data_root": "../../../data/",
    "dataset_id": "Criteo_x4_10_h5",
    "debug_mode": "False",
    "early_stop_patience": "2",
    "embedding_dim": "16",
    "embedding_regularizer": "1e-05",
    "epochs": "100",
    "eval_steps": "None",
    "feature_cols": "[{'active': True, 'dtype': 'float', 'fill_na': 0, 'na_value': 0, 'name': ['I1', 'I2', 'I3', 'I4', 'I5', 'I6', 'I7', 'I8', 'I9', 'I10', 'I11', 'I12', 'I13'], 'preprocess': 'convert_to_bucket', 'type': 'categorical'}, {'active': True, 'dtype': 'str', 'fill_na': '', 'na_value': '', 'name': ['C1', 'C2', 'C3', 'C4', 'C5', 'C6', 'C7', 'C8', 'C9', 'C10', 'C11', 'C12', 'C13', 'C14', 'C15', 'C16', 'C17', 'C18', 'C19', 'C20', 'C21', 'C22', 'C23', 'C24', 'C25', 'C26'], 'type': 'categorical'}]",
    "feature_config": "None",
    "feature_specs": "None",
    "gpu": "0",
    "group_id": "None",
    "hidden_activations": "None",
    "label_col": "{'dtype': 'float', 'name': 'Label'}",
    "learning_rate": "0.001",
    "loss": "binary_crossentropy",
    "metrics": "['logloss', 'AUC']",
    "min_categr_count": "10",
    "model": "QNN",
    "model_id": "QNN_Criteo_011_73dbadbf",
    "model_root": "./checkpoints/",
    "monitor": "{'AUC': 1, 'logloss': 0}",
    "monitor_mode": "max",
    "net_dropout": "0.1",
    "net_regularizer": "0",
    "neuron_type": "T14",
    "num_cross_layers": "3",
    "num_workers": "8",
    "optimizer": "adam",
    "pickle_feature_encoder": "True",
    "save_best_only": "True",
    "seed": "2024",
    "shuffle": "True",
    "task": "binary_classification",
    "test_data": "../../../data/Criteo_x4_10_h5/test.h5",
    "train_data": "../../../data/Criteo_x4_10_h5/train.h5",
    "use_features": "None",
    "valid_data": "../../../data/Criteo_x4_10_h5/valid.h5",
    "verbose": "1"
}
2024-10-23 16:46:06,927 P544138 INFO Load feature_map from json: ../../../data/Criteo_x4_10_h5/feature_map.json
2024-10-23 16:46:06,927 P544138 INFO Set column index...
2024-10-23 16:46:06,928 P544138 INFO Feature specs: {
    "C1": "{'source': '', 'type': 'categorical', 'padding_idx': 0, 'oov_idx': 1445, 'vocab_size': 1446}",
    "C10": "{'source': '', 'type': 'categorical', 'padding_idx': 0, 'oov_idx': 39529, 'vocab_size': 39530}",
    "C11": "{'source': '', 'type': 'categorical', 'padding_idx': 0, 'oov_idx': 5130, 'vocab_size': 5131}",
    "C12": "{'source': '', 'type': 'categorical', 'padding_idx': 0, 'oov_idx': 156655, 'vocab_size': 156656}",
    "C13": "{'source': '', 'type': 'categorical', 'padding_idx': 0, 'oov_idx': 3175, 'vocab_size': 3176}",
    "C14": "{'source': '', 'type': 'categorical', 'padding_idx': 0, 'oov_idx': 27, 'vocab_size': 28}",
    "C15": "{'source': '', 'type': 'categorical', 'padding_idx': 0, 'oov_idx': 11042, 'vocab_size': 11043}",
    "C16": "{'source': '', 'type': 'categorical', 'padding_idx': 0, 'oov_idx': 148912, 'vocab_size': 148913}",
    "C17": "{'source': '', 'type': 'categorical', 'padding_idx': 0, 'oov_idx': 11, 'vocab_size': 12}",
    "C18": "{'source': '', 'type': 'categorical', 'padding_idx': 0, 'oov_idx': 4559, 'vocab_size': 4560}",
    "C19": "{'source': '', 'type': 'categorical', 'padding_idx': 0, 'oov_idx': 2002, 'vocab_size': 2003}",
    "C2": "{'source': '', 'type': 'categorical', 'padding_idx': 0, 'oov_idx': 553, 'vocab_size': 554}",
    "C20": "{'source': '', 'type': 'categorical', 'padding_idx': 0, 'oov_idx': 4, 'vocab_size': 5}",
    "C21": "{'source': '', 'type': 'categorical', 'padding_idx': 0, 'oov_idx': 154563, 'vocab_size': 154564}",
    "C22": "{'source': '', 'type': 'categorical', 'padding_idx': 0, 'oov_idx': 17, 'vocab_size': 18}",
    "C23": "{'source': '', 'type': 'categorical', 'padding_idx': 0, 'oov_idx': 16, 'vocab_size': 17}",
    "C24": "{'source': '', 'type': 'categorical', 'padding_idx': 0, 'oov_idx': 53030, 'vocab_size': 53031}",
    "C25": "{'source': '', 'type': 'categorical', 'padding_idx': 0, 'oov_idx': 81, 'vocab_size': 82}",
    "C26": "{'source': '', 'type': 'categorical', 'padding_idx': 0, 'oov_idx': 40954, 'vocab_size': 40955}",
    "C3": "{'source': '', 'type': 'categorical', 'padding_idx': 0, 'oov_idx': 157338, 'vocab_size': 157339}",
    "C4": "{'source': '', 'type': 'categorical', 'padding_idx': 0, 'oov_idx': 117821, 'vocab_size': 117822}",
    "C5": "{'source': '', 'type': 'categorical', 'padding_idx': 0, 'oov_idx': 305, 'vocab_size': 306}",
    "C6": "{'source': '', 'type': 'categorical', 'padding_idx': 0, 'oov_idx': 17, 'vocab_size': 18}",
    "C7": "{'source': '', 'type': 'categorical', 'padding_idx': 0, 'oov_idx': 11881, 'vocab_size': 11882}",
    "C8": "{'source': '', 'type': 'categorical', 'padding_idx': 0, 'oov_idx': 629, 'vocab_size': 630}",
    "C9": "{'source': '', 'type': 'categorical', 'padding_idx': 0, 'oov_idx': 4, 'vocab_size': 5}",
    "I1": "{'source': '', 'type': 'categorical', 'padding_idx': 0, 'oov_idx': 43, 'vocab_size': 44}",
    "I10": "{'source': '', 'type': 'categorical', 'padding_idx': 0, 'oov_idx': 5, 'vocab_size': 6}",
    "I11": "{'source': '', 'type': 'categorical', 'padding_idx': 0, 'oov_idx': 26, 'vocab_size': 27}",
    "I12": "{'source': '', 'type': 'categorical', 'padding_idx': 0, 'oov_idx': 36, 'vocab_size': 37}",
    "I13": "{'source': '', 'type': 'categorical', 'padding_idx': 0, 'oov_idx': 71, 'vocab_size': 72}",
    "I2": "{'source': '', 'type': 'categorical', 'padding_idx': 0, 'oov_idx': 98, 'vocab_size': 99}",
    "I3": "{'source': '', 'type': 'categorical', 'padding_idx': 0, 'oov_idx': 121, 'vocab_size': 122}",
    "I4": "{'source': '', 'type': 'categorical', 'padding_idx': 0, 'oov_idx': 40, 'vocab_size': 41}",
    "I5": "{'source': '', 'type': 'categorical', 'padding_idx': 0, 'oov_idx': 219, 'vocab_size': 220}",
    "I6": "{'source': '', 'type': 'categorical', 'padding_idx': 0, 'oov_idx': 111, 'vocab_size': 112}",
    "I7": "{'source': '', 'type': 'categorical', 'padding_idx': 0, 'oov_idx': 79, 'vocab_size': 80}",
    "I8": "{'source': '', 'type': 'categorical', 'padding_idx': 0, 'oov_idx': 68, 'vocab_size': 69}",
    "I9": "{'source': '', 'type': 'categorical', 'padding_idx': 0, 'oov_idx': 91, 'vocab_size': 92}"
}
2024-10-23 16:46:10,741 P544138 INFO Total number of parameters: 15742577.
2024-10-23 16:46:10,741 P544138 INFO Loading data...
2024-10-23 16:46:10,741 P544138 INFO Loading data from h5: ../../../data/Criteo_x4_10_h5/train.h5
2024-10-23 16:46:27,151 P544138 INFO Train samples: total/36672493, blocks/1
2024-10-23 16:46:27,151 P544138 INFO Loading data from h5: ../../../data/Criteo_x4_10_h5/valid.h5
2024-10-23 16:46:29,397 P544138 INFO Validation samples: total/4584062, blocks/1
2024-10-23 16:46:29,398 P544138 INFO Loading train and validation data done.
2024-10-23 16:46:29,398 P544138 INFO Start training: 3668 batches/epoch
2024-10-23 16:46:29,398 P544138 INFO ************ Epoch=1 start ************
2024-10-23 16:48:34,211 P544138 INFO Train loss: 0.460355
2024-10-23 16:48:34,211 P544138 INFO Evaluation @epoch 1 - batch 3668: 
2024-10-23 16:48:46,249 P544138 INFO ===
2024-10-23 16:48:46,249 P544138 INFO [Metrics] AUC: 0.804737 - logloss: 0.446486
2024-10-23 16:48:46,256 P544138 INFO Save best model: monitor(max)=0.804737
2024-10-23 16:48:46,898 P544138 INFO ************ Epoch=1 end ************
2024-10-23 16:50:50,026 P544138 INFO Train loss: 0.453974
2024-10-23 16:50:50,027 P544138 INFO Evaluation @epoch 2 - batch 3668: 
2024-10-23 16:51:01,939 P544138 INFO ===
2024-10-23 16:51:01,939 P544138 INFO [Metrics] AUC: 0.807504 - logloss: 0.443859
2024-10-23 16:51:01,947 P544138 INFO Save best model: monitor(max)=0.807504
2024-10-23 16:51:02,566 P544138 INFO ************ Epoch=2 end ************
2024-10-23 16:53:06,365 P544138 INFO Train loss: 0.452168
2024-10-23 16:53:06,366 P544138 INFO Evaluation @epoch 3 - batch 3668: 
2024-10-23 16:53:18,384 P544138 INFO ===
2024-10-23 16:53:18,385 P544138 INFO [Metrics] AUC: 0.809010 - logloss: 0.442767
2024-10-23 16:53:18,393 P544138 INFO Save best model: monitor(max)=0.809010
2024-10-23 16:53:19,053 P544138 INFO ************ Epoch=3 end ************
2024-10-23 16:55:23,860 P544138 INFO Train loss: 0.451170
2024-10-23 16:55:23,860 P544138 INFO Evaluation @epoch 4 - batch 3668: 
2024-10-23 16:55:36,148 P544138 INFO ===
2024-10-23 16:55:36,148 P544138 INFO [Metrics] AUC: 0.809592 - logloss: 0.442208
2024-10-23 16:55:36,158 P544138 INFO Save best model: monitor(max)=0.809592
2024-10-23 16:55:36,922 P544138 INFO ************ Epoch=4 end ************
2024-10-23 16:57:39,688 P544138 INFO Train loss: 0.450562
2024-10-23 16:57:39,688 P544138 INFO Evaluation @epoch 5 - batch 3668: 
2024-10-23 16:57:52,024 P544138 INFO ===
2024-10-23 16:57:52,024 P544138 INFO [Metrics] AUC: 0.809967 - logloss: 0.441866
2024-10-23 16:57:52,034 P544138 INFO Save best model: monitor(max)=0.809967
2024-10-23 16:57:54,837 P544138 INFO ************ Epoch=5 end ************
2024-10-23 16:59:58,499 P544138 INFO Train loss: 0.450062
2024-10-23 16:59:58,500 P544138 INFO Evaluation @epoch 6 - batch 3668: 
2024-10-23 17:00:10,718 P544138 INFO ===
2024-10-23 17:00:10,718 P544138 INFO [Metrics] AUC: 0.810219 - logloss: 0.441464
2024-10-23 17:00:10,726 P544138 INFO Save best model: monitor(max)=0.810219
2024-10-23 17:00:11,406 P544138 INFO ************ Epoch=6 end ************
2024-10-23 17:02:15,844 P544138 INFO Train loss: 0.449691
2024-10-23 17:02:15,845 P544138 INFO Evaluation @epoch 7 - batch 3668: 
2024-10-23 17:02:27,597 P544138 INFO ===
2024-10-23 17:02:27,597 P544138 INFO [Metrics] AUC: 0.810587 - logloss: 0.441286
2024-10-23 17:02:27,606 P544138 INFO Save best model: monitor(max)=0.810587
2024-10-23 17:02:28,286 P544138 INFO ************ Epoch=7 end ************
2024-10-23 17:04:32,337 P544138 INFO Train loss: 0.449458
2024-10-23 17:04:32,337 P544138 INFO Evaluation @epoch 8 - batch 3668: 
2024-10-23 17:04:44,145 P544138 INFO ===
2024-10-23 17:04:44,145 P544138 INFO [Metrics] AUC: 0.810388 - logloss: 0.441345
2024-10-23 17:04:44,154 P544138 INFO Monitor(max)=0.810388 STOP!
2024-10-23 17:04:44,154 P544138 INFO Reduce learning rate on plateau: 0.000100
2024-10-23 17:04:44,787 P544138 INFO ************ Epoch=8 end ************
2024-10-23 17:06:49,815 P544138 INFO Train loss: 0.438211
2024-10-23 17:06:49,816 P544138 INFO Evaluation @epoch 9 - batch 3668: 
2024-10-23 17:07:01,697 P544138 INFO ===
2024-10-23 17:07:01,698 P544138 INFO [Metrics] AUC: 0.813568 - logloss: 0.438540
2024-10-23 17:07:01,707 P544138 INFO Save best model: monitor(max)=0.813568
2024-10-23 17:07:02,362 P544138 INFO ************ Epoch=9 end ************
2024-10-23 17:09:06,976 P544138 INFO Train loss: 0.434050
2024-10-23 17:09:06,976 P544138 INFO Evaluation @epoch 10 - batch 3668: 
2024-10-23 17:09:18,967 P544138 INFO ===
2024-10-23 17:09:18,968 P544138 INFO [Metrics] AUC: 0.813746 - logloss: 0.438245
2024-10-23 17:09:18,978 P544138 INFO Save best model: monitor(max)=0.813746
2024-10-23 17:09:19,662 P544138 INFO ************ Epoch=10 end ************
2024-10-23 17:11:24,024 P544138 INFO Train loss: 0.431916
2024-10-23 17:11:24,024 P544138 INFO Evaluation @epoch 11 - batch 3668: 
2024-10-23 17:11:35,992 P544138 INFO ===
2024-10-23 17:11:35,992 P544138 INFO [Metrics] AUC: 0.813554 - logloss: 0.438769
2024-10-23 17:11:36,002 P544138 INFO Monitor(max)=0.813554 STOP!
2024-10-23 17:11:36,002 P544138 INFO Reduce learning rate on plateau: 0.000010
2024-10-23 17:11:36,923 P544138 INFO ************ Epoch=11 end ************
2024-10-23 17:13:41,657 P544138 INFO Train loss: 0.427440
2024-10-23 17:13:41,658 P544138 INFO Evaluation @epoch 12 - batch 3668: 
2024-10-23 17:13:53,927 P544138 INFO ===
2024-10-23 17:13:53,927 P544138 INFO [Metrics] AUC: 0.812813 - logloss: 0.439807
2024-10-23 17:13:53,937 P544138 INFO Monitor(max)=0.812813 STOP!
2024-10-23 17:13:53,937 P544138 INFO Reduce learning rate on plateau: 0.000001
2024-10-23 17:13:53,937 P544138 INFO ********* Epoch==12 early stop *********
2024-10-23 17:13:54,600 P544138 INFO Training finished.
2024-10-23 17:13:54,600 P544138 INFO Load best model: /root/autodl-tmp/model_zoo/QNN/QNN_torch/checkpoints/Criteo_x4_10_h5/QNN_Criteo_011_73dbadbf.model
2024-10-23 17:13:54,632 P544138 INFO ****** Validation evaluation ******
2024-10-23 17:14:06,727 P544138 INFO ===
2024-10-23 17:14:06,727 P544138 INFO [Metrics] logloss: 0.438245 - AUC: 0.813746
2024-10-23 17:14:07,518 P544138 INFO ******** Test evaluation ********
2024-10-23 17:14:07,518 P544138 INFO Loading data...
2024-10-23 17:14:07,518 P544138 INFO Loading data from h5: ../../../data/Criteo_x4_10_h5/test.h5
2024-10-23 17:14:09,643 P544138 INFO Test samples: total/4584062, blocks/1
2024-10-23 17:14:09,643 P544138 INFO Loading test data done.
2024-10-23 17:14:20,189 P544138 INFO ===
2024-10-23 17:14:20,189 P544138 INFO [Metrics] logloss: 0.437904 - AUC: 0.814162
