2024-10-22 19:37:56,281 P216523 INFO Params: {
    "batch_norm": "True",
    "batch_size": "10000",
    "data_format": "h5",
    "data_root": "../../../data/",
    "dataset_id": "Criteo_x4_10_h5",
    "debug_mode": "False",
    "early_stop_patience": "2",
    "embedding_dim": "16",
    "embedding_regularizer": "1e-05",
    "epochs": "100",
    "eval_steps": "None",
    "feature_cols": "[{'active': True, 'dtype': 'float', 'fill_na': 0, 'na_value': 0, 'name': ['I1', 'I2', 'I3', 'I4', 'I5', 'I6', 'I7', 'I8', 'I9', 'I10', 'I11', 'I12', 'I13'], 'preprocess': 'convert_to_bucket', 'type': 'categorical'}, {'active': True, 'dtype': 'str', 'fill_na': '', 'na_value': '', 'name': ['C1', 'C2', 'C3', 'C4', 'C5', 'C6', 'C7', 'C8', 'C9', 'C10', 'C11', 'C12', 'C13', 'C14', 'C15', 'C16', 'C17', 'C18', 'C19', 'C20', 'C21', 'C22', 'C23', 'C24', 'C25', 'C26'], 'type': 'categorical'}]",
    "feature_config": "None",
    "feature_specs": "None",
    "gpu": "0",
    "group_id": "None",
    "label_col": "{'dtype': 'float', 'name': 'Label'}",
    "learning_rate": "0.001",
    "loss": "binary_crossentropy",
    "metrics": "['logloss', 'AUC']",
    "min_categr_count": "10",
    "model": "QNN",
    "model_id": "QNN_Criteo_005_32aa63f8",
    "model_root": "./checkpoints/",
    "monitor": "{'AUC': 1, 'logloss': 0}",
    "monitor_mode": "max",
    "net_dropout": "0.1",
    "net_regularizer": "0",
    "neuron_type": "T5",
    "num_cross_layers": "3",
    "num_workers": "8",
    "optimizer": "adam",
    "pickle_feature_encoder": "True",
    "save_best_only": "True",
    "seed": "2024",
    "shuffle": "True",
    "task": "binary_classification",
    "test_data": "../../../data/Criteo_x4_10_h5/test.h5",
    "train_data": "../../../data/Criteo_x4_10_h5/train.h5",
    "use_features": "None",
    "valid_data": "../../../data/Criteo_x4_10_h5/valid.h5",
    "verbose": "1"
}
2024-10-22 19:37:56,281 P216523 INFO Load feature_map from json: ../../../data/Criteo_x4_10_h5/feature_map.json
2024-10-22 19:37:56,281 P216523 INFO Set column index...
2024-10-22 19:37:56,281 P216523 INFO Feature specs: {
    "C1": "{'source': '', 'type': 'categorical', 'padding_idx': 0, 'oov_idx': 1445, 'vocab_size': 1446}",
    "C10": "{'source': '', 'type': 'categorical', 'padding_idx': 0, 'oov_idx': 39529, 'vocab_size': 39530}",
    "C11": "{'source': '', 'type': 'categorical', 'padding_idx': 0, 'oov_idx': 5130, 'vocab_size': 5131}",
    "C12": "{'source': '', 'type': 'categorical', 'padding_idx': 0, 'oov_idx': 156655, 'vocab_size': 156656}",
    "C13": "{'source': '', 'type': 'categorical', 'padding_idx': 0, 'oov_idx': 3175, 'vocab_size': 3176}",
    "C14": "{'source': '', 'type': 'categorical', 'padding_idx': 0, 'oov_idx': 27, 'vocab_size': 28}",
    "C15": "{'source': '', 'type': 'categorical', 'padding_idx': 0, 'oov_idx': 11042, 'vocab_size': 11043}",
    "C16": "{'source': '', 'type': 'categorical', 'padding_idx': 0, 'oov_idx': 148912, 'vocab_size': 148913}",
    "C17": "{'source': '', 'type': 'categorical', 'padding_idx': 0, 'oov_idx': 11, 'vocab_size': 12}",
    "C18": "{'source': '', 'type': 'categorical', 'padding_idx': 0, 'oov_idx': 4559, 'vocab_size': 4560}",
    "C19": "{'source': '', 'type': 'categorical', 'padding_idx': 0, 'oov_idx': 2002, 'vocab_size': 2003}",
    "C2": "{'source': '', 'type': 'categorical', 'padding_idx': 0, 'oov_idx': 553, 'vocab_size': 554}",
    "C20": "{'source': '', 'type': 'categorical', 'padding_idx': 0, 'oov_idx': 4, 'vocab_size': 5}",
    "C21": "{'source': '', 'type': 'categorical', 'padding_idx': 0, 'oov_idx': 154563, 'vocab_size': 154564}",
    "C22": "{'source': '', 'type': 'categorical', 'padding_idx': 0, 'oov_idx': 17, 'vocab_size': 18}",
    "C23": "{'source': '', 'type': 'categorical', 'padding_idx': 0, 'oov_idx': 16, 'vocab_size': 17}",
    "C24": "{'source': '', 'type': 'categorical', 'padding_idx': 0, 'oov_idx': 53030, 'vocab_size': 53031}",
    "C25": "{'source': '', 'type': 'categorical', 'padding_idx': 0, 'oov_idx': 81, 'vocab_size': 82}",
    "C26": "{'source': '', 'type': 'categorical', 'padding_idx': 0, 'oov_idx': 40954, 'vocab_size': 40955}",
    "C3": "{'source': '', 'type': 'categorical', 'padding_idx': 0, 'oov_idx': 157338, 'vocab_size': 157339}",
    "C4": "{'source': '', 'type': 'categorical', 'padding_idx': 0, 'oov_idx': 117821, 'vocab_size': 117822}",
    "C5": "{'source': '', 'type': 'categorical', 'padding_idx': 0, 'oov_idx': 305, 'vocab_size': 306}",
    "C6": "{'source': '', 'type': 'categorical', 'padding_idx': 0, 'oov_idx': 17, 'vocab_size': 18}",
    "C7": "{'source': '', 'type': 'categorical', 'padding_idx': 0, 'oov_idx': 11881, 'vocab_size': 11882}",
    "C8": "{'source': '', 'type': 'categorical', 'padding_idx': 0, 'oov_idx': 629, 'vocab_size': 630}",
    "C9": "{'source': '', 'type': 'categorical', 'padding_idx': 0, 'oov_idx': 4, 'vocab_size': 5}",
    "I1": "{'source': '', 'type': 'categorical', 'padding_idx': 0, 'oov_idx': 43, 'vocab_size': 44}",
    "I10": "{'source': '', 'type': 'categorical', 'padding_idx': 0, 'oov_idx': 5, 'vocab_size': 6}",
    "I11": "{'source': '', 'type': 'categorical', 'padding_idx': 0, 'oov_idx': 26, 'vocab_size': 27}",
    "I12": "{'source': '', 'type': 'categorical', 'padding_idx': 0, 'oov_idx': 36, 'vocab_size': 37}",
    "I13": "{'source': '', 'type': 'categorical', 'padding_idx': 0, 'oov_idx': 71, 'vocab_size': 72}",
    "I2": "{'source': '', 'type': 'categorical', 'padding_idx': 0, 'oov_idx': 98, 'vocab_size': 99}",
    "I3": "{'source': '', 'type': 'categorical', 'padding_idx': 0, 'oov_idx': 121, 'vocab_size': 122}",
    "I4": "{'source': '', 'type': 'categorical', 'padding_idx': 0, 'oov_idx': 40, 'vocab_size': 41}",
    "I5": "{'source': '', 'type': 'categorical', 'padding_idx': 0, 'oov_idx': 219, 'vocab_size': 220}",
    "I6": "{'source': '', 'type': 'categorical', 'padding_idx': 0, 'oov_idx': 111, 'vocab_size': 112}",
    "I7": "{'source': '', 'type': 'categorical', 'padding_idx': 0, 'oov_idx': 79, 'vocab_size': 80}",
    "I8": "{'source': '', 'type': 'categorical', 'padding_idx': 0, 'oov_idx': 68, 'vocab_size': 69}",
    "I9": "{'source': '', 'type': 'categorical', 'padding_idx': 0, 'oov_idx': 91, 'vocab_size': 92}"
}
2024-10-22 19:38:00,120 P216523 INFO Total number of parameters: 16916321.
2024-10-22 19:38:00,120 P216523 INFO Loading data...
2024-10-22 19:38:00,120 P216523 INFO Loading data from h5: ../../../data/Criteo_x4_10_h5/train.h5
2024-10-22 19:38:16,464 P216523 INFO Train samples: total/36672493, blocks/1
2024-10-22 19:38:16,464 P216523 INFO Loading data from h5: ../../../data/Criteo_x4_10_h5/valid.h5
2024-10-22 19:38:18,529 P216523 INFO Validation samples: total/4584062, blocks/1
2024-10-22 19:38:18,529 P216523 INFO Loading train and validation data done.
2024-10-22 19:38:18,530 P216523 INFO Start training: 3668 batches/epoch
2024-10-22 19:38:18,530 P216523 INFO ************ Epoch=1 start ************
2024-10-22 19:40:34,062 P216523 INFO Train loss: 0.460339
2024-10-22 19:40:34,062 P216523 INFO Evaluation @epoch 1 - batch 3668: 
2024-10-22 19:40:47,025 P216523 INFO ===
2024-10-22 19:40:47,026 P216523 INFO [Metrics] AUC: 0.805863 - logloss: 0.445405
2024-10-22 19:40:47,032 P216523 INFO Save best model: monitor(max)=0.805863
2024-10-22 19:40:47,742 P216523 INFO ************ Epoch=1 end ************
2024-10-22 19:43:02,851 P216523 INFO Train loss: 0.453982
2024-10-22 19:43:02,852 P216523 INFO Evaluation @epoch 2 - batch 3668: 
2024-10-22 19:43:15,869 P216523 INFO ===
2024-10-22 19:43:15,869 P216523 INFO [Metrics] AUC: 0.808349 - logloss: 0.443163
2024-10-22 19:43:15,877 P216523 INFO Save best model: monitor(max)=0.808349
2024-10-22 19:43:16,485 P216523 INFO ************ Epoch=2 end ************
2024-10-22 19:45:30,843 P216523 INFO Train loss: 0.452127
2024-10-22 19:45:30,843 P216523 INFO Evaluation @epoch 3 - batch 3668: 
2024-10-22 19:45:43,515 P216523 INFO ===
2024-10-22 19:45:43,515 P216523 INFO [Metrics] AUC: 0.809626 - logloss: 0.442046
2024-10-22 19:45:43,522 P216523 INFO Save best model: monitor(max)=0.809626
2024-10-22 19:45:44,098 P216523 INFO ************ Epoch=3 end ************
2024-10-22 19:47:58,306 P216523 INFO Train loss: 0.450781
2024-10-22 19:47:58,307 P216523 INFO Evaluation @epoch 4 - batch 3668: 
2024-10-22 19:48:11,162 P216523 INFO ===
2024-10-22 19:48:11,163 P216523 INFO [Metrics] AUC: 0.810333 - logloss: 0.441300
2024-10-22 19:48:11,170 P216523 INFO Save best model: monitor(max)=0.810333
2024-10-22 19:48:11,891 P216523 INFO ************ Epoch=4 end ************
2024-10-22 19:50:26,640 P216523 INFO Train loss: 0.449857
2024-10-22 19:50:26,640 P216523 INFO Evaluation @epoch 5 - batch 3668: 
2024-10-22 19:50:39,544 P216523 INFO ===
2024-10-22 19:50:39,545 P216523 INFO [Metrics] AUC: 0.810810 - logloss: 0.440878
2024-10-22 19:50:39,553 P216523 INFO Save best model: monitor(max)=0.810810
2024-10-22 19:50:40,293 P216523 INFO ************ Epoch=5 end ************
2024-10-22 19:52:54,874 P216523 INFO Train loss: 0.449093
2024-10-22 19:52:54,875 P216523 INFO Evaluation @epoch 6 - batch 3668: 
2024-10-22 19:53:07,893 P216523 INFO ===
2024-10-22 19:53:07,893 P216523 INFO [Metrics] AUC: 0.810924 - logloss: 0.440757
2024-10-22 19:53:07,902 P216523 INFO Save best model: monitor(max)=0.810924
2024-10-22 19:53:08,511 P216523 INFO ************ Epoch=6 end ************
2024-10-22 19:55:22,171 P216523 INFO Train loss: 0.448501
2024-10-22 19:55:22,171 P216523 INFO Evaluation @epoch 7 - batch 3668: 
2024-10-22 19:55:35,209 P216523 INFO ===
2024-10-22 19:55:35,209 P216523 INFO [Metrics] AUC: 0.811215 - logloss: 0.440466
2024-10-22 19:55:35,219 P216523 INFO Save best model: monitor(max)=0.811215
2024-10-22 19:55:35,867 P216523 INFO ************ Epoch=7 end ************
2024-10-22 19:57:50,933 P216523 INFO Train loss: 0.447999
2024-10-22 19:57:50,933 P216523 INFO Evaluation @epoch 8 - batch 3668: 
2024-10-22 19:58:03,812 P216523 INFO ===
2024-10-22 19:58:03,812 P216523 INFO [Metrics] AUC: 0.811188 - logloss: 0.440544
2024-10-22 19:58:03,822 P216523 INFO Monitor(max)=0.811188 STOP!
2024-10-22 19:58:03,822 P216523 INFO Reduce learning rate on plateau: 0.000100
2024-10-22 19:58:04,481 P216523 INFO ************ Epoch=8 end ************
2024-10-22 20:00:19,635 P216523 INFO Train loss: 0.436330
2024-10-22 20:00:19,636 P216523 INFO Evaluation @epoch 9 - batch 3668: 
2024-10-22 20:00:32,608 P216523 INFO ===
2024-10-22 20:00:32,609 P216523 INFO [Metrics] AUC: 0.813348 - logloss: 0.438723
2024-10-22 20:00:32,619 P216523 INFO Save best model: monitor(max)=0.813348
2024-10-22 20:00:33,288 P216523 INFO ************ Epoch=9 end ************
2024-10-22 20:02:48,423 P216523 INFO Train loss: 0.431490
2024-10-22 20:02:48,423 P216523 INFO Evaluation @epoch 10 - batch 3668: 
2024-10-22 20:03:01,413 P216523 INFO ===
2024-10-22 20:03:01,413 P216523 INFO [Metrics] AUC: 0.813276 - logloss: 0.438843
2024-10-22 20:03:01,423 P216523 INFO Monitor(max)=0.813276 STOP!
2024-10-22 20:03:01,423 P216523 INFO Reduce learning rate on plateau: 0.000010
2024-10-22 20:03:02,089 P216523 INFO ************ Epoch=10 end ************
2024-10-22 20:05:16,469 P216523 INFO Train loss: 0.426879
2024-10-22 20:05:16,470 P216523 INFO Evaluation @epoch 11 - batch 3668: 
2024-10-22 20:05:29,206 P216523 INFO ===
2024-10-22 20:05:29,206 P216523 INFO [Metrics] AUC: 0.812641 - logloss: 0.440021
2024-10-22 20:05:29,216 P216523 INFO Monitor(max)=0.812641 STOP!
2024-10-22 20:05:29,216 P216523 INFO Reduce learning rate on plateau: 0.000001
2024-10-22 20:05:29,216 P216523 INFO ********* Epoch==11 early stop *********
2024-10-22 20:05:29,905 P216523 INFO Training finished.
2024-10-22 20:05:29,905 P216523 INFO Load best model: /root/autodl-tmp/model_zoo/QNN/QNN_torch/checkpoints/Criteo_x4_10_h5/QNN_Criteo_005_32aa63f8.model
2024-10-22 20:05:29,963 P216523 INFO ****** Validation evaluation ******
2024-10-22 20:05:42,896 P216523 INFO ===
2024-10-22 20:05:42,896 P216523 INFO [Metrics] logloss: 0.438723 - AUC: 0.813348
2024-10-22 20:05:43,773 P216523 INFO ******** Test evaluation ********
2024-10-22 20:05:43,774 P216523 INFO Loading data...
2024-10-22 20:05:43,774 P216523 INFO Loading data from h5: ../../../data/Criteo_x4_10_h5/test.h5
2024-10-22 20:05:45,762 P216523 INFO Test samples: total/4584062, blocks/1
2024-10-22 20:05:45,762 P216523 INFO Loading test data done.
2024-10-22 20:05:56,571 P216523 INFO ===
2024-10-22 20:05:56,571 P216523 INFO [Metrics] logloss: 0.438272 - AUC: 0.813873
