2024-10-24 01:07:46,952 P553880 INFO Params: {
    "batch_norm": "False",
    "batch_size": "10000",
    "data_format": "h5",
    "data_root": "../../../data/",
    "dataset_id": "Criteo_x4_10_h5",
    "debug_mode": "False",
    "early_stop_patience": "2",
    "embedding_dim": "16",
    "embedding_regularizer": "1e-05",
    "epochs": "100",
    "eval_steps": "None",
    "feature_cols": "[{'active': True, 'dtype': 'float', 'fill_na': 0, 'na_value': 0, 'name': ['I1', 'I2', 'I3', 'I4', 'I5', 'I6', 'I7', 'I8', 'I9', 'I10', 'I11', 'I12', 'I13'], 'preprocess': 'convert_to_bucket', 'type': 'categorical'}, {'active': True, 'dtype': 'str', 'fill_na': '', 'na_value': '', 'name': ['C1', 'C2', 'C3', 'C4', 'C5', 'C6', 'C7', 'C8', 'C9', 'C10', 'C11', 'C12', 'C13', 'C14', 'C15', 'C16', 'C17', 'C18', 'C19', 'C20', 'C21', 'C22', 'C23', 'C24', 'C25', 'C26'], 'type': 'categorical'}]",
    "feature_config": "None",
    "feature_specs": "None",
    "gpu": "1",
    "group_id": "None",
    "hidden_activations": "None",
    "label_col": "{'dtype': 'float', 'name': 'Label'}",
    "learning_rate": "0.001",
    "loss": "binary_crossentropy",
    "metrics": "['logloss', 'AUC']",
    "min_categr_count": "10",
    "model": "QNN",
    "model_id": "QNN_Criteo_011_6316cca5",
    "model_root": "./checkpoints/",
    "monitor": "{'AUC': 1, 'logloss': 0}",
    "monitor_mode": "max",
    "net_dropout": "0.1",
    "net_regularizer": "0",
    "neuron_type": "T22",
    "num_cross_layers": "3",
    "num_workers": "8",
    "optimizer": "adam",
    "pickle_feature_encoder": "True",
    "save_best_only": "True",
    "seed": "2024",
    "shuffle": "True",
    "task": "binary_classification",
    "test_data": "../../../data/Criteo_x4_10_h5/test.h5",
    "train_data": "../../../data/Criteo_x4_10_h5/train.h5",
    "use_features": "None",
    "valid_data": "../../../data/Criteo_x4_10_h5/valid.h5",
    "verbose": "1"
}
2024-10-24 01:07:46,953 P553880 INFO Load feature_map from json: ../../../data/Criteo_x4_10_h5/feature_map.json
2024-10-24 01:07:46,953 P553880 INFO Set column index...
2024-10-24 01:07:46,953 P553880 INFO Feature specs: {
    "C1": "{'source': '', 'type': 'categorical', 'padding_idx': 0, 'oov_idx': 1445, 'vocab_size': 1446}",
    "C10": "{'source': '', 'type': 'categorical', 'padding_idx': 0, 'oov_idx': 39529, 'vocab_size': 39530}",
    "C11": "{'source': '', 'type': 'categorical', 'padding_idx': 0, 'oov_idx': 5130, 'vocab_size': 5131}",
    "C12": "{'source': '', 'type': 'categorical', 'padding_idx': 0, 'oov_idx': 156655, 'vocab_size': 156656}",
    "C13": "{'source': '', 'type': 'categorical', 'padding_idx': 0, 'oov_idx': 3175, 'vocab_size': 3176}",
    "C14": "{'source': '', 'type': 'categorical', 'padding_idx': 0, 'oov_idx': 27, 'vocab_size': 28}",
    "C15": "{'source': '', 'type': 'categorical', 'padding_idx': 0, 'oov_idx': 11042, 'vocab_size': 11043}",
    "C16": "{'source': '', 'type': 'categorical', 'padding_idx': 0, 'oov_idx': 148912, 'vocab_size': 148913}",
    "C17": "{'source': '', 'type': 'categorical', 'padding_idx': 0, 'oov_idx': 11, 'vocab_size': 12}",
    "C18": "{'source': '', 'type': 'categorical', 'padding_idx': 0, 'oov_idx': 4559, 'vocab_size': 4560}",
    "C19": "{'source': '', 'type': 'categorical', 'padding_idx': 0, 'oov_idx': 2002, 'vocab_size': 2003}",
    "C2": "{'source': '', 'type': 'categorical', 'padding_idx': 0, 'oov_idx': 553, 'vocab_size': 554}",
    "C20": "{'source': '', 'type': 'categorical', 'padding_idx': 0, 'oov_idx': 4, 'vocab_size': 5}",
    "C21": "{'source': '', 'type': 'categorical', 'padding_idx': 0, 'oov_idx': 154563, 'vocab_size': 154564}",
    "C22": "{'source': '', 'type': 'categorical', 'padding_idx': 0, 'oov_idx': 17, 'vocab_size': 18}",
    "C23": "{'source': '', 'type': 'categorical', 'padding_idx': 0, 'oov_idx': 16, 'vocab_size': 17}",
    "C24": "{'source': '', 'type': 'categorical', 'padding_idx': 0, 'oov_idx': 53030, 'vocab_size': 53031}",
    "C25": "{'source': '', 'type': 'categorical', 'padding_idx': 0, 'oov_idx': 81, 'vocab_size': 82}",
    "C26": "{'source': '', 'type': 'categorical', 'padding_idx': 0, 'oov_idx': 40954, 'vocab_size': 40955}",
    "C3": "{'source': '', 'type': 'categorical', 'padding_idx': 0, 'oov_idx': 157338, 'vocab_size': 157339}",
    "C4": "{'source': '', 'type': 'categorical', 'padding_idx': 0, 'oov_idx': 117821, 'vocab_size': 117822}",
    "C5": "{'source': '', 'type': 'categorical', 'padding_idx': 0, 'oov_idx': 305, 'vocab_size': 306}",
    "C6": "{'source': '', 'type': 'categorical', 'padding_idx': 0, 'oov_idx': 17, 'vocab_size': 18}",
    "C7": "{'source': '', 'type': 'categorical', 'padding_idx': 0, 'oov_idx': 11881, 'vocab_size': 11882}",
    "C8": "{'source': '', 'type': 'categorical', 'padding_idx': 0, 'oov_idx': 629, 'vocab_size': 630}",
    "C9": "{'source': '', 'type': 'categorical', 'padding_idx': 0, 'oov_idx': 4, 'vocab_size': 5}",
    "I1": "{'source': '', 'type': 'categorical', 'padding_idx': 0, 'oov_idx': 43, 'vocab_size': 44}",
    "I10": "{'source': '', 'type': 'categorical', 'padding_idx': 0, 'oov_idx': 5, 'vocab_size': 6}",
    "I11": "{'source': '', 'type': 'categorical', 'padding_idx': 0, 'oov_idx': 26, 'vocab_size': 27}",
    "I12": "{'source': '', 'type': 'categorical', 'padding_idx': 0, 'oov_idx': 36, 'vocab_size': 37}",
    "I13": "{'source': '', 'type': 'categorical', 'padding_idx': 0, 'oov_idx': 71, 'vocab_size': 72}",
    "I2": "{'source': '', 'type': 'categorical', 'padding_idx': 0, 'oov_idx': 98, 'vocab_size': 99}",
    "I3": "{'source': '', 'type': 'categorical', 'padding_idx': 0, 'oov_idx': 121, 'vocab_size': 122}",
    "I4": "{'source': '', 'type': 'categorical', 'padding_idx': 0, 'oov_idx': 40, 'vocab_size': 41}",
    "I5": "{'source': '', 'type': 'categorical', 'padding_idx': 0, 'oov_idx': 219, 'vocab_size': 220}",
    "I6": "{'source': '', 'type': 'categorical', 'padding_idx': 0, 'oov_idx': 111, 'vocab_size': 112}",
    "I7": "{'source': '', 'type': 'categorical', 'padding_idx': 0, 'oov_idx': 79, 'vocab_size': 80}",
    "I8": "{'source': '', 'type': 'categorical', 'padding_idx': 0, 'oov_idx': 68, 'vocab_size': 69}",
    "I9": "{'source': '', 'type': 'categorical', 'padding_idx': 0, 'oov_idx': 91, 'vocab_size': 92}"
}
2024-10-24 01:07:50,853 P553880 INFO Total number of parameters: 15744449.
2024-10-24 01:07:50,853 P553880 INFO Loading data...
2024-10-24 01:07:50,853 P553880 INFO Loading data from h5: ../../../data/Criteo_x4_10_h5/train.h5
2024-10-24 01:08:06,740 P553880 INFO Train samples: total/36672493, blocks/1
2024-10-24 01:08:06,741 P553880 INFO Loading data from h5: ../../../data/Criteo_x4_10_h5/valid.h5
2024-10-24 01:08:08,858 P553880 INFO Validation samples: total/4584062, blocks/1
2024-10-24 01:08:08,858 P553880 INFO Loading train and validation data done.
2024-10-24 01:08:08,859 P553880 INFO Start training: 3668 batches/epoch
2024-10-24 01:08:08,859 P553880 INFO ************ Epoch=1 start ************
2024-10-24 01:10:16,990 P553880 INFO Train loss: 0.463107
2024-10-24 01:10:16,990 P553880 INFO Evaluation @epoch 1 - batch 3668: 
2024-10-24 01:10:28,809 P553880 INFO ===
2024-10-24 01:10:28,809 P553880 INFO [Metrics] AUC: 0.804809 - logloss: 0.446270
2024-10-24 01:10:28,815 P553880 INFO Save best model: monitor(max)=0.804809
2024-10-24 01:10:29,438 P553880 INFO ************ Epoch=1 end ************
2024-10-24 01:12:37,287 P553880 INFO Train loss: 0.454911
2024-10-24 01:12:37,288 P553880 INFO Evaluation @epoch 2 - batch 3668: 
2024-10-24 01:12:49,466 P553880 INFO ===
2024-10-24 01:12:49,466 P553880 INFO [Metrics] AUC: 0.808142 - logloss: 0.443265
2024-10-24 01:12:49,476 P553880 INFO Save best model: monitor(max)=0.808142
2024-10-24 01:12:50,104 P553880 INFO ************ Epoch=2 end ************
2024-10-24 01:14:57,642 P553880 INFO Train loss: 0.452700
2024-10-24 01:14:57,642 P553880 INFO Evaluation @epoch 3 - batch 3668: 
2024-10-24 01:15:09,708 P553880 INFO ===
2024-10-24 01:15:09,708 P553880 INFO [Metrics] AUC: 0.809833 - logloss: 0.441724
2024-10-24 01:15:09,719 P553880 INFO Save best model: monitor(max)=0.809833
2024-10-24 01:15:10,272 P553880 INFO ************ Epoch=3 end ************
2024-10-24 01:17:17,933 P553880 INFO Train loss: 0.451363
2024-10-24 01:17:17,934 P553880 INFO Evaluation @epoch 4 - batch 3668: 
2024-10-24 01:17:30,209 P553880 INFO ===
2024-10-24 01:17:30,210 P553880 INFO [Metrics] AUC: 0.810669 - logloss: 0.440916
2024-10-24 01:17:30,220 P553880 INFO Save best model: monitor(max)=0.810669
2024-10-24 01:17:30,821 P553880 INFO ************ Epoch=4 end ************
2024-10-24 01:19:37,853 P553880 INFO Train loss: 0.450497
2024-10-24 01:19:37,854 P553880 INFO Evaluation @epoch 5 - batch 3668: 
2024-10-24 01:19:50,012 P553880 INFO ===
2024-10-24 01:19:50,013 P553880 INFO [Metrics] AUC: 0.811270 - logloss: 0.440406
2024-10-24 01:19:50,023 P553880 INFO Save best model: monitor(max)=0.811270
2024-10-24 01:19:50,691 P553880 INFO ************ Epoch=5 end ************
2024-10-24 01:21:57,090 P553880 INFO Train loss: 0.449852
2024-10-24 01:21:57,090 P553880 INFO Evaluation @epoch 6 - batch 3668: 
2024-10-24 01:22:08,958 P553880 INFO ===
2024-10-24 01:22:08,958 P553880 INFO [Metrics] AUC: 0.811560 - logloss: 0.440154
2024-10-24 01:22:08,969 P553880 INFO Save best model: monitor(max)=0.811560
2024-10-24 01:22:09,615 P553880 INFO ************ Epoch=6 end ************
2024-10-24 01:24:16,972 P553880 INFO Train loss: 0.449346
2024-10-24 01:24:16,972 P553880 INFO Evaluation @epoch 7 - batch 3668: 
2024-10-24 01:24:28,912 P553880 INFO ===
2024-10-24 01:24:28,912 P553880 INFO [Metrics] AUC: 0.811766 - logloss: 0.439925
2024-10-24 01:24:28,923 P553880 INFO Save best model: monitor(max)=0.811766
2024-10-24 01:24:29,564 P553880 INFO ************ Epoch=7 end ************
2024-10-24 01:26:36,518 P553880 INFO Train loss: 0.448934
2024-10-24 01:26:36,518 P553880 INFO Evaluation @epoch 8 - batch 3668: 
2024-10-24 01:26:48,689 P553880 INFO ===
2024-10-24 01:26:48,689 P553880 INFO [Metrics] AUC: 0.811862 - logloss: 0.439845
2024-10-24 01:26:48,698 P553880 INFO Save best model: monitor(max)=0.811862
2024-10-24 01:26:49,434 P553880 INFO ************ Epoch=8 end ************
2024-10-24 01:28:56,305 P553880 INFO Train loss: 0.448588
2024-10-24 01:28:56,306 P553880 INFO Evaluation @epoch 9 - batch 3668: 
2024-10-24 01:29:08,429 P553880 INFO ===
2024-10-24 01:29:08,429 P553880 INFO [Metrics] AUC: 0.812094 - logloss: 0.439631
2024-10-24 01:29:08,439 P553880 INFO Save best model: monitor(max)=0.812094
2024-10-24 01:29:09,100 P553880 INFO ************ Epoch=9 end ************
2024-10-24 01:31:15,395 P553880 INFO Train loss: 0.448265
2024-10-24 01:31:15,395 P553880 INFO Evaluation @epoch 10 - batch 3668: 
2024-10-24 01:31:27,416 P553880 INFO ===
2024-10-24 01:31:27,416 P553880 INFO [Metrics] AUC: 0.812173 - logloss: 0.439610
2024-10-24 01:31:27,426 P553880 INFO Save best model: monitor(max)=0.812173
2024-10-24 01:31:28,142 P553880 INFO ************ Epoch=10 end ************
2024-10-24 01:33:35,629 P553880 INFO Train loss: 0.447994
2024-10-24 01:33:35,629 P553880 INFO Evaluation @epoch 11 - batch 3668: 
2024-10-24 01:33:47,774 P553880 INFO ===
2024-10-24 01:33:47,774 P553880 INFO [Metrics] AUC: 0.812161 - logloss: 0.439631
2024-10-24 01:33:47,784 P553880 INFO Monitor(max)=0.812161 STOP!
2024-10-24 01:33:47,785 P553880 INFO Reduce learning rate on plateau: 0.000100
2024-10-24 01:33:48,350 P553880 INFO ************ Epoch=11 end ************
2024-10-24 01:35:56,068 P553880 INFO Train loss: 0.437939
2024-10-24 01:35:56,068 P553880 INFO Evaluation @epoch 12 - batch 3668: 
2024-10-24 01:36:08,128 P553880 INFO ===
2024-10-24 01:36:08,128 P553880 INFO [Metrics] AUC: 0.814477 - logloss: 0.437547
2024-10-24 01:36:08,138 P553880 INFO Save best model: monitor(max)=0.814477
2024-10-24 01:36:08,772 P553880 INFO ************ Epoch=12 end ************
2024-10-24 01:38:16,090 P553880 INFO Train loss: 0.434338
2024-10-24 01:38:16,090 P553880 INFO Evaluation @epoch 13 - batch 3668: 
2024-10-24 01:38:28,126 P553880 INFO ===
2024-10-24 01:38:28,127 P553880 INFO [Metrics] AUC: 0.814794 - logloss: 0.437378
2024-10-24 01:38:28,137 P553880 INFO Save best model: monitor(max)=0.814794
2024-10-24 01:38:28,785 P553880 INFO ************ Epoch=13 end ************
2024-10-24 01:40:36,973 P553880 INFO Train loss: 0.432662
2024-10-24 01:40:36,973 P553880 INFO Evaluation @epoch 14 - batch 3668: 
2024-10-24 01:40:48,960 P553880 INFO ===
2024-10-24 01:40:48,960 P553880 INFO [Metrics] AUC: 0.814810 - logloss: 0.437328
2024-10-24 01:40:48,967 P553880 INFO Save best model: monitor(max)=0.814810
2024-10-24 01:40:49,609 P553880 INFO ************ Epoch=14 end ************
2024-10-24 01:42:56,948 P553880 INFO Train loss: 0.431395
2024-10-24 01:42:56,948 P553880 INFO Evaluation @epoch 15 - batch 3668: 
2024-10-24 01:43:08,880 P553880 INFO ===
2024-10-24 01:43:08,881 P553880 INFO [Metrics] AUC: 0.814703 - logloss: 0.437525
2024-10-24 01:43:08,891 P553880 INFO Monitor(max)=0.814703 STOP!
2024-10-24 01:43:08,891 P553880 INFO Reduce learning rate on plateau: 0.000010
2024-10-24 01:43:09,502 P553880 INFO ************ Epoch=15 end ************
2024-10-24 01:45:16,941 P553880 INFO Train loss: 0.427948
2024-10-24 01:45:16,941 P553880 INFO Evaluation @epoch 16 - batch 3668: 
2024-10-24 01:45:28,719 P553880 INFO ===
2024-10-24 01:45:28,719 P553880 INFO [Metrics] AUC: 0.814399 - logloss: 0.438106
2024-10-24 01:45:28,729 P553880 INFO Monitor(max)=0.814399 STOP!
2024-10-24 01:45:28,730 P553880 INFO Reduce learning rate on plateau: 0.000001
2024-10-24 01:45:28,730 P553880 INFO ********* Epoch==16 early stop *********
2024-10-24 01:45:29,261 P553880 INFO Training finished.
2024-10-24 01:45:29,261 P553880 INFO Load best model: /root/autodl-tmp/model_zoo/QNN/QNN_torch/checkpoints/Criteo_x4_10_h5/QNN_Criteo_011_6316cca5.model
2024-10-24 01:45:29,310 P553880 INFO ****** Validation evaluation ******
2024-10-24 01:45:41,345 P553880 INFO ===
2024-10-24 01:45:41,345 P553880 INFO [Metrics] logloss: 0.437328 - AUC: 0.814810
2024-10-24 01:45:42,001 P553880 INFO ******** Test evaluation ********
2024-10-24 01:45:42,001 P553880 INFO Loading data...
2024-10-24 01:45:42,001 P553880 INFO Loading data from h5: ../../../data/Criteo_x4_10_h5/test.h5
2024-10-24 01:45:44,136 P553880 INFO Test samples: total/4584062, blocks/1
2024-10-24 01:45:44,137 P553880 INFO Loading test data done.
2024-10-24 01:45:54,777 P553880 INFO ===
2024-10-24 01:45:54,777 P553880 INFO [Metrics] logloss: 0.436851 - AUC: 0.815330
