2024-12-15 13:19:42,883 P2821063 INFO Params: {
    "batch_size": "10000",
    "data_format": "h5",
    "data_root": "../../../data/",
    "dataset_id": "Criteo_x4_10_h5",
    "debug_mode": "False",
    "early_stop_patience": "2",
    "embedding_dim": "16",
    "embedding_regularizer": "1e-05",
    "epochs": "100",
    "eval_steps": "None",
    "feature_cols": "[{'active': True, 'dtype': 'float', 'fill_na': 0, 'na_value': 0, 'name': ['I1', 'I2', 'I3', 'I4', 'I5', 'I6', 'I7', 'I8', 'I9', 'I10', 'I11', 'I12', 'I13'], 'preprocess': 'convert_to_bucket', 'type': 'categorical'}, {'active': True, 'dtype': 'str', 'fill_na': '', 'na_value': '', 'name': ['C1', 'C2', 'C3', 'C4', 'C5', 'C6', 'C7', 'C8', 'C9', 'C10', 'C11', 'C12', 'C13', 'C14', 'C15', 'C16', 'C17', 'C18', 'C19', 'C20', 'C21', 'C22', 'C23', 'C24', 'C25', 'C26'], 'type': 'categorical'}]",
    "feature_config": "None",
    "feature_specs": "None",
    "gpu": "2",
    "group_id": "None",
    "hidden_activations": "ReLU",
    "label_col": "{'dtype': 'float', 'name': 'Label'}",
    "learning_rate": "0.001",
    "loss": "binary_crossentropy",
    "metrics": "['logloss', 'AUC']",
    "min_categr_count": "10",
    "model": "QNN",
    "model_id": "QNN_Criteo_001_e4a3d202",
    "model_root": "./checkpoints/",
    "monitor": "{'AUC': 1, 'logloss': 0}",
    "monitor_mode": "max",
    "net_dropout": "0.1",
    "net_regularizer": "0",
    "neuron_type": "T1",
    "num_cross_layers": "3",
    "num_workers": "8",
    "optimizer": "adam",
    "pickle_feature_encoder": "True",
    "save_best_only": "True",
    "seed": "2024",
    "shuffle": "True",
    "task": "binary_classification",
    "test_data": "../../../data/Criteo_x4_10_h5/test.h5",
    "train_data": "../../../data/Criteo_x4_10_h5/train.h5",
    "use_features": "None",
    "valid_data": "../../../data/Criteo_x4_10_h5/valid.h5",
    "verbose": "1"
}
2024-12-15 13:19:42,883 P2821063 INFO Load feature_map from json: ../../../data/Criteo_x4_10_h5/feature_map.json
2024-12-15 13:19:42,883 P2821063 INFO Set column index...
2024-12-15 13:19:42,884 P2821063 INFO Feature specs: {
    "C1": "{'source': '', 'type': 'categorical', 'padding_idx': 0, 'oov_idx': 1445, 'vocab_size': 1446}",
    "C10": "{'source': '', 'type': 'categorical', 'padding_idx': 0, 'oov_idx': 39529, 'vocab_size': 39530}",
    "C11": "{'source': '', 'type': 'categorical', 'padding_idx': 0, 'oov_idx': 5130, 'vocab_size': 5131}",
    "C12": "{'source': '', 'type': 'categorical', 'padding_idx': 0, 'oov_idx': 156655, 'vocab_size': 156656}",
    "C13": "{'source': '', 'type': 'categorical', 'padding_idx': 0, 'oov_idx': 3175, 'vocab_size': 3176}",
    "C14": "{'source': '', 'type': 'categorical', 'padding_idx': 0, 'oov_idx': 27, 'vocab_size': 28}",
    "C15": "{'source': '', 'type': 'categorical', 'padding_idx': 0, 'oov_idx': 11042, 'vocab_size': 11043}",
    "C16": "{'source': '', 'type': 'categorical', 'padding_idx': 0, 'oov_idx': 148912, 'vocab_size': 148913}",
    "C17": "{'source': '', 'type': 'categorical', 'padding_idx': 0, 'oov_idx': 11, 'vocab_size': 12}",
    "C18": "{'source': '', 'type': 'categorical', 'padding_idx': 0, 'oov_idx': 4559, 'vocab_size': 4560}",
    "C19": "{'source': '', 'type': 'categorical', 'padding_idx': 0, 'oov_idx': 2002, 'vocab_size': 2003}",
    "C2": "{'source': '', 'type': 'categorical', 'padding_idx': 0, 'oov_idx': 553, 'vocab_size': 554}",
    "C20": "{'source': '', 'type': 'categorical', 'padding_idx': 0, 'oov_idx': 4, 'vocab_size': 5}",
    "C21": "{'source': '', 'type': 'categorical', 'padding_idx': 0, 'oov_idx': 154563, 'vocab_size': 154564}",
    "C22": "{'source': '', 'type': 'categorical', 'padding_idx': 0, 'oov_idx': 17, 'vocab_size': 18}",
    "C23": "{'source': '', 'type': 'categorical', 'padding_idx': 0, 'oov_idx': 16, 'vocab_size': 17}",
    "C24": "{'source': '', 'type': 'categorical', 'padding_idx': 0, 'oov_idx': 53030, 'vocab_size': 53031}",
    "C25": "{'source': '', 'type': 'categorical', 'padding_idx': 0, 'oov_idx': 81, 'vocab_size': 82}",
    "C26": "{'source': '', 'type': 'categorical', 'padding_idx': 0, 'oov_idx': 40954, 'vocab_size': 40955}",
    "C3": "{'source': '', 'type': 'categorical', 'padding_idx': 0, 'oov_idx': 157338, 'vocab_size': 157339}",
    "C4": "{'source': '', 'type': 'categorical', 'padding_idx': 0, 'oov_idx': 117821, 'vocab_size': 117822}",
    "C5": "{'source': '', 'type': 'categorical', 'padding_idx': 0, 'oov_idx': 305, 'vocab_size': 306}",
    "C6": "{'source': '', 'type': 'categorical', 'padding_idx': 0, 'oov_idx': 17, 'vocab_size': 18}",
    "C7": "{'source': '', 'type': 'categorical', 'padding_idx': 0, 'oov_idx': 11881, 'vocab_size': 11882}",
    "C8": "{'source': '', 'type': 'categorical', 'padding_idx': 0, 'oov_idx': 629, 'vocab_size': 630}",
    "C9": "{'source': '', 'type': 'categorical', 'padding_idx': 0, 'oov_idx': 4, 'vocab_size': 5}",
    "I1": "{'source': '', 'type': 'categorical', 'padding_idx': 0, 'oov_idx': 43, 'vocab_size': 44}",
    "I10": "{'source': '', 'type': 'categorical', 'padding_idx': 0, 'oov_idx': 5, 'vocab_size': 6}",
    "I11": "{'source': '', 'type': 'categorical', 'padding_idx': 0, 'oov_idx': 26, 'vocab_size': 27}",
    "I12": "{'source': '', 'type': 'categorical', 'padding_idx': 0, 'oov_idx': 36, 'vocab_size': 37}",
    "I13": "{'source': '', 'type': 'categorical', 'padding_idx': 0, 'oov_idx': 71, 'vocab_size': 72}",
    "I2": "{'source': '', 'type': 'categorical', 'padding_idx': 0, 'oov_idx': 98, 'vocab_size': 99}",
    "I3": "{'source': '', 'type': 'categorical', 'padding_idx': 0, 'oov_idx': 121, 'vocab_size': 122}",
    "I4": "{'source': '', 'type': 'categorical', 'padding_idx': 0, 'oov_idx': 40, 'vocab_size': 41}",
    "I5": "{'source': '', 'type': 'categorical', 'padding_idx': 0, 'oov_idx': 219, 'vocab_size': 220}",
    "I6": "{'source': '', 'type': 'categorical', 'padding_idx': 0, 'oov_idx': 111, 'vocab_size': 112}",
    "I7": "{'source': '', 'type': 'categorical', 'padding_idx': 0, 'oov_idx': 79, 'vocab_size': 80}",
    "I8": "{'source': '', 'type': 'categorical', 'padding_idx': 0, 'oov_idx': 68, 'vocab_size': 69}",
    "I9": "{'source': '', 'type': 'categorical', 'padding_idx': 0, 'oov_idx': 91, 'vocab_size': 92}"
}
2024-12-15 13:19:46,238 P2821063 INFO Total number of parameters: 17665053.
2024-12-15 13:19:46,239 P2821063 INFO Loading data...
2024-12-15 13:19:46,239 P2821063 INFO Loading data from h5: ../../../data/Criteo_x4_10_h5/train.h5
2024-12-15 13:20:17,509 P2821063 INFO Train samples: total/36672493, blocks/1
2024-12-15 13:20:17,510 P2821063 INFO Loading data from h5: ../../../data/Criteo_x4_10_h5/valid.h5
2024-12-15 13:20:21,319 P2821063 INFO Validation samples: total/4584062, blocks/1
2024-12-15 13:20:21,320 P2821063 INFO Loading train and validation data done.
2024-12-15 13:20:21,320 P2821063 INFO Start training: 3668 batches/epoch
2024-12-15 13:20:21,320 P2821063 INFO ************ Epoch=1 start ************
2024-12-15 13:44:01,203 P2821063 INFO Train loss: 0.460904
2024-12-15 13:44:01,203 P2821063 INFO Evaluation @epoch 1 - batch 3668: 
2024-12-15 13:44:20,929 P2821063 INFO ===
2024-12-15 13:44:20,929 P2821063 INFO [Metrics] AUC: 0.804703 - logloss: 0.447321
2024-12-15 13:44:20,933 P2821063 INFO Save best model: monitor(max)=0.804703
2024-12-15 13:44:21,588 P2821063 INFO ************ Epoch=1 end ************
2024-12-15 14:08:27,784 P2821063 INFO Train loss: 0.454340
2024-12-15 14:08:27,785 P2821063 INFO Evaluation @epoch 2 - batch 3668: 
2024-12-15 14:08:46,228 P2821063 INFO ===
2024-12-15 14:08:46,228 P2821063 INFO [Metrics] AUC: 0.807045 - logloss: 0.445320
2024-12-15 14:08:46,231 P2821063 INFO Save best model: monitor(max)=0.807045
2024-12-15 14:08:46,897 P2821063 INFO ************ Epoch=2 end ************
2024-12-15 14:32:56,686 P2821063 INFO Train loss: 0.452533
2024-12-15 14:32:56,687 P2821063 INFO Evaluation @epoch 3 - batch 3668: 
2024-12-15 14:33:19,134 P2821063 INFO ===
2024-12-15 14:33:19,134 P2821063 INFO [Metrics] AUC: 0.808380 - logloss: 0.444649
2024-12-15 14:33:19,138 P2821063 INFO Save best model: monitor(max)=0.808380
2024-12-15 14:33:19,828 P2821063 INFO ************ Epoch=3 end ************
2024-12-15 14:57:29,042 P2821063 INFO Train loss: 0.451534
2024-12-15 14:57:29,042 P2821063 INFO Evaluation @epoch 4 - batch 3668: 
2024-12-15 14:57:51,375 P2821063 INFO ===
2024-12-15 14:57:51,376 P2821063 INFO [Metrics] AUC: 0.808735 - logloss: 0.444154
2024-12-15 14:57:51,380 P2821063 INFO Save best model: monitor(max)=0.808735
2024-12-15 14:57:52,073 P2821063 INFO ************ Epoch=4 end ************
2024-12-15 15:22:03,821 P2821063 INFO Train loss: 0.450794
2024-12-15 15:22:03,821 P2821063 INFO Evaluation @epoch 5 - batch 3668: 
2024-12-15 15:22:26,813 P2821063 INFO ===
2024-12-15 15:22:26,814 P2821063 INFO [Metrics] AUC: 0.808933 - logloss: 0.443920
2024-12-15 15:22:26,820 P2821063 INFO Save best model: monitor(max)=0.808933
2024-12-15 15:22:27,646 P2821063 INFO ************ Epoch=5 end ************
2024-12-15 15:46:47,119 P2821063 INFO Train loss: 0.450228
2024-12-15 15:46:47,120 P2821063 INFO Evaluation @epoch 6 - batch 3668: 
2024-12-15 15:47:09,186 P2821063 INFO ===
2024-12-15 15:47:09,186 P2821063 INFO [Metrics] AUC: 0.809223 - logloss: 0.443710
2024-12-15 15:47:09,190 P2821063 INFO Save best model: monitor(max)=0.809223
2024-12-15 15:47:09,884 P2821063 INFO ************ Epoch=6 end ************
2024-12-15 16:11:11,531 P2821063 INFO Train loss: 0.449776
2024-12-15 16:11:11,531 P2821063 INFO Evaluation @epoch 7 - batch 3668: 
2024-12-15 16:11:32,950 P2821063 INFO ===
2024-12-15 16:11:32,950 P2821063 INFO [Metrics] AUC: 0.809215 - logloss: 0.443967
2024-12-15 16:11:32,955 P2821063 INFO Monitor(max)=0.809215 STOP!
2024-12-15 16:11:32,955 P2821063 INFO Reduce learning rate on plateau: 0.000100
2024-12-15 16:11:33,091 P2821063 INFO ************ Epoch=7 end ************
2024-12-15 16:35:21,386 P2821063 INFO Train loss: 0.438963
2024-12-15 16:35:21,387 P2821063 INFO Evaluation @epoch 8 - batch 3668: 
2024-12-15 16:35:39,337 P2821063 INFO ===
2024-12-15 16:35:39,337 P2821063 INFO [Metrics] AUC: 0.812304 - logloss: 0.440180
2024-12-15 16:35:39,341 P2821063 INFO Save best model: monitor(max)=0.812304
2024-12-15 16:35:40,007 P2821063 INFO ************ Epoch=8 end ************
2024-12-15 16:59:14,936 P2821063 INFO Train loss: 0.434740
2024-12-15 16:59:14,936 P2821063 INFO Evaluation @epoch 9 - batch 3668: 
2024-12-15 16:59:32,271 P2821063 INFO ===
2024-12-15 16:59:32,271 P2821063 INFO [Metrics] AUC: 0.812343 - logloss: 0.439860
2024-12-15 16:59:32,275 P2821063 INFO Save best model: monitor(max)=0.812343
2024-12-15 16:59:32,958 P2821063 INFO ************ Epoch=9 end ************
2024-12-15 17:23:04,293 P2821063 INFO Train loss: 0.432544
2024-12-15 17:23:04,294 P2821063 INFO Evaluation @epoch 10 - batch 3668: 
2024-12-15 17:23:22,043 P2821063 INFO ===
2024-12-15 17:23:22,043 P2821063 INFO [Metrics] AUC: 0.812142 - logloss: 0.440056
2024-12-15 17:23:22,046 P2821063 INFO Monitor(max)=0.812142 STOP!
2024-12-15 17:23:22,047 P2821063 INFO Reduce learning rate on plateau: 0.000010
2024-12-15 17:23:22,201 P2821063 INFO ************ Epoch=10 end ************
2024-12-15 17:46:51,581 P2821063 INFO Train loss: 0.428486
2024-12-15 17:46:51,582 P2821063 INFO Evaluation @epoch 11 - batch 3668: 
2024-12-15 17:47:08,906 P2821063 INFO ===
2024-12-15 17:47:08,906 P2821063 INFO [Metrics] AUC: 0.811723 - logloss: 0.440103
2024-12-15 17:47:08,909 P2821063 INFO Monitor(max)=0.811723 STOP!
2024-12-15 17:47:08,909 P2821063 INFO Reduce learning rate on plateau: 0.000001
2024-12-15 17:47:08,909 P2821063 INFO ********* Epoch==11 early stop *********
2024-12-15 17:47:09,096 P2821063 INFO Training finished.
2024-12-15 17:47:09,097 P2821063 INFO Load best model: /mnt/public/lhh/code/model_zoo/QNN/QNN_torch/checkpoints/Criteo_x4_10_h5/QNN_Criteo_001_e4a3d202.model
2024-12-15 17:47:09,141 P2821063 INFO ****** Validation evaluation ******
2024-12-15 17:47:26,522 P2821063 INFO ===
2024-12-15 17:47:26,522 P2821063 INFO [Metrics] logloss: 0.439860 - AUC: 0.812343
2024-12-15 17:47:26,598 P2821063 INFO ******** Test evaluation ********
2024-12-15 17:47:26,598 P2821063 INFO Loading data...
2024-12-15 17:47:26,598 P2821063 INFO Loading data from h5: ../../../data/Criteo_x4_10_h5/test.h5
2024-12-15 17:47:29,667 P2821063 INFO Test samples: total/4584062, blocks/1
2024-12-15 17:47:29,667 P2821063 INFO Loading test data done.
2024-12-15 17:47:47,019 P2821063 INFO ===
2024-12-15 17:47:47,019 P2821063 INFO [Metrics] logloss: 0.439514 - AUC: 0.812785
