2024-10-23 14:48:12,693 P207258 INFO Params: {
    "batch_norm": "False",
    "batch_size": "10000",
    "data_format": "h5",
    "data_root": "../../../data/",
    "dataset_id": "Criteo_x4_10_h5",
    "debug_mode": "False",
    "early_stop_patience": "2",
    "embedding_dim": "16",
    "embedding_regularizer": "1e-05",
    "epochs": "100",
    "eval_steps": "None",
    "feature_cols": "[{'active': True, 'dtype': 'float', 'fill_na': 0, 'na_value': 0, 'name': ['I1', 'I2', 'I3', 'I4', 'I5', 'I6', 'I7', 'I8', 'I9', 'I10', 'I11', 'I12', 'I13'], 'preprocess': 'convert_to_bucket', 'type': 'categorical'}, {'active': True, 'dtype': 'str', 'fill_na': '', 'na_value': '', 'name': ['C1', 'C2', 'C3', 'C4', 'C5', 'C6', 'C7', 'C8', 'C9', 'C10', 'C11', 'C12', 'C13', 'C14', 'C15', 'C16', 'C17', 'C18', 'C19', 'C20', 'C21', 'C22', 'C23', 'C24', 'C25', 'C26'], 'type': 'categorical'}]",
    "feature_config": "None",
    "feature_specs": "None",
    "gpu": "1",
    "group_id": "None",
    "hidden_activations": "ReLU",
    "label_col": "{'dtype': 'float', 'name': 'Label'}",
    "learning_rate": "0.001",
    "loss": "binary_crossentropy",
    "metrics": "['logloss', 'AUC']",
    "min_categr_count": "10",
    "model": "QNN",
    "model_id": "QNN_Criteo_004_a7c054fa",
    "model_root": "./checkpoints/",
    "monitor": "{'AUC': 1, 'logloss': 0}",
    "monitor_mode": "max",
    "net_dropout": "0.1",
    "net_regularizer": "0",
    "neuron_type": "T13",
    "num_cross_layers": "3",
    "num_workers": "8",
    "optimizer": "adam",
    "pickle_feature_encoder": "True",
    "save_best_only": "True",
    "seed": "2024",
    "shuffle": "True",
    "task": "binary_classification",
    "test_data": "../../../data/Criteo_x4_10_h5/test.h5",
    "train_data": "../../../data/Criteo_x4_10_h5/train.h5",
    "use_features": "None",
    "valid_data": "../../../data/Criteo_x4_10_h5/valid.h5",
    "verbose": "1"
}
2024-10-23 14:48:12,693 P207258 INFO Load feature_map from json: ../../../data/Criteo_x4_10_h5/feature_map.json
2024-10-23 14:48:12,693 P207258 INFO Set column index...
2024-10-23 14:48:12,693 P207258 INFO Feature specs: {
    "C1": "{'source': '', 'type': 'categorical', 'padding_idx': 0, 'oov_idx': 1445, 'vocab_size': 1446}",
    "C10": "{'source': '', 'type': 'categorical', 'padding_idx': 0, 'oov_idx': 39529, 'vocab_size': 39530}",
    "C11": "{'source': '', 'type': 'categorical', 'padding_idx': 0, 'oov_idx': 5130, 'vocab_size': 5131}",
    "C12": "{'source': '', 'type': 'categorical', 'padding_idx': 0, 'oov_idx': 156655, 'vocab_size': 156656}",
    "C13": "{'source': '', 'type': 'categorical', 'padding_idx': 0, 'oov_idx': 3175, 'vocab_size': 3176}",
    "C14": "{'source': '', 'type': 'categorical', 'padding_idx': 0, 'oov_idx': 27, 'vocab_size': 28}",
    "C15": "{'source': '', 'type': 'categorical', 'padding_idx': 0, 'oov_idx': 11042, 'vocab_size': 11043}",
    "C16": "{'source': '', 'type': 'categorical', 'padding_idx': 0, 'oov_idx': 148912, 'vocab_size': 148913}",
    "C17": "{'source': '', 'type': 'categorical', 'padding_idx': 0, 'oov_idx': 11, 'vocab_size': 12}",
    "C18": "{'source': '', 'type': 'categorical', 'padding_idx': 0, 'oov_idx': 4559, 'vocab_size': 4560}",
    "C19": "{'source': '', 'type': 'categorical', 'padding_idx': 0, 'oov_idx': 2002, 'vocab_size': 2003}",
    "C2": "{'source': '', 'type': 'categorical', 'padding_idx': 0, 'oov_idx': 553, 'vocab_size': 554}",
    "C20": "{'source': '', 'type': 'categorical', 'padding_idx': 0, 'oov_idx': 4, 'vocab_size': 5}",
    "C21": "{'source': '', 'type': 'categorical', 'padding_idx': 0, 'oov_idx': 154563, 'vocab_size': 154564}",
    "C22": "{'source': '', 'type': 'categorical', 'padding_idx': 0, 'oov_idx': 17, 'vocab_size': 18}",
    "C23": "{'source': '', 'type': 'categorical', 'padding_idx': 0, 'oov_idx': 16, 'vocab_size': 17}",
    "C24": "{'source': '', 'type': 'categorical', 'padding_idx': 0, 'oov_idx': 53030, 'vocab_size': 53031}",
    "C25": "{'source': '', 'type': 'categorical', 'padding_idx': 0, 'oov_idx': 81, 'vocab_size': 82}",
    "C26": "{'source': '', 'type': 'categorical', 'padding_idx': 0, 'oov_idx': 40954, 'vocab_size': 40955}",
    "C3": "{'source': '', 'type': 'categorical', 'padding_idx': 0, 'oov_idx': 157338, 'vocab_size': 157339}",
    "C4": "{'source': '', 'type': 'categorical', 'padding_idx': 0, 'oov_idx': 117821, 'vocab_size': 117822}",
    "C5": "{'source': '', 'type': 'categorical', 'padding_idx': 0, 'oov_idx': 305, 'vocab_size': 306}",
    "C6": "{'source': '', 'type': 'categorical', 'padding_idx': 0, 'oov_idx': 17, 'vocab_size': 18}",
    "C7": "{'source': '', 'type': 'categorical', 'padding_idx': 0, 'oov_idx': 11881, 'vocab_size': 11882}",
    "C8": "{'source': '', 'type': 'categorical', 'padding_idx': 0, 'oov_idx': 629, 'vocab_size': 630}",
    "C9": "{'source': '', 'type': 'categorical', 'padding_idx': 0, 'oov_idx': 4, 'vocab_size': 5}",
    "I1": "{'source': '', 'type': 'categorical', 'padding_idx': 0, 'oov_idx': 43, 'vocab_size': 44}",
    "I10": "{'source': '', 'type': 'categorical', 'padding_idx': 0, 'oov_idx': 5, 'vocab_size': 6}",
    "I11": "{'source': '', 'type': 'categorical', 'padding_idx': 0, 'oov_idx': 26, 'vocab_size': 27}",
    "I12": "{'source': '', 'type': 'categorical', 'padding_idx': 0, 'oov_idx': 36, 'vocab_size': 37}",
    "I13": "{'source': '', 'type': 'categorical', 'padding_idx': 0, 'oov_idx': 71, 'vocab_size': 72}",
    "I2": "{'source': '', 'type': 'categorical', 'padding_idx': 0, 'oov_idx': 98, 'vocab_size': 99}",
    "I3": "{'source': '', 'type': 'categorical', 'padding_idx': 0, 'oov_idx': 121, 'vocab_size': 122}",
    "I4": "{'source': '', 'type': 'categorical', 'padding_idx': 0, 'oov_idx': 40, 'vocab_size': 41}",
    "I5": "{'source': '', 'type': 'categorical', 'padding_idx': 0, 'oov_idx': 219, 'vocab_size': 220}",
    "I6": "{'source': '', 'type': 'categorical', 'padding_idx': 0, 'oov_idx': 111, 'vocab_size': 112}",
    "I7": "{'source': '', 'type': 'categorical', 'padding_idx': 0, 'oov_idx': 79, 'vocab_size': 80}",
    "I8": "{'source': '', 'type': 'categorical', 'padding_idx': 0, 'oov_idx': 68, 'vocab_size': 69}",
    "I9": "{'source': '', 'type': 'categorical', 'padding_idx': 0, 'oov_idx': 91, 'vocab_size': 92}"
}
2024-10-23 14:48:16,150 P207258 INFO Total number of parameters: 16327577.
2024-10-23 14:48:16,150 P207258 INFO Loading data...
2024-10-23 14:48:16,150 P207258 INFO Loading data from h5: ../../../data/Criteo_x4_10_h5/train.h5
2024-10-23 14:48:30,914 P207258 INFO Train samples: total/36672493, blocks/1
2024-10-23 14:48:30,914 P207258 INFO Loading data from h5: ../../../data/Criteo_x4_10_h5/valid.h5
2024-10-23 14:48:32,804 P207258 INFO Validation samples: total/4584062, blocks/1
2024-10-23 14:48:32,804 P207258 INFO Loading train and validation data done.
2024-10-23 14:48:32,804 P207258 INFO Start training: 3668 batches/epoch
2024-10-23 14:48:32,804 P207258 INFO ************ Epoch=1 start ************
2024-10-23 14:50:36,912 P207258 INFO Train loss: 0.460238
2024-10-23 14:50:36,913 P207258 INFO Evaluation @epoch 1 - batch 3668: 
2024-10-23 14:50:46,903 P207258 INFO ===
2024-10-23 14:50:46,903 P207258 INFO [Metrics] AUC: 0.805646 - logloss: 0.445810
2024-10-23 14:50:46,909 P207258 INFO Save best model: monitor(max)=0.805646
2024-10-23 14:50:47,406 P207258 INFO ************ Epoch=1 end ************
2024-10-23 14:52:51,717 P207258 INFO Train loss: 0.453286
2024-10-23 14:52:51,717 P207258 INFO Evaluation @epoch 2 - batch 3668: 
2024-10-23 14:53:01,884 P207258 INFO ===
2024-10-23 14:53:01,885 P207258 INFO [Metrics] AUC: 0.808472 - logloss: 0.443024
2024-10-23 14:53:01,894 P207258 INFO Save best model: monitor(max)=0.808472
2024-10-23 14:53:02,429 P207258 INFO ************ Epoch=2 end ************
2024-10-23 14:55:07,630 P207258 INFO Train loss: 0.451363
2024-10-23 14:55:07,631 P207258 INFO Evaluation @epoch 3 - batch 3668: 
2024-10-23 14:55:17,958 P207258 INFO ===
2024-10-23 14:55:17,958 P207258 INFO [Metrics] AUC: 0.809551 - logloss: 0.442061
2024-10-23 14:55:17,968 P207258 INFO Save best model: monitor(max)=0.809551
2024-10-23 14:55:18,540 P207258 INFO ************ Epoch=3 end ************
2024-10-23 14:57:22,503 P207258 INFO Train loss: 0.450355
2024-10-23 14:57:22,504 P207258 INFO Evaluation @epoch 4 - batch 3668: 
2024-10-23 14:57:32,685 P207258 INFO ===
2024-10-23 14:57:32,685 P207258 INFO [Metrics] AUC: 0.810029 - logloss: 0.441683
2024-10-23 14:57:32,694 P207258 INFO Save best model: monitor(max)=0.810029
2024-10-23 14:57:33,255 P207258 INFO ************ Epoch=4 end ************
2024-10-23 14:59:36,666 P207258 INFO Train loss: 0.449663
2024-10-23 14:59:36,666 P207258 INFO Evaluation @epoch 5 - batch 3668: 
2024-10-23 14:59:46,634 P207258 INFO ===
2024-10-23 14:59:46,634 P207258 INFO [Metrics] AUC: 0.810444 - logloss: 0.441265
2024-10-23 14:59:46,644 P207258 INFO Save best model: monitor(max)=0.810444
2024-10-23 14:59:47,148 P207258 INFO ************ Epoch=5 end ************
2024-10-23 15:01:50,745 P207258 INFO Train loss: 0.449183
2024-10-23 15:01:50,745 P207258 INFO Evaluation @epoch 6 - batch 3668: 
2024-10-23 15:02:00,862 P207258 INFO ===
2024-10-23 15:02:00,863 P207258 INFO [Metrics] AUC: 0.810601 - logloss: 0.441033
2024-10-23 15:02:00,873 P207258 INFO Save best model: monitor(max)=0.810601
2024-10-23 15:02:01,418 P207258 INFO ************ Epoch=6 end ************
2024-10-23 15:04:05,694 P207258 INFO Train loss: 0.448759
2024-10-23 15:04:05,694 P207258 INFO Evaluation @epoch 7 - batch 3668: 
2024-10-23 15:04:15,747 P207258 INFO ===
2024-10-23 15:04:15,747 P207258 INFO [Metrics] AUC: 0.810879 - logloss: 0.440864
2024-10-23 15:04:15,757 P207258 INFO Save best model: monitor(max)=0.810879
2024-10-23 15:04:16,284 P207258 INFO ************ Epoch=7 end ************
2024-10-23 15:06:21,248 P207258 INFO Train loss: 0.448401
2024-10-23 15:06:21,248 P207258 INFO Evaluation @epoch 8 - batch 3668: 
2024-10-23 15:06:31,341 P207258 INFO ===
2024-10-23 15:06:31,341 P207258 INFO [Metrics] AUC: 0.810842 - logloss: 0.440929
2024-10-23 15:06:31,351 P207258 INFO Monitor(max)=0.810842 STOP!
2024-10-23 15:06:31,351 P207258 INFO Reduce learning rate on plateau: 0.000100
2024-10-23 15:06:31,833 P207258 INFO ************ Epoch=8 end ************
2024-10-23 15:08:36,134 P207258 INFO Train loss: 0.436638
2024-10-23 15:08:36,134 P207258 INFO Evaluation @epoch 9 - batch 3668: 
2024-10-23 15:08:46,122 P207258 INFO ===
2024-10-23 15:08:46,123 P207258 INFO [Metrics] AUC: 0.813012 - logloss: 0.439004
2024-10-23 15:08:46,132 P207258 INFO Save best model: monitor(max)=0.813012
2024-10-23 15:08:46,660 P207258 INFO ************ Epoch=9 end ************
2024-10-23 15:10:50,796 P207258 INFO Train loss: 0.432096
2024-10-23 15:10:50,796 P207258 INFO Evaluation @epoch 10 - batch 3668: 
2024-10-23 15:11:00,701 P207258 INFO ===
2024-10-23 15:11:00,702 P207258 INFO [Metrics] AUC: 0.812980 - logloss: 0.439030
2024-10-23 15:11:00,711 P207258 INFO Monitor(max)=0.812980 STOP!
2024-10-23 15:11:00,711 P207258 INFO Reduce learning rate on plateau: 0.000010
2024-10-23 15:11:01,169 P207258 INFO ************ Epoch=10 end ************
2024-10-23 15:13:05,011 P207258 INFO Train loss: 0.427862
2024-10-23 15:13:05,011 P207258 INFO Evaluation @epoch 11 - batch 3668: 
2024-10-23 15:13:15,012 P207258 INFO ===
2024-10-23 15:13:15,012 P207258 INFO [Metrics] AUC: 0.812622 - logloss: 0.439810
2024-10-23 15:13:15,022 P207258 INFO Monitor(max)=0.812622 STOP!
2024-10-23 15:13:15,022 P207258 INFO Reduce learning rate on plateau: 0.000001
2024-10-23 15:13:15,022 P207258 INFO ********* Epoch==11 early stop *********
2024-10-23 15:13:15,405 P207258 INFO Training finished.
2024-10-23 15:13:15,405 P207258 INFO Load best model: /root/autodl-tmp/model_zoo/QNN/QNN_torch/checkpoints/Criteo_x4_10_h5/QNN_Criteo_004_a7c054fa.model
2024-10-23 15:13:15,445 P207258 INFO ****** Validation evaluation ******
2024-10-23 15:13:25,314 P207258 INFO ===
2024-10-23 15:13:25,314 P207258 INFO [Metrics] logloss: 0.439004 - AUC: 0.813012
2024-10-23 15:13:25,816 P207258 INFO ******** Test evaluation ********
2024-10-23 15:13:25,816 P207258 INFO Loading data...
2024-10-23 15:13:25,817 P207258 INFO Loading data from h5: ../../../data/Criteo_x4_10_h5/test.h5
2024-10-23 15:13:27,728 P207258 INFO Test samples: total/4584062, blocks/1
2024-10-23 15:13:27,728 P207258 INFO Loading test data done.
2024-10-23 15:13:36,840 P207258 INFO ===
2024-10-23 15:13:36,840 P207258 INFO [Metrics] logloss: 0.438589 - AUC: 0.813510
