2024-12-15 17:47:49,489 P2874132 INFO Params: {
    "batch_size": "10000",
    "data_format": "h5",
    "data_root": "../../../data/",
    "dataset_id": "Criteo_x4_10_h5",
    "debug_mode": "False",
    "early_stop_patience": "2",
    "embedding_dim": "16",
    "embedding_regularizer": "1e-05",
    "epochs": "100",
    "eval_steps": "None",
    "feature_cols": "[{'active': True, 'dtype': 'float', 'fill_na': 0, 'na_value': 0, 'name': ['I1', 'I2', 'I3', 'I4', 'I5', 'I6', 'I7', 'I8', 'I9', 'I10', 'I11', 'I12', 'I13'], 'preprocess': 'convert_to_bucket', 'type': 'categorical'}, {'active': True, 'dtype': 'str', 'fill_na': '', 'na_value': '', 'name': ['C1', 'C2', 'C3', 'C4', 'C5', 'C6', 'C7', 'C8', 'C9', 'C10', 'C11', 'C12', 'C13', 'C14', 'C15', 'C16', 'C17', 'C18', 'C19', 'C20', 'C21', 'C22', 'C23', 'C24', 'C25', 'C26'], 'type': 'categorical'}]",
    "feature_config": "None",
    "feature_specs": "None",
    "gpu": "2",
    "group_id": "None",
    "hidden_activations": "None",
    "label_col": "{'dtype': 'float', 'name': 'Label'}",
    "learning_rate": "0.001",
    "loss": "binary_crossentropy",
    "metrics": "['logloss', 'AUC']",
    "min_categr_count": "10",
    "model": "QNN",
    "model_id": "QNN_Criteo_004_8ff476bb",
    "model_root": "./checkpoints/",
    "monitor": "{'AUC': 1, 'logloss': 0}",
    "monitor_mode": "max",
    "net_dropout": "0.1",
    "net_regularizer": "0",
    "neuron_type": "T1",
    "num_cross_layers": "3",
    "num_workers": "8",
    "optimizer": "adam",
    "pickle_feature_encoder": "True",
    "save_best_only": "True",
    "seed": "2024",
    "shuffle": "True",
    "task": "binary_classification",
    "test_data": "../../../data/Criteo_x4_10_h5/test.h5",
    "train_data": "../../../data/Criteo_x4_10_h5/train.h5",
    "use_features": "None",
    "valid_data": "../../../data/Criteo_x4_10_h5/valid.h5",
    "verbose": "1"
}
2024-12-15 17:47:49,489 P2874132 INFO Load feature_map from json: ../../../data/Criteo_x4_10_h5/feature_map.json
2024-12-15 17:47:49,489 P2874132 INFO Set column index...
2024-12-15 17:47:49,489 P2874132 INFO Feature specs: {
    "C1": "{'source': '', 'type': 'categorical', 'padding_idx': 0, 'oov_idx': 1445, 'vocab_size': 1446}",
    "C10": "{'source': '', 'type': 'categorical', 'padding_idx': 0, 'oov_idx': 39529, 'vocab_size': 39530}",
    "C11": "{'source': '', 'type': 'categorical', 'padding_idx': 0, 'oov_idx': 5130, 'vocab_size': 5131}",
    "C12": "{'source': '', 'type': 'categorical', 'padding_idx': 0, 'oov_idx': 156655, 'vocab_size': 156656}",
    "C13": "{'source': '', 'type': 'categorical', 'padding_idx': 0, 'oov_idx': 3175, 'vocab_size': 3176}",
    "C14": "{'source': '', 'type': 'categorical', 'padding_idx': 0, 'oov_idx': 27, 'vocab_size': 28}",
    "C15": "{'source': '', 'type': 'categorical', 'padding_idx': 0, 'oov_idx': 11042, 'vocab_size': 11043}",
    "C16": "{'source': '', 'type': 'categorical', 'padding_idx': 0, 'oov_idx': 148912, 'vocab_size': 148913}",
    "C17": "{'source': '', 'type': 'categorical', 'padding_idx': 0, 'oov_idx': 11, 'vocab_size': 12}",
    "C18": "{'source': '', 'type': 'categorical', 'padding_idx': 0, 'oov_idx': 4559, 'vocab_size': 4560}",
    "C19": "{'source': '', 'type': 'categorical', 'padding_idx': 0, 'oov_idx': 2002, 'vocab_size': 2003}",
    "C2": "{'source': '', 'type': 'categorical', 'padding_idx': 0, 'oov_idx': 553, 'vocab_size': 554}",
    "C20": "{'source': '', 'type': 'categorical', 'padding_idx': 0, 'oov_idx': 4, 'vocab_size': 5}",
    "C21": "{'source': '', 'type': 'categorical', 'padding_idx': 0, 'oov_idx': 154563, 'vocab_size': 154564}",
    "C22": "{'source': '', 'type': 'categorical', 'padding_idx': 0, 'oov_idx': 17, 'vocab_size': 18}",
    "C23": "{'source': '', 'type': 'categorical', 'padding_idx': 0, 'oov_idx': 16, 'vocab_size': 17}",
    "C24": "{'source': '', 'type': 'categorical', 'padding_idx': 0, 'oov_idx': 53030, 'vocab_size': 53031}",
    "C25": "{'source': '', 'type': 'categorical', 'padding_idx': 0, 'oov_idx': 81, 'vocab_size': 82}",
    "C26": "{'source': '', 'type': 'categorical', 'padding_idx': 0, 'oov_idx': 40954, 'vocab_size': 40955}",
    "C3": "{'source': '', 'type': 'categorical', 'padding_idx': 0, 'oov_idx': 157338, 'vocab_size': 157339}",
    "C4": "{'source': '', 'type': 'categorical', 'padding_idx': 0, 'oov_idx': 117821, 'vocab_size': 117822}",
    "C5": "{'source': '', 'type': 'categorical', 'padding_idx': 0, 'oov_idx': 305, 'vocab_size': 306}",
    "C6": "{'source': '', 'type': 'categorical', 'padding_idx': 0, 'oov_idx': 17, 'vocab_size': 18}",
    "C7": "{'source': '', 'type': 'categorical', 'padding_idx': 0, 'oov_idx': 11881, 'vocab_size': 11882}",
    "C8": "{'source': '', 'type': 'categorical', 'padding_idx': 0, 'oov_idx': 629, 'vocab_size': 630}",
    "C9": "{'source': '', 'type': 'categorical', 'padding_idx': 0, 'oov_idx': 4, 'vocab_size': 5}",
    "I1": "{'source': '', 'type': 'categorical', 'padding_idx': 0, 'oov_idx': 43, 'vocab_size': 44}",
    "I10": "{'source': '', 'type': 'categorical', 'padding_idx': 0, 'oov_idx': 5, 'vocab_size': 6}",
    "I11": "{'source': '', 'type': 'categorical', 'padding_idx': 0, 'oov_idx': 26, 'vocab_size': 27}",
    "I12": "{'source': '', 'type': 'categorical', 'padding_idx': 0, 'oov_idx': 36, 'vocab_size': 37}",
    "I13": "{'source': '', 'type': 'categorical', 'padding_idx': 0, 'oov_idx': 71, 'vocab_size': 72}",
    "I2": "{'source': '', 'type': 'categorical', 'padding_idx': 0, 'oov_idx': 98, 'vocab_size': 99}",
    "I3": "{'source': '', 'type': 'categorical', 'padding_idx': 0, 'oov_idx': 121, 'vocab_size': 122}",
    "I4": "{'source': '', 'type': 'categorical', 'padding_idx': 0, 'oov_idx': 40, 'vocab_size': 41}",
    "I5": "{'source': '', 'type': 'categorical', 'padding_idx': 0, 'oov_idx': 219, 'vocab_size': 220}",
    "I6": "{'source': '', 'type': 'categorical', 'padding_idx': 0, 'oov_idx': 111, 'vocab_size': 112}",
    "I7": "{'source': '', 'type': 'categorical', 'padding_idx': 0, 'oov_idx': 79, 'vocab_size': 80}",
    "I8": "{'source': '', 'type': 'categorical', 'padding_idx': 0, 'oov_idx': 68, 'vocab_size': 69}",
    "I9": "{'source': '', 'type': 'categorical', 'padding_idx': 0, 'oov_idx': 91, 'vocab_size': 92}"
}
2024-12-15 17:47:52,708 P2874132 INFO Total number of parameters: 17665053.
2024-12-15 17:47:52,708 P2874132 INFO Loading data...
2024-12-15 17:47:52,708 P2874132 INFO Loading data from h5: ../../../data/Criteo_x4_10_h5/train.h5
2024-12-15 17:48:18,864 P2874132 INFO Train samples: total/36672493, blocks/1
2024-12-15 17:48:18,864 P2874132 INFO Loading data from h5: ../../../data/Criteo_x4_10_h5/valid.h5
2024-12-15 17:48:21,943 P2874132 INFO Validation samples: total/4584062, blocks/1
2024-12-15 17:48:21,943 P2874132 INFO Loading train and validation data done.
2024-12-15 17:48:21,943 P2874132 INFO Start training: 3668 batches/epoch
2024-12-15 17:48:21,943 P2874132 INFO ************ Epoch=1 start ************
2024-12-15 18:11:32,229 P2874132 INFO Train loss: 0.460682
2024-12-15 18:11:32,230 P2874132 INFO Evaluation @epoch 1 - batch 3668: 
2024-12-15 18:11:49,125 P2874132 INFO ===
2024-12-15 18:11:49,125 P2874132 INFO [Metrics] AUC: 0.804932 - logloss: 0.446328
2024-12-15 18:11:49,128 P2874132 INFO Save best model: monitor(max)=0.804932
2024-12-15 18:11:49,334 P2874132 INFO ************ Epoch=1 end ************
2024-12-15 18:35:03,575 P2874132 INFO Train loss: 0.454769
2024-12-15 18:35:03,575 P2874132 INFO Evaluation @epoch 2 - batch 3668: 
2024-12-15 18:35:20,609 P2874132 INFO ===
2024-12-15 18:35:20,609 P2874132 INFO [Metrics] AUC: 0.807233 - logloss: 0.444507
2024-12-15 18:35:20,612 P2874132 INFO Save best model: monitor(max)=0.807233
2024-12-15 18:35:21,264 P2874132 INFO ************ Epoch=2 end ************
2024-12-15 18:58:39,811 P2874132 INFO Train loss: 0.452936
2024-12-15 18:58:39,811 P2874132 INFO Evaluation @epoch 3 - batch 3668: 
2024-12-15 18:58:57,098 P2874132 INFO ===
2024-12-15 18:58:57,099 P2874132 INFO [Metrics] AUC: 0.808316 - logloss: 0.443579
2024-12-15 18:58:57,102 P2874132 INFO Save best model: monitor(max)=0.808316
2024-12-15 18:58:57,745 P2874132 INFO ************ Epoch=3 end ************
2024-12-15 19:22:04,883 P2874132 INFO Train loss: 0.451886
2024-12-15 19:22:04,883 P2874132 INFO Evaluation @epoch 4 - batch 3668: 
2024-12-15 19:22:21,721 P2874132 INFO ===
2024-12-15 19:22:21,721 P2874132 INFO [Metrics] AUC: 0.808971 - logloss: 0.444426
2024-12-15 19:22:21,724 P2874132 INFO Save best model: monitor(max)=0.808971
2024-12-15 19:22:22,356 P2874132 INFO ************ Epoch=4 end ************
2024-12-15 19:45:33,304 P2874132 INFO Train loss: 0.451125
2024-12-15 19:45:33,305 P2874132 INFO Evaluation @epoch 5 - batch 3668: 
2024-12-15 19:45:52,690 P2874132 INFO ===
2024-12-15 19:45:52,690 P2874132 INFO [Metrics] AUC: 0.809276 - logloss: 0.442374
2024-12-15 19:45:52,694 P2874132 INFO Save best model: monitor(max)=0.809276
2024-12-15 19:45:53,359 P2874132 INFO ************ Epoch=5 end ************
2024-12-15 20:09:38,697 P2874132 INFO Train loss: 0.450547
2024-12-15 20:09:38,697 P2874132 INFO Evaluation @epoch 6 - batch 3668: 
2024-12-15 20:09:56,352 P2874132 INFO ===
2024-12-15 20:09:56,353 P2874132 INFO [Metrics] AUC: 0.809587 - logloss: 0.442551
2024-12-15 20:09:56,356 P2874132 INFO Save best model: monitor(max)=0.809587
2024-12-15 20:09:57,015 P2874132 INFO ************ Epoch=6 end ************
2024-12-15 20:33:33,694 P2874132 INFO Train loss: 0.450154
2024-12-15 20:33:33,694 P2874132 INFO Evaluation @epoch 7 - batch 3668: 
2024-12-15 20:33:52,006 P2874132 INFO ===
2024-12-15 20:33:52,006 P2874132 INFO [Metrics] AUC: 0.809422 - logloss: 0.442937
2024-12-15 20:33:52,010 P2874132 INFO Monitor(max)=0.809422 STOP!
2024-12-15 20:33:52,010 P2874132 INFO Reduce learning rate on plateau: 0.000100
2024-12-15 20:33:52,172 P2874132 INFO ************ Epoch=7 end ************
2024-12-15 20:57:33,683 P2874132 INFO Train loss: 0.437784
2024-12-15 20:57:33,683 P2874132 INFO Evaluation @epoch 8 - batch 3668: 
2024-12-15 20:57:51,393 P2874132 INFO ===
2024-12-15 20:57:51,394 P2874132 INFO [Metrics] AUC: 0.813107 - logloss: 0.439272
2024-12-15 20:57:51,397 P2874132 INFO Save best model: monitor(max)=0.813107
2024-12-15 20:57:52,076 P2874132 INFO ************ Epoch=8 end ************
2024-12-15 21:21:23,292 P2874132 INFO Train loss: 0.433026
2024-12-15 21:21:23,292 P2874132 INFO Evaluation @epoch 9 - batch 3668: 
2024-12-15 21:21:40,959 P2874132 INFO ===
2024-12-15 21:21:40,959 P2874132 INFO [Metrics] AUC: 0.812944 - logloss: 0.439018
2024-12-15 21:21:40,962 P2874132 INFO Monitor(max)=0.812944 STOP!
2024-12-15 21:21:40,962 P2874132 INFO Reduce learning rate on plateau: 0.000010
2024-12-15 21:21:41,081 P2874132 INFO ************ Epoch=9 end ************
2024-12-15 21:45:18,778 P2874132 INFO Train loss: 0.428021
2024-12-15 21:45:18,779 P2874132 INFO Evaluation @epoch 10 - batch 3668: 
2024-12-15 21:45:37,748 P2874132 INFO ===
2024-12-15 21:45:37,748 P2874132 INFO [Metrics] AUC: 0.812173 - logloss: 0.439764
2024-12-15 21:45:37,751 P2874132 INFO Monitor(max)=0.812173 STOP!
2024-12-15 21:45:37,752 P2874132 INFO Reduce learning rate on plateau: 0.000001
2024-12-15 21:45:37,752 P2874132 INFO ********* Epoch==10 early stop *********
2024-12-15 21:45:37,876 P2874132 INFO Training finished.
2024-12-15 21:45:37,877 P2874132 INFO Load best model: /mnt/public/lhh/code/model_zoo/QNN/QNN_torch/checkpoints/Criteo_x4_10_h5/QNN_Criteo_004_8ff476bb.model
2024-12-15 21:45:37,921 P2874132 INFO ****** Validation evaluation ******
2024-12-15 21:45:55,956 P2874132 INFO ===
2024-12-15 21:45:55,957 P2874132 INFO [Metrics] logloss: 0.439272 - AUC: 0.813107
2024-12-15 21:45:56,045 P2874132 INFO ******** Test evaluation ********
2024-12-15 21:45:56,045 P2874132 INFO Loading data...
2024-12-15 21:45:56,045 P2874132 INFO Loading data from h5: ../../../data/Criteo_x4_10_h5/test.h5
2024-12-15 21:45:59,184 P2874132 INFO Test samples: total/4584062, blocks/1
2024-12-15 21:45:59,184 P2874132 INFO Loading test data done.
2024-12-15 21:46:16,146 P2874132 INFO ===
2024-12-15 21:46:16,146 P2874132 INFO [Metrics] logloss: 0.438826 - AUC: 0.813664
