2024-10-23 19:50:30,754 P1401 INFO Params: {
    "batch_norm": "False",
    "batch_size": "10000",
    "data_format": "h5",
    "data_root": "../../../data/",
    "dataset_id": "Criteo_x4_10_h5",
    "debug_mode": "False",
    "early_stop_patience": "2",
    "embedding_dim": "16",
    "embedding_regularizer": "1e-05",
    "epochs": "100",
    "eval_steps": "None",
    "feature_cols": "[{'active': True, 'dtype': 'float', 'fill_na': 0, 'na_value': 0, 'name': ['I1', 'I2', 'I3', 'I4', 'I5', 'I6', 'I7', 'I8', 'I9', 'I10', 'I11', 'I12', 'I13'], 'preprocess': 'convert_to_bucket', 'type': 'categorical'}, {'active': True, 'dtype': 'str', 'fill_na': '', 'na_value': '', 'name': ['C1', 'C2', 'C3', 'C4', 'C5', 'C6', 'C7', 'C8', 'C9', 'C10', 'C11', 'C12', 'C13', 'C14', 'C15', 'C16', 'C17', 'C18', 'C19', 'C20', 'C21', 'C22', 'C23', 'C24', 'C25', 'C26'], 'type': 'categorical'}]",
    "feature_config": "None",
    "feature_specs": "None",
    "gpu": "1",
    "group_id": "None",
    "hidden_activations": "None",
    "label_col": "{'dtype': 'float', 'name': 'Label'}",
    "learning_rate": "0.001",
    "loss": "binary_crossentropy",
    "metrics": "['logloss', 'AUC']",
    "min_categr_count": "10",
    "model": "QNN",
    "model_id": "QNN_Criteo_002_8cecb648",
    "model_root": "./checkpoints/",
    "monitor": "{'AUC': 1, 'logloss': 0}",
    "monitor_mode": "max",
    "net_dropout": "0.1",
    "net_regularizer": "0",
    "neuron_type": "T18",
    "num_cross_layers": "3",
    "num_workers": "8",
    "optimizer": "adam",
    "pickle_feature_encoder": "True",
    "save_best_only": "True",
    "seed": "2024",
    "shuffle": "True",
    "task": "binary_classification",
    "test_data": "../../../data/Criteo_x4_10_h5/test.h5",
    "train_data": "../../../data/Criteo_x4_10_h5/train.h5",
    "use_features": "None",
    "valid_data": "../../../data/Criteo_x4_10_h5/valid.h5",
    "verbose": "1"
}
2024-10-23 19:50:30,755 P1401 INFO Load feature_map from json: ../../../data/Criteo_x4_10_h5/feature_map.json
2024-10-23 19:50:30,755 P1401 INFO Set column index...
2024-10-23 19:50:30,755 P1401 INFO Feature specs: {
    "C1": "{'source': '', 'type': 'categorical', 'padding_idx': 0, 'oov_idx': 1445, 'vocab_size': 1446}",
    "C10": "{'source': '', 'type': 'categorical', 'padding_idx': 0, 'oov_idx': 39529, 'vocab_size': 39530}",
    "C11": "{'source': '', 'type': 'categorical', 'padding_idx': 0, 'oov_idx': 5130, 'vocab_size': 5131}",
    "C12": "{'source': '', 'type': 'categorical', 'padding_idx': 0, 'oov_idx': 156655, 'vocab_size': 156656}",
    "C13": "{'source': '', 'type': 'categorical', 'padding_idx': 0, 'oov_idx': 3175, 'vocab_size': 3176}",
    "C14": "{'source': '', 'type': 'categorical', 'padding_idx': 0, 'oov_idx': 27, 'vocab_size': 28}",
    "C15": "{'source': '', 'type': 'categorical', 'padding_idx': 0, 'oov_idx': 11042, 'vocab_size': 11043}",
    "C16": "{'source': '', 'type': 'categorical', 'padding_idx': 0, 'oov_idx': 148912, 'vocab_size': 148913}",
    "C17": "{'source': '', 'type': 'categorical', 'padding_idx': 0, 'oov_idx': 11, 'vocab_size': 12}",
    "C18": "{'source': '', 'type': 'categorical', 'padding_idx': 0, 'oov_idx': 4559, 'vocab_size': 4560}",
    "C19": "{'source': '', 'type': 'categorical', 'padding_idx': 0, 'oov_idx': 2002, 'vocab_size': 2003}",
    "C2": "{'source': '', 'type': 'categorical', 'padding_idx': 0, 'oov_idx': 553, 'vocab_size': 554}",
    "C20": "{'source': '', 'type': 'categorical', 'padding_idx': 0, 'oov_idx': 4, 'vocab_size': 5}",
    "C21": "{'source': '', 'type': 'categorical', 'padding_idx': 0, 'oov_idx': 154563, 'vocab_size': 154564}",
    "C22": "{'source': '', 'type': 'categorical', 'padding_idx': 0, 'oov_idx': 17, 'vocab_size': 18}",
    "C23": "{'source': '', 'type': 'categorical', 'padding_idx': 0, 'oov_idx': 16, 'vocab_size': 17}",
    "C24": "{'source': '', 'type': 'categorical', 'padding_idx': 0, 'oov_idx': 53030, 'vocab_size': 53031}",
    "C25": "{'source': '', 'type': 'categorical', 'padding_idx': 0, 'oov_idx': 81, 'vocab_size': 82}",
    "C26": "{'source': '', 'type': 'categorical', 'padding_idx': 0, 'oov_idx': 40954, 'vocab_size': 40955}",
    "C3": "{'source': '', 'type': 'categorical', 'padding_idx': 0, 'oov_idx': 157338, 'vocab_size': 157339}",
    "C4": "{'source': '', 'type': 'categorical', 'padding_idx': 0, 'oov_idx': 117821, 'vocab_size': 117822}",
    "C5": "{'source': '', 'type': 'categorical', 'padding_idx': 0, 'oov_idx': 305, 'vocab_size': 306}",
    "C6": "{'source': '', 'type': 'categorical', 'padding_idx': 0, 'oov_idx': 17, 'vocab_size': 18}",
    "C7": "{'source': '', 'type': 'categorical', 'padding_idx': 0, 'oov_idx': 11881, 'vocab_size': 11882}",
    "C8": "{'source': '', 'type': 'categorical', 'padding_idx': 0, 'oov_idx': 629, 'vocab_size': 630}",
    "C9": "{'source': '', 'type': 'categorical', 'padding_idx': 0, 'oov_idx': 4, 'vocab_size': 5}",
    "I1": "{'source': '', 'type': 'categorical', 'padding_idx': 0, 'oov_idx': 43, 'vocab_size': 44}",
    "I10": "{'source': '', 'type': 'categorical', 'padding_idx': 0, 'oov_idx': 5, 'vocab_size': 6}",
    "I11": "{'source': '', 'type': 'categorical', 'padding_idx': 0, 'oov_idx': 26, 'vocab_size': 27}",
    "I12": "{'source': '', 'type': 'categorical', 'padding_idx': 0, 'oov_idx': 36, 'vocab_size': 37}",
    "I13": "{'source': '', 'type': 'categorical', 'padding_idx': 0, 'oov_idx': 71, 'vocab_size': 72}",
    "I2": "{'source': '', 'type': 'categorical', 'padding_idx': 0, 'oov_idx': 98, 'vocab_size': 99}",
    "I3": "{'source': '', 'type': 'categorical', 'padding_idx': 0, 'oov_idx': 121, 'vocab_size': 122}",
    "I4": "{'source': '', 'type': 'categorical', 'padding_idx': 0, 'oov_idx': 40, 'vocab_size': 41}",
    "I5": "{'source': '', 'type': 'categorical', 'padding_idx': 0, 'oov_idx': 219, 'vocab_size': 220}",
    "I6": "{'source': '', 'type': 'categorical', 'padding_idx': 0, 'oov_idx': 111, 'vocab_size': 112}",
    "I7": "{'source': '', 'type': 'categorical', 'padding_idx': 0, 'oov_idx': 79, 'vocab_size': 80}",
    "I8": "{'source': '', 'type': 'categorical', 'padding_idx': 0, 'oov_idx': 68, 'vocab_size': 69}",
    "I9": "{'source': '', 'type': 'categorical', 'padding_idx': 0, 'oov_idx': 91, 'vocab_size': 92}"
}
2024-10-23 19:50:34,546 P1401 INFO Total number of parameters: 18080705.
2024-10-23 19:50:34,546 P1401 INFO Loading data...
2024-10-23 19:50:34,546 P1401 INFO Loading data from h5: ../../../data/Criteo_x4_10_h5/train.h5
2024-10-23 19:50:50,482 P1401 INFO Train samples: total/36672493, blocks/1
2024-10-23 19:50:50,482 P1401 INFO Loading data from h5: ../../../data/Criteo_x4_10_h5/valid.h5
2024-10-23 19:50:52,612 P1401 INFO Validation samples: total/4584062, blocks/1
2024-10-23 19:50:52,612 P1401 INFO Loading train and validation data done.
2024-10-23 19:50:52,612 P1401 INFO Start training: 3668 batches/epoch
2024-10-23 19:50:52,612 P1401 INFO ************ Epoch=1 start ************
2024-10-23 19:53:10,214 P1401 INFO Train loss: 0.458787
2024-10-23 19:53:10,214 P1401 INFO Evaluation @epoch 1 - batch 3668: 
2024-10-23 19:53:22,128 P1401 INFO ===
2024-10-23 19:53:22,128 P1401 INFO [Metrics] AUC: 0.806231 - logloss: 0.445097
2024-10-23 19:53:22,134 P1401 INFO Save best model: monitor(max)=0.806231
2024-10-23 19:53:22,780 P1401 INFO ************ Epoch=1 end ************
2024-10-23 19:55:40,341 P1401 INFO Train loss: 0.453128
2024-10-23 19:55:40,341 P1401 INFO Evaluation @epoch 2 - batch 3668: 
2024-10-23 19:55:52,288 P1401 INFO ===
2024-10-23 19:55:52,288 P1401 INFO [Metrics] AUC: 0.808845 - logloss: 0.442818
2024-10-23 19:55:52,298 P1401 INFO Save best model: monitor(max)=0.808845
2024-10-23 19:55:52,993 P1401 INFO ************ Epoch=2 end ************
2024-10-23 19:58:11,004 P1401 INFO Train loss: 0.451710
2024-10-23 19:58:11,005 P1401 INFO Evaluation @epoch 3 - batch 3668: 
2024-10-23 19:58:23,215 P1401 INFO ===
2024-10-23 19:58:23,215 P1401 INFO [Metrics] AUC: 0.809720 - logloss: 0.442200
2024-10-23 19:58:23,225 P1401 INFO Save best model: monitor(max)=0.809720
2024-10-23 19:58:24,049 P1401 INFO ************ Epoch=3 end ************
2024-10-23 20:00:41,619 P1401 INFO Train loss: 0.450939
2024-10-23 20:00:41,620 P1401 INFO Evaluation @epoch 4 - batch 3668: 
2024-10-23 20:00:53,529 P1401 INFO ===
2024-10-23 20:00:53,529 P1401 INFO [Metrics] AUC: 0.810118 - logloss: 0.442559
2024-10-23 20:00:53,539 P1401 INFO Save best model: monitor(max)=0.810118
2024-10-23 20:00:54,125 P1401 INFO ************ Epoch=4 end ************
2024-10-23 20:03:12,025 P1401 INFO Train loss: 0.450445
2024-10-23 20:03:12,025 P1401 INFO Evaluation @epoch 5 - batch 3668: 
2024-10-23 20:03:23,944 P1401 INFO ===
2024-10-23 20:03:23,944 P1401 INFO [Metrics] AUC: 0.810248 - logloss: 0.441452
2024-10-23 20:03:23,956 P1401 INFO Save best model: monitor(max)=0.810248
2024-10-23 20:03:24,590 P1401 INFO ************ Epoch=5 end ************
2024-10-23 20:05:41,382 P1401 INFO Train loss: 0.450097
2024-10-23 20:05:41,382 P1401 INFO Evaluation @epoch 6 - batch 3668: 
2024-10-23 20:05:53,537 P1401 INFO ===
2024-10-23 20:05:53,538 P1401 INFO [Metrics] AUC: 0.810727 - logloss: 0.441441
2024-10-23 20:05:53,548 P1401 INFO Save best model: monitor(max)=0.810727
2024-10-23 20:05:54,328 P1401 INFO ************ Epoch=6 end ************
2024-10-23 20:08:12,886 P1401 INFO Train loss: 0.449824
2024-10-23 20:08:12,887 P1401 INFO Evaluation @epoch 7 - batch 3668: 
2024-10-23 20:08:24,890 P1401 INFO ===
2024-10-23 20:08:24,890 P1401 INFO [Metrics] AUC: 0.810685 - logloss: 0.441851
2024-10-23 20:08:24,900 P1401 INFO Monitor(max)=0.810685 STOP!
2024-10-23 20:08:24,900 P1401 INFO Reduce learning rate on plateau: 0.000100
2024-10-23 20:08:25,481 P1401 INFO ************ Epoch=7 end ************
2024-10-23 20:10:43,177 P1401 INFO Train loss: 0.436403
2024-10-23 20:10:43,177 P1401 INFO Evaluation @epoch 8 - batch 3668: 
2024-10-23 20:10:55,111 P1401 INFO ===
2024-10-23 20:10:55,112 P1401 INFO [Metrics] AUC: 0.812966 - logloss: 0.439109
2024-10-23 20:10:55,122 P1401 INFO Save best model: monitor(max)=0.812966
2024-10-23 20:10:55,709 P1401 INFO ************ Epoch=8 end ************
2024-10-23 20:13:13,701 P1401 INFO Train loss: 0.430872
2024-10-23 20:13:13,701 P1401 INFO Evaluation @epoch 9 - batch 3668: 
2024-10-23 20:13:25,635 P1401 INFO ===
2024-10-23 20:13:25,635 P1401 INFO [Metrics] AUC: 0.812596 - logloss: 0.440197
2024-10-23 20:13:25,645 P1401 INFO Monitor(max)=0.812596 STOP!
2024-10-23 20:13:25,646 P1401 INFO Reduce learning rate on plateau: 0.000010
2024-10-23 20:13:26,249 P1401 INFO ************ Epoch=9 end ************
2024-10-23 20:15:43,926 P1401 INFO Train loss: 0.424036
2024-10-23 20:15:43,926 P1401 INFO Evaluation @epoch 10 - batch 3668: 
2024-10-23 20:15:56,043 P1401 INFO ===
2024-10-23 20:15:56,044 P1401 INFO [Metrics] AUC: 0.810577 - logloss: 0.443268
2024-10-23 20:15:56,054 P1401 INFO Monitor(max)=0.810577 STOP!
2024-10-23 20:15:56,054 P1401 INFO Reduce learning rate on plateau: 0.000001
2024-10-23 20:15:56,054 P1401 INFO ********* Epoch==10 early stop *********
2024-10-23 20:15:56,552 P1401 INFO Training finished.
2024-10-23 20:15:56,552 P1401 INFO Load best model: /root/autodl-tmp/model_zoo/QNN/QNN_torch/checkpoints/Criteo_x4_10_h5/QNN_Criteo_002_8cecb648.model
2024-10-23 20:15:56,596 P1401 INFO ****** Validation evaluation ******
2024-10-23 20:16:08,693 P1401 INFO ===
2024-10-23 20:16:08,693 P1401 INFO [Metrics] logloss: 0.439109 - AUC: 0.812966
2024-10-23 20:16:09,337 P1401 INFO ******** Test evaluation ********
2024-10-23 20:16:09,337 P1401 INFO Loading data...
2024-10-23 20:16:09,337 P1401 INFO Loading data from h5: ../../../data/Criteo_x4_10_h5/test.h5
2024-10-23 20:16:11,522 P1401 INFO Test samples: total/4584062, blocks/1
2024-10-23 20:16:11,522 P1401 INFO Loading test data done.
2024-10-23 20:16:22,340 P1401 INFO ===
2024-10-23 20:16:22,340 P1401 INFO [Metrics] logloss: 0.438818 - AUC: 0.813315
