2024-10-24 13:55:10,380 P24412 INFO Params: {
    "batch_norm": "False",
    "batch_size": "10000",
    "data_format": "h5",
    "data_root": "../../../data/",
    "dataset_id": "Criteo_x4_10_h5",
    "debug_mode": "False",
    "early_stop_patience": "2",
    "embedding_dim": "16",
    "embedding_regularizer": "1e-05",
    "epochs": "100",
    "eval_steps": "None",
    "feature_cols": "[{'active': True, 'dtype': 'float', 'fill_na': 0, 'na_value': 0, 'name': ['I1', 'I2', 'I3', 'I4', 'I5', 'I6', 'I7', 'I8', 'I9', 'I10', 'I11', 'I12', 'I13'], 'preprocess': 'convert_to_bucket', 'type': 'categorical'}, {'active': True, 'dtype': 'str', 'fill_na': '', 'na_value': '', 'name': ['C1', 'C2', 'C3', 'C4', 'C5', 'C6', 'C7', 'C8', 'C9', 'C10', 'C11', 'C12', 'C13', 'C14', 'C15', 'C16', 'C17', 'C18', 'C19', 'C20', 'C21', 'C22', 'C23', 'C24', 'C25', 'C26'], 'type': 'categorical'}]",
    "feature_config": "None",
    "feature_specs": "None",
    "gpu": "1",
    "group_id": "None",
    "hidden_activations": "ReLU",
    "label_col": "{'dtype': 'float', 'name': 'Label'}",
    "learning_rate": "0.001",
    "loss": "binary_crossentropy",
    "metrics": "['logloss', 'AUC']",
    "min_categr_count": "10",
    "model": "QNN",
    "model_id": "QNN_Criteo_002_a99748f5",
    "model_root": "./checkpoints/",
    "monitor": "{'AUC': 1, 'logloss': 0}",
    "monitor_mode": "max",
    "net_dropout": "0.1",
    "net_regularizer": "0",
    "neuron_type": "T24",
    "num_cross_layers": "3",
    "num_workers": "8",
    "optimizer": "adam",
    "pickle_feature_encoder": "True",
    "save_best_only": "True",
    "seed": "2024",
    "shuffle": "True",
    "task": "binary_classification",
    "test_data": "../../../data/Criteo_x4_10_h5/test.h5",
    "train_data": "../../../data/Criteo_x4_10_h5/train.h5",
    "use_features": "None",
    "valid_data": "../../../data/Criteo_x4_10_h5/valid.h5",
    "verbose": "1"
}
2024-10-24 13:55:10,380 P24412 INFO Load feature_map from json: ../../../data/Criteo_x4_10_h5/feature_map.json
2024-10-24 13:55:10,380 P24412 INFO Set column index...
2024-10-24 13:55:10,380 P24412 INFO Feature specs: {
    "C1": "{'source': '', 'type': 'categorical', 'padding_idx': 0, 'oov_idx': 1445, 'vocab_size': 1446}",
    "C10": "{'source': '', 'type': 'categorical', 'padding_idx': 0, 'oov_idx': 39529, 'vocab_size': 39530}",
    "C11": "{'source': '', 'type': 'categorical', 'padding_idx': 0, 'oov_idx': 5130, 'vocab_size': 5131}",
    "C12": "{'source': '', 'type': 'categorical', 'padding_idx': 0, 'oov_idx': 156655, 'vocab_size': 156656}",
    "C13": "{'source': '', 'type': 'categorical', 'padding_idx': 0, 'oov_idx': 3175, 'vocab_size': 3176}",
    "C14": "{'source': '', 'type': 'categorical', 'padding_idx': 0, 'oov_idx': 27, 'vocab_size': 28}",
    "C15": "{'source': '', 'type': 'categorical', 'padding_idx': 0, 'oov_idx': 11042, 'vocab_size': 11043}",
    "C16": "{'source': '', 'type': 'categorical', 'padding_idx': 0, 'oov_idx': 148912, 'vocab_size': 148913}",
    "C17": "{'source': '', 'type': 'categorical', 'padding_idx': 0, 'oov_idx': 11, 'vocab_size': 12}",
    "C18": "{'source': '', 'type': 'categorical', 'padding_idx': 0, 'oov_idx': 4559, 'vocab_size': 4560}",
    "C19": "{'source': '', 'type': 'categorical', 'padding_idx': 0, 'oov_idx': 2002, 'vocab_size': 2003}",
    "C2": "{'source': '', 'type': 'categorical', 'padding_idx': 0, 'oov_idx': 553, 'vocab_size': 554}",
    "C20": "{'source': '', 'type': 'categorical', 'padding_idx': 0, 'oov_idx': 4, 'vocab_size': 5}",
    "C21": "{'source': '', 'type': 'categorical', 'padding_idx': 0, 'oov_idx': 154563, 'vocab_size': 154564}",
    "C22": "{'source': '', 'type': 'categorical', 'padding_idx': 0, 'oov_idx': 17, 'vocab_size': 18}",
    "C23": "{'source': '', 'type': 'categorical', 'padding_idx': 0, 'oov_idx': 16, 'vocab_size': 17}",
    "C24": "{'source': '', 'type': 'categorical', 'padding_idx': 0, 'oov_idx': 53030, 'vocab_size': 53031}",
    "C25": "{'source': '', 'type': 'categorical', 'padding_idx': 0, 'oov_idx': 81, 'vocab_size': 82}",
    "C26": "{'source': '', 'type': 'categorical', 'padding_idx': 0, 'oov_idx': 40954, 'vocab_size': 40955}",
    "C3": "{'source': '', 'type': 'categorical', 'padding_idx': 0, 'oov_idx': 157338, 'vocab_size': 157339}",
    "C4": "{'source': '', 'type': 'categorical', 'padding_idx': 0, 'oov_idx': 117821, 'vocab_size': 117822}",
    "C5": "{'source': '', 'type': 'categorical', 'padding_idx': 0, 'oov_idx': 305, 'vocab_size': 306}",
    "C6": "{'source': '', 'type': 'categorical', 'padding_idx': 0, 'oov_idx': 17, 'vocab_size': 18}",
    "C7": "{'source': '', 'type': 'categorical', 'padding_idx': 0, 'oov_idx': 11881, 'vocab_size': 11882}",
    "C8": "{'source': '', 'type': 'categorical', 'padding_idx': 0, 'oov_idx': 629, 'vocab_size': 630}",
    "C9": "{'source': '', 'type': 'categorical', 'padding_idx': 0, 'oov_idx': 4, 'vocab_size': 5}",
    "I1": "{'source': '', 'type': 'categorical', 'padding_idx': 0, 'oov_idx': 43, 'vocab_size': 44}",
    "I10": "{'source': '', 'type': 'categorical', 'padding_idx': 0, 'oov_idx': 5, 'vocab_size': 6}",
    "I11": "{'source': '', 'type': 'categorical', 'padding_idx': 0, 'oov_idx': 26, 'vocab_size': 27}",
    "I12": "{'source': '', 'type': 'categorical', 'padding_idx': 0, 'oov_idx': 36, 'vocab_size': 37}",
    "I13": "{'source': '', 'type': 'categorical', 'padding_idx': 0, 'oov_idx': 71, 'vocab_size': 72}",
    "I2": "{'source': '', 'type': 'categorical', 'padding_idx': 0, 'oov_idx': 98, 'vocab_size': 99}",
    "I3": "{'source': '', 'type': 'categorical', 'padding_idx': 0, 'oov_idx': 121, 'vocab_size': 122}",
    "I4": "{'source': '', 'type': 'categorical', 'padding_idx': 0, 'oov_idx': 40, 'vocab_size': 41}",
    "I5": "{'source': '', 'type': 'categorical', 'padding_idx': 0, 'oov_idx': 219, 'vocab_size': 220}",
    "I6": "{'source': '', 'type': 'categorical', 'padding_idx': 0, 'oov_idx': 111, 'vocab_size': 112}",
    "I7": "{'source': '', 'type': 'categorical', 'padding_idx': 0, 'oov_idx': 79, 'vocab_size': 80}",
    "I8": "{'source': '', 'type': 'categorical', 'padding_idx': 0, 'oov_idx': 68, 'vocab_size': 69}",
    "I9": "{'source': '', 'type': 'categorical', 'padding_idx': 0, 'oov_idx': 91, 'vocab_size': 92}"
}
2024-10-24 13:55:13,964 P24412 INFO Total number of parameters: 16912577.
2024-10-24 13:55:13,965 P24412 INFO Loading data...
2024-10-24 13:55:13,965 P24412 INFO Loading data from h5: ../../../data/Criteo_x4_10_h5/train.h5
2024-10-24 13:55:29,141 P24412 INFO Train samples: total/36672493, blocks/1
2024-10-24 13:55:29,141 P24412 INFO Loading data from h5: ../../../data/Criteo_x4_10_h5/valid.h5
2024-10-24 13:55:31,055 P24412 INFO Validation samples: total/4584062, blocks/1
2024-10-24 13:55:31,055 P24412 INFO Loading train and validation data done.
2024-10-24 13:55:31,055 P24412 INFO Start training: 3668 batches/epoch
2024-10-24 13:55:31,055 P24412 INFO ************ Epoch=1 start ************
2024-10-24 13:57:40,639 P24412 INFO Train loss: 0.461812
2024-10-24 13:57:40,639 P24412 INFO Evaluation @epoch 1 - batch 3668: 
2024-10-24 13:57:50,721 P24412 INFO ===
2024-10-24 13:57:50,721 P24412 INFO [Metrics] AUC: 0.804504 - logloss: 0.446566
2024-10-24 13:57:50,727 P24412 INFO Save best model: monitor(max)=0.804504
2024-10-24 13:57:51,385 P24412 INFO ************ Epoch=1 end ************
2024-10-24 13:59:59,880 P24412 INFO Train loss: 0.454403
2024-10-24 13:59:59,881 P24412 INFO Evaluation @epoch 2 - batch 3668: 
2024-10-24 14:00:09,976 P24412 INFO ===
2024-10-24 14:00:09,977 P24412 INFO [Metrics] AUC: 0.808007 - logloss: 0.443621
2024-10-24 14:00:09,988 P24412 INFO Save best model: monitor(max)=0.808007
2024-10-24 14:00:10,579 P24412 INFO ************ Epoch=2 end ************
2024-10-24 14:02:19,476 P24412 INFO Train loss: 0.452346
2024-10-24 14:02:19,477 P24412 INFO Evaluation @epoch 3 - batch 3668: 
2024-10-24 14:02:29,805 P24412 INFO ===
2024-10-24 14:02:29,806 P24412 INFO [Metrics] AUC: 0.809354 - logloss: 0.442184
2024-10-24 14:02:29,816 P24412 INFO Save best model: monitor(max)=0.809354
2024-10-24 14:02:30,413 P24412 INFO ************ Epoch=3 end ************
2024-10-24 14:04:39,675 P24412 INFO Train loss: 0.451163
2024-10-24 14:04:39,676 P24412 INFO Evaluation @epoch 4 - batch 3668: 
2024-10-24 14:04:50,053 P24412 INFO ===
2024-10-24 14:04:50,053 P24412 INFO [Metrics] AUC: 0.810080 - logloss: 0.441478
2024-10-24 14:04:50,063 P24412 INFO Save best model: monitor(max)=0.810080
2024-10-24 14:04:50,568 P24412 INFO ************ Epoch=4 end ************
2024-10-24 14:06:59,658 P24412 INFO Train loss: 0.450327
2024-10-24 14:06:59,659 P24412 INFO Evaluation @epoch 5 - batch 3668: 
2024-10-24 14:07:09,952 P24412 INFO ===
2024-10-24 14:07:09,952 P24412 INFO [Metrics] AUC: 0.810732 - logloss: 0.440921
2024-10-24 14:07:09,962 P24412 INFO Save best model: monitor(max)=0.810732
2024-10-24 14:07:10,443 P24412 INFO ************ Epoch=5 end ************
2024-10-24 14:09:18,934 P24412 INFO Train loss: 0.449708
2024-10-24 14:09:18,934 P24412 INFO Evaluation @epoch 6 - batch 3668: 
2024-10-24 14:09:28,855 P24412 INFO ===
2024-10-24 14:09:28,855 P24412 INFO [Metrics] AUC: 0.810788 - logloss: 0.440801
2024-10-24 14:09:28,861 P24412 INFO Save best model: monitor(max)=0.810788
2024-10-24 14:09:29,487 P24412 INFO ************ Epoch=6 end ************
2024-10-24 14:11:38,006 P24412 INFO Train loss: 0.449189
2024-10-24 14:11:38,006 P24412 INFO Evaluation @epoch 7 - batch 3668: 
2024-10-24 14:11:48,527 P24412 INFO ===
2024-10-24 14:11:48,528 P24412 INFO [Metrics] AUC: 0.811116 - logloss: 0.440992
2024-10-24 14:11:48,536 P24412 INFO Save best model: monitor(max)=0.811116
2024-10-24 14:11:49,140 P24412 INFO ************ Epoch=7 end ************
2024-10-24 14:13:58,634 P24412 INFO Train loss: 0.448760
2024-10-24 14:13:58,634 P24412 INFO Evaluation @epoch 8 - batch 3668: 
2024-10-24 14:14:09,118 P24412 INFO ===
2024-10-24 14:14:09,118 P24412 INFO [Metrics] AUC: 0.811106 - logloss: 0.440564
2024-10-24 14:14:09,128 P24412 INFO Monitor(max)=0.811106 STOP!
2024-10-24 14:14:09,128 P24412 INFO Reduce learning rate on plateau: 0.000100
2024-10-24 14:14:09,593 P24412 INFO ************ Epoch=8 end ************
2024-10-24 14:16:18,833 P24412 INFO Train loss: 0.437559
2024-10-24 14:16:18,833 P24412 INFO Evaluation @epoch 9 - batch 3668: 
2024-10-24 14:16:28,954 P24412 INFO ===
2024-10-24 14:16:28,954 P24412 INFO [Metrics] AUC: 0.813591 - logloss: 0.438345
2024-10-24 14:16:28,964 P24412 INFO Save best model: monitor(max)=0.813591
2024-10-24 14:16:29,548 P24412 INFO ************ Epoch=9 end ************
2024-10-24 14:18:39,354 P24412 INFO Train loss: 0.433152
2024-10-24 14:18:39,354 P24412 INFO Evaluation @epoch 10 - batch 3668: 
2024-10-24 14:18:49,347 P24412 INFO ===
2024-10-24 14:18:49,347 P24412 INFO [Metrics] AUC: 0.813748 - logloss: 0.438235
2024-10-24 14:18:49,356 P24412 INFO Save best model: monitor(max)=0.813748
2024-10-24 14:18:49,907 P24412 INFO ************ Epoch=10 end ************
2024-10-24 14:20:59,541 P24412 INFO Train loss: 0.431043
2024-10-24 14:20:59,541 P24412 INFO Evaluation @epoch 11 - batch 3668: 
2024-10-24 14:21:09,704 P24412 INFO ===
2024-10-24 14:21:09,704 P24412 INFO [Metrics] AUC: 0.813532 - logloss: 0.438577
2024-10-24 14:21:09,714 P24412 INFO Monitor(max)=0.813532 STOP!
2024-10-24 14:21:09,714 P24412 INFO Reduce learning rate on plateau: 0.000010
2024-10-24 14:21:10,170 P24412 INFO ************ Epoch=11 end ************
2024-10-24 14:23:19,771 P24412 INFO Train loss: 0.427025
2024-10-24 14:23:19,771 P24412 INFO Evaluation @epoch 12 - batch 3668: 
2024-10-24 14:23:29,942 P24412 INFO ===
2024-10-24 14:23:29,942 P24412 INFO [Metrics] AUC: 0.813115 - logloss: 0.439378
2024-10-24 14:23:29,952 P24412 INFO Monitor(max)=0.813115 STOP!
2024-10-24 14:23:29,952 P24412 INFO Reduce learning rate on plateau: 0.000001
2024-10-24 14:23:29,952 P24412 INFO ********* Epoch==12 early stop *********
2024-10-24 14:23:30,442 P24412 INFO Training finished.
2024-10-24 14:23:30,442 P24412 INFO Load best model: /root/autodl-tmp/model_zoo/QNN/QNN_torch/checkpoints/Criteo_x4_10_h5/QNN_Criteo_002_a99748f5.model
2024-10-24 14:23:30,479 P24412 INFO ****** Validation evaluation ******
2024-10-24 14:23:40,465 P24412 INFO ===
2024-10-24 14:23:40,465 P24412 INFO [Metrics] logloss: 0.438235 - AUC: 0.813748
2024-10-24 14:23:40,943 P24412 INFO ******** Test evaluation ********
2024-10-24 14:23:40,943 P24412 INFO Loading data...
2024-10-24 14:23:40,943 P24412 INFO Loading data from h5: ../../../data/Criteo_x4_10_h5/test.h5
2024-10-24 14:23:42,957 P24412 INFO Test samples: total/4584062, blocks/1
2024-10-24 14:23:42,957 P24412 INFO Loading test data done.
2024-10-24 14:23:52,779 P24412 INFO ===
2024-10-24 14:23:52,779 P24412 INFO [Metrics] logloss: 0.437844 - AUC: 0.814239
