2024-10-23 15:49:21,844 P383646 INFO Params: {
    "batch_norm": "False",
    "batch_size": "10000",
    "data_format": "h5",
    "data_root": "../../../data/",
    "dataset_id": "Criteo_x4_10_h5",
    "debug_mode": "False",
    "early_stop_patience": "2",
    "embedding_dim": "16",
    "embedding_regularizer": "1e-05",
    "epochs": "100",
    "eval_steps": "None",
    "feature_cols": "[{'active': True, 'dtype': 'float', 'fill_na': 0, 'na_value': 0, 'name': ['I1', 'I2', 'I3', 'I4', 'I5', 'I6', 'I7', 'I8', 'I9', 'I10', 'I11', 'I12', 'I13'], 'preprocess': 'convert_to_bucket', 'type': 'categorical'}, {'active': True, 'dtype': 'str', 'fill_na': '', 'na_value': '', 'name': ['C1', 'C2', 'C3', 'C4', 'C5', 'C6', 'C7', 'C8', 'C9', 'C10', 'C11', 'C12', 'C13', 'C14', 'C15', 'C16', 'C17', 'C18', 'C19', 'C20', 'C21', 'C22', 'C23', 'C24', 'C25', 'C26'], 'type': 'categorical'}]",
    "feature_config": "None",
    "feature_specs": "None",
    "gpu": "0",
    "group_id": "None",
    "hidden_activations": "None",
    "label_col": "{'dtype': 'float', 'name': 'Label'}",
    "learning_rate": "0.001",
    "loss": "binary_crossentropy",
    "metrics": "['logloss', 'AUC']",
    "min_categr_count": "10",
    "model": "QNN",
    "model_id": "QNN_Criteo_008_5d9dda7d",
    "model_root": "./checkpoints/",
    "monitor": "{'AUC': 1, 'logloss': 0}",
    "monitor_mode": "max",
    "net_dropout": "0.1",
    "net_regularizer": "0",
    "neuron_type": "T11",
    "num_cross_layers": "3",
    "num_workers": "8",
    "optimizer": "adam",
    "pickle_feature_encoder": "True",
    "save_best_only": "True",
    "seed": "2024",
    "shuffle": "True",
    "task": "binary_classification",
    "test_data": "../../../data/Criteo_x4_10_h5/test.h5",
    "train_data": "../../../data/Criteo_x4_10_h5/train.h5",
    "use_features": "None",
    "valid_data": "../../../data/Criteo_x4_10_h5/valid.h5",
    "verbose": "1"
}
2024-10-23 15:49:21,844 P383646 INFO Load feature_map from json: ../../../data/Criteo_x4_10_h5/feature_map.json
2024-10-23 15:49:21,845 P383646 INFO Set column index...
2024-10-23 15:49:21,845 P383646 INFO Feature specs: {
    "C1": "{'source': '', 'type': 'categorical', 'padding_idx': 0, 'oov_idx': 1445, 'vocab_size': 1446}",
    "C10": "{'source': '', 'type': 'categorical', 'padding_idx': 0, 'oov_idx': 39529, 'vocab_size': 39530}",
    "C11": "{'source': '', 'type': 'categorical', 'padding_idx': 0, 'oov_idx': 5130, 'vocab_size': 5131}",
    "C12": "{'source': '', 'type': 'categorical', 'padding_idx': 0, 'oov_idx': 156655, 'vocab_size': 156656}",
    "C13": "{'source': '', 'type': 'categorical', 'padding_idx': 0, 'oov_idx': 3175, 'vocab_size': 3176}",
    "C14": "{'source': '', 'type': 'categorical', 'padding_idx': 0, 'oov_idx': 27, 'vocab_size': 28}",
    "C15": "{'source': '', 'type': 'categorical', 'padding_idx': 0, 'oov_idx': 11042, 'vocab_size': 11043}",
    "C16": "{'source': '', 'type': 'categorical', 'padding_idx': 0, 'oov_idx': 148912, 'vocab_size': 148913}",
    "C17": "{'source': '', 'type': 'categorical', 'padding_idx': 0, 'oov_idx': 11, 'vocab_size': 12}",
    "C18": "{'source': '', 'type': 'categorical', 'padding_idx': 0, 'oov_idx': 4559, 'vocab_size': 4560}",
    "C19": "{'source': '', 'type': 'categorical', 'padding_idx': 0, 'oov_idx': 2002, 'vocab_size': 2003}",
    "C2": "{'source': '', 'type': 'categorical', 'padding_idx': 0, 'oov_idx': 553, 'vocab_size': 554}",
    "C20": "{'source': '', 'type': 'categorical', 'padding_idx': 0, 'oov_idx': 4, 'vocab_size': 5}",
    "C21": "{'source': '', 'type': 'categorical', 'padding_idx': 0, 'oov_idx': 154563, 'vocab_size': 154564}",
    "C22": "{'source': '', 'type': 'categorical', 'padding_idx': 0, 'oov_idx': 17, 'vocab_size': 18}",
    "C23": "{'source': '', 'type': 'categorical', 'padding_idx': 0, 'oov_idx': 16, 'vocab_size': 17}",
    "C24": "{'source': '', 'type': 'categorical', 'padding_idx': 0, 'oov_idx': 53030, 'vocab_size': 53031}",
    "C25": "{'source': '', 'type': 'categorical', 'padding_idx': 0, 'oov_idx': 81, 'vocab_size': 82}",
    "C26": "{'source': '', 'type': 'categorical', 'padding_idx': 0, 'oov_idx': 40954, 'vocab_size': 40955}",
    "C3": "{'source': '', 'type': 'categorical', 'padding_idx': 0, 'oov_idx': 157338, 'vocab_size': 157339}",
    "C4": "{'source': '', 'type': 'categorical', 'padding_idx': 0, 'oov_idx': 117821, 'vocab_size': 117822}",
    "C5": "{'source': '', 'type': 'categorical', 'padding_idx': 0, 'oov_idx': 305, 'vocab_size': 306}",
    "C6": "{'source': '', 'type': 'categorical', 'padding_idx': 0, 'oov_idx': 17, 'vocab_size': 18}",
    "C7": "{'source': '', 'type': 'categorical', 'padding_idx': 0, 'oov_idx': 11881, 'vocab_size': 11882}",
    "C8": "{'source': '', 'type': 'categorical', 'padding_idx': 0, 'oov_idx': 629, 'vocab_size': 630}",
    "C9": "{'source': '', 'type': 'categorical', 'padding_idx': 0, 'oov_idx': 4, 'vocab_size': 5}",
    "I1": "{'source': '', 'type': 'categorical', 'padding_idx': 0, 'oov_idx': 43, 'vocab_size': 44}",
    "I10": "{'source': '', 'type': 'categorical', 'padding_idx': 0, 'oov_idx': 5, 'vocab_size': 6}",
    "I11": "{'source': '', 'type': 'categorical', 'padding_idx': 0, 'oov_idx': 26, 'vocab_size': 27}",
    "I12": "{'source': '', 'type': 'categorical', 'padding_idx': 0, 'oov_idx': 36, 'vocab_size': 37}",
    "I13": "{'source': '', 'type': 'categorical', 'padding_idx': 0, 'oov_idx': 71, 'vocab_size': 72}",
    "I2": "{'source': '', 'type': 'categorical', 'padding_idx': 0, 'oov_idx': 98, 'vocab_size': 99}",
    "I3": "{'source': '', 'type': 'categorical', 'padding_idx': 0, 'oov_idx': 121, 'vocab_size': 122}",
    "I4": "{'source': '', 'type': 'categorical', 'padding_idx': 0, 'oov_idx': 40, 'vocab_size': 41}",
    "I5": "{'source': '', 'type': 'categorical', 'padding_idx': 0, 'oov_idx': 219, 'vocab_size': 220}",
    "I6": "{'source': '', 'type': 'categorical', 'padding_idx': 0, 'oov_idx': 111, 'vocab_size': 112}",
    "I7": "{'source': '', 'type': 'categorical', 'padding_idx': 0, 'oov_idx': 79, 'vocab_size': 80}",
    "I8": "{'source': '', 'type': 'categorical', 'padding_idx': 0, 'oov_idx': 68, 'vocab_size': 69}",
    "I9": "{'source': '', 'type': 'categorical', 'padding_idx': 0, 'oov_idx': 91, 'vocab_size': 92}"
}
2024-10-23 15:49:25,554 P383646 INFO Total number of parameters: 15742577.
2024-10-23 15:49:25,554 P383646 INFO Loading data...
2024-10-23 15:49:25,554 P383646 INFO Loading data from h5: ../../../data/Criteo_x4_10_h5/train.h5
2024-10-23 15:49:40,841 P383646 INFO Train samples: total/36672493, blocks/1
2024-10-23 15:49:40,841 P383646 INFO Loading data from h5: ../../../data/Criteo_x4_10_h5/valid.h5
2024-10-23 15:49:42,923 P383646 INFO Validation samples: total/4584062, blocks/1
2024-10-23 15:49:42,923 P383646 INFO Loading train and validation data done.
2024-10-23 15:49:42,923 P383646 INFO Start training: 3668 batches/epoch
2024-10-23 15:49:42,923 P383646 INFO ************ Epoch=1 start ************
2024-10-23 15:51:44,836 P383646 INFO Train loss: 0.460265
2024-10-23 15:51:44,836 P383646 INFO Evaluation @epoch 1 - batch 3668: 
2024-10-23 15:51:55,934 P383646 INFO ===
2024-10-23 15:51:55,934 P383646 INFO [Metrics] AUC: 0.804647 - logloss: 0.446528
2024-10-23 15:51:55,941 P383646 INFO Save best model: monitor(max)=0.804647
2024-10-23 15:51:56,563 P383646 INFO ************ Epoch=1 end ************
2024-10-23 15:53:59,134 P383646 INFO Train loss: 0.454129
2024-10-23 15:53:59,134 P383646 INFO Evaluation @epoch 2 - batch 3668: 
2024-10-23 15:54:10,004 P383646 INFO ===
2024-10-23 15:54:10,004 P383646 INFO [Metrics] AUC: 0.807499 - logloss: 0.443964
2024-10-23 15:54:10,015 P383646 INFO Save best model: monitor(max)=0.807499
2024-10-23 15:54:10,618 P383646 INFO ************ Epoch=2 end ************
2024-10-23 15:56:12,950 P383646 INFO Train loss: 0.452335
2024-10-23 15:56:12,950 P383646 INFO Evaluation @epoch 3 - batch 3668: 
2024-10-23 15:56:23,734 P383646 INFO ===
2024-10-23 15:56:23,734 P383646 INFO [Metrics] AUC: 0.809017 - logloss: 0.442564
2024-10-23 15:56:23,743 P383646 INFO Save best model: monitor(max)=0.809017
2024-10-23 15:56:24,348 P383646 INFO ************ Epoch=3 end ************
2024-10-23 15:58:27,013 P383646 INFO Train loss: 0.451412
2024-10-23 15:58:27,013 P383646 INFO Evaluation @epoch 4 - batch 3668: 
2024-10-23 15:58:37,990 P383646 INFO ===
2024-10-23 15:58:37,991 P383646 INFO [Metrics] AUC: 0.809526 - logloss: 0.442201
2024-10-23 15:58:37,997 P383646 INFO Save best model: monitor(max)=0.809526
2024-10-23 15:58:38,643 P383646 INFO ************ Epoch=4 end ************
2024-10-23 16:00:40,618 P383646 INFO Train loss: 0.450896
2024-10-23 16:00:40,618 P383646 INFO Evaluation @epoch 5 - batch 3668: 
2024-10-23 16:00:51,575 P383646 INFO ===
2024-10-23 16:00:51,575 P383646 INFO [Metrics] AUC: 0.809944 - logloss: 0.441815
2024-10-23 16:00:51,585 P383646 INFO Save best model: monitor(max)=0.809944
2024-10-23 16:00:52,237 P383646 INFO ************ Epoch=5 end ************
2024-10-23 16:02:54,198 P383646 INFO Train loss: 0.450492
2024-10-23 16:02:54,199 P383646 INFO Evaluation @epoch 6 - batch 3668: 
2024-10-23 16:03:05,263 P383646 INFO ===
2024-10-23 16:03:05,263 P383646 INFO [Metrics] AUC: 0.810131 - logloss: 0.441732
2024-10-23 16:03:05,269 P383646 INFO Save best model: monitor(max)=0.810131
2024-10-23 16:03:05,881 P383646 INFO ************ Epoch=6 end ************
2024-10-23 16:05:07,985 P383646 INFO Train loss: 0.450209
2024-10-23 16:05:07,985 P383646 INFO Evaluation @epoch 7 - batch 3668: 
2024-10-23 16:05:18,974 P383646 INFO ===
2024-10-23 16:05:18,974 P383646 INFO [Metrics] AUC: 0.810435 - logloss: 0.441227
2024-10-23 16:05:18,984 P383646 INFO Save best model: monitor(max)=0.810435
2024-10-23 16:05:19,545 P383646 INFO ************ Epoch=7 end ************
2024-10-23 16:07:21,941 P383646 INFO Train loss: 0.450034
2024-10-23 16:07:21,941 P383646 INFO Evaluation @epoch 8 - batch 3668: 
2024-10-23 16:07:32,942 P383646 INFO ===
2024-10-23 16:07:32,942 P383646 INFO [Metrics] AUC: 0.810358 - logloss: 0.441358
2024-10-23 16:07:32,953 P383646 INFO Monitor(max)=0.810358 STOP!
2024-10-23 16:07:32,953 P383646 INFO Reduce learning rate on plateau: 0.000100
2024-10-23 16:07:33,495 P383646 INFO ************ Epoch=8 end ************
2024-10-23 16:09:35,875 P383646 INFO Train loss: 0.439428
2024-10-23 16:09:35,876 P383646 INFO Evaluation @epoch 9 - batch 3668: 
2024-10-23 16:09:46,861 P383646 INFO ===
2024-10-23 16:09:46,861 P383646 INFO [Metrics] AUC: 0.813729 - logloss: 0.438474
2024-10-23 16:09:46,871 P383646 INFO Save best model: monitor(max)=0.813729
2024-10-23 16:09:47,478 P383646 INFO ************ Epoch=9 end ************
2024-10-23 16:11:49,339 P383646 INFO Train loss: 0.435417
2024-10-23 16:11:49,339 P383646 INFO Evaluation @epoch 10 - batch 3668: 
2024-10-23 16:12:00,242 P383646 INFO ===
2024-10-23 16:12:00,242 P383646 INFO [Metrics] AUC: 0.814048 - logloss: 0.438038
2024-10-23 16:12:00,249 P383646 INFO Save best model: monitor(max)=0.814048
2024-10-23 16:12:00,872 P383646 INFO ************ Epoch=10 end ************
2024-10-23 16:14:01,942 P383646 INFO Train loss: 0.433358
2024-10-23 16:14:01,942 P383646 INFO Evaluation @epoch 11 - batch 3668: 
2024-10-23 16:14:12,794 P383646 INFO ===
2024-10-23 16:14:12,794 P383646 INFO [Metrics] AUC: 0.813942 - logloss: 0.438358
2024-10-23 16:14:12,801 P383646 INFO Monitor(max)=0.813942 STOP!
2024-10-23 16:14:12,801 P383646 INFO Reduce learning rate on plateau: 0.000010
2024-10-23 16:14:13,367 P383646 INFO ************ Epoch=11 end ************
2024-10-23 16:16:15,154 P383646 INFO Train loss: 0.429012
2024-10-23 16:16:15,154 P383646 INFO Evaluation @epoch 12 - batch 3668: 
2024-10-23 16:16:25,995 P383646 INFO ===
2024-10-23 16:16:25,995 P383646 INFO [Metrics] AUC: 0.813378 - logloss: 0.439189
2024-10-23 16:16:26,003 P383646 INFO Monitor(max)=0.813378 STOP!
2024-10-23 16:16:26,003 P383646 INFO Reduce learning rate on plateau: 0.000001
2024-10-23 16:16:26,003 P383646 INFO ********* Epoch==12 early stop *********
2024-10-23 16:16:26,528 P383646 INFO Training finished.
2024-10-23 16:16:26,528 P383646 INFO Load best model: /root/autodl-tmp/model_zoo/QNN/QNN_torch/checkpoints/Criteo_x4_10_h5/QNN_Criteo_008_5d9dda7d.model
2024-10-23 16:16:26,563 P383646 INFO ****** Validation evaluation ******
2024-10-23 16:16:37,229 P383646 INFO ===
2024-10-23 16:16:37,229 P383646 INFO [Metrics] logloss: 0.438038 - AUC: 0.814048
2024-10-23 16:16:37,774 P383646 INFO ******** Test evaluation ********
2024-10-23 16:16:37,774 P383646 INFO Loading data...
2024-10-23 16:16:37,775 P383646 INFO Loading data from h5: ../../../data/Criteo_x4_10_h5/test.h5
2024-10-23 16:16:39,720 P383646 INFO Test samples: total/4584062, blocks/1
2024-10-23 16:16:39,720 P383646 INFO Loading test data done.
2024-10-23 16:16:50,002 P383646 INFO ===
2024-10-23 16:16:50,002 P383646 INFO [Metrics] logloss: 0.437777 - AUC: 0.814368
