2024-10-24 15:42:43,054 P325319 INFO Params: {
    "batch_norm": "False",
    "batch_size": "10000",
    "data_format": "h5",
    "data_root": "../../../data/",
    "dataset_id": "Criteo_x4_10_h5",
    "debug_mode": "False",
    "early_stop_patience": "2",
    "embedding_dim": "16",
    "embedding_regularizer": "1e-05",
    "epochs": "100",
    "eval_steps": "None",
    "feature_cols": "[{'active': True, 'dtype': 'float', 'fill_na': 0, 'na_value': 0, 'name': ['I1', 'I2', 'I3', 'I4', 'I5', 'I6', 'I7', 'I8', 'I9', 'I10', 'I11', 'I12', 'I13'], 'preprocess': 'convert_to_bucket', 'type': 'categorical'}, {'active': True, 'dtype': 'str', 'fill_na': '', 'na_value': '', 'name': ['C1', 'C2', 'C3', 'C4', 'C5', 'C6', 'C7', 'C8', 'C9', 'C10', 'C11', 'C12', 'C13', 'C14', 'C15', 'C16', 'C17', 'C18', 'C19', 'C20', 'C21', 'C22', 'C23', 'C24', 'C25', 'C26'], 'type': 'categorical'}]",
    "feature_config": "None",
    "feature_specs": "None",
    "gpu": "1",
    "group_id": "None",
    "hidden_activations": "None",
    "label_col": "{'dtype': 'float', 'name': 'Label'}",
    "learning_rate": "0.001",
    "loss": "binary_crossentropy",
    "metrics": "['logloss', 'AUC']",
    "min_categr_count": "10",
    "model": "QNN",
    "model_id": "QNN_Criteo_008_c524ecaf",
    "model_root": "./checkpoints/",
    "monitor": "{'AUC': 1, 'logloss': 0}",
    "monitor_mode": "max",
    "net_dropout": "0.1",
    "net_regularizer": "0",
    "neuron_type": "T26",
    "num_cross_layers": "3",
    "num_workers": "8",
    "optimizer": "adam",
    "pickle_feature_encoder": "True",
    "save_best_only": "True",
    "seed": "2024",
    "shuffle": "True",
    "task": "binary_classification",
    "test_data": "../../../data/Criteo_x4_10_h5/test.h5",
    "train_data": "../../../data/Criteo_x4_10_h5/train.h5",
    "use_features": "None",
    "valid_data": "../../../data/Criteo_x4_10_h5/valid.h5",
    "verbose": "1"
}
2024-10-24 15:42:43,055 P325319 INFO Load feature_map from json: ../../../data/Criteo_x4_10_h5/feature_map.json
2024-10-24 15:42:43,055 P325319 INFO Set column index...
2024-10-24 15:42:43,055 P325319 INFO Feature specs: {
    "C1": "{'source': '', 'type': 'categorical', 'padding_idx': 0, 'oov_idx': 1445, 'vocab_size': 1446}",
    "C10": "{'source': '', 'type': 'categorical', 'padding_idx': 0, 'oov_idx': 39529, 'vocab_size': 39530}",
    "C11": "{'source': '', 'type': 'categorical', 'padding_idx': 0, 'oov_idx': 5130, 'vocab_size': 5131}",
    "C12": "{'source': '', 'type': 'categorical', 'padding_idx': 0, 'oov_idx': 156655, 'vocab_size': 156656}",
    "C13": "{'source': '', 'type': 'categorical', 'padding_idx': 0, 'oov_idx': 3175, 'vocab_size': 3176}",
    "C14": "{'source': '', 'type': 'categorical', 'padding_idx': 0, 'oov_idx': 27, 'vocab_size': 28}",
    "C15": "{'source': '', 'type': 'categorical', 'padding_idx': 0, 'oov_idx': 11042, 'vocab_size': 11043}",
    "C16": "{'source': '', 'type': 'categorical', 'padding_idx': 0, 'oov_idx': 148912, 'vocab_size': 148913}",
    "C17": "{'source': '', 'type': 'categorical', 'padding_idx': 0, 'oov_idx': 11, 'vocab_size': 12}",
    "C18": "{'source': '', 'type': 'categorical', 'padding_idx': 0, 'oov_idx': 4559, 'vocab_size': 4560}",
    "C19": "{'source': '', 'type': 'categorical', 'padding_idx': 0, 'oov_idx': 2002, 'vocab_size': 2003}",
    "C2": "{'source': '', 'type': 'categorical', 'padding_idx': 0, 'oov_idx': 553, 'vocab_size': 554}",
    "C20": "{'source': '', 'type': 'categorical', 'padding_idx': 0, 'oov_idx': 4, 'vocab_size': 5}",
    "C21": "{'source': '', 'type': 'categorical', 'padding_idx': 0, 'oov_idx': 154563, 'vocab_size': 154564}",
    "C22": "{'source': '', 'type': 'categorical', 'padding_idx': 0, 'oov_idx': 17, 'vocab_size': 18}",
    "C23": "{'source': '', 'type': 'categorical', 'padding_idx': 0, 'oov_idx': 16, 'vocab_size': 17}",
    "C24": "{'source': '', 'type': 'categorical', 'padding_idx': 0, 'oov_idx': 53030, 'vocab_size': 53031}",
    "C25": "{'source': '', 'type': 'categorical', 'padding_idx': 0, 'oov_idx': 81, 'vocab_size': 82}",
    "C26": "{'source': '', 'type': 'categorical', 'padding_idx': 0, 'oov_idx': 40954, 'vocab_size': 40955}",
    "C3": "{'source': '', 'type': 'categorical', 'padding_idx': 0, 'oov_idx': 157338, 'vocab_size': 157339}",
    "C4": "{'source': '', 'type': 'categorical', 'padding_idx': 0, 'oov_idx': 117821, 'vocab_size': 117822}",
    "C5": "{'source': '', 'type': 'categorical', 'padding_idx': 0, 'oov_idx': 305, 'vocab_size': 306}",
    "C6": "{'source': '', 'type': 'categorical', 'padding_idx': 0, 'oov_idx': 17, 'vocab_size': 18}",
    "C7": "{'source': '', 'type': 'categorical', 'padding_idx': 0, 'oov_idx': 11881, 'vocab_size': 11882}",
    "C8": "{'source': '', 'type': 'categorical', 'padding_idx': 0, 'oov_idx': 629, 'vocab_size': 630}",
    "C9": "{'source': '', 'type': 'categorical', 'padding_idx': 0, 'oov_idx': 4, 'vocab_size': 5}",
    "I1": "{'source': '', 'type': 'categorical', 'padding_idx': 0, 'oov_idx': 43, 'vocab_size': 44}",
    "I10": "{'source': '', 'type': 'categorical', 'padding_idx': 0, 'oov_idx': 5, 'vocab_size': 6}",
    "I11": "{'source': '', 'type': 'categorical', 'padding_idx': 0, 'oov_idx': 26, 'vocab_size': 27}",
    "I12": "{'source': '', 'type': 'categorical', 'padding_idx': 0, 'oov_idx': 36, 'vocab_size': 37}",
    "I13": "{'source': '', 'type': 'categorical', 'padding_idx': 0, 'oov_idx': 71, 'vocab_size': 72}",
    "I2": "{'source': '', 'type': 'categorical', 'padding_idx': 0, 'oov_idx': 98, 'vocab_size': 99}",
    "I3": "{'source': '', 'type': 'categorical', 'padding_idx': 0, 'oov_idx': 121, 'vocab_size': 122}",
    "I4": "{'source': '', 'type': 'categorical', 'padding_idx': 0, 'oov_idx': 40, 'vocab_size': 41}",
    "I5": "{'source': '', 'type': 'categorical', 'padding_idx': 0, 'oov_idx': 219, 'vocab_size': 220}",
    "I6": "{'source': '', 'type': 'categorical', 'padding_idx': 0, 'oov_idx': 111, 'vocab_size': 112}",
    "I7": "{'source': '', 'type': 'categorical', 'padding_idx': 0, 'oov_idx': 79, 'vocab_size': 80}",
    "I8": "{'source': '', 'type': 'categorical', 'padding_idx': 0, 'oov_idx': 68, 'vocab_size': 69}",
    "I9": "{'source': '', 'type': 'categorical', 'padding_idx': 0, 'oov_idx': 91, 'vocab_size': 92}"
}
2024-10-24 15:42:46,699 P325319 INFO Total number of parameters: 16912577.
2024-10-24 15:42:46,699 P325319 INFO Loading data...
2024-10-24 15:42:46,699 P325319 INFO Loading data from h5: ../../../data/Criteo_x4_10_h5/train.h5
2024-10-24 15:43:01,569 P325319 INFO Train samples: total/36672493, blocks/1
2024-10-24 15:43:01,569 P325319 INFO Loading data from h5: ../../../data/Criteo_x4_10_h5/valid.h5
2024-10-24 15:43:03,481 P325319 INFO Validation samples: total/4584062, blocks/1
2024-10-24 15:43:03,481 P325319 INFO Loading train and validation data done.
2024-10-24 15:43:03,481 P325319 INFO Start training: 3668 batches/epoch
2024-10-24 15:43:03,481 P325319 INFO ************ Epoch=1 start ************
2024-10-24 15:45:18,533 P325319 INFO Train loss: 0.463657
2024-10-24 15:45:18,534 P325319 INFO Evaluation @epoch 1 - batch 3668: 
2024-10-24 15:45:29,479 P325319 INFO ===
2024-10-24 15:45:29,479 P325319 INFO [Metrics] AUC: 0.804410 - logloss: 0.446687
2024-10-24 15:45:29,485 P325319 INFO Save best model: monitor(max)=0.804410
2024-10-24 15:45:30,068 P325319 INFO ************ Epoch=1 end ************
2024-10-24 15:47:46,399 P325319 INFO Train loss: 0.456402
2024-10-24 15:47:46,399 P325319 INFO Evaluation @epoch 2 - batch 3668: 
2024-10-24 15:47:57,333 P325319 INFO ===
2024-10-24 15:47:57,333 P325319 INFO [Metrics] AUC: 0.807473 - logloss: 0.444033
2024-10-24 15:47:57,343 P325319 INFO Save best model: monitor(max)=0.807473
2024-10-24 15:47:57,995 P325319 INFO ************ Epoch=2 end ************
2024-10-24 15:50:14,878 P325319 INFO Train loss: 0.454652
2024-10-24 15:50:14,879 P325319 INFO Evaluation @epoch 3 - batch 3668: 
2024-10-24 15:50:25,688 P325319 INFO ===
2024-10-24 15:50:25,688 P325319 INFO [Metrics] AUC: 0.808762 - logloss: 0.442809
2024-10-24 15:50:25,698 P325319 INFO Save best model: monitor(max)=0.808762
2024-10-24 15:50:26,308 P325319 INFO ************ Epoch=3 end ************
2024-10-24 15:52:41,036 P325319 INFO Train loss: 0.453634
2024-10-24 15:52:41,037 P325319 INFO Evaluation @epoch 4 - batch 3668: 
2024-10-24 15:52:51,903 P325319 INFO ===
2024-10-24 15:52:51,903 P325319 INFO [Metrics] AUC: 0.809573 - logloss: 0.442116
2024-10-24 15:52:51,913 P325319 INFO Save best model: monitor(max)=0.809573
2024-10-24 15:52:52,569 P325319 INFO ************ Epoch=4 end ************
2024-10-24 15:55:08,595 P325319 INFO Train loss: 0.452945
2024-10-24 15:55:08,595 P325319 INFO Evaluation @epoch 5 - batch 3668: 
2024-10-24 15:55:19,465 P325319 INFO ===
2024-10-24 15:55:19,465 P325319 INFO [Metrics] AUC: 0.810083 - logloss: 0.441625
2024-10-24 15:55:19,475 P325319 INFO Save best model: monitor(max)=0.810083
2024-10-24 15:55:20,042 P325319 INFO ************ Epoch=5 end ************
2024-10-24 15:57:34,862 P325319 INFO Train loss: 0.452394
2024-10-24 15:57:34,862 P325319 INFO Evaluation @epoch 6 - batch 3668: 
2024-10-24 15:57:45,693 P325319 INFO ===
2024-10-24 15:57:45,693 P325319 INFO [Metrics] AUC: 0.810367 - logloss: 0.441235
2024-10-24 15:57:45,703 P325319 INFO Save best model: monitor(max)=0.810367
2024-10-24 15:57:46,369 P325319 INFO ************ Epoch=6 end ************
2024-10-24 16:00:01,899 P325319 INFO Train loss: 0.451965
2024-10-24 16:00:01,899 P325319 INFO Evaluation @epoch 7 - batch 3668: 
2024-10-24 16:00:13,003 P325319 INFO ===
2024-10-24 16:00:13,003 P325319 INFO [Metrics] AUC: 0.810800 - logloss: 0.441182
2024-10-24 16:00:13,013 P325319 INFO Save best model: monitor(max)=0.810800
2024-10-24 16:00:13,590 P325319 INFO ************ Epoch=7 end ************
2024-10-24 16:02:30,463 P325319 INFO Train loss: 0.451587
2024-10-24 16:02:30,463 P325319 INFO Evaluation @epoch 8 - batch 3668: 
2024-10-24 16:02:41,273 P325319 INFO ===
2024-10-24 16:02:41,273 P325319 INFO [Metrics] AUC: 0.811040 - logloss: 0.440756
2024-10-24 16:02:41,283 P325319 INFO Save best model: monitor(max)=0.811040
2024-10-24 16:02:41,887 P325319 INFO ************ Epoch=8 end ************
2024-10-24 16:04:57,721 P325319 INFO Train loss: 0.451242
2024-10-24 16:04:57,722 P325319 INFO Evaluation @epoch 9 - batch 3668: 
2024-10-24 16:05:08,641 P325319 INFO ===
2024-10-24 16:05:08,641 P325319 INFO [Metrics] AUC: 0.811283 - logloss: 0.440696
2024-10-24 16:05:08,652 P325319 INFO Save best model: monitor(max)=0.811283
2024-10-24 16:05:09,340 P325319 INFO ************ Epoch=9 end ************
2024-10-24 16:07:25,245 P325319 INFO Train loss: 0.450989
2024-10-24 16:07:25,245 P325319 INFO Evaluation @epoch 10 - batch 3668: 
2024-10-24 16:07:36,176 P325319 INFO ===
2024-10-24 16:07:36,176 P325319 INFO [Metrics] AUC: 0.811444 - logloss: 0.440506
2024-10-24 16:07:36,185 P325319 INFO Save best model: monitor(max)=0.811444
2024-10-24 16:07:36,771 P325319 INFO ************ Epoch=10 end ************
2024-10-24 16:09:52,388 P325319 INFO Train loss: 0.450740
2024-10-24 16:09:52,388 P325319 INFO Evaluation @epoch 11 - batch 3668: 
2024-10-24 16:10:03,334 P325319 INFO ===
2024-10-24 16:10:03,334 P325319 INFO [Metrics] AUC: 0.811654 - logloss: 0.440213
2024-10-24 16:10:03,344 P325319 INFO Save best model: monitor(max)=0.811654
2024-10-24 16:10:04,005 P325319 INFO ************ Epoch=11 end ************
2024-10-24 16:12:19,754 P325319 INFO Train loss: 0.450469
2024-10-24 16:12:19,755 P325319 INFO Evaluation @epoch 12 - batch 3668: 
2024-10-24 16:12:30,663 P325319 INFO ===
2024-10-24 16:12:30,663 P325319 INFO [Metrics] AUC: 0.811678 - logloss: 0.440135
2024-10-24 16:12:30,672 P325319 INFO Save best model: monitor(max)=0.811678
2024-10-24 16:12:31,222 P325319 INFO ************ Epoch=12 end ************
2024-10-24 16:14:48,498 P325319 INFO Train loss: 0.450255
2024-10-24 16:14:48,498 P325319 INFO Evaluation @epoch 13 - batch 3668: 
2024-10-24 16:14:59,483 P325319 INFO ===
2024-10-24 16:14:59,483 P325319 INFO [Metrics] AUC: 0.811824 - logloss: 0.440037
2024-10-24 16:14:59,495 P325319 INFO Save best model: monitor(max)=0.811824
2024-10-24 16:15:00,087 P325319 INFO ************ Epoch=13 end ************
2024-10-24 16:17:16,640 P325319 INFO Train loss: 0.450077
2024-10-24 16:17:16,641 P325319 INFO Evaluation @epoch 14 - batch 3668: 
2024-10-24 16:17:27,749 P325319 INFO ===
2024-10-24 16:17:27,749 P325319 INFO [Metrics] AUC: 0.811753 - logloss: 0.440159
2024-10-24 16:17:27,759 P325319 INFO Monitor(max)=0.811753 STOP!
2024-10-24 16:17:27,759 P325319 INFO Reduce learning rate on plateau: 0.000100
2024-10-24 16:17:28,237 P325319 INFO ************ Epoch=14 end ************
2024-10-24 16:19:44,951 P325319 INFO Train loss: 0.440923
2024-10-24 16:19:44,952 P325319 INFO Evaluation @epoch 15 - batch 3668: 
2024-10-24 16:19:55,876 P325319 INFO ===
2024-10-24 16:19:55,876 P325319 INFO [Metrics] AUC: 0.814587 - logloss: 0.437351
2024-10-24 16:19:55,885 P325319 INFO Save best model: monitor(max)=0.814587
2024-10-24 16:19:56,531 P325319 INFO ************ Epoch=15 end ************
2024-10-24 16:22:12,619 P325319 INFO Train loss: 0.437549
2024-10-24 16:22:12,619 P325319 INFO Evaluation @epoch 16 - batch 3668: 
2024-10-24 16:22:23,564 P325319 INFO ===
2024-10-24 16:22:23,564 P325319 INFO [Metrics] AUC: 0.815037 - logloss: 0.436969
2024-10-24 16:22:23,575 P325319 INFO Save best model: monitor(max)=0.815037
2024-10-24 16:22:24,161 P325319 INFO ************ Epoch=16 end ************
2024-10-24 16:24:41,071 P325319 INFO Train loss: 0.436002
2024-10-24 16:24:41,071 P325319 INFO Evaluation @epoch 17 - batch 3668: 
2024-10-24 16:24:52,099 P325319 INFO ===
2024-10-24 16:24:52,099 P325319 INFO [Metrics] AUC: 0.815181 - logloss: 0.436807
2024-10-24 16:24:52,109 P325319 INFO Save best model: monitor(max)=0.815181
2024-10-24 16:24:52,618 P325319 INFO ************ Epoch=17 end ************
2024-10-24 16:27:09,322 P325319 INFO Train loss: 0.434860
2024-10-24 16:27:09,322 P325319 INFO Evaluation @epoch 18 - batch 3668: 
2024-10-24 16:27:20,165 P325319 INFO ===
2024-10-24 16:27:20,165 P325319 INFO [Metrics] AUC: 0.815137 - logloss: 0.436893
2024-10-24 16:27:20,173 P325319 INFO Monitor(max)=0.815137 STOP!
2024-10-24 16:27:20,173 P325319 INFO Reduce learning rate on plateau: 0.000010
2024-10-24 16:27:20,628 P325319 INFO ************ Epoch=18 end ************
2024-10-24 16:29:36,721 P325319 INFO Train loss: 0.431707
2024-10-24 16:29:36,721 P325319 INFO Evaluation @epoch 19 - batch 3668: 
2024-10-24 16:29:47,418 P325319 INFO ===
2024-10-24 16:29:47,418 P325319 INFO [Metrics] AUC: 0.814897 - logloss: 0.437104
2024-10-24 16:29:47,426 P325319 INFO Monitor(max)=0.814897 STOP!
2024-10-24 16:29:47,426 P325319 INFO Reduce learning rate on plateau: 0.000001
2024-10-24 16:29:47,426 P325319 INFO ********* Epoch==19 early stop *********
2024-10-24 16:29:47,903 P325319 INFO Training finished.
2024-10-24 16:29:47,903 P325319 INFO Load best model: /root/autodl-tmp/model_zoo/QNN/QNN_torch/checkpoints/Criteo_x4_10_h5/QNN_Criteo_008_c524ecaf.model
2024-10-24 16:29:47,944 P325319 INFO ****** Validation evaluation ******
2024-10-24 16:29:58,663 P325319 INFO ===
2024-10-24 16:29:58,663 P325319 INFO [Metrics] logloss: 0.436807 - AUC: 0.815181
2024-10-24 16:29:59,163 P325319 INFO ******** Test evaluation ********
2024-10-24 16:29:59,163 P325319 INFO Loading data...
2024-10-24 16:29:59,163 P325319 INFO Loading data from h5: ../../../data/Criteo_x4_10_h5/test.h5
2024-10-24 16:30:01,101 P325319 INFO Test samples: total/4584062, blocks/1
2024-10-24 16:30:01,101 P325319 INFO Loading test data done.
2024-10-24 16:30:11,319 P325319 INFO ===
2024-10-24 16:30:11,319 P325319 INFO [Metrics] logloss: 0.436377 - AUC: 0.815667
