2024-10-23 16:32:24,136 P506299 INFO Params: {
    "batch_norm": "False",
    "batch_size": "10000",
    "data_format": "h5",
    "data_root": "../../../data/",
    "dataset_id": "Criteo_x4_10_h5",
    "debug_mode": "False",
    "early_stop_patience": "2",
    "embedding_dim": "16",
    "embedding_regularizer": "1e-05",
    "epochs": "100",
    "eval_steps": "None",
    "feature_cols": "[{'active': True, 'dtype': 'float', 'fill_na': 0, 'na_value': 0, 'name': ['I1', 'I2', 'I3', 'I4', 'I5', 'I6', 'I7', 'I8', 'I9', 'I10', 'I11', 'I12', 'I13'], 'preprocess': 'convert_to_bucket', 'type': 'categorical'}, {'active': True, 'dtype': 'str', 'fill_na': '', 'na_value': '', 'name': ['C1', 'C2', 'C3', 'C4', 'C5', 'C6', 'C7', 'C8', 'C9', 'C10', 'C11', 'C12', 'C13', 'C14', 'C15', 'C16', 'C17', 'C18', 'C19', 'C20', 'C21', 'C22', 'C23', 'C24', 'C25', 'C26'], 'type': 'categorical'}]",
    "feature_config": "None",
    "feature_specs": "None",
    "gpu": "1",
    "group_id": "None",
    "hidden_activations": "None",
    "label_col": "{'dtype': 'float', 'name': 'Label'}",
    "learning_rate": "0.001",
    "loss": "binary_crossentropy",
    "metrics": "['logloss', 'AUC']",
    "min_categr_count": "10",
    "model": "QNN",
    "model_id": "QNN_Criteo_010_0c8826e1",
    "model_root": "./checkpoints/",
    "monitor": "{'AUC': 1, 'logloss': 0}",
    "monitor_mode": "max",
    "net_dropout": "0.1",
    "net_regularizer": "0",
    "neuron_type": "T13",
    "num_cross_layers": "3",
    "num_workers": "8",
    "optimizer": "adam",
    "pickle_feature_encoder": "True",
    "save_best_only": "True",
    "seed": "2024",
    "shuffle": "True",
    "task": "binary_classification",
    "test_data": "../../../data/Criteo_x4_10_h5/test.h5",
    "train_data": "../../../data/Criteo_x4_10_h5/train.h5",
    "use_features": "None",
    "valid_data": "../../../data/Criteo_x4_10_h5/valid.h5",
    "verbose": "1"
}
2024-10-23 16:32:24,137 P506299 INFO Load feature_map from json: ../../../data/Criteo_x4_10_h5/feature_map.json
2024-10-23 16:32:24,137 P506299 INFO Set column index...
2024-10-23 16:32:24,137 P506299 INFO Feature specs: {
    "C1": "{'source': '', 'type': 'categorical', 'padding_idx': 0, 'oov_idx': 1445, 'vocab_size': 1446}",
    "C10": "{'source': '', 'type': 'categorical', 'padding_idx': 0, 'oov_idx': 39529, 'vocab_size': 39530}",
    "C11": "{'source': '', 'type': 'categorical', 'padding_idx': 0, 'oov_idx': 5130, 'vocab_size': 5131}",
    "C12": "{'source': '', 'type': 'categorical', 'padding_idx': 0, 'oov_idx': 156655, 'vocab_size': 156656}",
    "C13": "{'source': '', 'type': 'categorical', 'padding_idx': 0, 'oov_idx': 3175, 'vocab_size': 3176}",
    "C14": "{'source': '', 'type': 'categorical', 'padding_idx': 0, 'oov_idx': 27, 'vocab_size': 28}",
    "C15": "{'source': '', 'type': 'categorical', 'padding_idx': 0, 'oov_idx': 11042, 'vocab_size': 11043}",
    "C16": "{'source': '', 'type': 'categorical', 'padding_idx': 0, 'oov_idx': 148912, 'vocab_size': 148913}",
    "C17": "{'source': '', 'type': 'categorical', 'padding_idx': 0, 'oov_idx': 11, 'vocab_size': 12}",
    "C18": "{'source': '', 'type': 'categorical', 'padding_idx': 0, 'oov_idx': 4559, 'vocab_size': 4560}",
    "C19": "{'source': '', 'type': 'categorical', 'padding_idx': 0, 'oov_idx': 2002, 'vocab_size': 2003}",
    "C2": "{'source': '', 'type': 'categorical', 'padding_idx': 0, 'oov_idx': 553, 'vocab_size': 554}",
    "C20": "{'source': '', 'type': 'categorical', 'padding_idx': 0, 'oov_idx': 4, 'vocab_size': 5}",
    "C21": "{'source': '', 'type': 'categorical', 'padding_idx': 0, 'oov_idx': 154563, 'vocab_size': 154564}",
    "C22": "{'source': '', 'type': 'categorical', 'padding_idx': 0, 'oov_idx': 17, 'vocab_size': 18}",
    "C23": "{'source': '', 'type': 'categorical', 'padding_idx': 0, 'oov_idx': 16, 'vocab_size': 17}",
    "C24": "{'source': '', 'type': 'categorical', 'padding_idx': 0, 'oov_idx': 53030, 'vocab_size': 53031}",
    "C25": "{'source': '', 'type': 'categorical', 'padding_idx': 0, 'oov_idx': 81, 'vocab_size': 82}",
    "C26": "{'source': '', 'type': 'categorical', 'padding_idx': 0, 'oov_idx': 40954, 'vocab_size': 40955}",
    "C3": "{'source': '', 'type': 'categorical', 'padding_idx': 0, 'oov_idx': 157338, 'vocab_size': 157339}",
    "C4": "{'source': '', 'type': 'categorical', 'padding_idx': 0, 'oov_idx': 117821, 'vocab_size': 117822}",
    "C5": "{'source': '', 'type': 'categorical', 'padding_idx': 0, 'oov_idx': 305, 'vocab_size': 306}",
    "C6": "{'source': '', 'type': 'categorical', 'padding_idx': 0, 'oov_idx': 17, 'vocab_size': 18}",
    "C7": "{'source': '', 'type': 'categorical', 'padding_idx': 0, 'oov_idx': 11881, 'vocab_size': 11882}",
    "C8": "{'source': '', 'type': 'categorical', 'padding_idx': 0, 'oov_idx': 629, 'vocab_size': 630}",
    "C9": "{'source': '', 'type': 'categorical', 'padding_idx': 0, 'oov_idx': 4, 'vocab_size': 5}",
    "I1": "{'source': '', 'type': 'categorical', 'padding_idx': 0, 'oov_idx': 43, 'vocab_size': 44}",
    "I10": "{'source': '', 'type': 'categorical', 'padding_idx': 0, 'oov_idx': 5, 'vocab_size': 6}",
    "I11": "{'source': '', 'type': 'categorical', 'padding_idx': 0, 'oov_idx': 26, 'vocab_size': 27}",
    "I12": "{'source': '', 'type': 'categorical', 'padding_idx': 0, 'oov_idx': 36, 'vocab_size': 37}",
    "I13": "{'source': '', 'type': 'categorical', 'padding_idx': 0, 'oov_idx': 71, 'vocab_size': 72}",
    "I2": "{'source': '', 'type': 'categorical', 'padding_idx': 0, 'oov_idx': 98, 'vocab_size': 99}",
    "I3": "{'source': '', 'type': 'categorical', 'padding_idx': 0, 'oov_idx': 121, 'vocab_size': 122}",
    "I4": "{'source': '', 'type': 'categorical', 'padding_idx': 0, 'oov_idx': 40, 'vocab_size': 41}",
    "I5": "{'source': '', 'type': 'categorical', 'padding_idx': 0, 'oov_idx': 219, 'vocab_size': 220}",
    "I6": "{'source': '', 'type': 'categorical', 'padding_idx': 0, 'oov_idx': 111, 'vocab_size': 112}",
    "I7": "{'source': '', 'type': 'categorical', 'padding_idx': 0, 'oov_idx': 79, 'vocab_size': 80}",
    "I8": "{'source': '', 'type': 'categorical', 'padding_idx': 0, 'oov_idx': 68, 'vocab_size': 69}",
    "I9": "{'source': '', 'type': 'categorical', 'padding_idx': 0, 'oov_idx': 91, 'vocab_size': 92}"
}
2024-10-23 16:32:27,821 P506299 INFO Total number of parameters: 16327577.
2024-10-23 16:32:27,822 P506299 INFO Loading data...
2024-10-23 16:32:27,822 P506299 INFO Loading data from h5: ../../../data/Criteo_x4_10_h5/train.h5
2024-10-23 16:32:43,260 P506299 INFO Train samples: total/36672493, blocks/1
2024-10-23 16:32:43,260 P506299 INFO Loading data from h5: ../../../data/Criteo_x4_10_h5/valid.h5
2024-10-23 16:32:45,322 P506299 INFO Validation samples: total/4584062, blocks/1
2024-10-23 16:32:45,322 P506299 INFO Loading train and validation data done.
2024-10-23 16:32:45,322 P506299 INFO Start training: 3668 batches/epoch
2024-10-23 16:32:45,322 P506299 INFO ************ Epoch=1 start ************
2024-10-23 16:34:49,689 P506299 INFO Train loss: 0.460039
2024-10-23 16:34:49,689 P506299 INFO Evaluation @epoch 1 - batch 3668: 
2024-10-23 16:35:01,608 P506299 INFO ===
2024-10-23 16:35:01,608 P506299 INFO [Metrics] AUC: 0.804858 - logloss: 0.446530
2024-10-23 16:35:01,614 P506299 INFO Save best model: monitor(max)=0.804858
2024-10-23 16:35:02,256 P506299 INFO ************ Epoch=1 end ************
2024-10-23 16:37:06,902 P506299 INFO Train loss: 0.453547
2024-10-23 16:37:06,903 P506299 INFO Evaluation @epoch 2 - batch 3668: 
2024-10-23 16:37:18,955 P506299 INFO ===
2024-10-23 16:37:18,955 P506299 INFO [Metrics] AUC: 0.807866 - logloss: 0.443784
2024-10-23 16:37:18,965 P506299 INFO Save best model: monitor(max)=0.807866
2024-10-23 16:37:19,686 P506299 INFO ************ Epoch=2 end ************
2024-10-23 16:39:24,156 P506299 INFO Train loss: 0.451713
2024-10-23 16:39:24,157 P506299 INFO Evaluation @epoch 3 - batch 3668: 
2024-10-23 16:39:35,949 P506299 INFO ===
2024-10-23 16:39:35,949 P506299 INFO [Metrics] AUC: 0.809117 - logloss: 0.442715
2024-10-23 16:39:35,959 P506299 INFO Save best model: monitor(max)=0.809117
2024-10-23 16:39:36,678 P506299 INFO ************ Epoch=3 end ************
2024-10-23 16:41:41,492 P506299 INFO Train loss: 0.450805
2024-10-23 16:41:41,493 P506299 INFO Evaluation @epoch 4 - batch 3668: 
2024-10-23 16:41:53,460 P506299 INFO ===
2024-10-23 16:41:53,461 P506299 INFO [Metrics] AUC: 0.809547 - logloss: 0.442474
2024-10-23 16:41:53,471 P506299 INFO Save best model: monitor(max)=0.809547
2024-10-23 16:41:54,101 P506299 INFO ************ Epoch=4 end ************
2024-10-23 16:43:58,238 P506299 INFO Train loss: 0.450169
2024-10-23 16:43:58,238 P506299 INFO Evaluation @epoch 5 - batch 3668: 
2024-10-23 16:44:10,157 P506299 INFO ===
2024-10-23 16:44:10,157 P506299 INFO [Metrics] AUC: 0.810053 - logloss: 0.442118
2024-10-23 16:44:10,167 P506299 INFO Save best model: monitor(max)=0.810053
2024-10-23 16:44:10,854 P506299 INFO ************ Epoch=5 end ************
2024-10-23 16:46:15,481 P506299 INFO Train loss: 0.449711
2024-10-23 16:46:15,481 P506299 INFO Evaluation @epoch 6 - batch 3668: 
2024-10-23 16:46:27,755 P506299 INFO ===
2024-10-23 16:46:27,756 P506299 INFO [Metrics] AUC: 0.810318 - logloss: 0.441586
2024-10-23 16:46:27,765 P506299 INFO Save best model: monitor(max)=0.810318
2024-10-23 16:46:28,498 P506299 INFO ************ Epoch=6 end ************
2024-10-23 16:48:33,216 P506299 INFO Train loss: 0.449382
2024-10-23 16:48:33,217 P506299 INFO Evaluation @epoch 7 - batch 3668: 
2024-10-23 16:48:45,342 P506299 INFO ===
2024-10-23 16:48:45,342 P506299 INFO [Metrics] AUC: 0.810713 - logloss: 0.441116
2024-10-23 16:48:45,352 P506299 INFO Save best model: monitor(max)=0.810713
2024-10-23 16:48:46,062 P506299 INFO ************ Epoch=7 end ************
2024-10-23 16:50:50,237 P506299 INFO Train loss: 0.449100
2024-10-23 16:50:50,237 P506299 INFO Evaluation @epoch 8 - batch 3668: 
2024-10-23 16:51:02,131 P506299 INFO ===
2024-10-23 16:51:02,131 P506299 INFO [Metrics] AUC: 0.810712 - logloss: 0.440984
2024-10-23 16:51:02,140 P506299 INFO Monitor(max)=0.810712 STOP!
2024-10-23 16:51:02,140 P506299 INFO Reduce learning rate on plateau: 0.000100
2024-10-23 16:51:02,725 P506299 INFO ************ Epoch=8 end ************
2024-10-23 16:53:06,542 P506299 INFO Train loss: 0.437702
2024-10-23 16:53:06,542 P506299 INFO Evaluation @epoch 9 - batch 3668: 
2024-10-23 16:53:18,593 P506299 INFO ===
2024-10-23 16:53:18,594 P506299 INFO [Metrics] AUC: 0.813467 - logloss: 0.438766
2024-10-23 16:53:18,603 P506299 INFO Save best model: monitor(max)=0.813467
2024-10-23 16:53:19,148 P506299 INFO ************ Epoch=9 end ************
2024-10-23 16:55:22,704 P506299 INFO Train loss: 0.433459
2024-10-23 16:55:22,704 P506299 INFO Evaluation @epoch 10 - batch 3668: 
2024-10-23 16:55:35,213 P506299 INFO ===
2024-10-23 16:55:35,213 P506299 INFO [Metrics] AUC: 0.813502 - logloss: 0.438562
2024-10-23 16:55:35,223 P506299 INFO Save best model: monitor(max)=0.813502
2024-10-23 16:55:35,917 P506299 INFO ************ Epoch=10 end ************
2024-10-23 16:57:39,980 P506299 INFO Train loss: 0.431267
2024-10-23 16:57:39,981 P506299 INFO Evaluation @epoch 11 - batch 3668: 
2024-10-23 16:57:52,025 P506299 INFO ===
2024-10-23 16:57:52,025 P506299 INFO [Metrics] AUC: 0.813361 - logloss: 0.439069
2024-10-23 16:57:52,035 P506299 INFO Monitor(max)=0.813361 STOP!
2024-10-23 16:57:52,035 P506299 INFO Reduce learning rate on plateau: 0.000010
2024-10-23 16:57:52,624 P506299 INFO ************ Epoch=11 end ************
2024-10-23 16:59:56,100 P506299 INFO Train loss: 0.426768
2024-10-23 16:59:56,100 P506299 INFO Evaluation @epoch 12 - batch 3668: 
2024-10-23 17:00:08,125 P506299 INFO ===
2024-10-23 17:00:08,125 P506299 INFO [Metrics] AUC: 0.812520 - logloss: 0.440342
2024-10-23 17:00:08,132 P506299 INFO Monitor(max)=0.812520 STOP!
2024-10-23 17:00:08,132 P506299 INFO Reduce learning rate on plateau: 0.000001
2024-10-23 17:00:08,132 P506299 INFO ********* Epoch==12 early stop *********
2024-10-23 17:00:08,771 P506299 INFO Training finished.
2024-10-23 17:00:08,771 P506299 INFO Load best model: /root/autodl-tmp/model_zoo/QNN/QNN_torch/checkpoints/Criteo_x4_10_h5/QNN_Criteo_010_0c8826e1.model
2024-10-23 17:00:08,805 P506299 INFO ****** Validation evaluation ******
2024-10-23 17:00:20,584 P506299 INFO ===
2024-10-23 17:00:20,584 P506299 INFO [Metrics] logloss: 0.438562 - AUC: 0.813502
2024-10-23 17:00:21,334 P506299 INFO ******** Test evaluation ********
2024-10-23 17:00:21,334 P506299 INFO Loading data...
2024-10-23 17:00:21,334 P506299 INFO Loading data from h5: ../../../data/Criteo_x4_10_h5/test.h5
2024-10-23 17:00:23,243 P506299 INFO Test samples: total/4584062, blocks/1
2024-10-23 17:00:23,243 P506299 INFO Loading test data done.
2024-10-23 17:00:33,338 P506299 INFO ===
2024-10-23 17:00:33,338 P506299 INFO [Metrics] logloss: 0.438196 - AUC: 0.813915
