2024-10-24 15:14:02,498 P243396 INFO Params: {
    "batch_norm": "False",
    "batch_size": "10000",
    "data_format": "h5",
    "data_root": "../../../data/",
    "dataset_id": "Criteo_x4_10_h5",
    "debug_mode": "False",
    "early_stop_patience": "2",
    "embedding_dim": "16",
    "embedding_regularizer": "1e-05",
    "epochs": "100",
    "eval_steps": "None",
    "feature_cols": "[{'active': True, 'dtype': 'float', 'fill_na': 0, 'na_value': 0, 'name': ['I1', 'I2', 'I3', 'I4', 'I5', 'I6', 'I7', 'I8', 'I9', 'I10', 'I11', 'I12', 'I13'], 'preprocess': 'convert_to_bucket', 'type': 'categorical'}, {'active': True, 'dtype': 'str', 'fill_na': '', 'na_value': '', 'name': ['C1', 'C2', 'C3', 'C4', 'C5', 'C6', 'C7', 'C8', 'C9', 'C10', 'C11', 'C12', 'C13', 'C14', 'C15', 'C16', 'C17', 'C18', 'C19', 'C20', 'C21', 'C22', 'C23', 'C24', 'C25', 'C26'], 'type': 'categorical'}]",
    "feature_config": "None",
    "feature_specs": "None",
    "gpu": "1",
    "group_id": "None",
    "hidden_activations": "None",
    "label_col": "{'dtype': 'float', 'name': 'Label'}",
    "learning_rate": "0.001",
    "loss": "binary_crossentropy",
    "metrics": "['logloss', 'AUC']",
    "min_categr_count": "10",
    "model": "QNN",
    "model_id": "QNN_Criteo_006_3decdb7b",
    "model_root": "./checkpoints/",
    "monitor": "{'AUC': 1, 'logloss': 0}",
    "monitor_mode": "max",
    "net_dropout": "0.1",
    "net_regularizer": "0",
    "neuron_type": "T24",
    "num_cross_layers": "3",
    "num_workers": "8",
    "optimizer": "adam",
    "pickle_feature_encoder": "True",
    "save_best_only": "True",
    "seed": "2024",
    "shuffle": "True",
    "task": "binary_classification",
    "test_data": "../../../data/Criteo_x4_10_h5/test.h5",
    "train_data": "../../../data/Criteo_x4_10_h5/train.h5",
    "use_features": "None",
    "valid_data": "../../../data/Criteo_x4_10_h5/valid.h5",
    "verbose": "1"
}
2024-10-24 15:14:02,498 P243396 INFO Load feature_map from json: ../../../data/Criteo_x4_10_h5/feature_map.json
2024-10-24 15:14:02,498 P243396 INFO Set column index...
2024-10-24 15:14:02,498 P243396 INFO Feature specs: {
    "C1": "{'source': '', 'type': 'categorical', 'padding_idx': 0, 'oov_idx': 1445, 'vocab_size': 1446}",
    "C10": "{'source': '', 'type': 'categorical', 'padding_idx': 0, 'oov_idx': 39529, 'vocab_size': 39530}",
    "C11": "{'source': '', 'type': 'categorical', 'padding_idx': 0, 'oov_idx': 5130, 'vocab_size': 5131}",
    "C12": "{'source': '', 'type': 'categorical', 'padding_idx': 0, 'oov_idx': 156655, 'vocab_size': 156656}",
    "C13": "{'source': '', 'type': 'categorical', 'padding_idx': 0, 'oov_idx': 3175, 'vocab_size': 3176}",
    "C14": "{'source': '', 'type': 'categorical', 'padding_idx': 0, 'oov_idx': 27, 'vocab_size': 28}",
    "C15": "{'source': '', 'type': 'categorical', 'padding_idx': 0, 'oov_idx': 11042, 'vocab_size': 11043}",
    "C16": "{'source': '', 'type': 'categorical', 'padding_idx': 0, 'oov_idx': 148912, 'vocab_size': 148913}",
    "C17": "{'source': '', 'type': 'categorical', 'padding_idx': 0, 'oov_idx': 11, 'vocab_size': 12}",
    "C18": "{'source': '', 'type': 'categorical', 'padding_idx': 0, 'oov_idx': 4559, 'vocab_size': 4560}",
    "C19": "{'source': '', 'type': 'categorical', 'padding_idx': 0, 'oov_idx': 2002, 'vocab_size': 2003}",
    "C2": "{'source': '', 'type': 'categorical', 'padding_idx': 0, 'oov_idx': 553, 'vocab_size': 554}",
    "C20": "{'source': '', 'type': 'categorical', 'padding_idx': 0, 'oov_idx': 4, 'vocab_size': 5}",
    "C21": "{'source': '', 'type': 'categorical', 'padding_idx': 0, 'oov_idx': 154563, 'vocab_size': 154564}",
    "C22": "{'source': '', 'type': 'categorical', 'padding_idx': 0, 'oov_idx': 17, 'vocab_size': 18}",
    "C23": "{'source': '', 'type': 'categorical', 'padding_idx': 0, 'oov_idx': 16, 'vocab_size': 17}",
    "C24": "{'source': '', 'type': 'categorical', 'padding_idx': 0, 'oov_idx': 53030, 'vocab_size': 53031}",
    "C25": "{'source': '', 'type': 'categorical', 'padding_idx': 0, 'oov_idx': 81, 'vocab_size': 82}",
    "C26": "{'source': '', 'type': 'categorical', 'padding_idx': 0, 'oov_idx': 40954, 'vocab_size': 40955}",
    "C3": "{'source': '', 'type': 'categorical', 'padding_idx': 0, 'oov_idx': 157338, 'vocab_size': 157339}",
    "C4": "{'source': '', 'type': 'categorical', 'padding_idx': 0, 'oov_idx': 117821, 'vocab_size': 117822}",
    "C5": "{'source': '', 'type': 'categorical', 'padding_idx': 0, 'oov_idx': 305, 'vocab_size': 306}",
    "C6": "{'source': '', 'type': 'categorical', 'padding_idx': 0, 'oov_idx': 17, 'vocab_size': 18}",
    "C7": "{'source': '', 'type': 'categorical', 'padding_idx': 0, 'oov_idx': 11881, 'vocab_size': 11882}",
    "C8": "{'source': '', 'type': 'categorical', 'padding_idx': 0, 'oov_idx': 629, 'vocab_size': 630}",
    "C9": "{'source': '', 'type': 'categorical', 'padding_idx': 0, 'oov_idx': 4, 'vocab_size': 5}",
    "I1": "{'source': '', 'type': 'categorical', 'padding_idx': 0, 'oov_idx': 43, 'vocab_size': 44}",
    "I10": "{'source': '', 'type': 'categorical', 'padding_idx': 0, 'oov_idx': 5, 'vocab_size': 6}",
    "I11": "{'source': '', 'type': 'categorical', 'padding_idx': 0, 'oov_idx': 26, 'vocab_size': 27}",
    "I12": "{'source': '', 'type': 'categorical', 'padding_idx': 0, 'oov_idx': 36, 'vocab_size': 37}",
    "I13": "{'source': '', 'type': 'categorical', 'padding_idx': 0, 'oov_idx': 71, 'vocab_size': 72}",
    "I2": "{'source': '', 'type': 'categorical', 'padding_idx': 0, 'oov_idx': 98, 'vocab_size': 99}",
    "I3": "{'source': '', 'type': 'categorical', 'padding_idx': 0, 'oov_idx': 121, 'vocab_size': 122}",
    "I4": "{'source': '', 'type': 'categorical', 'padding_idx': 0, 'oov_idx': 40, 'vocab_size': 41}",
    "I5": "{'source': '', 'type': 'categorical', 'padding_idx': 0, 'oov_idx': 219, 'vocab_size': 220}",
    "I6": "{'source': '', 'type': 'categorical', 'padding_idx': 0, 'oov_idx': 111, 'vocab_size': 112}",
    "I7": "{'source': '', 'type': 'categorical', 'padding_idx': 0, 'oov_idx': 79, 'vocab_size': 80}",
    "I8": "{'source': '', 'type': 'categorical', 'padding_idx': 0, 'oov_idx': 68, 'vocab_size': 69}",
    "I9": "{'source': '', 'type': 'categorical', 'padding_idx': 0, 'oov_idx': 91, 'vocab_size': 92}"
}
2024-10-24 15:14:06,066 P243396 INFO Total number of parameters: 16912577.
2024-10-24 15:14:06,066 P243396 INFO Loading data...
2024-10-24 15:14:06,066 P243396 INFO Loading data from h5: ../../../data/Criteo_x4_10_h5/train.h5
2024-10-24 15:14:21,059 P243396 INFO Train samples: total/36672493, blocks/1
2024-10-24 15:14:21,060 P243396 INFO Loading data from h5: ../../../data/Criteo_x4_10_h5/valid.h5
2024-10-24 15:14:22,934 P243396 INFO Validation samples: total/4584062, blocks/1
2024-10-24 15:14:22,934 P243396 INFO Loading train and validation data done.
2024-10-24 15:14:22,934 P243396 INFO Start training: 3668 batches/epoch
2024-10-24 15:14:22,934 P243396 INFO ************ Epoch=1 start ************
2024-10-24 15:16:30,855 P243396 INFO Train loss: 0.461615
2024-10-24 15:16:30,855 P243396 INFO Evaluation @epoch 1 - batch 3668: 
2024-10-24 15:16:41,105 P243396 INFO ===
2024-10-24 15:16:41,106 P243396 INFO [Metrics] AUC: 0.804552 - logloss: 0.446481
2024-10-24 15:16:41,111 P243396 INFO Save best model: monitor(max)=0.804552
2024-10-24 15:16:41,629 P243396 INFO ************ Epoch=1 end ************
2024-10-24 15:18:49,247 P243396 INFO Train loss: 0.453413
2024-10-24 15:18:49,247 P243396 INFO Evaluation @epoch 2 - batch 3668: 
2024-10-24 15:18:59,115 P243396 INFO ===
2024-10-24 15:18:59,115 P243396 INFO [Metrics] AUC: 0.808259 - logloss: 0.443248
2024-10-24 15:18:59,123 P243396 INFO Save best model: monitor(max)=0.808259
2024-10-24 15:18:59,696 P243396 INFO ************ Epoch=2 end ************
2024-10-24 15:21:07,785 P243396 INFO Train loss: 0.450993
2024-10-24 15:21:07,785 P243396 INFO Evaluation @epoch 3 - batch 3668: 
2024-10-24 15:21:17,857 P243396 INFO ===
2024-10-24 15:21:17,858 P243396 INFO [Metrics] AUC: 0.809840 - logloss: 0.441662
2024-10-24 15:21:17,867 P243396 INFO Save best model: monitor(max)=0.809840
2024-10-24 15:21:18,486 P243396 INFO ************ Epoch=3 end ************
2024-10-24 15:23:27,088 P243396 INFO Train loss: 0.449678
2024-10-24 15:23:27,089 P243396 INFO Evaluation @epoch 4 - batch 3668: 
2024-10-24 15:23:37,157 P243396 INFO ===
2024-10-24 15:23:37,157 P243396 INFO [Metrics] AUC: 0.810569 - logloss: 0.441046
2024-10-24 15:23:37,167 P243396 INFO Save best model: monitor(max)=0.810569
2024-10-24 15:23:37,818 P243396 INFO ************ Epoch=4 end ************
2024-10-24 15:25:46,210 P243396 INFO Train loss: 0.448788
2024-10-24 15:25:46,210 P243396 INFO Evaluation @epoch 5 - batch 3668: 
2024-10-24 15:25:56,394 P243396 INFO ===
2024-10-24 15:25:56,395 P243396 INFO [Metrics] AUC: 0.811087 - logloss: 0.440552
2024-10-24 15:25:56,405 P243396 INFO Save best model: monitor(max)=0.811087
2024-10-24 15:25:57,148 P243396 INFO ************ Epoch=5 end ************
2024-10-24 15:28:05,551 P243396 INFO Train loss: 0.448052
2024-10-24 15:28:05,551 P243396 INFO Evaluation @epoch 6 - batch 3668: 
2024-10-24 15:28:15,780 P243396 INFO ===
2024-10-24 15:28:15,780 P243396 INFO [Metrics] AUC: 0.811127 - logloss: 0.440498
2024-10-24 15:28:15,790 P243396 INFO Save best model: monitor(max)=0.811127
2024-10-24 15:28:16,459 P243396 INFO ************ Epoch=6 end ************
2024-10-24 15:30:25,590 P243396 INFO Train loss: 0.447467
2024-10-24 15:30:25,591 P243396 INFO Evaluation @epoch 7 - batch 3668: 
2024-10-24 15:30:35,694 P243396 INFO ===
2024-10-24 15:30:35,694 P243396 INFO [Metrics] AUC: 0.811395 - logloss: 0.440512
2024-10-24 15:30:35,704 P243396 INFO Save best model: monitor(max)=0.811395
2024-10-24 15:30:36,219 P243396 INFO ************ Epoch=7 end ************
2024-10-24 15:32:44,745 P243396 INFO Train loss: 0.446917
2024-10-24 15:32:44,746 P243396 INFO Evaluation @epoch 8 - batch 3668: 
2024-10-24 15:32:54,801 P243396 INFO ===
2024-10-24 15:32:54,802 P243396 INFO [Metrics] AUC: 0.811386 - logloss: 0.440329
2024-10-24 15:32:54,810 P243396 INFO Monitor(max)=0.811386 STOP!
2024-10-24 15:32:54,810 P243396 INFO Reduce learning rate on plateau: 0.000100
2024-10-24 15:32:55,313 P243396 INFO ************ Epoch=8 end ************
2024-10-24 15:35:05,340 P243396 INFO Train loss: 0.435055
2024-10-24 15:35:05,341 P243396 INFO Evaluation @epoch 9 - batch 3668: 
2024-10-24 15:35:15,561 P243396 INFO ===
2024-10-24 15:35:15,561 P243396 INFO [Metrics] AUC: 0.813577 - logloss: 0.438592
2024-10-24 15:35:15,570 P243396 INFO Save best model: monitor(max)=0.813577
2024-10-24 15:35:16,197 P243396 INFO ************ Epoch=9 end ************
2024-10-24 15:37:25,158 P243396 INFO Train loss: 0.430758
2024-10-24 15:37:25,158 P243396 INFO Evaluation @epoch 10 - batch 3668: 
2024-10-24 15:37:35,411 P243396 INFO ===
2024-10-24 15:37:35,411 P243396 INFO [Metrics] AUC: 0.813678 - logloss: 0.438504
2024-10-24 15:37:35,421 P243396 INFO Save best model: monitor(max)=0.813678
2024-10-24 15:37:36,016 P243396 INFO ************ Epoch=10 end ************
2024-10-24 15:39:45,379 P243396 INFO Train loss: 0.428870
2024-10-24 15:39:45,379 P243396 INFO Evaluation @epoch 11 - batch 3668: 
2024-10-24 15:39:55,856 P243396 INFO ===
2024-10-24 15:39:55,856 P243396 INFO [Metrics] AUC: 0.813544 - logloss: 0.438781
2024-10-24 15:39:55,866 P243396 INFO Monitor(max)=0.813544 STOP!
2024-10-24 15:39:55,866 P243396 INFO Reduce learning rate on plateau: 0.000010
2024-10-24 15:39:56,367 P243396 INFO ************ Epoch=11 end ************
2024-10-24 15:42:04,782 P243396 INFO Train loss: 0.425289
2024-10-24 15:42:04,783 P243396 INFO Evaluation @epoch 12 - batch 3668: 
2024-10-24 15:42:15,184 P243396 INFO ===
2024-10-24 15:42:15,185 P243396 INFO [Metrics] AUC: 0.813174 - logloss: 0.439590
2024-10-24 15:42:15,194 P243396 INFO Monitor(max)=0.813174 STOP!
2024-10-24 15:42:15,195 P243396 INFO Reduce learning rate on plateau: 0.000001
2024-10-24 15:42:15,195 P243396 INFO ********* Epoch==12 early stop *********
2024-10-24 15:42:15,686 P243396 INFO Training finished.
2024-10-24 15:42:15,686 P243396 INFO Load best model: /root/autodl-tmp/model_zoo/QNN/QNN_torch/checkpoints/Criteo_x4_10_h5/QNN_Criteo_006_3decdb7b.model
2024-10-24 15:42:15,731 P243396 INFO ****** Validation evaluation ******
2024-10-24 15:42:26,114 P243396 INFO ===
2024-10-24 15:42:26,114 P243396 INFO [Metrics] logloss: 0.438504 - AUC: 0.813678
2024-10-24 15:42:26,617 P243396 INFO ******** Test evaluation ********
2024-10-24 15:42:26,617 P243396 INFO Loading data...
2024-10-24 15:42:26,617 P243396 INFO Loading data from h5: ../../../data/Criteo_x4_10_h5/test.h5
2024-10-24 15:42:28,570 P243396 INFO Test samples: total/4584062, blocks/1
2024-10-24 15:42:28,570 P243396 INFO Loading test data done.
2024-10-24 15:42:38,399 P243396 INFO ===
2024-10-24 15:42:38,399 P243396 INFO [Metrics] logloss: 0.438115 - AUC: 0.814166
