2024-12-14 02:31:33,633 P2229253 INFO Params: {
    "batch_norm": "True",
    "batch_size": "4096",
    "data_format": "csv",
    "data_root": "../../../data/",
    "dataset_id": "iPinYou_x1_csv",
    "debug_mode": "False",
    "early_stop_patience": "2",
    "embedding_dim": "16",
    "embedding_regularizer": "0.001",
    "epochs": "100",
    "eval_steps": "None",
    "feature_cols": "[{'active': True, 'dtype': 'str', 'name': ['weekday', 'hour', 'IP', 'region', 'city', 'adexchange', 'domain', 'slotid', 'slotwidth', 'slotheight', 'slotvisibility', 'slotformat', 'creative', 'advertiser', 'useragent', 'slotprice'], 'type': 'categorical'}]",
    "feature_config": "None",
    "feature_specs": "None",
    "gpu": "0",
    "group_id": "None",
    "label_col": "{'dtype': 'float', 'name': 'click'}",
    "learning_rate": "0.001",
    "loss": "binary_crossentropy",
    "metrics": "['logloss', 'AUC']",
    "min_categr_count": "2",
    "model": "QNN_T26_DCNv2",
    "model_id": "QNN_T26_DCNv2_iPinYou_022_74a00f8d",
    "model_root": "./checkpoints/",
    "monitor": "{'AUC': 1, 'logloss': 0}",
    "monitor_mode": "max",
    "net_dropout": "0.1",
    "net_regularizer": "0",
    "num_cross_layers": "4",
    "num_heads": "4",
    "num_layers": "4",
    "num_row": "2",
    "num_workers": "8",
    "optimizer": "adam",
    "pickle_feature_encoder": "True",
    "save_best_only": "True",
    "seed": "2024",
    "shuffle": "True",
    "task": "binary_classification",
    "test_data": "../../../data/iPinYou/test.csv",
    "train_data": "../../../data/iPinYou/train.csv",
    "use_features": "None",
    "valid_data": "../../../data/iPinYou/test.csv",
    "verbose": "1"
}
2024-12-14 02:31:33,634 P2229253 INFO Set up feature processor...
2024-12-14 02:31:33,634 P2229253 WARNING Skip rebuilding ../../../data/iPinYou_x1_csv/feature_map.json. Please delete it manually if rebuilding is required.
2024-12-14 02:31:33,634 P2229253 INFO Load feature_map from json: ../../../data/iPinYou_x1_csv/feature_map.json
2024-12-14 02:31:33,634 P2229253 INFO Set column index...
2024-12-14 02:31:33,634 P2229253 INFO Feature specs: {
    "IP": "{'source': '', 'type': 'categorical', 'padding_idx': 0, 'oov_idx': 585532, 'vocab_size': 585533}",
    "adexchange": "{'source': '', 'type': 'categorical', 'padding_idx': 0, 'oov_idx': 6, 'vocab_size': 7}",
    "advertiser": "{'source': '', 'type': 'categorical', 'padding_idx': 0, 'oov_idx': 10, 'vocab_size': 11}",
    "city": "{'source': '', 'type': 'categorical', 'padding_idx': 0, 'oov_idx': 371, 'vocab_size': 372}",
    "creative": "{'source': '', 'type': 'categorical', 'padding_idx': 0, 'oov_idx': 132, 'vocab_size': 133}",
    "domain": "{'source': '', 'type': 'categorical', 'padding_idx': 0, 'oov_idx': 28622, 'vocab_size': 28623}",
    "hour": "{'source': '', 'type': 'categorical', 'padding_idx': 0, 'oov_idx': 25, 'vocab_size': 26}",
    "region": "{'source': '', 'type': 'categorical', 'padding_idx': 0, 'oov_idx': 36, 'vocab_size': 37}",
    "slotformat": "{'source': '', 'type': 'categorical', 'padding_idx': 0, 'oov_idx': 5, 'vocab_size': 6}",
    "slotheight": "{'source': '', 'type': 'categorical', 'padding_idx': 0, 'oov_idx': 15, 'vocab_size': 16}",
    "slotid": "{'source': '', 'type': 'categorical', 'padding_idx': 0, 'oov_idx': 50906, 'vocab_size': 50907}",
    "slotprice": "{'source': '', 'type': 'categorical', 'padding_idx': 0, 'oov_idx': 6, 'vocab_size': 7}",
    "slotvisibility": "{'source': '', 'type': 'categorical', 'padding_idx': 0, 'oov_idx': 12, 'vocab_size': 13}",
    "slotwidth": "{'source': '', 'type': 'categorical', 'padding_idx': 0, 'oov_idx': 22, 'vocab_size': 23}",
    "useragent": "{'source': '', 'type': 'categorical', 'padding_idx': 0, 'oov_idx': 41, 'vocab_size': 42}",
    "weekday": "{'source': '', 'type': 'categorical', 'padding_idx': 0, 'oov_idx': 8, 'vocab_size': 9}"
}
2024-12-14 02:31:37,616 P2229253 INFO Total number of parameters: 11448401.
2024-12-14 02:31:37,616 P2229253 INFO Loading data...
2024-12-14 02:31:37,616 P2229253 INFO Loading data from h5: ../../../data/iPinYou_x1_csv/train.h5
2024-12-14 02:31:41,579 P2229253 INFO Train samples: total/15395258, blocks/1
2024-12-14 02:31:41,579 P2229253 INFO Loading data from h5: ../../../data/iPinYou_x1_csv/valid.h5
2024-12-14 02:31:42,655 P2229253 INFO Validation samples: total/4100716, blocks/1
2024-12-14 02:31:42,655 P2229253 INFO Loading train and validation data done.
2024-12-14 02:31:42,655 P2229253 INFO Start training: 3759 batches/epoch
2024-12-14 02:31:42,655 P2229253 INFO ************ Epoch=1 start ************
2024-12-14 02:35:17,238 P2229253 INFO Train loss: 0.026872
2024-12-14 02:35:17,239 P2229253 INFO Evaluation @epoch 1 - batch 3759: 
2024-12-14 02:35:27,020 P2229253 INFO ===
2024-12-14 02:35:27,021 P2229253 INFO [Metrics] AUC: 0.731237 - logloss: 0.005694
2024-12-14 02:35:27,023 P2229253 INFO Save best model: monitor(max)=0.731237
2024-12-14 02:35:27,211 P2229253 INFO ************ Epoch=1 end ************
2024-12-14 02:39:02,416 P2229253 INFO Train loss: 0.018206
2024-12-14 02:39:02,416 P2229253 INFO Evaluation @epoch 2 - batch 3759: 
2024-12-14 02:39:12,648 P2229253 INFO ===
2024-12-14 02:39:12,649 P2229253 INFO [Metrics] AUC: 0.730326 - logloss: 0.005678
2024-12-14 02:39:12,653 P2229253 INFO Monitor(max)=0.730326 STOP!
2024-12-14 02:39:12,653 P2229253 INFO Reduce learning rate on plateau: 0.000100
2024-12-14 02:39:12,765 P2229253 INFO ************ Epoch=2 end ************
2024-12-14 02:42:57,025 P2229253 INFO Train loss: 0.017524
2024-12-14 02:42:57,025 P2229253 INFO Evaluation @epoch 3 - batch 3759: 
2024-12-14 02:43:07,143 P2229253 INFO ===
2024-12-14 02:43:07,143 P2229253 INFO [Metrics] AUC: 0.776939 - logloss: 0.005566
2024-12-14 02:43:07,147 P2229253 INFO Save best model: monitor(max)=0.776939
2024-12-14 02:43:07,572 P2229253 INFO ************ Epoch=3 end ************
2024-12-14 02:46:46,891 P2229253 INFO Train loss: 0.017355
2024-12-14 02:46:46,891 P2229253 INFO Evaluation @epoch 4 - batch 3759: 
2024-12-14 02:46:56,759 P2229253 INFO ===
2024-12-14 02:46:56,759 P2229253 INFO [Metrics] AUC: 0.776596 - logloss: 0.005559
2024-12-14 02:46:56,764 P2229253 INFO Monitor(max)=0.776596 STOP!
2024-12-14 02:46:56,764 P2229253 INFO Reduce learning rate on plateau: 0.000010
2024-12-14 02:46:56,867 P2229253 INFO ************ Epoch=4 end ************
2024-12-14 02:50:33,973 P2229253 INFO Train loss: 0.017188
2024-12-14 02:50:33,973 P2229253 INFO Evaluation @epoch 5 - batch 3759: 
2024-12-14 02:50:43,630 P2229253 INFO ===
2024-12-14 02:50:43,631 P2229253 INFO [Metrics] AUC: 0.782066 - logloss: 0.005539
2024-12-14 02:50:43,635 P2229253 INFO Save best model: monitor(max)=0.782066
2024-12-14 02:50:44,098 P2229253 INFO ************ Epoch=5 end ************
2024-12-14 02:54:19,000 P2229253 INFO Train loss: 0.017104
2024-12-14 02:54:19,001 P2229253 INFO Evaluation @epoch 6 - batch 3759: 
2024-12-14 02:54:30,472 P2229253 INFO ===
2024-12-14 02:54:30,473 P2229253 INFO [Metrics] AUC: 0.783895 - logloss: 0.005533
2024-12-14 02:54:30,477 P2229253 INFO Save best model: monitor(max)=0.783895
2024-12-14 02:54:30,958 P2229253 INFO ************ Epoch=6 end ************
2024-12-14 02:58:10,155 P2229253 INFO Train loss: 0.017086
2024-12-14 02:58:10,155 P2229253 INFO Evaluation @epoch 7 - batch 3759: 
2024-12-14 02:58:20,460 P2229253 INFO ===
2024-12-14 02:58:20,460 P2229253 INFO [Metrics] AUC: 0.784894 - logloss: 0.005527
2024-12-14 02:58:20,464 P2229253 INFO Save best model: monitor(max)=0.784894
2024-12-14 02:58:20,940 P2229253 INFO ************ Epoch=7 end ************
2024-12-14 03:01:53,648 P2229253 INFO Train loss: 0.017013
2024-12-14 03:01:53,649 P2229253 INFO Evaluation @epoch 8 - batch 3759: 
2024-12-14 03:02:07,015 P2229253 INFO ===
2024-12-14 03:02:07,016 P2229253 INFO [Metrics] AUC: 0.784566 - logloss: 0.005527
2024-12-14 03:02:07,021 P2229253 INFO Monitor(max)=0.784566 STOP!
2024-12-14 03:02:07,021 P2229253 INFO Reduce learning rate on plateau: 0.000001
2024-12-14 03:02:07,140 P2229253 INFO ************ Epoch=8 end ************
2024-12-14 03:05:57,306 P2229253 INFO Train loss: 0.016944
2024-12-14 03:05:57,306 P2229253 INFO Evaluation @epoch 9 - batch 3759: 
2024-12-14 03:06:07,402 P2229253 INFO ===
2024-12-14 03:06:07,403 P2229253 INFO [Metrics] AUC: 0.784600 - logloss: 0.005528
2024-12-14 03:06:07,407 P2229253 INFO Monitor(max)=0.784600 STOP!
2024-12-14 03:06:07,407 P2229253 INFO Reduce learning rate on plateau: 0.000001
2024-12-14 03:06:07,407 P2229253 INFO ********* Epoch==9 early stop *********
2024-12-14 03:06:07,561 P2229253 INFO Training finished.
2024-12-14 03:06:07,561 P2229253 INFO Load best model: /mnt/public/lhh/code/model_zoo/QNN/QNN_torch/checkpoints/iPinYou_x1_csv/QNN_T26_DCNv2_iPinYou_022_74a00f8d.model
2024-12-14 03:06:07,606 P2229253 INFO ****** Validation evaluation ******
2024-12-14 03:06:18,659 P2229253 INFO ===
2024-12-14 03:06:18,660 P2229253 INFO [Metrics] logloss: 0.005527 - AUC: 0.784894
2024-12-14 03:06:18,721 P2229253 INFO ******** Test evaluation ********
2024-12-14 03:06:18,721 P2229253 INFO Loading data...
2024-12-14 03:06:18,721 P2229253 INFO Loading data from h5: ../../../data/iPinYou_x1_csv/test.h5
2024-12-14 03:06:19,909 P2229253 INFO Test samples: total/4100716, blocks/1
2024-12-14 03:06:19,909 P2229253 INFO Loading test data done.
2024-12-14 03:06:29,020 P2229253 INFO ===
2024-12-14 03:06:29,020 P2229253 INFO [Metrics] logloss: 0.005527 - AUC: 0.784894
