2024-12-13 17:05:51,553 P1222760 INFO Params: {
    "batch_norm": "True",
    "batch_size": "4096",
    "cin_hidden_units": "[32, 32]",
    "data_format": "csv",
    "data_root": "../../../data/",
    "dataset_id": "iPinYou_x1_csv",
    "debug_mode": "False",
    "early_stop_patience": "2",
    "embedding_dim": "16",
    "embedding_regularizer": "0.001",
    "epochs": "100",
    "eval_steps": "None",
    "feature_cols": "[{'active': True, 'dtype': 'str', 'name': ['weekday', 'hour', 'IP', 'region', 'city', 'adexchange', 'domain', 'slotid', 'slotwidth', 'slotheight', 'slotvisibility', 'slotformat', 'creative', 'advertiser', 'useragent', 'slotprice'], 'type': 'categorical'}]",
    "feature_config": "None",
    "feature_specs": "None",
    "gpu": "0",
    "group_id": "None",
    "label_col": "{'dtype': 'float', 'name': 'click'}",
    "learning_rate": "0.001",
    "loss": "binary_crossentropy",
    "metrics": "['logloss', 'AUC']",
    "min_categr_count": "2",
    "model": "QNN_T26_xDeepFM",
    "model_id": "QNN_T26_xDeepFM_iPinYou_007_e0cae068",
    "model_root": "./checkpoints/",
    "monitor": "{'AUC': 1, 'logloss': 0}",
    "monitor_mode": "max",
    "net_dropout": "0.1",
    "net_regularizer": "0",
    "num_heads": "4",
    "num_layers": "2",
    "num_row": "2",
    "num_workers": "8",
    "optimizer": "adam",
    "pickle_feature_encoder": "True",
    "save_best_only": "True",
    "seed": "2024",
    "shuffle": "True",
    "task": "binary_classification",
    "test_data": "../../../data/iPinYou/test.csv",
    "train_data": "../../../data/iPinYou/train.csv",
    "use_features": "None",
    "valid_data": "../../../data/iPinYou/test.csv",
    "verbose": "1"
}
2024-12-13 17:05:51,554 P1222760 INFO Set up feature processor...
2024-12-13 17:05:51,554 P1222760 WARNING Skip rebuilding ../../../data/iPinYou_x1_csv/feature_map.json. Please delete it manually if rebuilding is required.
2024-12-13 17:05:51,554 P1222760 INFO Load feature_map from json: ../../../data/iPinYou_x1_csv/feature_map.json
2024-12-13 17:05:51,554 P1222760 INFO Set column index...
2024-12-13 17:05:51,554 P1222760 INFO Feature specs: {
    "IP": "{'source': '', 'type': 'categorical', 'padding_idx': 0, 'oov_idx': 585532, 'vocab_size': 585533}",
    "adexchange": "{'source': '', 'type': 'categorical', 'padding_idx': 0, 'oov_idx': 6, 'vocab_size': 7}",
    "advertiser": "{'source': '', 'type': 'categorical', 'padding_idx': 0, 'oov_idx': 10, 'vocab_size': 11}",
    "city": "{'source': '', 'type': 'categorical', 'padding_idx': 0, 'oov_idx': 371, 'vocab_size': 372}",
    "creative": "{'source': '', 'type': 'categorical', 'padding_idx': 0, 'oov_idx': 132, 'vocab_size': 133}",
    "domain": "{'source': '', 'type': 'categorical', 'padding_idx': 0, 'oov_idx': 28622, 'vocab_size': 28623}",
    "hour": "{'source': '', 'type': 'categorical', 'padding_idx': 0, 'oov_idx': 25, 'vocab_size': 26}",
    "region": "{'source': '', 'type': 'categorical', 'padding_idx': 0, 'oov_idx': 36, 'vocab_size': 37}",
    "slotformat": "{'source': '', 'type': 'categorical', 'padding_idx': 0, 'oov_idx': 5, 'vocab_size': 6}",
    "slotheight": "{'source': '', 'type': 'categorical', 'padding_idx': 0, 'oov_idx': 15, 'vocab_size': 16}",
    "slotid": "{'source': '', 'type': 'categorical', 'padding_idx': 0, 'oov_idx': 50906, 'vocab_size': 50907}",
    "slotprice": "{'source': '', 'type': 'categorical', 'padding_idx': 0, 'oov_idx': 6, 'vocab_size': 7}",
    "slotvisibility": "{'source': '', 'type': 'categorical', 'padding_idx': 0, 'oov_idx': 12, 'vocab_size': 13}",
    "slotwidth": "{'source': '', 'type': 'categorical', 'padding_idx': 0, 'oov_idx': 22, 'vocab_size': 23}",
    "useragent": "{'source': '', 'type': 'categorical', 'padding_idx': 0, 'oov_idx': 41, 'vocab_size': 42}",
    "weekday": "{'source': '', 'type': 'categorical', 'padding_idx': 0, 'oov_idx': 8, 'vocab_size': 9}"
}
2024-12-13 17:05:54,742 P1222760 INFO Total number of parameters: 11608183.
2024-12-13 17:05:54,743 P1222760 INFO Loading data...
2024-12-13 17:05:54,743 P1222760 INFO Loading data from h5: ../../../data/iPinYou_x1_csv/train.h5
2024-12-13 17:05:58,719 P1222760 INFO Train samples: total/15395258, blocks/1
2024-12-13 17:05:58,719 P1222760 INFO Loading data from h5: ../../../data/iPinYou_x1_csv/valid.h5
2024-12-13 17:05:59,817 P1222760 INFO Validation samples: total/4100716, blocks/1
2024-12-13 17:05:59,817 P1222760 INFO Loading train and validation data done.
2024-12-13 17:05:59,817 P1222760 INFO Start training: 3759 batches/epoch
2024-12-13 17:05:59,817 P1222760 INFO ************ Epoch=1 start ************
2024-12-13 17:10:57,485 P1222760 INFO Train loss: 0.024153
2024-12-13 17:10:57,485 P1222760 INFO Evaluation @epoch 1 - batch 3759: 
2024-12-13 17:11:07,980 P1222760 INFO ===
2024-12-13 17:11:07,980 P1222760 INFO [Metrics] AUC: 0.738451 - logloss: 0.005679
2024-12-13 17:11:07,984 P1222760 INFO Save best model: monitor(max)=0.738451
2024-12-13 17:11:08,177 P1222760 INFO ************ Epoch=1 end ************
2024-12-13 17:16:01,584 P1222760 INFO Train loss: 0.017639
2024-12-13 17:16:01,585 P1222760 INFO Evaluation @epoch 2 - batch 3759: 
2024-12-13 17:16:12,928 P1222760 INFO ===
2024-12-13 17:16:12,928 P1222760 INFO [Metrics] AUC: 0.750912 - logloss: 0.005645
2024-12-13 17:16:12,933 P1222760 INFO Save best model: monitor(max)=0.750912
2024-12-13 17:16:13,415 P1222760 INFO ************ Epoch=2 end ************
2024-12-13 17:21:14,062 P1222760 INFO Train loss: 0.017602
2024-12-13 17:21:14,062 P1222760 INFO Evaluation @epoch 3 - batch 3759: 
2024-12-13 17:21:24,974 P1222760 INFO ===
2024-12-13 17:21:24,974 P1222760 INFO [Metrics] AUC: 0.745500 - logloss: 0.005645
2024-12-13 17:21:24,979 P1222760 INFO Monitor(max)=0.745500 STOP!
2024-12-13 17:21:24,979 P1222760 INFO Reduce learning rate on plateau: 0.000100
2024-12-13 17:21:25,093 P1222760 INFO ************ Epoch=3 end ************
2024-12-13 17:26:22,384 P1222760 INFO Train loss: 0.017169
2024-12-13 17:26:22,385 P1222760 INFO Evaluation @epoch 4 - batch 3759: 
2024-12-13 17:26:32,243 P1222760 INFO ===
2024-12-13 17:26:32,244 P1222760 INFO [Metrics] AUC: 0.774373 - logloss: 0.005581
2024-12-13 17:26:32,248 P1222760 INFO Save best model: monitor(max)=0.774373
2024-12-13 17:26:32,725 P1222760 INFO ************ Epoch=4 end ************
2024-12-13 17:31:16,177 P1222760 INFO Train loss: 0.017093
2024-12-13 17:31:16,177 P1222760 INFO Evaluation @epoch 5 - batch 3759: 
2024-12-13 17:31:26,446 P1222760 INFO ===
2024-12-13 17:31:26,446 P1222760 INFO [Metrics] AUC: 0.775801 - logloss: 0.005559
2024-12-13 17:31:26,450 P1222760 INFO Save best model: monitor(max)=0.775801
2024-12-13 17:31:26,917 P1222760 INFO ************ Epoch=5 end ************
2024-12-13 17:36:22,022 P1222760 INFO Train loss: 0.017045
2024-12-13 17:36:22,022 P1222760 INFO Evaluation @epoch 6 - batch 3759: 
2024-12-13 17:36:33,817 P1222760 INFO ===
2024-12-13 17:36:33,817 P1222760 INFO [Metrics] AUC: 0.779704 - logloss: 0.005553
2024-12-13 17:36:33,822 P1222760 INFO Save best model: monitor(max)=0.779704
2024-12-13 17:36:34,349 P1222760 INFO ************ Epoch=6 end ************
2024-12-13 17:41:41,286 P1222760 INFO Train loss: 0.017017
2024-12-13 17:41:41,286 P1222760 INFO Evaluation @epoch 7 - batch 3759: 
2024-12-13 17:41:53,582 P1222760 INFO ===
2024-12-13 17:41:53,582 P1222760 INFO [Metrics] AUC: 0.779641 - logloss: 0.005539
2024-12-13 17:41:53,586 P1222760 INFO Monitor(max)=0.779641 STOP!
2024-12-13 17:41:53,586 P1222760 INFO Reduce learning rate on plateau: 0.000010
2024-12-13 17:41:53,736 P1222760 INFO ************ Epoch=7 end ************
2024-12-13 17:47:04,860 P1222760 INFO Train loss: 0.016800
2024-12-13 17:47:04,860 P1222760 INFO Evaluation @epoch 8 - batch 3759: 
2024-12-13 17:47:16,030 P1222760 INFO ===
2024-12-13 17:47:16,031 P1222760 INFO [Metrics] AUC: 0.783104 - logloss: 0.005529
2024-12-13 17:47:16,035 P1222760 INFO Save best model: monitor(max)=0.783104
2024-12-13 17:47:16,549 P1222760 INFO ************ Epoch=8 end ************
2024-12-13 17:52:27,898 P1222760 INFO Train loss: 0.016804
2024-12-13 17:52:27,899 P1222760 INFO Evaluation @epoch 9 - batch 3759: 
2024-12-13 17:52:39,529 P1222760 INFO ===
2024-12-13 17:52:39,530 P1222760 INFO [Metrics] AUC: 0.784285 - logloss: 0.005525
2024-12-13 17:52:39,534 P1222760 INFO Save best model: monitor(max)=0.784285
2024-12-13 17:52:40,051 P1222760 INFO ************ Epoch=9 end ************
2024-12-13 17:57:49,478 P1222760 INFO Train loss: 0.016762
2024-12-13 17:57:49,478 P1222760 INFO Evaluation @epoch 10 - batch 3759: 
2024-12-13 17:57:59,547 P1222760 INFO ===
2024-12-13 17:57:59,547 P1222760 INFO [Metrics] AUC: 0.784412 - logloss: 0.005524
2024-12-13 17:57:59,551 P1222760 INFO Save best model: monitor(max)=0.784412
2024-12-13 17:58:00,036 P1222760 INFO ************ Epoch=10 end ************
2024-12-13 18:03:12,973 P1222760 INFO Train loss: 0.016758
2024-12-13 18:03:12,974 P1222760 INFO Evaluation @epoch 11 - batch 3759: 
2024-12-13 18:03:24,431 P1222760 INFO ===
2024-12-13 18:03:24,431 P1222760 INFO [Metrics] AUC: 0.784031 - logloss: 0.005523
2024-12-13 18:03:24,436 P1222760 INFO Monitor(max)=0.784031 STOP!
2024-12-13 18:03:24,436 P1222760 INFO Reduce learning rate on plateau: 0.000001
2024-12-13 18:03:24,574 P1222760 INFO ************ Epoch=11 end ************
2024-12-13 18:08:26,793 P1222760 INFO Train loss: 0.016596
2024-12-13 18:08:26,794 P1222760 INFO Evaluation @epoch 12 - batch 3759: 
2024-12-13 18:08:38,851 P1222760 INFO ===
2024-12-13 18:08:38,851 P1222760 INFO [Metrics] AUC: 0.784056 - logloss: 0.005523
2024-12-13 18:08:38,856 P1222760 INFO Monitor(max)=0.784056 STOP!
2024-12-13 18:08:38,856 P1222760 INFO Reduce learning rate on plateau: 0.000001
2024-12-13 18:08:38,856 P1222760 INFO ********* Epoch==12 early stop *********
2024-12-13 18:08:38,988 P1222760 INFO Training finished.
2024-12-13 18:08:38,989 P1222760 INFO Load best model: /mnt/public/lhh/code/model_zoo/QNN/QNN_torch/checkpoints/iPinYou_x1_csv/QNN_T26_xDeepFM_iPinYou_007_e0cae068.model
2024-12-13 18:08:39,026 P1222760 INFO ****** Validation evaluation ******
2024-12-13 18:08:50,489 P1222760 INFO ===
2024-12-13 18:08:50,490 P1222760 INFO [Metrics] logloss: 0.005524 - AUC: 0.784412
2024-12-13 18:08:50,553 P1222760 INFO ******** Test evaluation ********
2024-12-13 18:08:50,553 P1222760 INFO Loading data...
2024-12-13 18:08:50,553 P1222760 INFO Loading data from h5: ../../../data/iPinYou_x1_csv/test.h5
2024-12-13 18:08:51,601 P1222760 INFO Test samples: total/4100716, blocks/1
2024-12-13 18:08:51,602 P1222760 INFO Loading test data done.
2024-12-13 18:09:02,482 P1222760 INFO ===
2024-12-13 18:09:02,482 P1222760 INFO [Metrics] logloss: 0.005524 - AUC: 0.784412
